<?xml version="1.0" encoding="UTF-8"?>
<coverage generated="1775890213932" clover="3.2.0">
  <project timestamp="1775890213932" name="All files">
    <metrics statements="321" coveredstatements="248" conditionals="233" coveredconditionals="128" methods="81" coveredmethods="69" elements="635" coveredelements="445" complexity="0" loc="321" ncloc="321" packages="1" files="7" classes="7"/>
    <file name="auth.validator.js" path="D:\Mallakhamb-Repo\Mallakhamb-server-refactor\Server\src\validators\auth.validator.js">
      <metrics statements="26" coveredstatements="26" conditionals="6" coveredconditionals="6" methods="10" coveredmethods="10"/>
      <line num="1" count="1" type="stmt"/>
      <line num="2" count="1" type="stmt"/>
      <line num="11" count="1" type="stmt"/>
      <line num="12" count="4" type="stmt"/>
      <line num="25" count="1" type="stmt"/>
      <line num="26" count="6" type="stmt"/>
      <line num="50" count="6" type="stmt"/>
      <line num="51" count="6" type="cond" truecount="4" falsecount="0"/>
      <line num="52" count="1" type="stmt"/>
      <line num="54" count="5" type="stmt"/>
      <line num="64" count="1" type="stmt"/>
      <line num="65" count="3" type="stmt"/>
      <line num="81" count="1" type="stmt"/>
      <line num="82" count="3" type="stmt"/>
      <line num="103" count="1" type="stmt"/>
      <line num="104" count="2" type="stmt"/>
      <line num="112" count="1" type="stmt"/>
      <line num="113" count="3" type="stmt"/>
      <line num="129" count="1" type="stmt"/>
      <line num="130" count="2" type="stmt"/>
      <line num="147" count="1" type="stmt"/>
      <line num="148" count="3" type="stmt"/>
      <line num="159" count="3" type="cond" truecount="2" falsecount="0"/>
      <line num="160" count="1" type="stmt"/>
      <line num="162" count="2" type="stmt"/>
      <line num="167" count="1" type="stmt"/>
    </file>
    <file name="coach.validator.js" path="D:\Mallakhamb-Repo\Mallakhamb-server-refactor\Server\src\validators\coach.validator.js">
      <metrics statements="27" coveredstatements="22" conditionals="10" coveredconditionals="5" methods="8" coveredmethods="7"/>
      <line num="1" count="1" type="stmt"/>
      <line num="2" count="1" type="stmt"/>
      <line num="11" count="1" type="stmt"/>
      <line num="12" count="8" type="stmt"/>
      <line num="25" count="2" type="cond" truecount="1" falsecount="1"/>
      <line num="26" count="2" type="stmt"/>
      <line num="27" count="2" type="cond" truecount="2" falsecount="0"/>
      <line num="28" count="1" type="stmt"/>
      <line num="31" count="1" type="stmt"/>
      <line num="39" count="1" type="stmt"/>
      <line num="40" count="5" type="stmt"/>
      <line num="57" count="0" type="cond" truecount="0" falsecount="2"/>
      <line num="58" count="0" type="stmt"/>
      <line num="59" count="0" type="cond" truecount="0" falsecount="2"/>
      <line num="60" count="0" type="stmt"/>
      <line num="63" count="0" type="stmt"/>
      <line num="76" count="1" type="stmt"/>
      <line num="77" count="2" type="stmt"/>
      <line num="85" count="1" type="stmt"/>
      <line num="86" count="2" type="stmt"/>
      <line num="94" count="1" type="stmt"/>
      <line num="95" count="4" type="stmt"/>
      <line num="102" count="4" type="stmt"/>
      <line num="103" count="4" type="cond" truecount="2" falsecount="0"/>
      <line num="104" count="2" type="stmt"/>
      <line num="106" count="2" type="stmt"/>
      <line num="111" count="1" type="stmt"/>
    </file>
    <file name="common.validator.js" path="D:\Mallakhamb-Repo\Mallakhamb-server-refactor\Server\src\validators\common.validator.js">
      <metrics statements="64" coveredstatements="59" conditionals="59" coveredconditionals="42" methods="14" coveredmethods="13"/>
      <line num="1" count="7" type="stmt"/>
      <line num="2" count="7" type="stmt"/>
      <line num="11" count="7" type="cond" truecount="0" falsecount="1"/>
      <line num="12" count="59" type="cond" truecount="1" falsecount="1"/>
      <line num="16" count="59" type="stmt"/>
      <line num="21" count="59" type="cond" truecount="2" falsecount="0"/>
      <line num="22" count="20" type="stmt"/>
      <line num="24" count="39" type="stmt"/>
      <line num="31" count="7" type="cond" truecount="1" falsecount="0"/>
      <line num="32" count="41" type="stmt"/>
      <line num="45" count="7" type="cond" truecount="2" falsecount="0"/>
      <line num="46" count="36" type="stmt"/>
      <line num="48" count="36" type="cond" truecount="2" falsecount="0"/>
      <line num="49" count="1" type="stmt"/>
      <line num="57" count="35" type="stmt"/>
      <line num="70" count="7" type="stmt"/>
      <line num="71" count="4" type="stmt"/>
      <line num="88" count="7" type="cond" truecount="2" falsecount="0"/>
      <line num="89" count="13" type="stmt"/>
      <line num="105" count="13" type="cond" truecount="2" falsecount="0"/>
      <line num="106" count="2" type="stmt"/>
      <line num="108" count="11" type="stmt"/>
      <line num="116" count="7" type="cond" truecount="0" falsecount="1"/>
      <line num="117" count="0" type="stmt"/>
      <line num="123" count="0" type="cond" truecount="0" falsecount="2"/>
      <line num="124" count="0" type="stmt"/>
      <line num="127" count="0" type="stmt"/>
      <line num="133" count="7" type="cond" truecount="1" falsecount="0"/>
      <line num="134" count="61" type="cond" truecount="1" falsecount="1"/>
      <line num="138" count="61" type="stmt"/>
      <line num="149" count="7" type="cond" truecount="1" falsecount="0"/>
      <line num="155" count="4" type="stmt"/>
      <line num="157" count="4" type="cond" truecount="1" falsecount="1"/>
      <line num="161" count="4" type="stmt"/>
      <line num="163" count="4" type="cond" truecount="2" falsecount="0"/>
      <line num="164" count="3" type="stmt"/>
      <line num="166" count="1" type="stmt"/>
      <line num="169" count="4" type="stmt"/>
      <line num="178" count="7" type="cond" truecount="1" falsecount="0"/>
      <line num="184" count="4" type="stmt"/>
      <line num="186" count="4" type="cond" truecount="1" falsecount="1"/>
      <line num="190" count="4" type="stmt"/>
      <line num="192" count="4" type="cond" truecount="1" falsecount="1"/>
      <line num="193" count="4" type="stmt"/>
      <line num="195" count="0" type="stmt"/>
      <line num="198" count="4" type="stmt"/>
      <line num="202" count="4" type="stmt"/>
      <line num="203" count="4" type="cond" truecount="4" falsecount="0"/>
      <line num="204" count="2" type="stmt"/>
      <line num="206" count="2" type="stmt"/>
      <line num="214" count="7" type="cond" truecount="1" falsecount="0"/>
      <line num="215" count="3" type="stmt"/>
      <line num="217" count="3" type="cond" truecount="2" falsecount="0"/>
      <line num="218" count="1" type="stmt"/>
      <line num="225" count="2" type="stmt"/>
      <line num="236" count="7" type="cond" truecount="1" falsecount="0"/>
      <line num="241" count="4" type="stmt"/>
      <line num="243" count="4" type="stmt"/>
      <line num="245" count="4" type="stmt"/>
      <line num="247" count="4" type="cond" truecount="2" falsecount="0"/>
      <line num="248" count="3" type="stmt"/>
      <line num="250" count="1" type="stmt"/>
      <line num="253" count="4" type="stmt"/>
      <line num="258" count="7" type="stmt"/>
    </file>
    <file name="competition.validator.js" path="D:\Mallakhamb-Repo\Mallakhamb-server-refactor\Server\src\validators\competition.validator.js">
      <metrics statements="62" coveredstatements="46" conditionals="40" coveredconditionals="22" methods="18" coveredmethods="15"/>
      <line num="1" count="1" type="stmt"/>
      <line num="2" count="1" type="stmt"/>
      <line num="11" count="1" type="stmt"/>
      <line num="12" count="10" type="stmt"/>
      <line num="27" count="10" type="stmt"/>
      <line num="28" count="18" type="cond" truecount="2" falsecount="0"/>
      <line num="29" count="1" type="stmt"/>
      <line num="31" count="9" type="stmt"/>
      <line num="63" count="3" type="cond" truecount="3" falsecount="1"/>
      <line num="64" count="3" type="stmt"/>
      <line num="65" count="3" type="stmt"/>
      <line num="67" count="3" type="stmt"/>
      <line num="68" count="4" type="cond" truecount="4" falsecount="0"/>
      <line num="69" count="1" type="stmt"/>
      <line num="71" count="3" type="cond" truecount="4" falsecount="0"/>
      <line num="72" count="1" type="stmt"/>
      <line num="76" count="1" type="stmt"/>
      <line num="84" count="1" type="stmt"/>
      <line num="85" count="4" type="stmt"/>
      <line num="102" count="0" type="stmt"/>
      <line num="103" count="0" type="cond" truecount="0" falsecount="2"/>
      <line num="104" count="0" type="stmt"/>
      <line num="106" count="0" type="stmt"/>
      <line num="132" count="1" type="cond" truecount="3" falsecount="1"/>
      <line num="133" count="1" type="stmt"/>
      <line num="135" count="0" type="stmt"/>
      <line num="153" count="0" type="cond" truecount="0" falsecount="4"/>
      <line num="154" count="0" type="stmt"/>
      <line num="155" count="0" type="stmt"/>
      <line num="157" count="0" type="stmt"/>
      <line num="158" count="0" type="cond" truecount="0" falsecount="4"/>
      <line num="159" count="0" type="stmt"/>
      <line num="161" count="0" type="cond" truecount="0" falsecount="4"/>
      <line num="162" count="0" type="stmt"/>
      <line num="166" count="0" type="stmt"/>
      <line num="174" count="1" type="stmt"/>
      <line num="175" count="2" type="stmt"/>
      <line num="183" count="1" type="stmt"/>
      <line num="184" count="2" type="stmt"/>
      <line num="192" count="1" type="stmt"/>
      <line num="193" count="4" type="stmt"/>
      <line num="200" count="4" type="stmt"/>
      <line num="201" count="4" type="cond" truecount="2" falsecount="0"/>
      <line num="202" count="1" type="stmt"/>
      <line num="204" count="3" type="stmt"/>
      <line num="211" count="4" type="stmt"/>
      <line num="212" count="4" type="cond" truecount="2" falsecount="0"/>
      <line num="213" count="1" type="stmt"/>
      <line num="215" count="3" type="stmt"/>
      <line num="223" count="1" type="stmt"/>
      <line num="224" count="3" type="stmt"/>
      <line num="231" count="3" type="stmt"/>
      <line num="232" count="3" type="cond" truecount="1" falsecount="1"/>
      <line num="233" count="0" type="stmt"/>
      <line num="235" count="3" type="stmt"/>
      <line num="242" count="3" type="stmt"/>
      <line num="243" count="3" type="cond" truecount="1" falsecount="1"/>
      <line num="244" count="0" type="stmt"/>
      <line num="246" count="3" type="stmt"/>
      <line num="256" count="1" type="stmt"/>
      <line num="257" count="3" type="stmt"/>
      <line num="270" count="1" type="stmt"/>
    </file>
    <file name="player.validator.js" path="D:\Mallakhamb-Repo\Mallakhamb-server-refactor\Server\src\validators\player.validator.js">
      <metrics statements="35" coveredstatements="25" conditionals="18" coveredconditionals="8" methods="10" coveredmethods="8"/>
      <line num="1" count="1" type="stmt"/>
      <line num="2" count="1" type="stmt"/>
      <line num="11" count="1" type="stmt"/>
      <line num="12" count="5" type="stmt"/>
      <line num="36" count="5" type="stmt"/>
      <line num="37" count="5" type="cond" truecount="3" falsecount="1"/>
      <line num="38" count="0" type="stmt"/>
      <line num="40" count="5" type="stmt"/>
      <line num="52" count="2" type="cond" truecount="1" falsecount="1"/>
      <line num="53" count="2" type="stmt"/>
      <line num="54" count="2" type="cond" truecount="2" falsecount="0"/>
      <line num="55" count="1" type="stmt"/>
      <line num="58" count="1" type="stmt"/>
      <line num="66" count="1" type="stmt"/>
      <line num="67" count="5" type="stmt"/>
      <line num="94" count="0" type="stmt"/>
      <line num="95" count="0" type="cond" truecount="0" falsecount="4"/>
      <line num="96" count="0" type="stmt"/>
      <line num="98" count="0" type="stmt"/>
      <line num="113" count="0" type="cond" truecount="0" falsecount="2"/>
      <line num="114" count="0" type="stmt"/>
      <line num="115" count="0" type="cond" truecount="0" falsecount="2"/>
      <line num="116" count="0" type="stmt"/>
      <line num="119" count="0" type="stmt"/>
      <line num="132" count="1" type="stmt"/>
      <line num="133" count="2" type="stmt"/>
      <line num="141" count="1" type="stmt"/>
      <line num="142" count="2" type="stmt"/>
      <line num="150" count="1" type="stmt"/>
      <line num="151" count="4" type="stmt"/>
      <line num="158" count="4" type="stmt"/>
      <line num="159" count="4" type="cond" truecount="2" falsecount="0"/>
      <line num="160" count="2" type="stmt"/>
      <line num="162" count="2" type="stmt"/>
      <line num="167" count="1" type="stmt"/>
    </file>
    <file name="scoring.validator.js" path="D:\Mallakhamb-Repo\Mallakhamb-server-refactor\Server\src\validators\scoring.validator.js">
      <metrics statements="82" coveredstatements="45" conditionals="96" coveredconditionals="41" methods="12" coveredmethods="7"/>
      <line num="1" count="1" type="stmt"/>
      <line num="2" count="1" type="stmt"/>
      <line num="11" count="1" type="stmt"/>
      <line num="12" count="0" type="stmt"/>
      <line num="23" count="1" type="stmt"/>
      <line num="24" count="11" type="stmt"/>
      <line num="30" count="11" type="stmt"/>
      <line num="31" count="11" type="cond" truecount="2" falsecount="0"/>
      <line num="32" count="1" type="stmt"/>
      <line num="34" count="10" type="stmt"/>
      <line num="41" count="11" type="stmt"/>
      <line num="42" count="11" type="cond" truecount="1" falsecount="1"/>
      <line num="43" count="0" type="stmt"/>
      <line num="45" count="11" type="stmt"/>
      <line num="80" count="11" type="stmt"/>
      <line num="81" count="10" type="stmt"/>
      <line num="84" count="10" type="cond" truecount="4" falsecount="0"/>
      <line num="85" count="1" type="stmt"/>
      <line num="89" count="9" type="cond" truecount="3" falsecount="1"/>
      <line num="90" count="0" type="stmt"/>
      <line num="94" count="9" type="cond" truecount="1" falsecount="1"/>
      <line num="95" count="0" type="stmt"/>
      <line num="98" count="9" type="stmt"/>
      <line num="99" count="9" type="stmt"/>
      <line num="100" count="41" type="stmt"/>
      <line num="101" count="41" type="cond" truecount="3" falsecount="1"/>
      <line num="102" count="41" type="cond" truecount="5" falsecount="0"/>
      <line num="103" count="1" type="stmt"/>
      <line num="109" count="8" type="cond" truecount="3" falsecount="1"/>
      <line num="110" count="0" type="stmt"/>
      <line num="114" count="8" type="cond" truecount="2" falsecount="0"/>
      <line num="115" count="7" type="cond" truecount="4" falsecount="1"/>
      <line num="118" count="0" type="stmt"/>
      <line num="123" count="8" type="cond" truecount="1" falsecount="1"/>
      <line num="124" count="8" type="cond" truecount="4" falsecount="0"/>
      <line num="125" count="1" type="stmt"/>
      <line num="129" count="7" type="cond" truecount="1" falsecount="1"/>
      <line num="130" count="7" type="cond" truecount="3" falsecount="1"/>
      <line num="131" count="0" type="stmt"/>
      <line num="136" count="7" type="cond" truecount="1" falsecount="1"/>
      <line num="137" count="7" type="cond" truecount="3" falsecount="1"/>
      <line num="138" count="0" type="stmt"/>
      <line num="142" count="8" type="stmt"/>
      <line num="150" count="1" type="stmt"/>
      <line num="151" count="4" type="stmt"/>
      <line num="182" count="0" type="stmt"/>
      <line num="183" count="0" type="stmt"/>
      <line num="185" count="0" type="cond" truecount="0" falsecount="4"/>
      <line num="186" count="0" type="stmt"/>
      <line num="189" count="0" type="cond" truecount="0" falsecount="4"/>
      <line num="190" count="0" type="stmt"/>
      <line num="193" count="0" type="cond" truecount="0" falsecount="2"/>
      <line num="194" count="0" type="stmt"/>
      <line num="195" count="0" type="stmt"/>
      <line num="196" count="0" type="stmt"/>
      <line num="197" count="0" type="cond" truecount="0" falsecount="4"/>
      <line num="198" count="0" type="cond" truecount="0" falsecount="5"/>
      <line num="199" count="0" type="stmt"/>
      <line num="205" count="0" type="cond" truecount="0" falsecount="2"/>
      <line num="206" count="0" type="cond" truecount="0" falsecount="5"/>
      <line num="209" count="0" type="stmt"/>
      <line num="213" count="0" type="cond" truecount="0" falsecount="2"/>
      <line num="214" count="0" type="cond" truecount="0" falsecount="4"/>
      <line num="215" count="0" type="stmt"/>
      <line num="219" count="0" type="cond" truecount="0" falsecount="2"/>
      <line num="220" count="0" type="cond" truecount="0" falsecount="4"/>
      <line num="221" count="0" type="stmt"/>
      <line num="225" count="0" type="cond" truecount="0" falsecount="2"/>
      <line num="226" count="0" type="cond" truecount="0" falsecount="4"/>
      <line num="227" count="0" type="stmt"/>
      <line num="231" count="0" type="stmt"/>
      <line num="239" count="1" type="stmt"/>
      <line num="240" count="2" type="stmt"/>
      <line num="248" count="1" type="stmt"/>
      <line num="249" count="0" type="stmt"/>
      <line num="257" count="1" type="stmt"/>
      <line num="258" count="0" type="stmt"/>
      <line num="266" count="1" type="stmt"/>
      <line num="267" count="0" type="stmt"/>
      <line num="275" count="1" type="stmt"/>
      <line num="276" count="4" type="stmt"/>
      <line num="287" count="1" type="stmt"/>
    </file>
    <file name="team.validator.js" path="D:\Mallakhamb-Repo\Mallakhamb-server-refactor\Server\src\validators\team.validator.js">
      <metrics statements="25" coveredstatements="25" conditionals="4" coveredconditionals="4" methods="9" coveredmethods="9"/>
      <line num="1" count="1" type="stmt"/>
      <line num="2" count="1" type="stmt"/>
      <line num="11" count="1" type="stmt"/>
      <line num="12" count="8" type="stmt"/>
      <line num="25" count="8" type="stmt"/>
      <line num="26" count="8" type="cond" truecount="2" falsecount="0"/>
      <line num="27" count="2" type="stmt"/>
      <line num="29" count="6" type="stmt"/>
      <line num="43" count="1" type="stmt"/>
      <line num="44" count="5" type="stmt"/>
      <line num="68" count="1" type="stmt"/>
      <line num="69" count="2" type="stmt"/>
      <line num="77" count="1" type="stmt"/>
      <line num="78" count="2" type="stmt"/>
      <line num="86" count="1" type="stmt"/>
      <line num="87" count="4" type="stmt"/>
      <line num="94" count="4" type="stmt"/>
      <line num="95" count="4" type="cond" truecount="2" falsecount="0"/>
      <line num="96" count="2" type="stmt"/>
      <line num="98" count="2" type="stmt"/>
      <line num="106" count="1" type="stmt"/>
      <line num="107" count="3" type="stmt"/>
      <line num="116" count="1" type="stmt"/>
      <line num="117" count="2" type="stmt"/>
      <line num="122" count="1" type="stmt"/>
    </file>
  </project>
</coverage>
