<?xml version="1.0" encoding="UTF-8"?>
<coverage generated="1775806764211" clover="3.2.0">
  <project timestamp="1775806764211" name="All files">
    <metrics statements="172" coveredstatements="156" conditionals="111" coveredconditionals="105" methods="11" coveredmethods="11" elements="294" coveredelements="272" complexity="0" loc="172" ncloc="172" packages="1" files="1" classes="1"/>
    <file name="team.service.js" path="D:\Mallakhamb-Repo\Mallakhamb-server-refactor\Server\src\services\team\team.service.js">
      <metrics statements="172" coveredstatements="156" conditionals="111" coveredconditionals="105" methods="11" coveredmethods="11"/>
      <line num="15" count="1" type="stmt"/>
      <line num="27" count="44" type="stmt"/>
      <line num="28" count="44" type="stmt"/>
      <line num="29" count="44" type="stmt"/>
      <line num="30" count="44" type="stmt"/>
      <line num="31" count="44" type="stmt"/>
      <line num="43" count="5" type="stmt"/>
      <line num="45" count="5" type="cond" truecount="4" falsecount="0"/>
      <line num="46" count="2" type="stmt"/>
      <line num="50" count="3" type="stmt"/>
      <line num="56" count="3" type="cond" truecount="2" falsecount="0"/>
      <line num="57" count="1" type="stmt"/>
      <line num="61" count="1" type="stmt"/>
      <line num="65" count="2" type="stmt"/>
      <line num="72" count="2" type="stmt"/>
      <line num="73" count="2" type="stmt"/>
      <line num="75" count="2" type="stmt"/>
      <line num="81" count="2" type="stmt"/>
      <line num="83" count="3" type="cond" truecount="3" falsecount="1"/>
      <line num="84" count="3" type="stmt"/>
      <line num="86" count="0" type="stmt"/>
      <line num="91" count="0" type="stmt"/>
      <line num="106" count="6" type="stmt"/>
      <line num="108" count="6" type="stmt"/>
      <line num="110" count="6" type="cond" truecount="4" falsecount="0"/>
      <line num="111" count="2" type="stmt"/>
      <line num="112" count="2" type="stmt"/>
      <line num="116" count="4" type="cond" truecount="2" falsecount="0"/>
      <line num="117" count="1" type="stmt"/>
      <line num="118" count="1" type="stmt"/>
      <line num="122" count="3" type="cond" truecount="4" falsecount="0"/>
      <line num="123" count="2" type="stmt"/>
      <line num="130" count="2" type="cond" truecount="2" falsecount="0"/>
      <line num="131" count="1" type="stmt"/>
      <line num="135" count="1" type="stmt"/>
      <line num="140" count="2" type="stmt"/>
      <line num="143" count="2" type="stmt"/>
      <line num="146" count="2" type="stmt"/>
      <line num="147" count="2" type="stmt"/>
      <line num="148" count="2" type="stmt"/>
      <line num="150" count="2" type="stmt"/>
      <line num="155" count="2" type="stmt"/>
      <line num="157" count="4" type="cond" truecount="5" falsecount="1"/>
      <line num="161" count="4" type="stmt"/>
      <line num="163" count="0" type="stmt"/>
      <line num="167" count="0" type="stmt"/>
      <line num="180" count="5" type="stmt"/>
      <line num="182" count="5" type="stmt"/>
      <line num="184" count="5" type="cond" truecount="4" falsecount="0"/>
      <line num="185" count="2" type="stmt"/>
      <line num="186" count="2" type="stmt"/>
      <line num="190" count="3" type="cond" truecount="2" falsecount="0"/>
      <line num="191" count="1" type="stmt"/>
      <line num="192" count="1" type="stmt"/>
      <line num="196" count="2" type="stmt"/>
      <line num="197" count="2" type="cond" truecount="4" falsecount="0"/>
      <line num="198" count="1" type="stmt"/>
      <line num="202" count="1" type="stmt"/>
      <line num="209" count="1" type="stmt"/>
      <line num="212" count="1" type="stmt"/>
      <line num="213" count="1" type="stmt"/>
      <line num="214" count="1" type="stmt"/>
      <line num="216" count="1" type="stmt"/>
      <line num="218" count="1" type="stmt"/>
      <line num="220" count="4" type="cond" truecount="3" falsecount="1"/>
      <line num="221" count="4" type="stmt"/>
      <line num="223" count="0" type="stmt"/>
      <line num="227" count="0" type="stmt"/>
      <line num="238" count="6" type="stmt"/>
      <line num="240" count="6" type="stmt"/>
      <line num="241" count="6" type="stmt"/>
      <line num="243" count="6" type="cond" truecount="2" falsecount="0"/>
      <line num="244" count="1" type="stmt"/>
      <line num="248" count="5" type="stmt"/>
      <line num="254" count="5" type="cond" truecount="4" falsecount="0"/>
      <line num="255" count="2" type="stmt"/>
      <line num="256" count="2" type="stmt"/>
      <line num="260" count="3" type="stmt"/>
      <line num="262" count="3" type="stmt"/>
      <line num="264" count="2" type="cond" truecount="1" falsecount="1"/>
      <line num="265" count="2" type="stmt"/>
      <line num="267" count="0" type="stmt"/>
      <line num="271" count="0" type="stmt"/>
      <line num="282" count="3" type="stmt"/>
      <line num="284" count="3" type="stmt"/>
      <line num="285" count="3" type="stmt"/>
      <line num="287" count="3" type="cond" truecount="2" falsecount="0"/>
      <line num="288" count="1" type="stmt"/>
      <line num="292" count="2" type="stmt"/>
      <line num="295" count="2" type="stmt"/>
      <line num="297" count="2" type="stmt"/>
      <line num="302" count="2" type="stmt"/>
      <line num="304" count="0" type="stmt"/>
      <line num="308" count="0" type="stmt"/>
      <line num="322" count="8" type="stmt"/>
      <line num="324" count="8" type="stmt"/>
      <line num="326" count="8" type="cond" truecount="4" falsecount="0"/>
      <line num="327" count="2" type="stmt"/>
      <line num="328" count="2" type="stmt"/>
      <line num="332" count="6" type="cond" truecount="2" falsecount="0"/>
      <line num="333" count="1" type="stmt"/>
      <line num="334" count="1" type="stmt"/>
      <line num="338" count="5" type="stmt"/>
      <line num="340" count="5" type="cond" truecount="4" falsecount="0"/>
      <line num="341" count="2" type="stmt"/>
      <line num="342" count="2" type="stmt"/>
      <line num="346" count="3" type="cond" truecount="4" falsecount="0"/>
      <line num="347" count="1" type="stmt"/>
      <line num="351" count="1" type="stmt"/>
      <line num="358" count="2" type="cond" truecount="4" falsecount="0"/>
      <line num="359" count="1" type="stmt"/>
      <line num="360" count="1" type="stmt"/>
      <line num="364" count="1" type="stmt"/>
      <line num="367" count="1" type="stmt"/>
      <line num="368" count="1" type="stmt"/>
      <line num="369" count="1" type="stmt"/>
      <line num="371" count="1" type="stmt"/>
      <line num="377" count="1" type="stmt"/>
      <line num="379" count="6" type="cond" truecount="3" falsecount="1"/>
      <line num="380" count="6" type="stmt"/>
      <line num="382" count="0" type="stmt"/>
      <line num="387" count="0" type="stmt"/>
      <line num="401" count="6" type="stmt"/>
      <line num="403" count="6" type="stmt"/>
      <line num="405" count="6" type="cond" truecount="4" falsecount="0"/>
      <line num="406" count="1" type="stmt"/>
      <line num="407" count="1" type="stmt"/>
      <line num="411" count="5" type="cond" truecount="2" falsecount="0"/>
      <line num="412" count="1" type="stmt"/>
      <line num="413" count="1" type="stmt"/>
      <line num="417" count="4" type="stmt"/>
      <line num="419" count="4" type="cond" truecount="2" falsecount="0"/>
      <line num="420" count="1" type="stmt"/>
      <line num="421" count="1" type="stmt"/>
      <line num="425" count="3" type="cond" truecount="4" falsecount="0"/>
      <line num="426" count="2" type="stmt"/>
      <line num="431" count="2" type="stmt"/>
      <line num="435" count="1" type="stmt"/>
      <line num="438" count="1" type="stmt"/>
      <line num="439" count="1" type="stmt"/>
      <line num="440" count="1" type="stmt"/>
      <line num="442" count="1" type="stmt"/>
      <line num="448" count="1" type="stmt"/>
      <line num="450" count="5" type="cond" truecount="3" falsecount="1"/>
      <line num="451" count="5" type="stmt"/>
      <line num="453" count="0" type="stmt"/>
      <line num="458" count="0" type="stmt"/>
      <line num="469" count="7" type="stmt"/>
      <line num="470" count="7" type="stmt"/>
      <line num="473" count="7" type="stmt"/>
      <line num="475" count="7" type="cond" truecount="4" falsecount="0"/>
      <line num="476" count="2" type="stmt"/>
      <line num="477" count="2" type="stmt"/>
      <line num="481" count="5" type="stmt"/>
      <line num="483" count="5" type="cond" truecount="4" falsecount="0"/>
      <line num="484" count="1" type="stmt"/>
      <line num="485" count="1" type="stmt"/>
      <line num="489" count="4" type="stmt"/>
      <line num="491" count="4" type="cond" truecount="4" falsecount="0"/>
      <line num="492" count="1" type="stmt"/>
      <line num="496" count="4" type="cond" truecount="4" falsecount="0"/>
      <line num="497" count="2" type="stmt"/>
      <line num="498" count="4" type="stmt"/>
      <line num="499" count="5" type="cond" truecount="2" falsecount="0"/>
      <line num="503" count="2" type="cond" truecount="2" falsecount="0"/>
      <line num="504" count="1" type="stmt"/>
      <line num="508" count="4" type="stmt"/>
      <line num="510" count="4" type="stmt"/>
      <line num="517" count="4" type="stmt"/>
      <line num="519" count="0" type="stmt"/>
      <line num="524" count="0" type="stmt"/>
      <line num="529" count="1" type="stmt"/>
    </file>
  </project>
</coverage>
