{"D:\\Mallakhamb\\Server\\controllers\\coachController.js": {"path":"D:\\Mallakhamb\\Server\\controllers\\coachController.js","statementMap":{"0":{"start":{"line":1,"column":14},"end":{"line":1,"column":40}},"1":{"start":{"line":2,"column":13},"end":{"line":2,"column":38}},"2":{"start":{"line":3,"column":15},"end":{"line":3,"column":42}},"3":{"start":{"line":4,"column":20},"end":{"line":4,"column":52}},"4":{"start":{"line":5,"column":26},"end":{"line":5,"column":56}},"5":{"start":{"line":6,"column":20},"end":{"line":6,"column":52}},"6":{"start":{"line":7,"column":79},"end":{"line":7,"column":114}},"7":{"start":{"line":9,"column":35},"end":{"line":9,"column":38}},"8":{"start":{"line":10,"column":41},"end":{"line":10,"column":44}},"9":{"start":{"line":12,"column":40},"end":{"line":13,"column":79}},"10":{"start":{"line":13,"column":2},"end":{"line":13,"column":79}},"11":{"start":{"line":16,"column":22},"end":{"line":62,"column":1}},"12":{"start":{"line":17,"column":2},"end":{"line":61,"column":3}},"13":{"start":{"line":18,"column":38},"end":{"line":18,"column":46}},"14":{"start":{"line":21,"column":33},"end":{"line":21,"column":71}},"15":{"start":{"line":22,"column":26},"end":{"line":22,"column":52}},"16":{"start":{"line":23,"column":4},"end":{"line":28,"column":5}},"17":{"start":{"line":24,"column":6},"end":{"line":27,"column":9}},"18":{"start":{"line":31,"column":26},"end":{"line":31,"column":56}},"19":{"start":{"line":32,"column":4},"end":{"line":34,"column":5}},"20":{"start":{"line":33,"column":6},"end":{"line":33,"column":87}},"21":{"start":{"line":37,"column":18},"end":{"line":41,"column":6}},"22":{"start":{"line":43,"column":4},"end":{"line":43,"column":23}},"23":{"start":{"line":46,"column":18},"end":{"line":46,"column":51}},"24":{"start":{"line":48,"column":4},"end":{"line":57,"column":7}},"25":{"start":{"line":59,"column":4},"end":{"line":59,"column":54}},"26":{"start":{"line":60,"column":4},"end":{"line":60,"column":74}},"27":{"start":{"line":65,"column":19},"end":{"line":119,"column":1}},"28":{"start":{"line":66,"column":2},"end":{"line":118,"column":3}},"29":{"start":{"line":67,"column":32},"end":{"line":67,"column":40}},"30":{"start":{"line":68,"column":78},"end":{"line":68,"column":112}},"31":{"start":{"line":71,"column":23},"end":{"line":71,"column":49}},"32":{"start":{"line":72,"column":4},"end":{"line":77,"column":5}},"33":{"start":{"line":73,"column":6},"end":{"line":76,"column":9}},"34":{"start":{"line":80,"column":18},"end":{"line":80,"column":48}},"35":{"start":{"line":81,"column":4},"end":{"line":84,"column":5}},"36":{"start":{"line":82,"column":6},"end":{"line":82,"column":33}},"37":{"start":{"line":83,"column":6},"end":{"line":83,"column":70}},"38":{"start":{"line":87,"column":20},"end":{"line":87,"column":57}},"39":{"start":{"line":88,"column":4},"end":{"line":97,"column":5}},"40":{"start":{"line":89,"column":28},"end":{"line":89,"column":54}},"41":{"start":{"line":90,"column":6},"end":{"line":95,"column":7}},"42":{"start":{"line":91,"column":8},"end":{"line":94,"column":11}},"43":{"start":{"line":96,"column":6},"end":{"line":96,"column":70}},"44":{"start":{"line":100,"column":4},"end":{"line":100,"column":31}},"45":{"start":{"line":103,"column":18},"end":{"line":103,"column":51}},"46":{"start":{"line":105,"column":4},"end":{"line":114,"column":7}},"47":{"start":{"line":116,"column":4},"end":{"line":116,"column":47}},"48":{"start":{"line":117,"column":4},"end":{"line":117,"column":67}},"49":{"start":{"line":122,"column":24},"end":{"line":137,"column":1}},"50":{"start":{"line":123,"column":2},"end":{"line":136,"column":3}},"51":{"start":{"line":124,"column":18},"end":{"line":126,"column":26}},"52":{"start":{"line":128,"column":4},"end":{"line":130,"column":5}},"53":{"start":{"line":129,"column":6},"end":{"line":129,"column":66}},"54":{"start":{"line":132,"column":4},"end":{"line":132,"column":24}},"55":{"start":{"line":134,"column":4},"end":{"line":134,"column":53}},"56":{"start":{"line":135,"column":4},"end":{"line":135,"column":54}},"57":{"start":{"line":140,"column":23},"end":{"line":193,"column":1}},"58":{"start":{"line":141,"column":2},"end":{"line":192,"column":3}},"59":{"start":{"line":143,"column":17},"end":{"line":143,"column":60}},"60":{"start":{"line":145,"column":4},"end":{"line":153,"column":5}},"61":{"start":{"line":146,"column":6},"end":{"line":152,"column":9}},"62":{"start":{"line":156,"column":4},"end":{"line":169,"column":5}},"63":{"start":{"line":157,"column":6},"end":{"line":168,"column":9}},"64":{"start":{"line":172,"column":4},"end":{"line":172,"column":84}},"65":{"start":{"line":174,"column":4},"end":{"line":188,"column":7}},"66":{"start":{"line":190,"column":4},"end":{"line":190,"column":52}},"67":{"start":{"line":191,"column":4},"end":{"line":191,"column":54}},"68":{"start":{"line":196,"column":19},"end":{"line":232,"column":1}},"69":{"start":{"line":197,"column":2},"end":{"line":231,"column":3}},"70":{"start":{"line":198,"column":34},"end":{"line":198,"column":42}},"71":{"start":{"line":201,"column":25},"end":{"line":204,"column":6}},"72":{"start":{"line":206,"column":4},"end":{"line":208,"column":5}},"73":{"start":{"line":207,"column":6},"end":{"line":207,"column":89}},"74":{"start":{"line":211,"column":17},"end":{"line":216,"column":6}},"75":{"start":{"line":218,"column":4},"end":{"line":218,"column":22}},"76":{"start":{"line":220,"column":4},"end":{"line":227,"column":7}},"77":{"start":{"line":229,"column":4},"end":{"line":229,"column":47}},"78":{"start":{"line":230,"column":4},"end":{"line":230,"column":54}},"79":{"start":{"line":235,"column":22},"end":{"line":288,"column":1}},"80":{"start":{"line":236,"column":2},"end":{"line":287,"column":3}},"81":{"start":{"line":237,"column":18},"end":{"line":238,"column":42}},"82":{"start":{"line":241,"column":25},"end":{"line":245,"column":47}},"83":{"start":{"line":248,"column":34},"end":{"line":281,"column":6}},"84":{"start":{"line":249,"column":32},"end":{"line":249,"column":34}},"85":{"start":{"line":251,"column":6},"end":{"line":272,"column":9}},"86":{"start":{"line":252,"column":29},"end":{"line":254,"column":9}},"87":{"start":{"line":253,"column":16},"end":{"line":253,"column":73}},"88":{"start":{"line":256,"column":8},"end":{"line":271,"column":9}},"89":{"start":{"line":257,"column":10},"end":{"line":270,"column":13}},"90":{"start":{"line":274,"column":6},"end":{"line":280,"column":8}},"91":{"start":{"line":283,"column":4},"end":{"line":283,"column":47}},"92":{"start":{"line":285,"column":4},"end":{"line":285,"column":51}},"93":{"start":{"line":286,"column":4},"end":{"line":286,"column":54}},"94":{"start":{"line":291,"column":28},"end":{"line":316,"column":1}},"95":{"start":{"line":292,"column":2},"end":{"line":315,"column":3}},"96":{"start":{"line":293,"column":29},"end":{"line":298,"column":29}},"97":{"start":{"line":300,"column":4},"end":{"line":311,"column":7}},"98":{"start":{"line":301,"column":50},"end":{"line":310,"column":7}},"99":{"start":{"line":313,"column":4},"end":{"line":313,"column":57}},"100":{"start":{"line":314,"column":4},"end":{"line":314,"column":54}},"101":{"start":{"line":319,"column":35},"end":{"line":428,"column":1}},"102":{"start":{"line":320,"column":2},"end":{"line":427,"column":3}},"103":{"start":{"line":321,"column":23},"end":{"line":321,"column":33}},"104":{"start":{"line":322,"column":30},"end":{"line":322,"column":38}},"105":{"start":{"line":325,"column":17},"end":{"line":328,"column":6}},"106":{"start":{"line":330,"column":4},"end":{"line":332,"column":5}},"107":{"start":{"line":331,"column":6},"end":{"line":331,"column":91}},"108":{"start":{"line":335,"column":24},"end":{"line":335,"column":65}},"109":{"start":{"line":336,"column":4},"end":{"line":338,"column":5}},"110":{"start":{"line":337,"column":6},"end":{"line":337,"column":72}},"111":{"start":{"line":340,"column":4},"end":{"line":342,"column":5}},"112":{"start":{"line":341,"column":6},"end":{"line":341,"column":84}},"113":{"start":{"line":344,"column":4},"end":{"line":348,"column":5}},"114":{"start":{"line":345,"column":6},"end":{"line":347,"column":9}},"115":{"start":{"line":351,"column":33},"end":{"line":351,"column":71}},"116":{"start":{"line":353,"column":4},"end":{"line":386,"column":5}},"117":{"start":{"line":355,"column":6},"end":{"line":358,"column":9}},"118":{"start":{"line":361,"column":28},"end":{"line":363,"column":7}},"119":{"start":{"line":362,"column":8},"end":{"line":362,"column":78}},"120":{"start":{"line":365,"column":6},"end":{"line":367,"column":7}},"121":{"start":{"line":366,"column":8},"end":{"line":366,"column":85}},"122":{"start":{"line":369,"column":6},"end":{"line":385,"column":9}},"123":{"start":{"line":389,"column":27},"end":{"line":389,"column":73}},"124":{"start":{"line":390,"column":4},"end":{"line":390,"column":29}},"125":{"start":{"line":393,"column":4},"end":{"line":396,"column":7}},"126":{"start":{"line":399,"column":26},"end":{"line":401,"column":5}},"127":{"start":{"line":400,"column":6},"end":{"line":400,"column":76}},"128":{"start":{"line":403,"column":4},"end":{"line":405,"column":5}},"129":{"start":{"line":404,"column":6},"end":{"line":404,"column":83}},"130":{"start":{"line":407,"column":4},"end":{"line":423,"column":7}},"131":{"start":{"line":425,"column":4},"end":{"line":425,"column":65}},"132":{"start":{"line":426,"column":4},"end":{"line":426,"column":54}},"133":{"start":{"line":431,"column":33},"end":{"line":510,"column":1}},"134":{"start":{"line":432,"column":2},"end":{"line":509,"column":3}},"135":{"start":{"line":433,"column":30},"end":{"line":433,"column":38}},"136":{"start":{"line":436,"column":17},"end":{"line":439,"column":6}},"137":{"start":{"line":441,"column":4},"end":{"line":461,"column":5}},"138":{"start":{"line":443,"column":27},"end":{"line":446,"column":8}},"139":{"start":{"line":448,"column":6},"end":{"line":458,"column":7}},"140":{"start":{"line":449,"column":8},"end":{"line":457,"column":11}},"141":{"start":{"line":460,"column":6},"end":{"line":460,"column":93}},"142":{"start":{"line":464,"column":24},"end":{"line":464,"column":65}},"143":{"start":{"line":465,"column":4},"end":{"line":467,"column":5}},"144":{"start":{"line":466,"column":6},"end":{"line":466,"column":72}},"145":{"start":{"line":469,"column":4},"end":{"line":471,"column":5}},"146":{"start":{"line":470,"column":6},"end":{"line":470,"column":84}},"147":{"start":{"line":473,"column":4},"end":{"line":477,"column":5}},"148":{"start":{"line":474,"column":6},"end":{"line":476,"column":9}},"149":{"start":{"line":480,"column":26},"end":{"line":484,"column":6}},"150":{"start":{"line":486,"column":4},"end":{"line":489,"column":5}},"151":{"start":{"line":488,"column":6},"end":{"line":488,"column":49}},"152":{"start":{"line":492,"column":4},"end":{"line":492,"column":37}},"153":{"start":{"line":493,"column":4},"end":{"line":493,"column":22}},"154":{"start":{"line":495,"column":4},"end":{"line":495,"column":84}},"155":{"start":{"line":497,"column":4},"end":{"line":505,"column":7}},"156":{"start":{"line":507,"column":4},"end":{"line":507,"column":54}},"157":{"start":{"line":508,"column":4},"end":{"line":508,"column":54}},"158":{"start":{"line":513,"column":25},"end":{"line":575,"column":1}},"159":{"start":{"line":514,"column":2},"end":{"line":574,"column":3}},"160":{"start":{"line":516,"column":24},"end":{"line":519,"column":96}},"161":{"start":{"line":521,"column":4},"end":{"line":523,"column":5}},"162":{"start":{"line":522,"column":6},"end":{"line":522,"column":72}},"163":{"start":{"line":526,"column":27},"end":{"line":528,"column":5}},"164":{"start":{"line":527,"column":12},"end":{"line":527,"column":91}},"165":{"start":{"line":530,"column":4},"end":{"line":536,"column":5}},"166":{"start":{"line":532,"column":6},"end":{"line":535,"column":9}},"167":{"start":{"line":539,"column":4},"end":{"line":544,"column":5}},"168":{"start":{"line":540,"column":6},"end":{"line":543,"column":9}},"169":{"start":{"line":547,"column":4},"end":{"line":570,"column":7}},"170":{"start":{"line":572,"column":4},"end":{"line":572,"column":54}},"171":{"start":{"line":573,"column":4},"end":{"line":573,"column":54}},"172":{"start":{"line":578,"column":22},"end":{"line":619,"column":1}},"173":{"start":{"line":579,"column":2},"end":{"line":618,"column":3}},"174":{"start":{"line":580,"column":22},"end":{"line":580,"column":31}},"175":{"start":{"line":582,"column":4},"end":{"line":584,"column":5}},"176":{"start":{"line":583,"column":6},"end":{"line":583,"column":39}},"177":{"start":{"line":587,"column":24},"end":{"line":588,"column":39}},"178":{"start":{"line":590,"column":4},"end":{"line":592,"column":5}},"179":{"start":{"line":591,"column":6},"end":{"line":591,"column":39}},"180":{"start":{"line":594,"column":27},"end":{"line":596,"column":5}},"181":{"start":{"line":595,"column":12},"end":{"line":595,"column":59}},"182":{"start":{"line":598,"column":4},"end":{"line":600,"column":5}},"183":{"start":{"line":599,"column":6},"end":{"line":599,"column":39}},"184":{"start":{"line":603,"column":20},"end":{"line":612,"column":74}},"185":{"start":{"line":614,"column":4},"end":{"line":614,"column":26}},"186":{"start":{"line":616,"column":4},"end":{"line":616,"column":50}},"187":{"start":{"line":617,"column":4},"end":{"line":617,"column":54}},"188":{"start":{"line":622,"column":28},"end":{"line":656,"column":1}},"189":{"start":{"line":623,"column":2},"end":{"line":655,"column":3}},"190":{"start":{"line":624,"column":43},"end":{"line":624,"column":51}},"191":{"start":{"line":627,"column":24},"end":{"line":627,"column":69}},"192":{"start":{"line":629,"column":4},"end":{"line":631,"column":5}},"193":{"start":{"line":630,"column":6},"end":{"line":630,"column":72}},"194":{"start":{"line":633,"column":27},"end":{"line":635,"column":5}},"195":{"start":{"line":634,"column":12},"end":{"line":634,"column":59}},"196":{"start":{"line":637,"column":4},"end":{"line":639,"column":5}},"197":{"start":{"line":638,"column":6},"end":{"line":638,"column":91}},"198":{"start":{"line":642,"column":19},"end":{"line":642,"column":50}},"199":{"start":{"line":643,"column":4},"end":{"line":645,"column":5}},"200":{"start":{"line":644,"column":6},"end":{"line":644,"column":67}},"201":{"start":{"line":648,"column":4},"end":{"line":648,"column":81}},"202":{"start":{"line":649,"column":4},"end":{"line":649,"column":29}},"203":{"start":{"line":651,"column":4},"end":{"line":651,"column":63}},"204":{"start":{"line":653,"column":4},"end":{"line":653,"column":59}},"205":{"start":{"line":654,"column":4},"end":{"line":654,"column":54}},"206":{"start":{"line":659,"column":33},"end":{"line":687,"column":1}},"207":{"start":{"line":660,"column":2},"end":{"line":686,"column":3}},"208":{"start":{"line":661,"column":25},"end":{"line":661,"column":35}},"209":{"start":{"line":664,"column":24},"end":{"line":664,"column":69}},"210":{"start":{"line":666,"column":4},"end":{"line":668,"column":5}},"211":{"start":{"line":667,"column":6},"end":{"line":667,"column":72}},"212":{"start":{"line":670,"column":27},"end":{"line":672,"column":5}},"213":{"start":{"line":671,"column":12},"end":{"line":671,"column":59}},"214":{"start":{"line":674,"column":4},"end":{"line":676,"column":5}},"215":{"start":{"line":675,"column":6},"end":{"line":675,"column":91}},"216":{"start":{"line":679,"column":4},"end":{"line":679,"column":68}},"217":{"start":{"line":680,"column":4},"end":{"line":680,"column":29}},"218":{"start":{"line":682,"column":4},"end":{"line":682,"column":67}},"219":{"start":{"line":684,"column":4},"end":{"line":684,"column":64}},"220":{"start":{"line":685,"column":4},"end":{"line":685,"column":54}},"221":{"start":{"line":690,"column":31},"end":{"line":764,"column":1}},"222":{"start":{"line":691,"column":2},"end":{"line":763,"column":3}},"223":{"start":{"line":692,"column":4},"end":{"line":694,"column":5}},"224":{"start":{"line":693,"column":6},"end":{"line":693,"column":84}},"225":{"start":{"line":697,"column":24},"end":{"line":698,"column":47}},"226":{"start":{"line":700,"column":4},"end":{"line":702,"column":5}},"227":{"start":{"line":701,"column":6},"end":{"line":701,"column":72}},"228":{"start":{"line":704,"column":27},"end":{"line":706,"column":5}},"229":{"start":{"line":705,"column":12},"end":{"line":705,"column":59}},"230":{"start":{"line":708,"column":4},"end":{"line":710,"column":5}},"231":{"start":{"line":709,"column":6},"end":{"line":709,"column":91}},"232":{"start":{"line":713,"column":4},"end":{"line":715,"column":5}},"233":{"start":{"line":714,"column":6},"end":{"line":714,"column":85}},"234":{"start":{"line":718,"column":4},"end":{"line":720,"column":5}},"235":{"start":{"line":719,"column":6},"end":{"line":719,"column":82}},"236":{"start":{"line":722,"column":24},"end":{"line":722,"column":86}},"237":{"start":{"line":723,"column":21},"end":{"line":723,"column":42}},"238":{"start":{"line":725,"column":26},"end":{"line":727,"column":17}},"239":{"start":{"line":728,"column":22},"end":{"line":728,"column":45}},"240":{"start":{"line":729,"column":20},"end":{"line":729,"column":67}},"241":{"start":{"line":731,"column":18},"end":{"line":740,"column":6}},"242":{"start":{"line":742,"column":4},"end":{"line":742,"column":45}},"243":{"start":{"line":743,"column":4},"end":{"line":743,"column":47}},"244":{"start":{"line":744,"column":4},"end":{"line":744,"column":45}},"245":{"start":{"line":745,"column":4},"end":{"line":745,"column":29}},"246":{"start":{"line":747,"column":4},"end":{"line":759,"column":7}},"247":{"start":{"line":761,"column":4},"end":{"line":761,"column":61}},"248":{"start":{"line":762,"column":4},"end":{"line":762,"column":72}},"249":{"start":{"line":767,"column":35},"end":{"line":886,"column":1}},"250":{"start":{"line":768,"column":2},"end":{"line":885,"column":3}},"251":{"start":{"line":773,"column":8},"end":{"line":773,"column":16}},"252":{"start":{"line":775,"column":4},"end":{"line":777,"column":5}},"253":{"start":{"line":776,"column":6},"end":{"line":776,"column":87}},"254":{"start":{"line":779,"column":29},"end":{"line":783,"column":6}},"255":{"start":{"line":785,"column":4},"end":{"line":787,"column":5}},"256":{"start":{"line":786,"column":6},"end":{"line":786,"column":88}},"257":{"start":{"line":790,"column":24},"end":{"line":791,"column":47}},"258":{"start":{"line":793,"column":4},"end":{"line":795,"column":5}},"259":{"start":{"line":794,"column":6},"end":{"line":794,"column":72}},"260":{"start":{"line":797,"column":27},"end":{"line":799,"column":5}},"261":{"start":{"line":798,"column":12},"end":{"line":798,"column":59}},"262":{"start":{"line":801,"column":4},"end":{"line":803,"column":5}},"263":{"start":{"line":802,"column":6},"end":{"line":802,"column":91}},"264":{"start":{"line":805,"column":4},"end":{"line":807,"column":5}},"265":{"start":{"line":806,"column":6},"end":{"line":806,"column":82}},"266":{"start":{"line":809,"column":4},"end":{"line":811,"column":5}},"267":{"start":{"line":810,"column":6},"end":{"line":810,"column":85}},"268":{"start":{"line":813,"column":4},"end":{"line":815,"column":5}},"269":{"start":{"line":814,"column":6},"end":{"line":814,"column":96}},"270":{"start":{"line":817,"column":24},"end":{"line":817,"column":86}},"271":{"start":{"line":820,"column":21},"end":{"line":820,"column":40}},"272":{"start":{"line":821,"column":20},"end":{"line":821,"column":49}},"273":{"start":{"line":823,"column":4},"end":{"line":878,"column":5}},"274":{"start":{"line":824,"column":6},"end":{"line":859,"column":9}},"275":{"start":{"line":826,"column":8},"end":{"line":826,"column":42}},"276":{"start":{"line":827,"column":8},"end":{"line":827,"column":48}},"277":{"start":{"line":828,"column":8},"end":{"line":828,"column":51}},"278":{"start":{"line":829,"column":8},"end":{"line":829,"column":51}},"279":{"start":{"line":830,"column":8},"end":{"line":830,"column":51}},"280":{"start":{"line":831,"column":8},"end":{"line":831,"column":56}},"281":{"start":{"line":832,"column":8},"end":{"line":832,"column":53}},"282":{"start":{"line":833,"column":8},"end":{"line":833,"column":60}},"283":{"start":{"line":834,"column":8},"end":{"line":834,"column":54}},"284":{"start":{"line":836,"column":8},"end":{"line":836,"column":44}},"285":{"start":{"line":839,"column":23},"end":{"line":839,"column":70}},"286":{"start":{"line":840,"column":25},"end":{"line":840,"column":63}},"287":{"start":{"line":843,"column":8},"end":{"line":858,"column":25}},"288":{"start":{"line":861,"column":6},"end":{"line":861,"column":33}},"289":{"start":{"line":863,"column":6},"end":{"line":873,"column":9}},"290":{"start":{"line":875,"column":6},"end":{"line":875,"column":33}},"291":{"start":{"line":876,"column":6},"end":{"line":876,"column":66}},"292":{"start":{"line":877,"column":6},"end":{"line":877,"column":101}},"293":{"start":{"line":880,"column":4},"end":{"line":880,"column":55}},"294":{"start":{"line":881,"column":4},"end":{"line":884,"column":7}},"295":{"start":{"line":889,"column":22},"end":{"line":938,"column":1}},"296":{"start":{"line":890,"column":2},"end":{"line":937,"column":3}},"297":{"start":{"line":892,"column":24},"end":{"line":894,"column":77}},"298":{"start":{"line":896,"column":4},"end":{"line":901,"column":5}},"299":{"start":{"line":897,"column":6},"end":{"line":900,"column":9}},"300":{"start":{"line":903,"column":27},"end":{"line":905,"column":5}},"301":{"start":{"line":904,"column":12},"end":{"line":904,"column":59}},"302":{"start":{"line":907,"column":4},"end":{"line":912,"column":5}},"303":{"start":{"line":908,"column":6},"end":{"line":911,"column":9}},"304":{"start":{"line":914,"column":4},"end":{"line":933,"column":7}},"305":{"start":{"line":935,"column":4},"end":{"line":935,"column":51}},"306":{"start":{"line":936,"column":4},"end":{"line":936,"column":54}},"307":{"start":{"line":940,"column":0},"end":{"line":957,"column":2}}},"fnMap":{"0":{"name":"(anonymous_0)","decl":{"start":{"line":12,"column":40},"end":{"line":12,"column":41}},"loc":{"start":{"line":13,"column":2},"end":{"line":13,"column":79}},"line":13},"1":{"name":"(anonymous_1)","decl":{"start":{"line":16,"column":22},"end":{"line":16,"column":23}},"loc":{"start":{"line":16,"column":42},"end":{"line":62,"column":1}},"line":16},"2":{"name":"(anonymous_2)","decl":{"start":{"line":65,"column":19},"end":{"line":65,"column":20}},"loc":{"start":{"line":65,"column":39},"end":{"line":119,"column":1}},"line":65},"3":{"name":"(anonymous_3)","decl":{"start":{"line":122,"column":24},"end":{"line":122,"column":25}},"loc":{"start":{"line":122,"column":44},"end":{"line":137,"column":1}},"line":122},"4":{"name":"(anonymous_4)","decl":{"start":{"line":140,"column":23},"end":{"line":140,"column":24}},"loc":{"start":{"line":140,"column":43},"end":{"line":193,"column":1}},"line":140},"5":{"name":"(anonymous_5)","decl":{"start":{"line":196,"column":19},"end":{"line":196,"column":20}},"loc":{"start":{"line":196,"column":39},"end":{"line":232,"column":1}},"line":196},"6":{"name":"(anonymous_6)","decl":{"start":{"line":235,"column":22},"end":{"line":235,"column":23}},"loc":{"start":{"line":235,"column":42},"end":{"line":288,"column":1}},"line":235},"7":{"name":"(anonymous_7)","decl":{"start":{"line":248,"column":44},"end":{"line":248,"column":45}},"loc":{"start":{"line":248,"column":52},"end":{"line":281,"column":5}},"line":248},"8":{"name":"(anonymous_8)","decl":{"start":{"line":251,"column":27},"end":{"line":251,"column":28}},"loc":{"start":{"line":251,"column":35},"end":{"line":272,"column":7}},"line":251},"9":{"name":"(anonymous_9)","decl":{"start":{"line":253,"column":10},"end":{"line":253,"column":11}},"loc":{"start":{"line":253,"column":16},"end":{"line":253,"column":73}},"line":253},"10":{"name":"(anonymous_10)","decl":{"start":{"line":291,"column":28},"end":{"line":291,"column":29}},"loc":{"start":{"line":291,"column":48},"end":{"line":316,"column":1}},"line":291},"11":{"name":"(anonymous_11)","decl":{"start":{"line":301,"column":41},"end":{"line":301,"column":42}},"loc":{"start":{"line":301,"column":50},"end":{"line":310,"column":7}},"line":301},"12":{"name":"(anonymous_12)","decl":{"start":{"line":319,"column":35},"end":{"line":319,"column":36}},"loc":{"start":{"line":319,"column":55},"end":{"line":428,"column":1}},"line":319},"13":{"name":"(anonymous_13)","decl":{"start":{"line":361,"column":61},"end":{"line":361,"column":62}},"loc":{"start":{"line":362,"column":8},"end":{"line":362,"column":78}},"line":362},"14":{"name":"(anonymous_14)","decl":{"start":{"line":399,"column":59},"end":{"line":399,"column":60}},"loc":{"start":{"line":400,"column":6},"end":{"line":400,"column":76}},"line":400},"15":{"name":"(anonymous_15)","decl":{"start":{"line":431,"column":33},"end":{"line":431,"column":34}},"loc":{"start":{"line":431,"column":53},"end":{"line":510,"column":1}},"line":431},"16":{"name":"(anonymous_16)","decl":{"start":{"line":513,"column":25},"end":{"line":513,"column":26}},"loc":{"start":{"line":513,"column":45},"end":{"line":575,"column":1}},"line":513},"17":{"name":"(anonymous_17)","decl":{"start":{"line":527,"column":6},"end":{"line":527,"column":7}},"loc":{"start":{"line":527,"column":12},"end":{"line":527,"column":91}},"line":527},"18":{"name":"(anonymous_18)","decl":{"start":{"line":578,"column":22},"end":{"line":578,"column":23}},"loc":{"start":{"line":578,"column":42},"end":{"line":619,"column":1}},"line":578},"19":{"name":"(anonymous_19)","decl":{"start":{"line":595,"column":6},"end":{"line":595,"column":7}},"loc":{"start":{"line":595,"column":12},"end":{"line":595,"column":59}},"line":595},"20":{"name":"(anonymous_20)","decl":{"start":{"line":622,"column":28},"end":{"line":622,"column":29}},"loc":{"start":{"line":622,"column":48},"end":{"line":656,"column":1}},"line":622},"21":{"name":"(anonymous_21)","decl":{"start":{"line":634,"column":6},"end":{"line":634,"column":7}},"loc":{"start":{"line":634,"column":12},"end":{"line":634,"column":59}},"line":634},"22":{"name":"(anonymous_22)","decl":{"start":{"line":659,"column":33},"end":{"line":659,"column":34}},"loc":{"start":{"line":659,"column":53},"end":{"line":687,"column":1}},"line":659},"23":{"name":"(anonymous_23)","decl":{"start":{"line":671,"column":6},"end":{"line":671,"column":7}},"loc":{"start":{"line":671,"column":12},"end":{"line":671,"column":59}},"line":671},"24":{"name":"(anonymous_24)","decl":{"start":{"line":690,"column":31},"end":{"line":690,"column":32}},"loc":{"start":{"line":690,"column":51},"end":{"line":764,"column":1}},"line":690},"25":{"name":"(anonymous_25)","decl":{"start":{"line":705,"column":6},"end":{"line":705,"column":7}},"loc":{"start":{"line":705,"column":12},"end":{"line":705,"column":59}},"line":705},"26":{"name":"(anonymous_26)","decl":{"start":{"line":767,"column":35},"end":{"line":767,"column":36}},"loc":{"start":{"line":767,"column":55},"end":{"line":886,"column":1}},"line":767},"27":{"name":"(anonymous_27)","decl":{"start":{"line":798,"column":6},"end":{"line":798,"column":7}},"loc":{"start":{"line":798,"column":12},"end":{"line":798,"column":59}},"line":798},"28":{"name":"(anonymous_28)","decl":{"start":{"line":824,"column":36},"end":{"line":824,"column":37}},"loc":{"start":{"line":824,"column":48},"end":{"line":859,"column":7}},"line":824},"29":{"name":"(anonymous_29)","decl":{"start":{"line":889,"column":22},"end":{"line":889,"column":23}},"loc":{"start":{"line":889,"column":42},"end":{"line":938,"column":1}},"line":889},"30":{"name":"(anonymous_30)","decl":{"start":{"line":904,"column":6},"end":{"line":904,"column":7}},"loc":{"start":{"line":904,"column":12},"end":{"line":904,"column":59}},"line":904}},"branchMap":{"0":{"loc":{"start":{"line":23,"column":4},"end":{"line":28,"column":5}},"type":"if","locations":[{"start":{"line":23,"column":4},"end":{"line":28,"column":5}},{"start":{},"end":{}}],"line":23},"1":{"loc":{"start":{"line":32,"column":4},"end":{"line":34,"column":5}},"type":"if","locations":[{"start":{"line":32,"column":4},"end":{"line":34,"column":5}},{"start":{},"end":{}}],"line":32},"2":{"loc":{"start":{"line":72,"column":4},"end":{"line":77,"column":5}},"type":"if","locations":[{"start":{"line":72,"column":4},"end":{"line":77,"column":5}},{"start":{},"end":{}}],"line":72},"3":{"loc":{"start":{"line":81,"column":4},"end":{"line":84,"column":5}},"type":"if","locations":[{"start":{"line":81,"column":4},"end":{"line":84,"column":5}},{"start":{},"end":{}}],"line":81},"4":{"loc":{"start":{"line":88,"column":4},"end":{"line":97,"column":5}},"type":"if","locations":[{"start":{"line":88,"column":4},"end":{"line":97,"column":5}},{"start":{},"end":{}}],"line":88},"5":{"loc":{"start":{"line":90,"column":6},"end":{"line":95,"column":7}},"type":"if","locations":[{"start":{"line":90,"column":6},"end":{"line":95,"column":7}},{"start":{},"end":{}}],"line":90},"6":{"loc":{"start":{"line":128,"column":4},"end":{"line":130,"column":5}},"type":"if","locations":[{"start":{"line":128,"column":4},"end":{"line":130,"column":5}},{"start":{},"end":{}}],"line":128},"7":{"loc":{"start":{"line":145,"column":4},"end":{"line":153,"column":5}},"type":"if","locations":[{"start":{"line":145,"column":4},"end":{"line":153,"column":5}},{"start":{},"end":{}}],"line":145},"8":{"loc":{"start":{"line":156,"column":4},"end":{"line":169,"column":5}},"type":"if","locations":[{"start":{"line":156,"column":4},"end":{"line":169,"column":5}},{"start":{},"end":{}}],"line":156},"9":{"loc":{"start":{"line":206,"column":4},"end":{"line":208,"column":5}},"type":"if","locations":[{"start":{"line":206,"column":4},"end":{"line":208,"column":5}},{"start":{},"end":{}}],"line":206},"10":{"loc":{"start":{"line":253,"column":16},"end":{"line":253,"column":73}},"type":"binary-expr","locations":[{"start":{"line":253,"column":16},"end":{"line":253,"column":23}},{"start":{"line":253,"column":27},"end":{"line":253,"column":73}}],"line":253},"11":{"loc":{"start":{"line":256,"column":8},"end":{"line":271,"column":9}},"type":"if","locations":[{"start":{"line":256,"column":8},"end":{"line":271,"column":9}},{"start":{},"end":{}}],"line":256},"12":{"loc":{"start":{"line":330,"column":4},"end":{"line":332,"column":5}},"type":"if","locations":[{"start":{"line":330,"column":4},"end":{"line":332,"column":5}},{"start":{},"end":{}}],"line":330},"13":{"loc":{"start":{"line":336,"column":4},"end":{"line":338,"column":5}},"type":"if","locations":[{"start":{"line":336,"column":4},"end":{"line":338,"column":5}},{"start":{},"end":{}}],"line":336},"14":{"loc":{"start":{"line":340,"column":4},"end":{"line":342,"column":5}},"type":"if","locations":[{"start":{"line":340,"column":4},"end":{"line":342,"column":5}},{"start":{},"end":{}}],"line":340},"15":{"loc":{"start":{"line":344,"column":4},"end":{"line":348,"column":5}},"type":"if","locations":[{"start":{"line":344,"column":4},"end":{"line":348,"column":5}},{"start":{},"end":{}}],"line":344},"16":{"loc":{"start":{"line":353,"column":4},"end":{"line":386,"column":5}},"type":"if","locations":[{"start":{"line":353,"column":4},"end":{"line":386,"column":5}},{"start":{},"end":{}}],"line":353},"17":{"loc":{"start":{"line":362,"column":8},"end":{"line":362,"column":78}},"type":"binary-expr","locations":[{"start":{"line":362,"column":8},"end":{"line":362,"column":15}},{"start":{"line":362,"column":19},"end":{"line":362,"column":30}},{"start":{"line":362,"column":34},"end":{"line":362,"column":78}}],"line":362},"18":{"loc":{"start":{"line":365,"column":6},"end":{"line":367,"column":7}},"type":"if","locations":[{"start":{"line":365,"column":6},"end":{"line":367,"column":7}},{"start":{},"end":{}}],"line":365},"19":{"loc":{"start":{"line":400,"column":6},"end":{"line":400,"column":76}},"type":"binary-expr","locations":[{"start":{"line":400,"column":6},"end":{"line":400,"column":13}},{"start":{"line":400,"column":17},"end":{"line":400,"column":28}},{"start":{"line":400,"column":32},"end":{"line":400,"column":76}}],"line":400},"20":{"loc":{"start":{"line":403,"column":4},"end":{"line":405,"column":5}},"type":"if","locations":[{"start":{"line":403,"column":4},"end":{"line":405,"column":5}},{"start":{},"end":{}}],"line":403},"21":{"loc":{"start":{"line":441,"column":4},"end":{"line":461,"column":5}},"type":"if","locations":[{"start":{"line":441,"column":4},"end":{"line":461,"column":5}},{"start":{},"end":{}}],"line":441},"22":{"loc":{"start":{"line":448,"column":6},"end":{"line":458,"column":7}},"type":"if","locations":[{"start":{"line":448,"column":6},"end":{"line":458,"column":7}},{"start":{},"end":{}}],"line":448},"23":{"loc":{"start":{"line":465,"column":4},"end":{"line":467,"column":5}},"type":"if","locations":[{"start":{"line":465,"column":4},"end":{"line":467,"column":5}},{"start":{},"end":{}}],"line":465},"24":{"loc":{"start":{"line":469,"column":4},"end":{"line":471,"column":5}},"type":"if","locations":[{"start":{"line":469,"column":4},"end":{"line":471,"column":5}},{"start":{},"end":{}}],"line":469},"25":{"loc":{"start":{"line":473,"column":4},"end":{"line":477,"column":5}},"type":"if","locations":[{"start":{"line":473,"column":4},"end":{"line":477,"column":5}},{"start":{},"end":{}}],"line":473},"26":{"loc":{"start":{"line":486,"column":4},"end":{"line":489,"column":5}},"type":"if","locations":[{"start":{"line":486,"column":4},"end":{"line":489,"column":5}},{"start":{},"end":{}}],"line":486},"27":{"loc":{"start":{"line":521,"column":4},"end":{"line":523,"column":5}},"type":"if","locations":[{"start":{"line":521,"column":4},"end":{"line":523,"column":5}},{"start":{},"end":{}}],"line":521},"28":{"loc":{"start":{"line":527,"column":12},"end":{"line":527,"column":91}},"type":"binary-expr","locations":[{"start":{"line":527,"column":12},"end":{"line":527,"column":20}},{"start":{"line":527,"column":24},"end":{"line":527,"column":36}},{"start":{"line":527,"column":40},"end":{"line":527,"column":91}}],"line":527},"29":{"loc":{"start":{"line":530,"column":4},"end":{"line":536,"column":5}},"type":"if","locations":[{"start":{"line":530,"column":4},"end":{"line":536,"column":5}},{"start":{},"end":{}}],"line":530},"30":{"loc":{"start":{"line":539,"column":4},"end":{"line":544,"column":5}},"type":"if","locations":[{"start":{"line":539,"column":4},"end":{"line":544,"column":5}},{"start":{},"end":{}}],"line":539},"31":{"loc":{"start":{"line":551,"column":21},"end":{"line":551,"column":58}},"type":"binary-expr","locations":[{"start":{"line":551,"column":21},"end":{"line":551,"column":52}},{"start":{"line":551,"column":56},"end":{"line":551,"column":58}}],"line":551},"32":{"loc":{"start":{"line":566,"column":19},"end":{"line":566,"column":68}},"type":"binary-expr","locations":[{"start":{"line":566,"column":19},"end":{"line":566,"column":43}},{"start":{"line":566,"column":47},"end":{"line":566,"column":68}}],"line":566},"33":{"loc":{"start":{"line":567,"column":19},"end":{"line":567,"column":68}},"type":"binary-expr","locations":[{"start":{"line":567,"column":19},"end":{"line":567,"column":43}},{"start":{"line":567,"column":47},"end":{"line":567,"column":68}}],"line":567},"34":{"loc":{"start":{"line":582,"column":4},"end":{"line":584,"column":5}},"type":"if","locations":[{"start":{"line":582,"column":4},"end":{"line":584,"column":5}},{"start":{},"end":{}}],"line":582},"35":{"loc":{"start":{"line":582,"column":8},"end":{"line":582,"column":34}},"type":"binary-expr","locations":[{"start":{"line":582,"column":8},"end":{"line":582,"column":14}},{"start":{"line":582,"column":18},"end":{"line":582,"column":34}}],"line":582},"36":{"loc":{"start":{"line":590,"column":4},"end":{"line":592,"column":5}},"type":"if","locations":[{"start":{"line":590,"column":4},"end":{"line":592,"column":5}},{"start":{},"end":{}}],"line":590},"37":{"loc":{"start":{"line":598,"column":4},"end":{"line":600,"column":5}},"type":"if","locations":[{"start":{"line":598,"column":4},"end":{"line":600,"column":5}},{"start":{},"end":{}}],"line":598},"38":{"loc":{"start":{"line":598,"column":8},"end":{"line":598,"column":47}},"type":"binary-expr","locations":[{"start":{"line":598,"column":8},"end":{"line":598,"column":23}},{"start":{"line":598,"column":27},"end":{"line":598,"column":47}}],"line":598},"39":{"loc":{"start":{"line":629,"column":4},"end":{"line":631,"column":5}},"type":"if","locations":[{"start":{"line":629,"column":4},"end":{"line":631,"column":5}},{"start":{},"end":{}}],"line":629},"40":{"loc":{"start":{"line":637,"column":4},"end":{"line":639,"column":5}},"type":"if","locations":[{"start":{"line":637,"column":4},"end":{"line":639,"column":5}},{"start":{},"end":{}}],"line":637},"41":{"loc":{"start":{"line":643,"column":4},"end":{"line":645,"column":5}},"type":"if","locations":[{"start":{"line":643,"column":4},"end":{"line":645,"column":5}},{"start":{},"end":{}}],"line":643},"42":{"loc":{"start":{"line":666,"column":4},"end":{"line":668,"column":5}},"type":"if","locations":[{"start":{"line":666,"column":4},"end":{"line":668,"column":5}},{"start":{},"end":{}}],"line":666},"43":{"loc":{"start":{"line":674,"column":4},"end":{"line":676,"column":5}},"type":"if","locations":[{"start":{"line":674,"column":4},"end":{"line":676,"column":5}},{"start":{},"end":{}}],"line":674},"44":{"loc":{"start":{"line":692,"column":4},"end":{"line":694,"column":5}},"type":"if","locations":[{"start":{"line":692,"column":4},"end":{"line":694,"column":5}},{"start":{},"end":{}}],"line":692},"45":{"loc":{"start":{"line":700,"column":4},"end":{"line":702,"column":5}},"type":"if","locations":[{"start":{"line":700,"column":4},"end":{"line":702,"column":5}},{"start":{},"end":{}}],"line":700},"46":{"loc":{"start":{"line":708,"column":4},"end":{"line":710,"column":5}},"type":"if","locations":[{"start":{"line":708,"column":4},"end":{"line":710,"column":5}},{"start":{},"end":{}}],"line":708},"47":{"loc":{"start":{"line":713,"column":4},"end":{"line":715,"column":5}},"type":"if","locations":[{"start":{"line":713,"column":4},"end":{"line":715,"column":5}},{"start":{},"end":{}}],"line":713},"48":{"loc":{"start":{"line":713,"column":8},"end":{"line":713,"column":70}},"type":"binary-expr","locations":[{"start":{"line":713,"column":8},"end":{"line":713,"column":31}},{"start":{"line":713,"column":35},"end":{"line":713,"column":70}}],"line":713},"49":{"loc":{"start":{"line":718,"column":4},"end":{"line":720,"column":5}},"type":"if","locations":[{"start":{"line":718,"column":4},"end":{"line":720,"column":5}},{"start":{},"end":{}}],"line":718},"50":{"loc":{"start":{"line":725,"column":33},"end":{"line":725,"column":57}},"type":"binary-expr","locations":[{"start":{"line":725,"column":33},"end":{"line":725,"column":51}},{"start":{"line":725,"column":55},"end":{"line":725,"column":57}}],"line":725},"51":{"loc":{"start":{"line":737,"column":23},"end":{"line":737,"column":70}},"type":"binary-expr","locations":[{"start":{"line":737,"column":23},"end":{"line":737,"column":47}},{"start":{"line":737,"column":51},"end":{"line":737,"column":70}}],"line":737},"52":{"loc":{"start":{"line":755,"column":14},"end":{"line":755,"column":49}},"type":"binary-expr","locations":[{"start":{"line":755,"column":14},"end":{"line":755,"column":39}},{"start":{"line":755,"column":43},"end":{"line":755,"column":49}}],"line":755},"53":{"loc":{"start":{"line":775,"column":4},"end":{"line":777,"column":5}},"type":"if","locations":[{"start":{"line":775,"column":4},"end":{"line":777,"column":5}},{"start":{},"end":{}}],"line":775},"54":{"loc":{"start":{"line":775,"column":8},"end":{"line":775,"column":68}},"type":"binary-expr","locations":[{"start":{"line":775,"column":8},"end":{"line":775,"column":24}},{"start":{"line":775,"column":28},"end":{"line":775,"column":46}},{"start":{"line":775,"column":50},"end":{"line":775,"column":68}}],"line":775},"55":{"loc":{"start":{"line":785,"column":4},"end":{"line":787,"column":5}},"type":"if","locations":[{"start":{"line":785,"column":4},"end":{"line":787,"column":5}},{"start":{},"end":{}}],"line":785},"56":{"loc":{"start":{"line":793,"column":4},"end":{"line":795,"column":5}},"type":"if","locations":[{"start":{"line":793,"column":4},"end":{"line":795,"column":5}},{"start":{},"end":{}}],"line":793},"57":{"loc":{"start":{"line":801,"column":4},"end":{"line":803,"column":5}},"type":"if","locations":[{"start":{"line":801,"column":4},"end":{"line":803,"column":5}},{"start":{},"end":{}}],"line":801},"58":{"loc":{"start":{"line":805,"column":4},"end":{"line":807,"column":5}},"type":"if","locations":[{"start":{"line":805,"column":4},"end":{"line":807,"column":5}},{"start":{},"end":{}}],"line":805},"59":{"loc":{"start":{"line":809,"column":4},"end":{"line":811,"column":5}},"type":"if","locations":[{"start":{"line":809,"column":4},"end":{"line":811,"column":5}},{"start":{},"end":{}}],"line":809},"60":{"loc":{"start":{"line":809,"column":8},"end":{"line":809,"column":70}},"type":"binary-expr","locations":[{"start":{"line":809,"column":8},"end":{"line":809,"column":31}},{"start":{"line":809,"column":35},"end":{"line":809,"column":70}}],"line":809},"61":{"loc":{"start":{"line":813,"column":4},"end":{"line":815,"column":5}},"type":"if","locations":[{"start":{"line":813,"column":4},"end":{"line":815,"column":5}},{"start":{},"end":{}}],"line":813},"62":{"loc":{"start":{"line":813,"column":8},"end":{"line":813,"column":90}},"type":"binary-expr","locations":[{"start":{"line":813,"column":8},"end":{"line":813,"column":37}},{"start":{"line":813,"column":41},"end":{"line":813,"column":90}}],"line":813},"63":{"loc":{"start":{"line":839,"column":23},"end":{"line":839,"column":70}},"type":"binary-expr","locations":[{"start":{"line":839,"column":23},"end":{"line":839,"column":47}},{"start":{"line":839,"column":51},"end":{"line":839,"column":70}}],"line":839},"64":{"loc":{"start":{"line":840,"column":25},"end":{"line":840,"column":63}},"type":"binary-expr","locations":[{"start":{"line":840,"column":25},"end":{"line":840,"column":50}},{"start":{"line":840,"column":54},"end":{"line":840,"column":63}}],"line":840},"65":{"loc":{"start":{"line":882,"column":15},"end":{"line":882,"column":46}},"type":"binary-expr","locations":[{"start":{"line":882,"column":15},"end":{"line":882,"column":28}},{"start":{"line":882,"column":32},"end":{"line":882,"column":46}}],"line":882},"66":{"loc":{"start":{"line":896,"column":4},"end":{"line":901,"column":5}},"type":"if","locations":[{"start":{"line":896,"column":4},"end":{"line":901,"column":5}},{"start":{},"end":{}}],"line":896},"67":{"loc":{"start":{"line":907,"column":4},"end":{"line":912,"column":5}},"type":"if","locations":[{"start":{"line":907,"column":4},"end":{"line":912,"column":5}},{"start":{},"end":{}}],"line":907},"68":{"loc":{"start":{"line":917,"column":12},"end":{"line":917,"column":44}},"type":"binary-expr","locations":[{"start":{"line":917,"column":12},"end":{"line":917,"column":36}},{"start":{"line":917,"column":40},"end":{"line":917,"column":44}}],"line":917},"69":{"loc":{"start":{"line":918,"column":14},"end":{"line":918,"column":45}},"type":"binary-expr","locations":[{"start":{"line":918,"column":14},"end":{"line":918,"column":39}},{"start":{"line":918,"column":43},"end":{"line":918,"column":45}}],"line":918},"70":{"loc":{"start":{"line":919,"column":21},"end":{"line":919,"column":59}},"type":"binary-expr","locations":[{"start":{"line":919,"column":21},"end":{"line":919,"column":53}},{"start":{"line":919,"column":57},"end":{"line":919,"column":59}}],"line":919}},"s":{"0":1,"1":1,"2":1,"3":1,"4":1,"5":1,"6":1,"7":1,"8":1,"9":1,"10":2,"11":1,"12":0,"13":0,"14":0,"15":0,"16":0,"17":0,"18":0,"19":0,"20":0,"21":0,"22":0,"23":0,"24":0,"25":0,"26":0,"27":1,"28":0,"29":0,"30":0,"31":0,"32":0,"33":0,"34":0,"35":0,"36":0,"37":0,"38":0,"39":0,"40":0,"41":0,"42":0,"43":0,"44":0,"45":0,"46":0,"47":0,"48":0,"49":1,"50":0,"51":0,"52":0,"53":0,"54":0,"55":0,"56":0,"57":1,"58":0,"59":0,"60":0,"61":0,"62":0,"63":0,"64":0,"65":0,"66":0,"67":0,"68":1,"69":0,"70":0,"71":0,"72":0,"73":0,"74":0,"75":0,"76":0,"77":0,"78":0,"79":1,"80":0,"81":0,"82":0,"83":0,"84":0,"85":0,"86":0,"87":0,"88":0,"89":0,"90":0,"91":0,"92":0,"93":0,"94":1,"95":0,"96":0,"97":0,"98":0,"99":0,"100":0,"101":1,"102":0,"103":0,"104":0,"105":0,"106":0,"107":0,"108":0,"109":0,"110":0,"111":0,"112":0,"113":0,"114":0,"115":0,"116":0,"117":0,"118":0,"119":0,"120":0,"121":0,"122":0,"123":0,"124":0,"125":0,"126":0,"127":0,"128":0,"129":0,"130":0,"131":0,"132":0,"133":1,"134":0,"135":0,"136":0,"137":0,"138":0,"139":0,"140":0,"141":0,"142":0,"143":0,"144":0,"145":0,"146":0,"147":0,"148":0,"149":0,"150":0,"151":0,"152":0,"153":0,"154":0,"155":0,"156":0,"157":0,"158":1,"159":0,"160":0,"161":0,"162":0,"163":0,"164":0,"165":0,"166":0,"167":0,"168":0,"169":0,"170":0,"171":0,"172":1,"173":0,"174":0,"175":0,"176":0,"177":0,"178":0,"179":0,"180":0,"181":0,"182":0,"183":0,"184":0,"185":0,"186":0,"187":0,"188":1,"189":0,"190":0,"191":0,"192":0,"193":0,"194":0,"195":0,"196":0,"197":0,"198":0,"199":0,"200":0,"201":0,"202":0,"203":0,"204":0,"205":0,"206":1,"207":0,"208":0,"209":0,"210":0,"211":0,"212":0,"213":0,"214":0,"215":0,"216":0,"217":0,"218":0,"219":0,"220":0,"221":1,"222":1,"223":1,"224":0,"225":1,"226":1,"227":0,"228":1,"229":1,"230":1,"231":0,"232":1,"233":0,"234":1,"235":0,"236":1,"237":1,"238":1,"239":1,"240":1,"241":1,"242":1,"243":1,"244":1,"245":1,"246":1,"247":0,"248":0,"249":1,"250":2,"251":2,"252":2,"253":0,"254":2,"255":2,"256":1,"257":1,"258":1,"259":0,"260":1,"261":1,"262":1,"263":0,"264":1,"265":0,"266":1,"267":0,"268":1,"269":0,"270":1,"271":1,"272":1,"273":1,"274":1,"275":1,"276":1,"277":1,"278":1,"279":1,"280":1,"281":1,"282":1,"283":1,"284":1,"285":1,"286":1,"287":1,"288":1,"289":1,"290":0,"291":0,"292":0,"293":0,"294":0,"295":1,"296":0,"297":0,"298":0,"299":0,"300":0,"301":0,"302":0,"303":0,"304":0,"305":0,"306":0,"307":1},"f":{"0":2,"1":0,"2":0,"3":0,"4":0,"5":0,"6":0,"7":0,"8":0,"9":0,"10":0,"11":0,"12":0,"13":0,"14":0,"15":0,"16":0,"17":0,"18":0,"19":0,"20":0,"21":0,"22":0,"23":0,"24":1,"25":1,"26":2,"27":1,"28":1,"29":0,"30":0},"b":{"0":[0,0],"1":[0,0],"2":[0,0],"3":[0,0],"4":[0,0],"5":[0,0],"6":[0,0],"7":[0,0],"8":[0,0],"9":[0,0],"10":[0,0],"11":[0,0],"12":[0,0],"13":[0,0],"14":[0,0],"15":[0,0],"16":[0,0],"17":[0,0,0],"18":[0,0],"19":[0,0,0],"20":[0,0],"21":[0,0],"22":[0,0],"23":[0,0],"24":[0,0],"25":[0,0],"26":[0,0],"27":[0,0],"28":[0,0,0],"29":[0,0],"30":[0,0],"31":[0,0],"32":[0,0],"33":[0,0],"34":[0,0],"35":[0,0],"36":[0,0],"37":[0,0],"38":[0,0],"39":[0,0],"40":[0,0],"41":[0,0],"42":[0,0],"43":[0,0],"44":[0,1],"45":[0,1],"46":[0,1],"47":[0,1],"48":[1,1],"49":[0,1],"50":[1,0],"51":[1,0],"52":[1,0],"53":[0,2],"54":[2,2,2],"55":[1,1],"56":[0,1],"57":[0,1],"58":[0,1],"59":[0,1],"60":[1,1],"61":[0,1],"62":[1,1],"63":[1,0],"64":[1,0],"65":[0,0],"66":[0,0],"67":[0,0],"68":[0,0],"69":[0,0],"70":[0,0]},"_coverageSchema":"1a1c01bbd47fc00a2c39e90264f33305004495a9","hash":"8f50b1c1ea7f64c045f02e1cc3ce24c2da72845d"}
,"D:\\Mallakhamb\\Server\\controllers\\paymentController.js": {"path":"D:\\Mallakhamb\\Server\\controllers\\paymentController.js","statementMap":{"0":{"start":{"line":1,"column":15},"end":{"line":1,"column":32}},"1":{"start":{"line":2,"column":20},"end":{"line":2,"column":52}},"2":{"start":{"line":4,"column":31},"end":{"line":22,"column":1}},"3":{"start":{"line":5,"column":2},"end":{"line":7,"column":3}},"4":{"start":{"line":6,"column":4},"end":{"line":6,"column":17}},"5":{"start":{"line":9,"column":19},"end":{"line":12,"column":18}},"6":{"start":{"line":14,"column":25},"end":{"line":14,"column":46}},"7":{"start":{"line":15,"column":26},"end":{"line":15,"column":48}},"8":{"start":{"line":17,"column":2},"end":{"line":19,"column":3}},"9":{"start":{"line":18,"column":4},"end":{"line":18,"column":17}},"10":{"start":{"line":21,"column":2},"end":{"line":21,"column":65}},"11":{"start":{"line":24,"column":33},"end":{"line":78,"column":1}},"12":{"start":{"line":25,"column":2},"end":{"line":77,"column":3}},"13":{"start":{"line":26,"column":22},"end":{"line":26,"column":57}},"14":{"start":{"line":27,"column":29},"end":{"line":27,"column":75}},"15":{"start":{"line":29,"column":4},"end":{"line":31,"column":5}},"16":{"start":{"line":30,"column":6},"end":{"line":30,"column":76}},"17":{"start":{"line":33,"column":18},"end":{"line":33,"column":33}},"18":{"start":{"line":34,"column":26},"end":{"line":34,"column":60}},"19":{"start":{"line":36,"column":4},"end":{"line":38,"column":5}},"20":{"start":{"line":37,"column":6},"end":{"line":37,"column":74}},"21":{"start":{"line":40,"column":4},"end":{"line":42,"column":5}},"22":{"start":{"line":41,"column":6},"end":{"line":41,"column":72}},"23":{"start":{"line":44,"column":24},"end":{"line":46,"column":6}},"24":{"start":{"line":48,"column":4},"end":{"line":50,"column":5}},"25":{"start":{"line":49,"column":6},"end":{"line":49,"column":74}},"26":{"start":{"line":52,"column":27},"end":{"line":54,"column":5}},"27":{"start":{"line":53,"column":14},"end":{"line":53,"column":58}},"28":{"start":{"line":56,"column":4},"end":{"line":58,"column":5}},"29":{"start":{"line":57,"column":6},"end":{"line":57,"column":83}},"30":{"start":{"line":60,"column":4},"end":{"line":60,"column":47}},"31":{"start":{"line":61,"column":4},"end":{"line":61,"column":76}},"32":{"start":{"line":62,"column":4},"end":{"line":62,"column":50}},"33":{"start":{"line":64,"column":4},"end":{"line":70,"column":5}},"34":{"start":{"line":65,"column":6},"end":{"line":65,"column":46}},"35":{"start":{"line":66,"column":11},"end":{"line":70,"column":5}},"36":{"start":{"line":68,"column":6},"end":{"line":68,"column":49}},"37":{"start":{"line":69,"column":6},"end":{"line":69,"column":79}},"38":{"start":{"line":72,"column":4},"end":{"line":72,"column":29}},"39":{"start":{"line":73,"column":4},"end":{"line":73,"column":79}},"40":{"start":{"line":75,"column":4},"end":{"line":75,"column":67}},"41":{"start":{"line":76,"column":4},"end":{"line":76,"column":74}},"42":{"start":{"line":80,"column":0},"end":{"line":82,"column":2}}},"fnMap":{"0":{"name":"(anonymous_0)","decl":{"start":{"line":4,"column":31},"end":{"line":4,"column":32}},"loc":{"start":{"line":4,"column":55},"end":{"line":22,"column":1}},"line":4},"1":{"name":"(anonymous_1)","decl":{"start":{"line":24,"column":33},"end":{"line":24,"column":34}},"loc":{"start":{"line":24,"column":53},"end":{"line":78,"column":1}},"line":24},"2":{"name":"(anonymous_2)","decl":{"start":{"line":53,"column":6},"end":{"line":53,"column":7}},"loc":{"start":{"line":53,"column":14},"end":{"line":53,"column":58}},"line":53}},"branchMap":{"0":{"loc":{"start":{"line":5,"column":2},"end":{"line":7,"column":3}},"type":"if","locations":[{"start":{"line":5,"column":2},"end":{"line":7,"column":3}},{"start":{},"end":{}}],"line":5},"1":{"loc":{"start":{"line":5,"column":6},"end":{"line":5,"column":68}},"type":"binary-expr","locations":[{"start":{"line":5,"column":6},"end":{"line":5,"column":14}},{"start":{"line":5,"column":18},"end":{"line":5,"column":28}},{"start":{"line":5,"column":32},"end":{"line":5,"column":68}}],"line":5},"2":{"loc":{"start":{"line":17,"column":2},"end":{"line":19,"column":3}},"type":"if","locations":[{"start":{"line":17,"column":2},"end":{"line":19,"column":3}},{"start":{},"end":{}}],"line":17},"3":{"loc":{"start":{"line":29,"column":4},"end":{"line":31,"column":5}},"type":"if","locations":[{"start":{"line":29,"column":4},"end":{"line":31,"column":5}},{"start":{},"end":{}}],"line":29},"4":{"loc":{"start":{"line":36,"column":4},"end":{"line":38,"column":5}},"type":"if","locations":[{"start":{"line":36,"column":4},"end":{"line":38,"column":5}},{"start":{},"end":{}}],"line":36},"5":{"loc":{"start":{"line":36,"column":8},"end":{"line":36,"column":42}},"type":"binary-expr","locations":[{"start":{"line":36,"column":8},"end":{"line":36,"column":14}},{"start":{"line":36,"column":18},"end":{"line":36,"column":42}}],"line":36},"6":{"loc":{"start":{"line":40,"column":4},"end":{"line":42,"column":5}},"type":"if","locations":[{"start":{"line":40,"column":4},"end":{"line":42,"column":5}},{"start":{},"end":{}}],"line":40},"7":{"loc":{"start":{"line":40,"column":8},"end":{"line":40,"column":66}},"type":"binary-expr","locations":[{"start":{"line":40,"column":8},"end":{"line":40,"column":36}},{"start":{"line":40,"column":40},"end":{"line":40,"column":66}}],"line":40},"8":{"loc":{"start":{"line":48,"column":4},"end":{"line":50,"column":5}},"type":"if","locations":[{"start":{"line":48,"column":4},"end":{"line":50,"column":5}},{"start":{},"end":{}}],"line":48},"9":{"loc":{"start":{"line":56,"column":4},"end":{"line":58,"column":5}},"type":"if","locations":[{"start":{"line":56,"column":4},"end":{"line":58,"column":5}},{"start":{},"end":{}}],"line":56},"10":{"loc":{"start":{"line":61,"column":31},"end":{"line":61,"column":75}},"type":"binary-expr","locations":[{"start":{"line":61,"column":31},"end":{"line":61,"column":47}},{"start":{"line":61,"column":51},"end":{"line":61,"column":75}}],"line":61},"11":{"loc":{"start":{"line":64,"column":4},"end":{"line":70,"column":5}},"type":"if","locations":[{"start":{"line":64,"column":4},"end":{"line":70,"column":5}},{"start":{"line":66,"column":11},"end":{"line":70,"column":5}}],"line":64},"12":{"loc":{"start":{"line":66,"column":11},"end":{"line":70,"column":5}},"type":"if","locations":[{"start":{"line":66,"column":11},"end":{"line":70,"column":5}},{"start":{},"end":{}}],"line":66},"13":{"loc":{"start":{"line":66,"column":15},"end":{"line":66,"column":74}},"type":"binary-expr","locations":[{"start":{"line":66,"column":15},"end":{"line":66,"column":43}},{"start":{"line":66,"column":47},"end":{"line":66,"column":74}}],"line":66},"14":{"loc":{"start":{"line":69,"column":45},"end":{"line":69,"column":70}},"type":"binary-expr","locations":[{"start":{"line":69,"column":45},"end":{"line":69,"column":65}},{"start":{"line":69,"column":69},"end":{"line":69,"column":70}}],"line":69}},"s":{"0":1,"1":1,"2":1,"3":2,"4":0,"5":2,"6":2,"7":2,"8":2,"9":1,"10":1,"11":1,"12":2,"13":2,"14":2,"15":2,"16":1,"17":1,"18":1,"19":1,"20":0,"21":1,"22":0,"23":1,"24":1,"25":0,"26":1,"27":1,"28":1,"29":0,"30":1,"31":1,"32":1,"33":1,"34":1,"35":0,"36":0,"37":0,"38":1,"39":1,"40":0,"41":0,"42":1},"f":{"0":2,"1":2,"2":1},"b":{"0":[0,2],"1":[2,2,2],"2":[1,1],"3":[1,1],"4":[0,1],"5":[1,1],"6":[0,1],"7":[1,1],"8":[0,1],"9":[0,1],"10":[1,0],"11":[1,0],"12":[0,0],"13":[0,0],"14":[0,0]},"_coverageSchema":"1a1c01bbd47fc00a2c39e90264f33305004495a9","hash":"8de1f0d2a5acc3b31f41dd01a32ae6c8b3bfda73"}
,"D:\\Mallakhamb\\Server\\src\\config\\config-manager.js": {"path":"D:\\Mallakhamb\\Server\\src\\config\\config-manager.js","statementMap":{"0":{"start":{"line":15,"column":4},"end":{"line":15,"column":23}},"1":{"start":{"line":16,"column":4},"end":{"line":16,"column":53}},"2":{"start":{"line":24,"column":4},"end":{"line":26,"column":5}},"3":{"start":{"line":25,"column":6},"end":{"line":25,"column":25}},"4":{"start":{"line":28,"column":4},"end":{"line":91,"column":6}},"5":{"start":{"line":94,"column":4},"end":{"line":94,"column":20}},"6":{"start":{"line":96,"column":4},"end":{"line":96,"column":23}},"7":{"start":{"line":104,"column":19},"end":{"line":104,"column":21}},"8":{"start":{"line":107,"column":4},"end":{"line":109,"column":5}},"9":{"start":{"line":108,"column":6},"end":{"line":108,"column":45}},"10":{"start":{"line":111,"column":4},"end":{"line":113,"column":5}},"11":{"start":{"line":112,"column":6},"end":{"line":112,"column":44}},"12":{"start":{"line":116,"column":4},"end":{"line":118,"column":5}},"13":{"start":{"line":117,"column":6},"end":{"line":117,"column":68}},"14":{"start":{"line":121,"column":4},"end":{"line":123,"column":5}},"15":{"start":{"line":122,"column":6},"end":{"line":122,"column":54}},"16":{"start":{"line":126,"column":4},"end":{"line":128,"column":5}},"17":{"start":{"line":127,"column":6},"end":{"line":127,"column":54}},"18":{"start":{"line":130,"column":4},"end":{"line":132,"column":5}},"19":{"start":{"line":131,"column":6},"end":{"line":131,"column":78}},"20":{"start":{"line":135,"column":4},"end":{"line":137,"column":5}},"21":{"start":{"line":136,"column":6},"end":{"line":136,"column":64}},"22":{"start":{"line":139,"column":4},"end":{"line":141,"column":5}},"23":{"start":{"line":140,"column":6},"end":{"line":140,"column":63}},"24":{"start":{"line":144,"column":4},"end":{"line":146,"column":5}},"25":{"start":{"line":145,"column":6},"end":{"line":145,"column":92}},"26":{"start":{"line":149,"column":4},"end":{"line":151,"column":5}},"27":{"start":{"line":150,"column":6},"end":{"line":150,"column":58}},"28":{"start":{"line":153,"column":4},"end":{"line":155,"column":5}},"29":{"start":{"line":154,"column":6},"end":{"line":154,"column":59}},"30":{"start":{"line":158,"column":4},"end":{"line":171,"column":5}},"31":{"start":{"line":159,"column":6},"end":{"line":164,"column":7}},"32":{"start":{"line":161,"column":8},"end":{"line":163,"column":9}},"33":{"start":{"line":162,"column":10},"end":{"line":162,"column":95}},"34":{"start":{"line":165,"column":11},"end":{"line":171,"column":5}},"35":{"start":{"line":166,"column":6},"end":{"line":170,"column":7}},"36":{"start":{"line":167,"column":8},"end":{"line":169,"column":9}},"37":{"start":{"line":168,"column":10},"end":{"line":168,"column":79}},"38":{"start":{"line":174,"column":4},"end":{"line":178,"column":5}},"39":{"start":{"line":175,"column":6},"end":{"line":177,"column":7}},"40":{"start":{"line":176,"column":8},"end":{"line":176,"column":69}},"41":{"start":{"line":181,"column":4},"end":{"line":183,"column":5}},"42":{"start":{"line":182,"column":6},"end":{"line":182,"column":77}},"43":{"start":{"line":185,"column":4},"end":{"line":187,"column":5}},"44":{"start":{"line":186,"column":6},"end":{"line":186,"column":101}},"45":{"start":{"line":186,"column":75},"end":{"line":186,"column":85}},"46":{"start":{"line":196,"column":4},"end":{"line":198,"column":5}},"47":{"start":{"line":197,"column":6},"end":{"line":197,"column":70}},"48":{"start":{"line":200,"column":17},"end":{"line":200,"column":32}},"49":{"start":{"line":201,"column":16},"end":{"line":201,"column":27}},"50":{"start":{"line":203,"column":4},"end":{"line":208,"column":5}},"51":{"start":{"line":204,"column":6},"end":{"line":206,"column":7}},"52":{"start":{"line":205,"column":8},"end":{"line":205,"column":25}},"53":{"start":{"line":207,"column":6},"end":{"line":207,"column":25}},"54":{"start":{"line":210,"column":4},"end":{"line":210,"column":17}},"55":{"start":{"line":220,"column":18},"end":{"line":220,"column":34}},"56":{"start":{"line":221,"column":4},"end":{"line":221,"column":70}},"57":{"start":{"line":231,"column":18},"end":{"line":231,"column":34}},"58":{"start":{"line":232,"column":4},"end":{"line":234,"column":5}},"59":{"start":{"line":233,"column":6},"end":{"line":233,"column":26}},"60":{"start":{"line":235,"column":19},"end":{"line":235,"column":38}},"61":{"start":{"line":236,"column":4},"end":{"line":236,"column":49}},"62":{"start":{"line":246,"column":18},"end":{"line":246,"column":34}},"63":{"start":{"line":247,"column":4},"end":{"line":249,"column":5}},"64":{"start":{"line":248,"column":6},"end":{"line":248,"column":26}},"65":{"start":{"line":250,"column":4},"end":{"line":250,"column":59}},"66":{"start":{"line":260,"column":18},"end":{"line":260,"column":34}},"67":{"start":{"line":261,"column":4},"end":{"line":263,"column":5}},"68":{"start":{"line":262,"column":6},"end":{"line":262,"column":26}},"69":{"start":{"line":264,"column":4},"end":{"line":264,"column":81}},"70":{"start":{"line":264,"column":40},"end":{"line":264,"column":51}},"71":{"start":{"line":264,"column":68},"end":{"line":264,"column":79}},"72":{"start":{"line":274,"column":18},"end":{"line":274,"column":34}},"73":{"start":{"line":275,"column":4},"end":{"line":277,"column":5}},"74":{"start":{"line":276,"column":6},"end":{"line":276,"column":73}},"75":{"start":{"line":278,"column":4},"end":{"line":278,"column":17}},"76":{"start":{"line":286,"column":4},"end":{"line":288,"column":5}},"77":{"start":{"line":287,"column":6},"end":{"line":287,"column":16}},"78":{"start":{"line":289,"column":4},"end":{"line":289,"column":62}},"79":{"start":{"line":297,"column":4},"end":{"line":297,"column":38}},"80":{"start":{"line":305,"column":4},"end":{"line":305,"column":37}},"81":{"start":{"line":313,"column":4},"end":{"line":313,"column":31}},"82":{"start":{"line":321,"column":4},"end":{"line":323,"column":5}},"83":{"start":{"line":322,"column":6},"end":{"line":322,"column":70}},"84":{"start":{"line":325,"column":4},"end":{"line":325,"column":51}},"85":{"start":{"line":330,"column":0},"end":{"line":330,"column":37}}},"fnMap":{"0":{"name":"(anonymous_0)","decl":{"start":{"line":14,"column":2},"end":{"line":14,"column":3}},"loc":{"start":{"line":14,"column":16},"end":{"line":17,"column":3}},"line":14},"1":{"name":"(anonymous_1)","decl":{"start":{"line":23,"column":2},"end":{"line":23,"column":3}},"loc":{"start":{"line":23,"column":9},"end":{"line":97,"column":3}},"line":23},"2":{"name":"(anonymous_2)","decl":{"start":{"line":103,"column":2},"end":{"line":103,"column":3}},"loc":{"start":{"line":103,"column":13},"end":{"line":188,"column":3}},"line":103},"3":{"name":"(anonymous_3)","decl":{"start":{"line":186,"column":70},"end":{"line":186,"column":71}},"loc":{"start":{"line":186,"column":75},"end":{"line":186,"column":85}},"line":186},"4":{"name":"(anonymous_4)","decl":{"start":{"line":195,"column":2},"end":{"line":195,"column":3}},"loc":{"start":{"line":195,"column":12},"end":{"line":211,"column":3}},"line":195},"5":{"name":"(anonymous_5)","decl":{"start":{"line":219,"column":2},"end":{"line":219,"column":3}},"loc":{"start":{"line":219,"column":36},"end":{"line":222,"column":3}},"line":219},"6":{"name":"(anonymous_6)","decl":{"start":{"line":230,"column":2},"end":{"line":230,"column":3}},"loc":{"start":{"line":230,"column":35},"end":{"line":237,"column":3}},"line":230},"7":{"name":"(anonymous_7)","decl":{"start":{"line":245,"column":2},"end":{"line":245,"column":3}},"loc":{"start":{"line":245,"column":40},"end":{"line":251,"column":3}},"line":245},"8":{"name":"(anonymous_8)","decl":{"start":{"line":259,"column":2},"end":{"line":259,"column":3}},"loc":{"start":{"line":259,"column":35},"end":{"line":265,"column":3}},"line":259},"9":{"name":"(anonymous_9)","decl":{"start":{"line":264,"column":32},"end":{"line":264,"column":33}},"loc":{"start":{"line":264,"column":40},"end":{"line":264,"column":51}},"line":264},"10":{"name":"(anonymous_10)","decl":{"start":{"line":264,"column":60},"end":{"line":264,"column":61}},"loc":{"start":{"line":264,"column":68},"end":{"line":264,"column":79}},"line":264},"11":{"name":"(anonymous_11)","decl":{"start":{"line":273,"column":2},"end":{"line":273,"column":3}},"loc":{"start":{"line":273,"column":19},"end":{"line":279,"column":3}},"line":273},"12":{"name":"(anonymous_12)","decl":{"start":{"line":285,"column":2},"end":{"line":285,"column":3}},"loc":{"start":{"line":285,"column":26},"end":{"line":290,"column":3}},"line":285},"13":{"name":"(anonymous_13)","decl":{"start":{"line":296,"column":2},"end":{"line":296,"column":3}},"loc":{"start":{"line":296,"column":18},"end":{"line":298,"column":3}},"line":296},"14":{"name":"(anonymous_14)","decl":{"start":{"line":304,"column":2},"end":{"line":304,"column":3}},"loc":{"start":{"line":304,"column":17},"end":{"line":306,"column":3}},"line":304},"15":{"name":"(anonymous_15)","decl":{"start":{"line":312,"column":2},"end":{"line":312,"column":3}},"loc":{"start":{"line":312,"column":11},"end":{"line":314,"column":3}},"line":312},"16":{"name":"(anonymous_16)","decl":{"start":{"line":320,"column":2},"end":{"line":320,"column":3}},"loc":{"start":{"line":320,"column":11},"end":{"line":326,"column":3}},"line":320}},"branchMap":{"0":{"loc":{"start":{"line":16,"column":15},"end":{"line":16,"column":52}},"type":"binary-expr","locations":[{"start":{"line":16,"column":15},"end":{"line":16,"column":35}},{"start":{"line":16,"column":39},"end":{"line":16,"column":52}}],"line":16},"1":{"loc":{"start":{"line":24,"column":4},"end":{"line":26,"column":5}},"type":"if","locations":[{"start":{"line":24,"column":4},"end":{"line":26,"column":5}},{"start":{},"end":{}}],"line":24},"2":{"loc":{"start":{"line":107,"column":4},"end":{"line":109,"column":5}},"type":"if","locations":[{"start":{"line":107,"column":4},"end":{"line":109,"column":5}},{"start":{},"end":{}}],"line":107},"3":{"loc":{"start":{"line":111,"column":4},"end":{"line":113,"column":5}},"type":"if","locations":[{"start":{"line":111,"column":4},"end":{"line":113,"column":5}},{"start":{},"end":{}}],"line":111},"4":{"loc":{"start":{"line":116,"column":4},"end":{"line":118,"column":5}},"type":"if","locations":[{"start":{"line":116,"column":4},"end":{"line":118,"column":5}},{"start":{},"end":{}}],"line":116},"5":{"loc":{"start":{"line":116,"column":8},"end":{"line":116,"column":68}},"type":"binary-expr","locations":[{"start":{"line":116,"column":8},"end":{"line":116,"column":30}},{"start":{"line":116,"column":34},"end":{"line":116,"column":68}}],"line":116},"6":{"loc":{"start":{"line":121,"column":4},"end":{"line":123,"column":5}},"type":"if","locations":[{"start":{"line":121,"column":4},"end":{"line":123,"column":5}},{"start":{},"end":{}}],"line":121},"7":{"loc":{"start":{"line":121,"column":8},"end":{"line":121,"column":70}},"type":"binary-expr","locations":[{"start":{"line":121,"column":8},"end":{"line":121,"column":35}},{"start":{"line":121,"column":39},"end":{"line":121,"column":70}}],"line":121},"8":{"loc":{"start":{"line":126,"column":4},"end":{"line":128,"column":5}},"type":"if","locations":[{"start":{"line":126,"column":4},"end":{"line":128,"column":5}},{"start":{},"end":{}}],"line":126},"9":{"loc":{"start":{"line":130,"column":4},"end":{"line":132,"column":5}},"type":"if","locations":[{"start":{"line":130,"column":4},"end":{"line":132,"column":5}},{"start":{},"end":{}}],"line":130},"10":{"loc":{"start":{"line":135,"column":4},"end":{"line":137,"column":5}},"type":"if","locations":[{"start":{"line":135,"column":4},"end":{"line":137,"column":5}},{"start":{},"end":{}}],"line":135},"11":{"loc":{"start":{"line":139,"column":4},"end":{"line":141,"column":5}},"type":"if","locations":[{"start":{"line":139,"column":4},"end":{"line":141,"column":5}},{"start":{},"end":{}}],"line":139},"12":{"loc":{"start":{"line":144,"column":4},"end":{"line":146,"column":5}},"type":"if","locations":[{"start":{"line":144,"column":4},"end":{"line":146,"column":5}},{"start":{},"end":{}}],"line":144},"13":{"loc":{"start":{"line":144,"column":8},"end":{"line":144,"column":88}},"type":"binary-expr","locations":[{"start":{"line":144,"column":8},"end":{"line":144,"column":46}},{"start":{"line":144,"column":50},"end":{"line":144,"column":88}}],"line":144},"14":{"loc":{"start":{"line":149,"column":4},"end":{"line":151,"column":5}},"type":"if","locations":[{"start":{"line":149,"column":4},"end":{"line":151,"column":5}},{"start":{},"end":{}}],"line":149},"15":{"loc":{"start":{"line":149,"column":8},"end":{"line":149,"column":80}},"type":"binary-expr","locations":[{"start":{"line":149,"column":8},"end":{"line":149,"column":42}},{"start":{"line":149,"column":46},"end":{"line":149,"column":80}}],"line":149},"16":{"loc":{"start":{"line":153,"column":4},"end":{"line":155,"column":5}},"type":"if","locations":[{"start":{"line":153,"column":4},"end":{"line":155,"column":5}},{"start":{},"end":{}}],"line":153},"17":{"loc":{"start":{"line":158,"column":4},"end":{"line":171,"column":5}},"type":"if","locations":[{"start":{"line":158,"column":4},"end":{"line":171,"column":5}},{"start":{"line":165,"column":11},"end":{"line":171,"column":5}}],"line":158},"18":{"loc":{"start":{"line":159,"column":6},"end":{"line":164,"column":7}},"type":"if","locations":[{"start":{"line":159,"column":6},"end":{"line":164,"column":7}},{"start":{},"end":{}}],"line":159},"19":{"loc":{"start":{"line":159,"column":10},"end":{"line":159,"column":86}},"type":"binary-expr","locations":[{"start":{"line":159,"column":10},"end":{"line":159,"column":44}},{"start":{"line":159,"column":48},"end":{"line":159,"column":86}}],"line":159},"20":{"loc":{"start":{"line":161,"column":8},"end":{"line":163,"column":9}},"type":"if","locations":[{"start":{"line":161,"column":8},"end":{"line":163,"column":9}},{"start":{},"end":{}}],"line":161},"21":{"loc":{"start":{"line":165,"column":11},"end":{"line":171,"column":5}},"type":"if","locations":[{"start":{"line":165,"column":11},"end":{"line":171,"column":5}},{"start":{},"end":{}}],"line":165},"22":{"loc":{"start":{"line":166,"column":6},"end":{"line":170,"column":7}},"type":"if","locations":[{"start":{"line":166,"column":6},"end":{"line":170,"column":7}},{"start":{},"end":{}}],"line":166},"23":{"loc":{"start":{"line":167,"column":8},"end":{"line":169,"column":9}},"type":"if","locations":[{"start":{"line":167,"column":8},"end":{"line":169,"column":9}},{"start":{},"end":{}}],"line":167},"24":{"loc":{"start":{"line":174,"column":4},"end":{"line":178,"column":5}},"type":"if","locations":[{"start":{"line":174,"column":4},"end":{"line":178,"column":5}},{"start":{},"end":{}}],"line":174},"25":{"loc":{"start":{"line":175,"column":6},"end":{"line":177,"column":7}},"type":"if","locations":[{"start":{"line":175,"column":6},"end":{"line":177,"column":7}},{"start":{},"end":{}}],"line":175},"26":{"loc":{"start":{"line":175,"column":10},"end":{"line":175,"column":88}},"type":"binary-expr","locations":[{"start":{"line":175,"column":10},"end":{"line":175,"column":41}},{"start":{"line":175,"column":45},"end":{"line":175,"column":88}}],"line":175},"27":{"loc":{"start":{"line":181,"column":4},"end":{"line":183,"column":5}},"type":"if","locations":[{"start":{"line":181,"column":4},"end":{"line":183,"column":5}},{"start":{},"end":{}}],"line":181},"28":{"loc":{"start":{"line":181,"column":8},"end":{"line":181,"column":72}},"type":"binary-expr","locations":[{"start":{"line":181,"column":8},"end":{"line":181,"column":40}},{"start":{"line":181,"column":44},"end":{"line":181,"column":72}}],"line":181},"29":{"loc":{"start":{"line":185,"column":4},"end":{"line":187,"column":5}},"type":"if","locations":[{"start":{"line":185,"column":4},"end":{"line":187,"column":5}},{"start":{},"end":{}}],"line":185},"30":{"loc":{"start":{"line":196,"column":4},"end":{"line":198,"column":5}},"type":"if","locations":[{"start":{"line":196,"column":4},"end":{"line":198,"column":5}},{"start":{},"end":{}}],"line":196},"31":{"loc":{"start":{"line":204,"column":6},"end":{"line":206,"column":7}},"type":"if","locations":[{"start":{"line":204,"column":6},"end":{"line":206,"column":7}},{"start":{},"end":{}}],"line":204},"32":{"loc":{"start":{"line":204,"column":10},"end":{"line":204,"column":47}},"type":"binary-expr","locations":[{"start":{"line":204,"column":10},"end":{"line":204,"column":29}},{"start":{"line":204,"column":33},"end":{"line":204,"column":47}}],"line":204},"33":{"loc":{"start":{"line":219,"column":17},"end":{"line":219,"column":34}},"type":"default-arg","locations":[{"start":{"line":219,"column":32},"end":{"line":219,"column":34}}],"line":219},"34":{"loc":{"start":{"line":221,"column":11},"end":{"line":221,"column":69}},"type":"cond-expr","locations":[{"start":{"line":221,"column":49},"end":{"line":221,"column":54}},{"start":{"line":221,"column":57},"end":{"line":221,"column":69}}],"line":221},"35":{"loc":{"start":{"line":221,"column":11},"end":{"line":221,"column":46}},"type":"binary-expr","locations":[{"start":{"line":221,"column":11},"end":{"line":221,"column":30}},{"start":{"line":221,"column":34},"end":{"line":221,"column":46}}],"line":221},"36":{"loc":{"start":{"line":230,"column":17},"end":{"line":230,"column":33}},"type":"default-arg","locations":[{"start":{"line":230,"column":32},"end":{"line":230,"column":33}}],"line":230},"37":{"loc":{"start":{"line":232,"column":4},"end":{"line":234,"column":5}},"type":"if","locations":[{"start":{"line":232,"column":4},"end":{"line":234,"column":5}},{"start":{},"end":{}}],"line":232},"38":{"loc":{"start":{"line":232,"column":8},"end":{"line":232,"column":43}},"type":"binary-expr","locations":[{"start":{"line":232,"column":8},"end":{"line":232,"column":27}},{"start":{"line":232,"column":31},"end":{"line":232,"column":43}}],"line":232},"39":{"loc":{"start":{"line":236,"column":11},"end":{"line":236,"column":48}},"type":"cond-expr","locations":[{"start":{"line":236,"column":27},"end":{"line":236,"column":39}},{"start":{"line":236,"column":42},"end":{"line":236,"column":48}}],"line":236},"40":{"loc":{"start":{"line":245,"column":18},"end":{"line":245,"column":38}},"type":"default-arg","locations":[{"start":{"line":245,"column":33},"end":{"line":245,"column":38}}],"line":245},"41":{"loc":{"start":{"line":247,"column":4},"end":{"line":249,"column":5}},"type":"if","locations":[{"start":{"line":247,"column":4},"end":{"line":249,"column":5}},{"start":{},"end":{}}],"line":247},"42":{"loc":{"start":{"line":247,"column":8},"end":{"line":247,"column":43}},"type":"binary-expr","locations":[{"start":{"line":247,"column":8},"end":{"line":247,"column":27}},{"start":{"line":247,"column":31},"end":{"line":247,"column":43}}],"line":247},"43":{"loc":{"start":{"line":250,"column":11},"end":{"line":250,"column":58}},"type":"binary-expr","locations":[{"start":{"line":250,"column":11},"end":{"line":250,"column":41}},{"start":{"line":250,"column":45},"end":{"line":250,"column":58}}],"line":250},"44":{"loc":{"start":{"line":259,"column":16},"end":{"line":259,"column":33}},"type":"default-arg","locations":[{"start":{"line":259,"column":31},"end":{"line":259,"column":33}}],"line":259},"45":{"loc":{"start":{"line":261,"column":4},"end":{"line":263,"column":5}},"type":"if","locations":[{"start":{"line":261,"column":4},"end":{"line":263,"column":5}},{"start":{},"end":{}}],"line":261},"46":{"loc":{"start":{"line":261,"column":8},"end":{"line":261,"column":43}},"type":"binary-expr","locations":[{"start":{"line":261,"column":8},"end":{"line":261,"column":27}},{"start":{"line":261,"column":31},"end":{"line":261,"column":43}}],"line":261},"47":{"loc":{"start":{"line":275,"column":4},"end":{"line":277,"column":5}},"type":"if","locations":[{"start":{"line":275,"column":4},"end":{"line":277,"column":5}},{"start":{},"end":{}}],"line":275},"48":{"loc":{"start":{"line":275,"column":8},"end":{"line":275,"column":43}},"type":"binary-expr","locations":[{"start":{"line":275,"column":8},"end":{"line":275,"column":27}},{"start":{"line":275,"column":31},"end":{"line":275,"column":43}}],"line":275},"49":{"loc":{"start":{"line":286,"column":4},"end":{"line":288,"column":5}},"type":"if","locations":[{"start":{"line":286,"column":4},"end":{"line":288,"column":5}},{"start":{},"end":{}}],"line":286},"50":{"loc":{"start":{"line":321,"column":4},"end":{"line":323,"column":5}},"type":"if","locations":[{"start":{"line":321,"column":4},"end":{"line":323,"column":5}},{"start":{},"end":{}}],"line":321}},"s":{"0":60,"1":60,"2":33,"3":1,"4":32,"5":29,"6":22,"7":29,"8":29,"9":0,"10":29,"11":0,"12":29,"13":1,"14":29,"15":1,"16":29,"17":0,"18":29,"19":1,"20":29,"21":1,"22":29,"23":0,"24":29,"25":1,"26":29,"27":1,"28":29,"29":0,"30":29,"31":28,"32":26,"33":0,"34":1,"35":1,"36":0,"37":0,"38":29,"39":1,"40":0,"41":29,"42":1,"43":29,"44":7,"45":7,"46":6,"47":1,"48":5,"49":5,"50":5,"51":11,"52":1,"53":10,"54":4,"55":450,"56":450,"57":387,"58":387,"59":365,"60":22,"61":22,"62":149,"63":149,"64":140,"65":9,"66":36,"67":36,"68":32,"69":4,"70":12,"71":12,"72":64,"73":64,"74":4,"75":60,"76":34,"77":2,"78":32,"79":3,"80":3,"81":3,"82":2,"83":0,"84":2,"85":60},"f":{"0":60,"1":33,"2":29,"3":7,"4":6,"5":450,"6":387,"7":149,"8":36,"9":12,"10":12,"11":64,"12":34,"13":3,"14":3,"15":3,"16":2},"b":{"0":[60,0],"1":[1,32],"2":[0,29],"3":[0,29],"4":[1,28],"5":[29,29],"6":[1,28],"7":[29,29],"8":[0,29],"9":[1,28],"10":[1,28],"11":[0,29],"12":[1,28],"13":[29,28],"14":[1,28],"15":[29,28],"16":[0,29],"17":[28,1],"18":[26,2],"19":[28,2],"20":[0,26],"21":[1,0],"22":[0,1],"23":[0,0],"24":[1,28],"25":[0,1],"26":[1,1],"27":[1,28],"28":[29,2],"29":[7,22],"30":[1,5],"31":[1,10],"32":[11,10],"33":[1],"34":[46,404],"35":[450,47],"36":[1],"37":[365,22],"38":[387,22],"39":[1,21],"40":[3],"41":[140,9],"42":[149,9],"43":[9,3],"44":[3],"45":[32,4],"46":[36,4],"47":[4,60],"48":[64,60],"49":[2,32],"50":[0,2]},"_coverageSchema":"1a1c01bbd47fc00a2c39e90264f33305004495a9","hash":"e374a550f983f4b96a03faeba2950bf176d7a52d"}
,"D:\\Mallakhamb\\Server\\src\\errors\\authentication.error.js": {"path":"D:\\Mallakhamb\\Server\\src\\errors\\authentication.error.js","statementMap":{"0":{"start":{"line":1,"column":18},"end":{"line":1,"column":41}},"1":{"start":{"line":2,"column":20},"end":{"line":2,"column":44}},"2":{"start":{"line":16,"column":4},"end":{"line":16,"column":58}},"3":{"start":{"line":20,"column":0},"end":{"line":20,"column":37}}},"fnMap":{"0":{"name":"(anonymous_0)","decl":{"start":{"line":15,"column":2},"end":{"line":15,"column":3}},"loc":{"start":{"line":15,"column":49},"end":{"line":17,"column":3}},"line":15}},"branchMap":{"0":{"loc":{"start":{"line":15,"column":14},"end":{"line":15,"column":47}},"type":"default-arg","locations":[{"start":{"line":15,"column":24},"end":{"line":15,"column":47}}],"line":15}},"s":{"0":2,"1":2,"2":9,"3":2},"f":{"0":9},"b":{"0":[1]},"_coverageSchema":"1a1c01bbd47fc00a2c39e90264f33305004495a9","hash":"f471b4068e386ef88c09491e2e2d86a37dca75ff"}
,"D:\\Mallakhamb\\Server\\src\\errors\\authorization.error.js": {"path":"D:\\Mallakhamb\\Server\\src\\errors\\authorization.error.js","statementMap":{"0":{"start":{"line":1,"column":18},"end":{"line":1,"column":41}},"1":{"start":{"line":2,"column":20},"end":{"line":2,"column":44}},"2":{"start":{"line":16,"column":4},"end":{"line":16,"column":57}},"3":{"start":{"line":20,"column":0},"end":{"line":20,"column":36}}},"fnMap":{"0":{"name":"(anonymous_0)","decl":{"start":{"line":15,"column":2},"end":{"line":15,"column":3}},"loc":{"start":{"line":15,"column":41},"end":{"line":17,"column":3}},"line":15}},"branchMap":{"0":{"loc":{"start":{"line":15,"column":14},"end":{"line":15,"column":39}},"type":"default-arg","locations":[{"start":{"line":15,"column":24},"end":{"line":15,"column":39}}],"line":15}},"s":{"0":2,"1":2,"2":9,"3":2},"f":{"0":9},"b":{"0":[1]},"_coverageSchema":"1a1c01bbd47fc00a2c39e90264f33305004495a9","hash":"5596f667045b8f2a7453178031cc3d5d0f34309d"}
,"D:\\Mallakhamb\\Server\\src\\errors\\base.error.js": {"path":"D:\\Mallakhamb\\Server\\src\\errors\\base.error.js","statementMap":{"0":{"start":{"line":16,"column":4},"end":{"line":16,"column":19}},"1":{"start":{"line":17,"column":4},"end":{"line":17,"column":38}},"2":{"start":{"line":18,"column":4},"end":{"line":18,"column":33}},"3":{"start":{"line":19,"column":4},"end":{"line":19,"column":21}},"4":{"start":{"line":20,"column":4},"end":{"line":20,"column":27}},"5":{"start":{"line":21,"column":4},"end":{"line":21,"column":30}},"6":{"start":{"line":22,"column":4},"end":{"line":22,"column":52}},"7":{"start":{"line":30,"column":4},"end":{"line":35,"column":6}},"8":{"start":{"line":39,"column":0},"end":{"line":39,"column":27}}},"fnMap":{"0":{"name":"(anonymous_0)","decl":{"start":{"line":15,"column":2},"end":{"line":15,"column":3}},"loc":{"start":{"line":15,"column":55},"end":{"line":23,"column":3}},"line":15},"1":{"name":"(anonymous_1)","decl":{"start":{"line":29,"column":2},"end":{"line":29,"column":3}},"loc":{"start":{"line":29,"column":11},"end":{"line":36,"column":3}},"line":29}},"branchMap":{"0":{"loc":{"start":{"line":15,"column":41},"end":{"line":15,"column":53}},"type":"default-arg","locations":[{"start":{"line":15,"column":51},"end":{"line":15,"column":53}}],"line":15}},"s":{"0":70,"1":70,"2":70,"3":70,"4":70,"5":70,"6":70,"7":15,"8":2},"f":{"0":70,"1":15},"b":{"0":[32]},"_coverageSchema":"1a1c01bbd47fc00a2c39e90264f33305004495a9","hash":"41ca319d5436aa9f71ae5f2e73601308e01530f9"}
[...]
art":{"line":143,"column":49},"end":{"line":143,"column":50}},"loc":{"start":{"line":144,"column":10},"end":{"line":144,"column":48}},"line":144},"5":{"name":"(anonymous_5)","decl":{"start":{"line":164,"column":2},"end":{"line":164,"column":3}},"loc":{"start":{"line":164,"column":28},"end":{"line":166,"column":3}},"line":164},"6":{"name":"(anonymous_6)","decl":{"start":{"line":173,"column":2},"end":{"line":173,"column":3}},"loc":{"start":{"line":173,"column":27},"end":{"line":175,"column":3}},"line":173},"7":{"name":"(anonymous_7)","decl":{"start":{"line":182,"column":2},"end":{"line":182,"column":3}},"loc":{"start":{"line":182,"column":27},"end":{"line":184,"column":3}},"line":182},"8":{"name":"(anonymous_8)","decl":{"start":{"line":191,"column":2},"end":{"line":191,"column":3}},"loc":{"start":{"line":191,"column":28},"end":{"line":193,"column":3}},"line":191},"9":{"name":"(anonymous_9)","decl":{"start":{"line":200,"column":2},"end":{"line":200,"column":3}},"loc":{"start":{"line":200,"column":27},"end":{"line":202,"column":3}},"line":200},"10":{"name":"(anonymous_10)","decl":{"start":{"line":208,"column":2},"end":{"line":208,"column":3}},"loc":{"start":{"line":208,"column":14},"end":{"line":210,"column":3}},"line":208}},"branchMap":{"0":{"loc":{"start":{"line":29,"column":8},"end":{"line":31,"column":9}},"type":"if","locations":[{"start":{"line":29,"column":8},"end":{"line":31,"column":9}},{"start":{},"end":{}}],"line":29},"1":{"loc":{"start":{"line":47,"column":16},"end":{"line":47,"column":54}},"type":"cond-expr","locations":[{"start":{"line":47,"column":32},"end":{"line":47,"column":41}},{"start":{"line":47,"column":44},"end":{"line":47,"column":54}}],"line":47},"2":{"loc":{"start":{"line":52,"column":4},"end":{"line":95,"column":5}},"type":"if","locations":[{"start":{"line":52,"column":4},"end":{"line":95,"column":5}},{"start":{"line":75,"column":11},"end":{"line":95,"column":5}}],"line":52},"3":{"loc":{"start":{"line":98,"column":13},"end":{"line":98,"column":45}},"type":"cond-expr","locations":[{"start":{"line":98,"column":29},"end":{"line":98,"column":36}},{"start":{"line":98,"column":39},"end":{"line":98,"column":45}}],"line":98},"4":{"loc":{"start":{"line":113,"column":4},"end":{"line":115,"column":5}},"type":"if","locations":[{"start":{"line":113,"column":4},"end":{"line":115,"column":5}},{"start":{},"end":{}}],"line":113},"5":{"loc":{"start":{"line":113,"column":8},"end":{"line":113,"column":41}},"type":"binary-expr","locations":[{"start":{"line":113,"column":8},"end":{"line":113,"column":13}},{"start":{"line":113,"column":17},"end":{"line":113,"column":41}}],"line":113},"6":{"loc":{"start":{"line":135,"column":21},"end":{"line":135,"column":66}},"type":"cond-expr","locations":[{"start":{"line":135,"column":43},"end":{"line":135,"column":52}},{"start":{"line":135,"column":55},"end":{"line":135,"column":66}}],"line":135},"7":{"loc":{"start":{"line":139,"column":6},"end":{"line":153,"column":7}},"type":"if","locations":[{"start":{"line":139,"column":6},"end":{"line":153,"column":7}},{"start":{},"end":{}}],"line":139},"8":{"loc":{"start":{"line":147,"column":8},"end":{"line":152,"column":9}},"type":"if","locations":[{"start":{"line":147,"column":8},"end":{"line":152,"column":9}},{"start":{"line":149,"column":15},"end":{"line":152,"column":9}}],"line":147},"9":{"loc":{"start":{"line":149,"column":15},"end":{"line":152,"column":9}},"type":"if","locations":[{"start":{"line":149,"column":15},"end":{"line":152,"column":9}},{"start":{},"end":{}}],"line":149},"10":{"loc":{"start":{"line":149,"column":19},"end":{"line":149,"column":78}},"type":"binary-expr","locations":[{"start":{"line":149,"column":19},"end":{"line":149,"column":52}},{"start":{"line":149,"column":56},"end":{"line":149,"column":78}}],"line":149},"11":{"loc":{"start":{"line":164,"column":17},"end":{"line":164,"column":26}},"type":"default-arg","locations":[{"start":{"line":164,"column":24},"end":{"line":164,"column":26}}],"line":164},"12":{"loc":{"start":{"line":173,"column":16},"end":{"line":173,"column":25}},"type":"default-arg","locations":[{"start":{"line":173,"column":23},"end":{"line":173,"column":25}}],"line":173},"13":{"loc":{"start":{"line":182,"column":16},"end":{"line":182,"column":25}},"type":"default-arg","locations":[{"start":{"line":182,"column":23},"end":{"line":182,"column":25}}],"line":182},"14":{"loc":{"start":{"line":191,"column":17},"end":{"line":191,"column":26}},"type":"default-arg","locations":[{"start":{"line":191,"column":24},"end":{"line":191,"column":26}}],"line":191},"15":{"loc":{"start":{"line":200,"column":16},"end":{"line":200,"column":25}},"type":"default-arg","locations":[{"start":{"line":200,"column":23},"end":{"line":200,"column":25}}],"line":200}},"s":{"0":11,"1":11,"2":11,"3":38,"4":38,"5":38,"6":38,"7":1,"8":1,"9":1,"10":1,"11":38,"12":38,"13":38,"14":13,"15":13,"16":25,"17":25,"18":38,"19":46,"20":5,"21":41,"22":41,"23":41,"24":85,"25":85,"26":85,"27":838,"28":85,"29":39,"30":46,"31":13,"32":41,"33":3,"34":2,"35":10,"36":2,"37":2,"38":3,"39":11},"f":{"0":38,"1":38,"2":1,"3":46,"4":838,"5":3,"6":2,"7":10,"8":2,"9":2,"10":3},"b":{"0":[1,0],"1":[25,13],"2":[13,25],"3":[25,13],"4":[5,41],"5":[46,44],"6":[1,40],"7":[85,0],"8":[39,46],"9":[13,33],"10":[46,13],"11":[1],"12":[1],"13":[4],"14":[1],"15":[1]},"_coverageSchema":"1a1c01bbd47fc00a2c39e90264f33305004495a9","hash":"51930f447112847d463bee3a88ab73c6f787d323"}
,"D:\\Mallakhamb\\Server\\src\\middleware\\error.middleware.js": {"path":"D:\\Mallakhamb\\Server\\src\\middleware\\error.middleware.js","statementMap":{"0":{"start":{"line":13,"column":22},"end":{"line":13,"column":42}},"1":{"start":{"line":28,"column":21},"end":{"line":32,"column":1}},"2":{"start":{"line":29,"column":2},"end":{"line":31,"column":4}},"3":{"start":{"line":30,"column":4},"end":{"line":30,"column":52}},"4":{"start":{"line":42,"column":24},"end":{"line":47,"column":1}},"5":{"start":{"line":43,"column":16},"end":{"line":43,"column":78}},"6":{"start":{"line":44,"column":2},"end":{"line":44,"column":25}},"7":{"start":{"line":45,"column":2},"end":{"line":45,"column":33}},"8":{"start":{"line":46,"column":2},"end":{"line":46,"column":14}},"9":{"start":{"line":58,"column":21},"end":{"line":125,"column":1}},"10":{"start":{"line":60,"column":17},"end":{"line":60,"column":38}},"11":{"start":{"line":63,"column":24},"end":{"line":63,"column":64}},"12":{"start":{"line":66,"column":24},"end":{"line":66,"column":102}},"13":{"start":{"line":69,"column":19},"end":{"line":69,"column":40}},"14":{"start":{"line":72,"column":2},"end":{"line":87,"column":3}},"15":{"start":{"line":74,"column":4},"end":{"line":74,"column":21}},"16":{"start":{"line":75,"column":9},"end":{"line":87,"column":3}},"17":{"start":{"line":77,"column":4},"end":{"line":77,"column":21}},"18":{"start":{"line":78,"column":9},"end":{"line":87,"column":3}},"19":{"start":{"line":80,"column":4},"end":{"line":80,"column":21}},"20":{"start":{"line":81,"column":9},"end":{"line":87,"column":3}},"21":{"start":{"line":83,"column":4},"end":{"line":83,"column":21}},"22":{"start":{"line":84,"column":9},"end":{"line":87,"column":3}},"23":{"start":{"line":86,"column":4},"end":{"line":86,"column":21}},"24":{"start":{"line":90,"column":19},"end":{"line":90,"column":55}},"25":{"start":{"line":93,"column":18},"end":{"line":105,"column":3}},"26":{"start":{"line":108,"column":2},"end":{"line":110,"column":3}},"27":{"start":{"line":109,"column":4},"end":{"line":109,"column":30}},"28":{"start":{"line":113,"column":2},"end":{"line":117,"column":3}},"29":{"start":{"line":114,"column":4},"end":{"line":114,"column":64}},"30":{"start":{"line":116,"column":4},"end":{"line":116,"column":46}},"31":{"start":{"line":120,"column":24},"end":{"line":120,"column":62}},"32":{"start":{"line":121,"column":24},"end":{"line":121,"column":90}},"33":{"start":{"line":124,"column":2},"end":{"line":124,"column":45}},"34":{"start":{"line":139,"column":19},"end":{"line":146,"column":3}},"35":{"start":{"line":149,"column":2},"end":{"line":151,"column":3}},"36":{"start":{"line":150,"column":4},"end":{"line":150,"column":41}},"37":{"start":{"line":154,"column":2},"end":{"line":160,"column":3}},"38":{"start":{"line":155,"column":4},"end":{"line":155,"column":45}},"39":{"start":{"line":156,"column":4},"end":{"line":156,"column":32}},"40":{"start":{"line":157,"column":4},"end":{"line":159,"column":5}},"41":{"start":{"line":158,"column":6},"end":{"line":158,"column":64}},"42":{"start":{"line":163,"column":2},"end":{"line":166,"column":3}},"43":{"start":{"line":164,"column":4},"end":{"line":164,"column":42}},"44":{"start":{"line":165,"column":4},"end":{"line":165,"column":65}},"45":{"start":{"line":169,"column":2},"end":{"line":175,"column":3}},"46":{"start":{"line":170,"column":4},"end":{"line":170,"column":44}},"47":{"start":{"line":171,"column":18},"end":{"line":171,"column":52}},"48":{"start":{"line":172,"column":4},"end":{"line":174,"column":26}},"49":{"start":{"line":178,"column":2},"end":{"line":181,"column":3}},"50":{"start":{"line":179,"column":4},"end":{"line":179,"column":42}},"51":{"start":{"line":180,"column":4},"end":{"line":180,"column":60}},"52":{"start":{"line":183,"column":2},"end":{"line":186,"column":3}},"53":{"start":{"line":184,"column":4},"end":{"line":184,"column":42}},"54":{"start":{"line":185,"column":4},"end":{"line":185,"column":64}},"55":{"start":{"line":189,"column":2},"end":{"line":198,"column":3}},"56":{"start":{"line":191,"column":4},"end":{"line":194,"column":5}},"57":{"start":{"line":192,"column":6},"end":{"line":192,"column":67}},"58":{"start":{"line":193,"column":6},"end":{"line":193,"column":36}},"59":{"start":{"line":197,"column":4},"end":{"line":197,"column":74}},"60":{"start":{"line":201,"column":2},"end":{"line":209,"column":3}},"61":{"start":{"line":202,"column":4},"end":{"line":202,"column":37}},"62":{"start":{"line":203,"column":4},"end":{"line":203,"column":35}},"63":{"start":{"line":206,"column":4},"end":{"line":208,"column":5}},"64":{"start":{"line":207,"column":6},"end":{"line":207,"column":46}},"65":{"start":{"line":211,"column":2},"end":{"line":211,"column":18}},"66":{"start":{"line":221,"column":2},"end":{"line":221,"column":31}},"67":{"start":{"line":221,"column":16},"end":{"line":221,"column":31}},"68":{"start":{"line":224,"column":2},"end":{"line":224,"column":71}},"69":{"start":{"line":227,"column":2},"end":{"line":227,"column":65}},"70":{"start":{"line":230,"column":2},"end":{"line":230,"column":62}},"71":{"start":{"line":233,"column":2},"end":{"line":233,"column":79}},"72":{"start":{"line":235,"column":2},"end":{"line":235,"column":17}},"73":{"start":{"line":238,"column":0},"end":{"line":242,"column":2}}},"fnMap":{"0":{"name":"(anonymous_0)","decl":{"start":{"line":28,"column":21},"end":{"line":28,"column":22}},"loc":{"start":{"line":28,"column":29},"end":{"line":32,"column":1}},"line":28},"1":{"name":"(anonymous_1)","decl":{"start":{"line":29,"column":9},"end":{"line":29,"column":10}},"loc":{"start":{"line":29,"column":29},"end":{"line":31,"column":3}},"line":29},"2":{"name":"(anonymous_2)","decl":{"start":{"line":42,"column":24},"end":{"line":42,"column":25}},"loc":{"start":{"line":42,"column":44},"end":{"line":47,"column":1}},"line":42},"3":{"name":"(anonymous_3)","decl":{"start":{"line":58,"column":21},"end":{"line":58,"column":22}},"loc":{"start":{"line":58,"column":46},"end":{"line":125,"column":1}},"line":58},"4":{"name":"formatErrorResponse","decl":{"start":{"line":138,"column":9},"end":{"line":138,"column":28}},"loc":{"start":{"line":138,"column":76},"end":{"line":212,"column":1}},"line":138},"5":{"name":"sanitizeErrorMessage","decl":{"start":{"line":220,"column":9},"end":{"line":220,"column":29}},"loc":{"start":{"line":220,"column":39},"end":{"line":236,"column":1}},"line":220}},"branchMap":{"0":{"loc":{"start":{"line":60,"column":17},"end":{"line":60,"column":38}},"type":"binary-expr","locations":[{"start":{"line":60,"column":17},"end":{"line":60,"column":27}},{"start":{"line":60,"column":31},"end":{"line":60,"column":38}}],"line":60},"1":{"loc":{"start":{"line":63,"column":24},"end":{"line":63,"column":64}},"type":"binary-expr","locations":[{"start":{"line":63,"column":24},"end":{"line":63,"column":41}},{"start":{"line":63,"column":45},"end":{"line":63,"column":51}},{"start":{"line":63,"column":55},"end":{"line":63,"column":64}}],"line":63},"2":{"loc":{"start":{"line":66,"column":24},"end":{"line":66,"column":102}},"type":"cond-expr","locations":[{"start":{"line":66,"column":58},"end":{"line":66,"column":75}},{"start":{"line":66,"column":78},"end":{"line":66,"column":102}}],"line":66},"3":{"loc":{"start":{"line":69,"column":19},"end":{"line":69,"column":40}},"type":"binary-expr","locations":[{"start":{"line":69,"column":19},"end":{"line":69,"column":33}},{"start":{"line":69,"column":37},"end":{"line":69,"column":40}}],"line":69},"4":{"loc":{"start":{"line":72,"column":2},"end":{"line":87,"column":3}},"type":"if","locations":[{"start":{"line":72,"column":2},"end":{"line":87,"column":3}},{"start":{"line":75,"column":9},"end":{"line":87,"column":3}}],"line":72},"5":{"loc":{"start":{"line":72,"column":6},"end":{"line":72,"column":50}},"type":"binary-expr","locations":[{"start":{"line":72,"column":6},"end":{"line":72,"column":36}},{"start":{"line":72,"column":40},"end":{"line":72,"column":50}}],"line":72},"6":{"loc":{"start":{"line":75,"column":9},"end":{"line":87,"column":3}},"type":"if","locations":[{"start":{"line":75,"column":9},"end":{"line":87,"column":3}},{"start":{"line":78,"column":9},"end":{"line":87,"column":3}}],"line":75},"7":{"loc":{"start":{"line":78,"column":9},"end":{"line":87,"column":3}},"type":"if","locations":[{"start":{"line":78,"column":9},"end":{"line":87,"column":3}},{"start":{"line":81,"column":9},"end":{"line":87,"column":3}}],"line":78},"8":{"loc":{"start":{"line":81,"column":9},"end":{"line":87,"column":3}},"type":"if","locations":[{"start":{"line":81,"column":9},"end":{"line":87,"column":3}},{"start":{"line":84,"column":9},"end":{"line":87,"column":3}}],"line":81},"9":{"loc":{"start":{"line":84,"column":9},"end":{"line":87,"column":3}},"type":"if","locations":[{"start":{"line":84,"column":9},"end":{"line":87,"column":3}},{"start":{},"end":{}}],"line":84},"10":{"loc":{"start":{"line":90,"column":19},"end":{"line":90,"column":55}},"type":"cond-expr","locations":[{"start":{"line":90,"column":39},"end":{"line":90,"column":46}},{"start":{"line":90,"column":49},"end":{"line":90,"column":55}}],"line":90},"11":{"loc":{"start":{"line":102,"column":12},"end":{"line":102,"column":41}},"type":"binary-expr","locations":[{"start":{"line":102,"column":12},"end":{"line":102,"column":24}},{"start":{"line":102,"column":28},"end":{"line":102,"column":41}}],"line":102},"12":{"loc":{"start":{"line":108,"column":2},"end":{"line":110,"column":3}},"type":"if","locations":[{"start":{"line":108,"column":2},"end":{"line":110,"column":3}},{"start":{},"end":{}}],"line":108},"13":{"loc":{"start":{"line":108,"column":6},"end":{"line":108,"column":41}},"type":"binary-expr","locations":[{"start":{"line":108,"column":6},"end":{"line":108,"column":20}},{"start":{"line":108,"column":24},"end":{"line":108,"column":41}}],"line":108},"14":{"loc":{"start":{"line":113,"column":2},"end":{"line":117,"column":3}},"type":"if","locations":[{"start":{"line":113,"column":2},"end":{"line":117,"column":3}},{"start":{"line":115,"column":9},"end":{"line":117,"column":3}}],"line":113},"15":{"loc":{"start":{"line":143,"column":12},"end":{"line":143,"column":47}},"type":"binary-expr","locations":[{"start":{"line":143,"column":12},"end":{"line":143,"column":20}},{"start":{"line":143,"column":24},"end":{"line":143,"column":47}}],"line":143},"16":{"loc":{"start":{"line":149,"column":2},"end":{"line":151,"column":3}},"type":"if","locations":[{"start":{"line":149,"column":2},"end":{"line":151,"column":3}},{"start":{},"end":{}}],"line":149},"17":{"loc":{"start":{"line":149,"column":6},"end":{"line":149,"column":56}},"type":"binary-expr","locations":[{"start":{"line":149,"column":6},"end":{"line":149,"column":17}},{"start":{"line":149,"column":21},"end":{"line":149,"column":56}}],"line":149},"18":{"loc":{"start":{"line":154,"column":2},"end":{"line":160,"column":3}},"type":"if","locations":[{"start":{"line":154,"column":2},"end":{"line":160,"column":3}},{"start":{},"end":{}}],"line":154},"19":{"loc":{"start":{"line":154,"column":6},"end":{"line":154,"column":50}},"type":"binary-expr","locations":[{"start":{"line":154,"column":6},"end":{"line":154,"column":36}},{"start":{"line":154,"column":40},"end":{"line":154,"column":50}}],"line":154},"20":{"loc":{"start":{"line":163,"column":2},"end":{"line":166,"column":3}},"type":"if","locations":[{"start":{"line":163,"column":2},"end":{"line":166,"column":3}},{"start":{},"end":{}}],"line":163},"21":{"loc":{"start":{"line":169,"column":2},"end":{"line":175,"column":3}},"type":"if","locations":[{"start":{"line":169,"column":2},"end":{"line":175,"column":3}},{"start":{},"end":{}}],"line":169},"22":{"loc":{"start":{"line":171,"column":30},"end":{"line":171,"column":48}},"type":"binary-expr","locations":[{"start":{"line":171,"column":30},"end":{"line":171,"column":42}},{"start":{"line":171,"column":46},"end":{"line":171,"column":48}}],"line":171},"23":{"loc":{"start":{"line":172,"column":29},"end":{"line":174,"column":25}},"type":"cond-expr","locations":[{"start":{"line":173,"column":8},"end":{"line":173,"column":33}},{"start":{"line":174,"column":8},"end":{"line":174,"column":25}}],"line":172},"24":{"loc":{"start":{"line":178,"column":2},"end":{"line":181,"column":3}},"type":"if","locations":[{"start":{"line":178,"column":2},"end":{"line":181,"column":3}},{"start":{},"end":{}}],"line":178},"25":{"loc":{"start":{"line":183,"column":2},"end":{"line":186,"column":3}},"type":"if","locations":[{"start":{"line":183,"column":2},"end":{"line":186,"column":3}},{"start":{},"end":{}}],"line":183},"26":{"loc":{"start":{"line":189,"column":2},"end":{"line":198,"column":3}},"type":"if","locations":[{"start":{"line":189,"column":2},"end":{"line":198,"column":3}},{"start":{},"end":{}}],"line":189},"27":{"loc":{"start":{"line":191,"column":4},"end":{"line":194,"column":5}},"type":"if","locations":[{"start":{"line":191,"column":4},"end":{"line":194,"column":5}},{"start":{},"end":{}}],"line":191},"28":{"loc":{"start":{"line":201,"column":2},"end":{"line":209,"column":3}},"type":"if","locations":[{"start":{"line":201,"column":2},"end":{"line":209,"column":3}},{"start":{},"end":{}}],"line":201},"29":{"loc":{"start":{"line":206,"column":4},"end":{"line":208,"column":5}},"type":"if","locations":[{"start":{"line":206,"column":4},"end":{"line":208,"column":5}},{"start":{},"end":{}}],"line":206},"30":{"loc":{"start":{"line":221,"column":2},"end":{"line":221,"column":31}},"type":"if","locations":[{"start":{"line":221,"column":2},"end":{"line":221,"column":31}},{"start":{},"end":{}}],"line":221}},"s":{"0":1,"1":1,"2":4,"3":4,"4":1,"5":2,"6":2,"7":2,"8":2,"9":1,"10":24,"11":24,"12":24,"13":24,"14":24,"15":1,"16":23,"17":1,"18":22,"19":1,"20":21,"21":1,"22":20,"23":1,"24":24,"25":24,"26":24,"27":11,"28":24,"29":24,"30":0,"31":24,"32":24,"33":24,"34":24,"35":24,"36":2,"37":24,"38":1,"39":1,"40":1,"41":2,"42":24,"43":1,"44":1,"45":24,"46":1,"47":1,"48":1,"49":24,"50":1,"51":1,"52":24,"53":1,"54":1,"55":24,"56":22,"57":4,"58":4,"59":22,"60":24,"61":2,"62":2,"63":2,"64":0,"65":24,"66":22,"67":0,"68":22,"69":22,"70":22,"71":22,"72":22,"73":1},"f":{"0":4,"1":4,"2":2,"3":24,"4":24,"5":22},"b":{"0":[24,1],"1":[24,0,0],"2":[13,11],"3":[24,8],"4":[1,23],"5":[24,9],"6":[1,22],"7":[1,21],"8":[1,20],"9":[1,19],"10":[6,18],"11":[24,23],"12":[11,13],"13":[24,13],"14":[24,0],"15":[24,10],"16":[2,22],"17":[24,13],"18":[1,23],"19":[24,9],"20":[1,23],"21":[1,23],"22":[1,0],"23":[1,0],"24":[1,23],"25":[1,23],"26":[22,2],"27":[4,18],"28":[2,22],"29":[0,2],"30":[0,22]},"_coverageSchema":"1a1c01bbd47fc00a2c39e90264f33305004495a9","hash":"967e58c6a28a336a14e6930f4179e779596c1382"}
}
