{"D:\\Mallakhamb-Repo\\Mallakhamb-server-refactor\\Server\\src\\validators\\auth.validator.js": {"path":"D:\\Mallakhamb-Repo\\Mallakhamb-server-refactor\\Server\\src\\validators\\auth.validator.js","statementMap":{"0":{"start":{"line":1,"column":17},"end":{"line":1,"column":45}},"1":{"start":{"line":2,"column":39},"end":{"line":2,"column":68}},"2":{"start":{"line":11,"column":14},"end":{"line":20,"column":1}},"3":{"start":{"line":12,"column":2},"end":{"line":19,"column":4}},"4":{"start":{"line":25,"column":23},"end":{"line":59,"column":1}},"5":{"start":{"line":26,"column":2},"end":{"line":58,"column":4}},"6":{"start":{"line":50,"column":20},"end":{"line":50,"column":95}},"7":{"start":{"line":51,"column":8},"end":{"line":53,"column":9}},"8":{"start":{"line":52,"column":10},"end":{"line":52,"column":65}},"9":{"start":{"line":54,"column":8},"end":{"line":54,"column":20}},"10":{"start":{"line":64,"column":22},"end":{"line":76,"column":1}},"11":{"start":{"line":65,"column":2},"end":{"line":75,"column":4}},"12":{"start":{"line":81,"column":22},"end":{"line":98,"column":1}},"13":{"start":{"line":82,"column":2},"end":{"line":97,"column":4}},"14":{"start":{"line":103,"column":23},"end":{"line":107,"column":1}},"15":{"start":{"line":104,"column":2},"end":{"line":106,"column":4}},"16":{"start":{"line":112,"column":18},"end":{"line":124,"column":1}},"17":{"start":{"line":113,"column":2},"end":{"line":123,"column":4}},"18":{"start":{"line":129,"column":22},"end":{"line":142,"column":1}},"19":{"start":{"line":130,"column":2},"end":{"line":141,"column":4}},"20":{"start":{"line":147,"column":23},"end":{"line":165,"column":1}},"21":{"start":{"line":148,"column":2},"end":{"line":164,"column":4}},"22":{"start":{"line":159,"column":8},"end":{"line":161,"column":9}},"23":{"start":{"line":160,"column":10},"end":{"line":160,"column":52}},"24":{"start":{"line":162,"column":8},"end":{"line":162,"column":20}},"25":{"start":{"line":167,"column":0},"end":{"line":176,"column":2}}},"fnMap":{"0":{"name":"(anonymous_0)","decl":{"start":{"line":11,"column":14},"end":{"line":11,"column":15}},"loc":{"start":{"line":11,"column":20},"end":{"line":20,"column":1}},"line":11},"1":{"name":"(anonymous_1)","decl":{"start":{"line":25,"column":23},"end":{"line":25,"column":24}},"loc":{"start":{"line":25,"column":29},"end":{"line":59,"column":1}},"line":25},"2":{"name":"(anonymous_2)","decl":{"start":{"line":49,"column":14},"end":{"line":49,"column":15}},"loc":{"start":{"line":49,"column":25},"end":{"line":55,"column":7}},"line":49},"3":{"name":"(anonymous_3)","decl":{"start":{"line":64,"column":22},"end":{"line":64,"column":23}},"loc":{"start":{"line":64,"column":28},"end":{"line":76,"column":1}},"line":64},"4":{"name":"(anonymous_4)","decl":{"start":{"line":81,"column":22},"end":{"line":81,"column":23}},"loc":{"start":{"line":81,"column":28},"end":{"line":98,"column":1}},"line":81},"5":{"name":"(anonymous_5)","decl":{"start":{"line":103,"column":23},"end":{"line":103,"column":24}},"loc":{"start":{"line":103,"column":29},"end":{"line":107,"column":1}},"line":103},"6":{"name":"(anonymous_6)","decl":{"start":{"line":112,"column":18},"end":{"line":112,"column":19}},"loc":{"start":{"line":112,"column":24},"end":{"line":124,"column":1}},"line":112},"7":{"name":"(anonymous_7)","decl":{"start":{"line":129,"column":22},"end":{"line":129,"column":23}},"loc":{"start":{"line":129,"column":28},"end":{"line":142,"column":1}},"line":129},"8":{"name":"(anonymous_8)","decl":{"start":{"line":147,"column":23},"end":{"line":147,"column":24}},"loc":{"start":{"line":147,"column":29},"end":{"line":165,"column":1}},"line":147},"9":{"name":"(anonymous_9)","decl":{"start":{"line":158,"column":14},"end":{"line":158,"column":15}},"loc":{"start":{"line":158,"column":34},"end":{"line":163,"column":7}},"line":158}},"branchMap":{"0":{"loc":{"start":{"line":51,"column":8},"end":{"line":53,"column":9}},"type":"if","locations":[{"start":{"line":51,"column":8},"end":{"line":53,"column":9}},{"start":{},"end":{}}],"line":51},"1":{"loc":{"start":{"line":51,"column":12},"end":{"line":51,"column":32}},"type":"binary-expr","locations":[{"start":{"line":51,"column":12},"end":{"line":51,"column":19}},{"start":{"line":51,"column":23},"end":{"line":51,"column":32}}],"line":51},"2":{"loc":{"start":{"line":159,"column":8},"end":{"line":161,"column":9}},"type":"if","locations":[{"start":{"line":159,"column":8},"end":{"line":161,"column":9}},{"start":{},"end":{}}],"line":159}},"s":{"0":1,"1":1,"2":1,"3":4,"4":1,"5":6,"6":6,"7":6,"8":1,"9":5,"10":1,"11":3,"12":1,"13":3,"14":1,"15":2,"16":1,"17":3,"18":1,"19":2,"20":1,"21":3,"22":3,"23":1,"24":2,"25":1},"f":{"0":4,"1":6,"2":6,"3":3,"4":3,"5":2,"6":3,"7":2,"8":3,"9":3},"b":{"0":[1,5],"1":[6,5],"2":[1,2]},"_coverageSchema":"1a1c01bbd47fc00a2c39e90264f33305004495a9","hash":"7792d1a05b243988d05feab01c55098c905632b0"}
,"D:\\Mallakhamb-Repo\\Mallakhamb-server-refactor\\Server\\src\\validators\\coach.validator.js": {"path":"D:\\Mallakhamb-Repo\\Mallakhamb-server-refactor\\Server\\src\\validators\\coach.validator.js","statementMap":{"0":{"start":{"line":1,"column":17},"end":{"line":1,"column":45}},"1":{"start":{"line":2,"column":38},"end":{"line":2,"column":67}},"2":{"start":{"line":11,"column":20},"end":{"line":34,"column":1}},"3":{"start":{"line":12,"column":2},"end":{"line":33,"column":4}},"4":{"start":{"line":25,"column":8},"end":{"line":30,"column":9}},"5":{"start":{"line":26,"column":27},"end":{"line":26,"column":46}},"6":{"start":{"line":27,"column":10},"end":{"line":29,"column":11}},"7":{"start":{"line":28,"column":12},"end":{"line":28,"column":54}},"8":{"start":{"line":31,"column":8},"end":{"line":31,"column":20}},"9":{"start":{"line":39,"column":20},"end":{"line":71,"column":1}},"10":{"start":{"line":40,"column":2},"end":{"line":70,"column":4}},"11":{"start":{"line":57,"column":8},"end":{"line":62,"column":9}},"12":{"start":{"line":58,"column":27},"end":{"line":58,"column":46}},"13":{"start":{"line":59,"column":10},"end":{"line":61,"column":11}},"14":{"start":{"line":60,"column":12},"end":{"line":60,"column":54}},"15":{"start":{"line":63,"column":8},"end":{"line":63,"column":20}},"16":{"start":{"line":76,"column":21},"end":{"line":80,"column":1}},"17":{"start":{"line":77,"column":2},"end":{"line":79,"column":4}},"18":{"start":{"line":85,"column":20},"end":{"line":89,"column":1}},"19":{"start":{"line":86,"column":2},"end":{"line":88,"column":4}},"20":{"start":{"line":94,"column":19},"end":{"line":109,"column":1}},"21":{"start":{"line":95,"column":2},"end":{"line":108,"column":4}},"22":{"start":{"line":102,"column":25},"end":{"line":102,"column":44}},"23":{"start":{"line":103,"column":8},"end":{"line":105,"column":9}},"24":{"start":{"line":104,"column":10},"end":{"line":104,"column":52}},"25":{"start":{"line":106,"column":8},"end":{"line":106,"column":20}},"26":{"start":{"line":111,"column":0},"end":{"line":117,"column":2}}},"fnMap":{"0":{"name":"(anonymous_0)","decl":{"start":{"line":11,"column":20},"end":{"line":11,"column":21}},"loc":{"start":{"line":11,"column":26},"end":{"line":34,"column":1}},"line":11},"1":{"name":"(anonymous_1)","decl":{"start":{"line":24,"column":14},"end":{"line":24,"column":15}},"loc":{"start":{"line":24,"column":25},"end":{"line":32,"column":7}},"line":24},"2":{"name":"(anonymous_2)","decl":{"start":{"line":39,"column":20},"end":{"line":39,"column":21}},"loc":{"start":{"line":39,"column":26},"end":{"line":71,"column":1}},"line":39},"3":{"name":"(anonymous_3)","decl":{"start":{"line":56,"column":14},"end":{"line":56,"column":15}},"loc":{"start":{"line":56,"column":25},"end":{"line":64,"column":7}},"line":56},"4":{"name":"(anonymous_4)","decl":{"start":{"line":76,"column":21},"end":{"line":76,"column":22}},"loc":{"start":{"line":76,"column":27},"end":{"line":80,"column":1}},"line":76},"5":{"name":"(anonymous_5)","decl":{"start":{"line":85,"column":20},"end":{"line":85,"column":21}},"loc":{"start":{"line":85,"column":26},"end":{"line":89,"column":1}},"line":85},"6":{"name":"(anonymous_6)","decl":{"start":{"line":94,"column":19},"end":{"line":94,"column":20}},"loc":{"start":{"line":94,"column":25},"end":{"line":109,"column":1}},"line":94},"7":{"name":"(anonymous_7)","decl":{"start":{"line":101,"column":14},"end":{"line":101,"column":15}},"loc":{"start":{"line":101,"column":25},"end":{"line":107,"column":7}},"line":101}},"branchMap":{"0":{"loc":{"start":{"line":25,"column":8},"end":{"line":30,"column":9}},"type":"if","locations":[{"start":{"line":25,"column":8},"end":{"line":30,"column":9}},{"start":{},"end":{}}],"line":25},"1":{"loc":{"start":{"line":27,"column":10},"end":{"line":29,"column":11}},"type":"if","locations":[{"start":{"line":27,"column":10},"end":{"line":29,"column":11}},{"start":{},"end":{}}],"line":27},"2":{"loc":{"start":{"line":57,"column":8},"end":{"line":62,"column":9}},"type":"if","locations":[{"start":{"line":57,"column":8},"end":{"line":62,"column":9}},{"start":{},"end":{}}],"line":57},"3":{"loc":{"start":{"line":59,"column":10},"end":{"line":61,"column":11}},"type":"if","locations":[{"start":{"line":59,"column":10},"end":{"line":61,"column":11}},{"start":{},"end":{}}],"line":59},"4":{"loc":{"start":{"line":103,"column":8},"end":{"line":105,"column":9}},"type":"if","locations":[{"start":{"line":103,"column":8},"end":{"line":105,"column":9}},{"start":{},"end":{}}],"line":103}},"s":{"0":1,"1":1,"2":1,"3":8,"4":2,"5":2,"6":2,"7":1,"8":1,"9":1,"10":5,"11":0,"12":0,"13":0,"14":0,"15":0,"16":1,"17":2,"18":1,"19":2,"20":1,"21":4,"22":4,"23":4,"24":2,"25":2,"26":1},"f":{"0":8,"1":2,"2":5,"3":0,"4":2,"5":2,"6":4,"7":4},"b":{"0":[2,0],"1":[1,1],"2":[0,0],"3":[0,0],"4":[2,2]},"_coverageSchema":"1a1c01bbd47fc00a2c39e90264f33305004495a9","hash":"a25398e0284d780553b06f1fce00a415799b8254"}
,"D:\\Mallakhamb-Repo\\Mallakhamb-server-refactor\\Server\\src\\validators\\common.validator.js": {"path":"D:\\Mallakhamb-Repo\\Mallakhamb-server-refactor\\Server\\src\\validators\\common.validator.js","statementMap":{"0":{"start":{"line":1,"column":31},"end":{"line":1,"column":59}},"1":{"start":{"line":2,"column":17},"end":{"line":2,"column":36}},"2":{"start":{"line":11,"column":17},"end":{"line":26,"column":1}},"3":{"start":{"line":12,"column":20},"end":{"line":14,"column":32}},"4":{"start":{"line":16,"column":2},"end":{"line":25,"column":7}},"5":{"start":{"line":21,"column":6},"end":{"line":23,"column":7}},"6":{"start":{"line":22,"column":8},"end":{"line":22,"column":51}},"7":{"start":{"line":24,"column":6},"end":{"line":24,"column":18}},"8":{"start":{"line":31,"column":14},"end":{"line":40,"column":1}},"9":{"start":{"line":32,"column":2},"end":{"line":39,"column":19}},"10":{"start":{"line":45,"column":17},"end":{"line":65,"column":1}},"11":{"start":{"line":46,"column":20},"end":{"line":46,"column":31}},"12":{"start":{"line":48,"column":2},"end":{"line":55,"column":3}},"13":{"start":{"line":49,"column":4},"end":{"line":54,"column":112}},"14":{"start":{"line":57,"column":2},"end":{"line":64,"column":110}},"15":{"start":{"line":70,"column":19},"end":{"line":83,"column":1}},"16":{"start":{"line":71,"column":2},"end":{"line":82,"column":4}},"17":{"start":{"line":88,"column":18},"end":{"line":111,"column":1}},"18":{"start":{"line":89,"column":2},"end":{"line":110,"column":4}},"19":{"start":{"line":105,"column":8},"end":{"line":107,"column":9}},"20":{"start":{"line":106,"column":10},"end":{"line":106,"column":69}},"21":{"start":{"line":108,"column":8},"end":{"line":108,"column":20}},"22":{"start":{"line":116,"column":13},"end":{"line":128,"column":1}},"23":{"start":{"line":117,"column":20},"end":{"line":121,"column":13}},"24":{"start":{"line":123,"column":2},"end":{"line":125,"column":3}},"25":{"start":{"line":124,"column":4},"end":{"line":124,"column":32}},"26":{"start":{"line":127,"column":2},"end":{"line":127,"column":66}},"27":{"start":{"line":133,"column":18},"end":{"line":144,"column":1}},"28":{"start":{"line":134,"column":20},"end":{"line":136,"column":32}},"29":{"start":{"line":138,"column":2},"end":{"line":143,"column":73}},"30":{"start":{"line":149,"column":15},"end":{"line":173,"column":1}},"31":{"start":{"line":155,"column":6},"end":{"line":155,"column":13}},"32":{"start":{"line":157,"column":20},"end":{"line":159,"column":32}},"33":{"start":{"line":161,"column":14},"end":{"line":161,"column":30}},"34":{"start":{"line":163,"column":2},"end":{"line":167,"column":3}},"35":{"start":{"line":164,"column":4},"end":{"line":164,"column":65}},"36":{"start":{"line":166,"column":4},"end":{"line":166,"column":29}},"37":{"start":{"line":169,"column":2},"end":{"line":172,"column":14}},"38":{"start":{"line":178,"column":15},"end":{"line":209,"column":1}},"39":{"start":{"line":184,"column":6},"end":{"line":184,"column":13}},"40":{"start":{"line":186,"column":20},"end":{"line":188,"column":32}},"41":{"start":{"line":190,"column":14},"end":{"line":190,"column":23}},"42":{"start":{"line":192,"column":2},"end":{"line":196,"column":3}},"43":{"start":{"line":193,"column":4},"end":{"line":193,"column":65}},"44":{"start":{"line":195,"column":4},"end":{"line":195,"column":29}},"45":{"start":{"line":198,"column":2},"end":{"line":208,"column":15}},"46":{"start":{"line":202,"column":18},"end":{"line":202,"column":35}},"47":{"start":{"line":203,"column":6},"end":{"line":205,"column":7}},"48":{"start":{"line":204,"column":8},"end":{"line":204,"column":70}},"49":{"start":{"line":206,"column":6},"end":{"line":206,"column":18}},"50":{"start":{"line":214,"column":16},"end":{"line":231,"column":1}},"51":{"start":{"line":215,"column":20},"end":{"line":215,"column":31}},"52":{"start":{"line":217,"column":2},"end":{"line":223,"column":3}},"53":{"start":{"line":218,"column":4},"end":{"line":222,"column":19}},"54":{"start":{"line":225,"column":2},"end":{"line":230,"column":17}},"55":{"start":{"line":236,"column":14},"end":{"line":256,"column":1}},"56":{"start":{"line":241,"column":6},"end":{"line":241,"column":13}},"57":{"start":{"line":243,"column":20},"end":{"line":243,"column":31}},"58":{"start":{"line":245,"column":14},"end":{"line":245,"column":23}},"59":{"start":{"line":247,"column":2},"end":{"line":251,"column":3}},"60":{"start":{"line":248,"column":4},"end":{"line":248,"column":65}},"61":{"start":{"line":250,"column":4},"end":{"line":250,"column":29}},"62":{"start":{"line":253,"column":2},"end":{"line":255,"column":86}},"63":{"start":{"line":258,"column":0},"end":{"line":270,"column":2}}},"fnMap":{"0":{"name":"(anonymous_0)","decl":{"start":{"line":11,"column":17},"end":{"line":11,"column":18}},"loc":{"start":{"line":11,"column":48},"end":{"line":26,"column":1}},"line":11},"1":{"name":"(anonymous_1)","decl":{"start":{"line":20,"column":12},"end":{"line":20,"column":13}},"loc":{"start":{"line":20,"column":23},"end":{"line":25,"column":5}},"line":20},"2":{"name":"(anonymous_2)","decl":{"start":{"line":31,"column":14},"end":{"line":31,"column":15}},"loc":{"start":{"line":31,"column":35},"end":{"line":40,"column":1}},"line":31},"3":{"name":"(anonymous_3)","decl":{"start":{"line":45,"column":17},"end":{"line":45,"column":18}},"loc":{"start":{"line":45,"column":61},"end":{"line":65,"column":1}},"line":45},"4":{"name":"(anonymous_4)","decl":{"start":{"line":70,"column":19},"end":{"line":70,"column":20}},"loc":{"start":{"line":70,"column":25},"end":{"line":83,"column":1}},"line":70},"5":{"name":"(anonymous_5)","decl":{"start":{"line":88,"column":18},"end":{"line":88,"column":19}},"loc":{"start":{"line":88,"column":70},"end":{"line":111,"column":1}},"line":88},"6":{"name":"(anonymous_6)","decl":{"start":{"line":104,"column":14},"end":{"line":104,"column":15}},"loc":{"start":{"line":104,"column":34},"end":{"line":109,"column":7}},"line":104},"7":{"name":"(anonymous_7)","decl":{"start":{"line":116,"column":13},"end":{"line":116,"column":14}},"loc":{"start":{"line":116,"column":44},"end":{"line":128,"column":1}},"line":116},"8":{"name":"(anonymous_8)","decl":{"start":{"line":133,"column":18},"end":{"line":133,"column":19}},"loc":{"start":{"line":133,"column":63},"end":{"line":144,"column":1}},"line":133},"9":{"name":"(anonymous_9)","decl":{"start":{"line":149,"column":15},"end":{"line":149,"column":16}},"loc":{"start":{"line":149,"column":40},"end":{"line":173,"column":1}},"line":149},"10":{"name":"(anonymous_10)","decl":{"start":{"line":178,"column":15},"end":{"line":178,"column":16}},"loc":{"start":{"line":178,"column":40},"end":{"line":209,"column":1}},"line":178},"11":{"name":"(anonymous_11)","decl":{"start":{"line":201,"column":12},"end":{"line":201,"column":13}},"loc":{"start":{"line":201,"column":23},"end":{"line":207,"column":5}},"line":201},"12":{"name":"(anonymous_12)","decl":{"start":{"line":214,"column":16},"end":{"line":214,"column":17}},"loc":{"start":{"line":214,"column":47},"end":{"line":231,"column":1}},"line":214},"13":{"name":"(anonymous_13)","decl":{"start":{"line":236,"column":14},"end":{"line":236,"column":15}},"loc":{"start":{"line":236,"column":39},"end":{"line":256,"column":1}},"line":236}},"branchMap":{"0":{"loc":{"start":{"line":11,"column":25},"end":{"line":11,"column":43}},"type":"default-arg","locations":[{"start":{"line":11,"column":36},"end":{"line":11,"column":43}}],"line":11},"1":{"loc":{"start":{"line":12,"column":20},"end":{"line":14,"column":32}},"type":"cond-expr","locations":[{"start":{"line":12,"column":43},"end":{"line":12,"column":55}},{"start":{"line":13,"column":20},"end":{"line":14,"column":32}}],"line":12},"2":{"loc":{"start":{"line":13,"column":20},"end":{"line":14,"column":32}},"type":"cond-expr","locations":[{"start":{"line":13,"column":42},"end":{"line":13,"column":53}},{"start":{"line":14,"column":20},"end":{"line":14,"column":32}}],"line":13},"3":{"loc":{"start":{"line":21,"column":6},"end":{"line":23,"column":7}},"type":"if","locations":[{"start":{"line":21,"column":6},"end":{"line":23,"column":7}},{"start":{},"end":{}}],"line":21},"4":{"loc":{"start":{"line":31,"column":15},"end":{"line":31,"column":30}},"type":"default-arg","locations":[{"start":{"line":31,"column":23},"end":{"line":31,"column":30}}],"line":31},"5":{"loc":{"start":{"line":45,"column":18},"end":{"line":45,"column":36}},"type":"default-arg","locations":[{"start":{"line":45,"column":26},"end":{"line":45,"column":36}}],"line":45},"6":{"loc":{"start":{"line":45,"column":38},"end":{"line":45,"column":56}},"type":"default-arg","locations":[{"start":{"line":45,"column":51},"end":{"line":45,"column":56}}],"line":45},"7":{"loc":{"start":{"line":48,"column":2},"end":{"line":55,"column":3}},"type":"if","locations":[{"start":{"line":48,"column":2},"end":{"line":55,"column":3}},{"start":{},"end":{}}],"line":48},"8":{"loc":{"start":{"line":88,"column":19},"end":{"line":88,"column":43}},"type":"default-arg","locations":[{"start":{"line":88,"column":32},"end":{"line":88,"column":43}}],"line":88},"9":{"loc":{"start":{"line":88,"column":45},"end":{"line":88,"column":65}},"type":"default-arg","locations":[{"start":{"line":88,"column":56},"end":{"line":88,"column":65}}],"line":88},"10":{"loc":{"start":{"line":105,"column":8},"end":{"line":107,"column":9}},"type":"if","locations":[{"start":{"line":105,"column":8},"end":{"line":107,"column":9}},{"start":{},"end":{}}],"line":105},"11":{"loc":{"start":{"line":116,"column":21},"end":{"line":116,"column":39}},"type":"default-arg","locations":[{"start":{"line":116,"column":34},"end":{"line":116,"column":39}}],"line":116},"12":{"loc":{"start":{"line":123,"column":2},"end":{"line":125,"column":3}},"type":"if","locations":[{"start":{"line":123,"column":2},"end":{"line":125,"column":3}},{"start":{},"end":{}}],"line":123},"13":{"loc":{"start":{"line":133,"column":41},"end":{"line":133,"column":58}},"type":"default-arg","locations":[{"start":{"line":133,"column":52},"end":{"line":133,"column":58}}],"line":133},"14":{"loc":{"start":{"line":134,"column":20},"end":{"line":136,"column":32}},"type":"cond-expr","locations":[{"start":{"line":134,"column":42},"end":{"line":134,"column":53}},{"start":{"line":135,"column":20},"end":{"line":136,"column":32}}],"line":134},"15":{"loc":{"start":{"line":135,"column":20},"end":{"line":136,"column":32}},"type":"cond-expr","locations":[{"start":{"line":135,"column":43},"end":{"line":135,"column":55}},{"start":{"line":136,"column":20},"end":{"line":136,"column":32}}],"line":135},"16":{"loc":{"start":{"line":149,"column":23},"end":{"line":149,"column":35}},"type":"default-arg","locations":[{"start":{"line":149,"column":33},"end":{"line":149,"column":35}}],"line":149},"17":{"loc":{"start":{"line":151,"column":4},"end":{"line":151,"column":17}},"type":"default-arg","locations":[{"start":{"line":151,"column":16},"end":{"line":151,"column":17}}],"line":151},"18":{"loc":{"start":{"line":152,"column":4},"end":{"line":152,"column":19}},"type":"default-arg","locations":[{"start":{"line":152,"column":16},"end":{"line":152,"column":19}}],"line":152},"19":{"loc":{"start":{"line":153,"column":4},"end":{"line":153,"column":22}},"type":"default-arg","locations":[{"start":{"line":153,"column":17},"end":{"line":153,"column":22}}],"line":153},"20":{"loc":{"start":{"line":154,"column":4},"end":{"line":154,"column":21}},"type":"default-arg","locations":[{"start":{"line":154,"column":15},"end":{"line":154,"column":21}}],"line":154},"21":{"loc":{"start":{"line":157,"column":20},"end":{"line":159,"column":32}},"type":"cond-expr","locations":[{"start":{"line":157,"column":42},"end":{"line":157,"column":53}},{"start":{"line":158,"column":20},"end":{"line":159,"column":32}}],"line":157},"22":{"loc":{"start":{"line":158,"column":20},"end":{"line":159,"column":32}},"type":"cond-expr","locations":[{"start":{"line":158,"column":43},"end":{"line":158,"column":55}},{"start":{"line":159,"column":20},"end":{"line":159,"column":32}}],"line":158},"23":{"loc":{"start":{"line":163,"column":2},"end":{"line":167,"column":3}},"type":"if","locations":[{"start":{"line":163,"column":2},"end":{"line":167,"column":3}},{"start":{"line":165,"column":9},"end":{"line":167,"column":3}}],"line":163},"24":{"loc":{"start":{"line":178,"column":23},"end":{"line":178,"column":35}},"type":"default-arg","locations":[{"start":{"line":178,"column":33},"end":{"line":178,"column":35}}],"line":178},"25":{"loc":{"start":{"line":180,"column":4},"end":{"line":180,"column":11}},"type":"default-arg","locations":[{"start":{"line":180,"column":10},"end":{"line":180,"column":11}}],"line":180},"26":{"loc":{"start":{"line":181,"column":4},"end":{"line":181,"column":33}},"type":"default-arg","locations":[{"start":{"line":181,"column":10},"end":{"line":181,"column":33}}],"line":181},"27":{"loc":{"start":{"line":182,"column":4},"end":{"line":182,"column":22}},"type":"default-arg","locations":[{"start":{"line":182,"column":17},"end":{"line":182,"column":22}}],"line":182},"28":{"loc":{"start":{"line":183,"column":4},"end":{"line":183,"column":21}},"type":"default-arg","locations":[{"start":{"line":183,"column":15},"end":{"line":183,"column":21}}],"line":183},"29":{"loc":{"start":{"line":186,"column":20},"end":{"line":188,"column":32}},"type":"cond-expr","locations":[{"start":{"line":186,"column":42},"end":{"line":186,"column":53}},{"start":{"line":187,"column":20},"end":{"line":188,"column":32}}],"line":186},"30":{"loc":{"start":{"line":187,"column":20},"end":{"line":188,"column":32}},"type":"cond-expr","locations":[{"start":{"line":187,"column":43},"end":{"line":187,"column":55}},{"start":{"line":188,"column":20},"end":{"line":188,"column":32}}],"line":187},"31":{"loc":{"start":{"line":192,"column":2},"end":{"line":196,"column":3}},"type":"if","locations":[{"start":{"line":192,"column":2},"end":{"line":196,"column":3}},{"start":{"line":194,"column":9},"end":{"line":196,"column":3}}],"line":192},"32":{"loc":{"start":{"line":203,"column":6},"end":{"line":205,"column":7}},"type":"if","locations":[{"start":{"line":203,"column":6},"end":{"line":205,"column":7}},{"start":{},"end":{}}],"line":203},"33":{"loc":{"start":{"line":203,"column":10},"end":{"line":203,"column":32}},"type":"binary-expr","locations":[{"start":{"line":203,"column":10},"end":{"line":203,"column":19}},{"start":{"line":203,"column":23},"end":{"line":203,"column":32}}],"line":203},"34":{"loc":{"start":{"line":214,"column":24},"end":{"line":214,"column":42}},"type":"default-arg","locations":[{"start":{"line":214,"column":37},"end":{"line":214,"column":42}}],"line":214},"35":{"loc":{"start":{"line":217,"column":2},"end":{"line":223,"column":3}},"type":"if","locations":[{"start":{"line":217,"column":2},"end":{"line":223,"column":3}},{"start":{},"end":{}}],"line":217},"36":{"loc":{"start":{"line":236,"column":22},"end":{"line":236,"column":34}},"type":"default-arg","locations":[{"start":{"line":236,"column":32},"end":{"line":236,"column":34}}],"line":236},"37":{"loc":{"start":{"line":238,"column":4},"end":{"line":238,"column":17}},"type":"default-arg","locations":[{"start":{"line":238,"column":16},"end":{"line":238,"column":17}}],"line":238},"38":{"loc":{"start":{"line":239,"column":4},"end":{"line":239,"column":19}},"type":"default-arg","locations":[{"start":{"line":239,"column":16},"end":{"line":239,"column":19}}],"line":239},"39":{"loc":{"start":{"line":240,"column":4},"end":{"line":240,"column":22}},"type":"default-arg","locations":[{"start":{"line":240,"column":17},"end":{"line":240,"column":22}}],"line":240},"40":{"loc":{"start":{"line":247,"column":2},"end":{"line":251,"column":3}},"type":"if","locations":[{"start":{"line":247,"column":2},"end":{"line":251,"column":3}},{"start":{"line":249,"column":9},"end":{"line":251,"column":3}}],"line":247}},"s":{"0":7,"1":7,"2":7,"3":59,"4":59,"5":59,"6":20,"7":39,"8":7,"9":41,"10":7,"11":36,"12":36,"13":1,"14":35,"15":7,"16":4,"17":7,"18":13,"19":13,"20":2,"21":11,"22":7,"23":0,"24":0,"25":0,"26":0,"27":7,"28":61,"29":61,"30":7,"31":4,"32":4,"33":4,"34":4,"35":3,"36":1,"37":4,"38":7,"39":4,"40":4,"41":4,"42":4,"43":4,"44":0,"45":4,"46":4,"47":4,"48":2,"49":2,"50":7,"51":3,"52":3,"53":1,"54":2,"55":7,"56":4,"57":4,"58":4,"59":4,"60":3,"61":1,"62":4,"63":7},"f":{"0":59,"1":59,"2":41,"3":36,"4":4,"5":13,"6":13,"7":0,"8":61,"9":4,"10":4,"11":4,"12":3,"13":4},"b":{"0":[0],"1":[59,0],"2":[0,0],"3":[20,39],"4":[5],"5":[5],"6":[35],"7":[1,35],"8":[3],"9":[3],"10":[2,11],"11":[0],"12":[0,0],"13":[61],"14":[61,0],"15":[0,0],"16":[3],"17":[4],"18":[4],"19":[3],"20":[4],"21":[4,0],"22":[0,0],"23":[3,1],"24":[2],"25":[3],"26":[3],"27":[4],"28":[4],"29":[4,0],"30":[0,0],"31":[4,0],"32":[2,2],"33":[4,3],"34":[2],"35":[1,2],"36":[2],"37":[3],"38":[4],"39":[3],"40":[3,1]},"_coverageSchema":"1a1c01bbd47fc00a2c39e90264f33305004495a9","hash":"1c91bc8d732f68fe7a5d520a09657e4fcfe4e0dc"}
,"D:\\Mallakhamb-Repo\\Mallakhamb-server-refactor\\Server\\src\\validators\\competition.validator.js": {"path":"D:\\Mallakhamb-Repo\\Mallakhamb-server-refactor\\Server\\src\\validators\\competition.validator.js","statementMap":{"0":{"start":{"line":1,"column":24},"end":{"line":1,"column":52}},"1":{"start":{"line":2,"column":66},"end":{"line":2,"column":95}},"2":{"start":{"line":11,"column":26},"end":{"line":79,"column":1}},"3":{"start":{"line":12,"column":2},"end":{"line":78,"column":4}},"4":{"start":{"line":27,"column":27},"end":{"line":27,"column":78}},"5":{"start":{"line":28,"column":8},"end":{"line":30,"column":9}},"6":{"start":{"line":28,"column":33},"end":{"line":28,"column":58}},"7":{"start":{"line":29,"column":10},"end":{"line":29,"column":54}},"8":{"start":{"line":31,"column":8},"end":{"line":31,"column":20}},"9":{"start":{"line":63,"column":8},"end":{"line":75,"column":9}},"10":{"start":{"line":64,"column":31},"end":{"line":64,"column":49}},"11":{"start":{"line":65,"column":33},"end":{"line":65,"column":110}},"12":{"start":{"line":67,"column":10},"end":{"line":74,"column":11}},"13":{"start":{"line":68,"column":12},"end":{"line":70,"column":13}},"14":{"start":{"line":69,"column":14},"end":{"line":69,"column":62}},"15":{"start":{"line":71,"column":12},"end":{"line":73,"column":13}},"16":{"start":{"line":72,"column":14},"end":{"line":72,"column":65}},"17":{"start":{"line":76,"column":8},"end":{"line":76,"column":20}},"18":{"start":{"line":84,"column":26},"end":{"line":169,"column":1}},"19":{"start":{"line":85,"column":2},"end":{"line":168,"column":4}},"20":{"start":{"line":102,"column":27},"end":{"line":102,"column":78}},"21":{"start":{"line":103,"column":8},"end":{"line":105,"column":9}},"22":{"start":{"line":103,"column":33},"end":{"line":103,"column":58}},"23":{"start":{"line":104,"column":10},"end":{"line":104,"column":54}},"24":{"start":{"line":106,"column":8},"end":{"line":106,"column":20}},"25":{"start":{"line":132,"column":8},"end":{"line":134,"column":9}},"26":{"start":{"line":133,"column":10},"end":{"line":133,"column":63}},"27":{"start":{"line":135,"column":8},"end":{"line":135,"column":20}},"28":{"start":{"line":153,"column":8},"end":{"line":165,"column":9}},"29":{"start":{"line":154,"column":31},"end":{"line":154,"column":49}},"30":{"start":{"line":155,"column":33},"end":{"line":155,"column":110}},"31":{"start":{"line":157,"column":10},"end":{"line":164,"column":11}},"32":{"start":{"line":158,"column":12},"end":{"line":160,"column":13}},"33":{"start":{"line":159,"column":14},"end":{"line":159,"column":62}},"34":{"start":{"line":161,"column":12},"end":{"line":163,"column":13}},"35":{"start":{"line":162,"column":14},"end":{"line":162,"column":65}},"36":{"start":{"line":166,"column":8},"end":{"line":166,"column":20}},"37":{"start":{"line":174,"column":27},"end":{"line":178,"column":1}},"38":{"start":{"line":175,"column":2},"end":{"line":177,"column":4}},"39":{"start":{"line":183,"column":26},"end":{"line":187,"column":1}},"40":{"start":{"line":184,"column":2},"end":{"line":186,"column":4}},"41":{"start":{"line":192,"column":21},"end":{"line":218,"column":1}},"42":{"start":{"line":193,"column":2},"end":{"line":217,"column":4}},"43":{"start":{"line":200,"column":25},"end":{"line":200,"column":44}},"44":{"start":{"line":201,"column":8},"end":{"line":203,"column":9}},"45":{"start":{"line":202,"column":10},"end":{"line":202,"column":52}},"46":{"start":{"line":204,"column":8},"end":{"line":204,"column":20}},"47":{"start":{"line":211,"column":25},"end":{"line":211,"column":44}},"48":{"start":{"line":212,"column":8},"end":{"line":214,"column":9}},"49":{"start":{"line":213,"column":10},"end":{"line":213,"column":53}},"50":{"start":{"line":215,"column":8},"end":{"line":215,"column":20}},"51":{"start":{"line":223,"column":24},"end":{"line":251,"column":1}},"52":{"start":{"line":224,"column":2},"end":{"line":250,"column":4}},"53":{"start":{"line":231,"column":25},"end":{"line":231,"column":44}},"54":{"start":{"line":232,"column":8},"end":{"line":234,"column":9}},"55":{"start":{"line":233,"column":10},"end":{"line":233,"column":52}},"56":{"start":{"line":235,"column":8},"end":{"line":235,"column":20}},"57":{"start":{"line":242,"column":25},"end":{"line":242,"column":44}},"58":{"start":{"line":243,"column":8},"end":{"line":245,"column":9}},"59":{"start":{"line":244,"column":10},"end":{"line":244,"column":54}},"60":{"start":{"line":246,"column":8},"end":{"line":246,"column":20}},"61":{"start":{"line":256,"column":22},"end":{"line":268,"column":1}},"62":{"start":{"line":257,"column":2},"end":{"line":267,"column":4}},"63":{"start":{"line":270,"column":0},"end":{"line":278,"column":2}}},"fnMap":{"0":{"name":"(anonymous_0)","decl":{"start":{"line":11,"column":26},"end":{"line":11,"column":27}},"loc":{"start":{"line":11,"column":32},"end":{"line":79,"column":1}},"line":11},"1":{"name":"(anonymous_1)","decl":{"start":{"line":26,"column":14},"end":{"line":26,"column":15}},"loc":{"start":{"line":26,"column":25},"end":{"line":32,"column":7}},"line":26},"2":{"name":"(anonymous_2)","decl":{"start":{"line":28,"column":25},"end":{"line":28,"column":26}},"loc":{"start":{"line":28,"column":33},"end":{"line":28,"column":58}},"line":28},"3":{"name":"(anonymous_3)","decl":{"start":{"line":62,"column":14},"end":{"line":62,"column":15}},"loc":{"start":{"line":62,"column":25},"end":{"line":77,"column":7}},"line":62},"4":{"name":"(anonymous_4)","decl":{"start":{"line":84,"column":26},"end":{"line":84,"column":27}},"loc":{"start":{"line":84,"column":32},"end":{"line":169,"column":1}},"line":84},"5":{"name":"(anonymous_5)","decl":{"start":{"line":101,"column":14},"end":{"line":101,"column":15}},"loc":{"start":{"line":101,"column":25},"end":{"line":107,"column":7}},"line":101},"6":{"name":"(anonymous_6)","decl":{"start":{"line":103,"column":25},"end":{"line":103,"column":26}},"loc":{"start":{"line":103,"column":33},"end":{"line":103,"column":58}},"line":103},"7":{"name":"(anonymous_7)","decl":{"start":{"line":131,"column":14},"end":{"line":131,"column":15}},"loc":{"start":{"line":131,"column":34},"end":{"line":136,"column":7}},"line":131},"8":{"name":"(anonymous_8)","decl":{"start":{"line":152,"column":14},"end":{"line":152,"column":15}},"loc":{"start":{"line":152,"column":25},"end":{"line":167,"column":7}},"line":152},"9":{"name":"(anonymous_9)","decl":{"start":{"line":174,"column":27},"end":{"line":174,"column":28}},"loc":{"start":{"line":174,"column":33},"end":{"line":178,"column":1}},"line":174},"10":{"name":"(anonymous_10)","decl":{"start":{"line":183,"column":26},"end":{"line":183,"column":27}},"loc":{"start":{"line":183,"column":32},"end":{"line":187,"column":1}},"line":183},"11":{"name":"(anonymous_11)","decl":{"start":{"line":192,"column":21},"end":{"line":192,"column":22}},"loc":{"start":{"line":192,"column":27},"end":{"line":218,"column":1}},"line":192},"12":{"name":"(anonymous_12)","decl":{"start":{"line":199,"column":14},"end":{"line":199,"column":15}},"loc":{"start":{"line":199,"column":25},"end":{"line":205,"column":7}},"line":199},"13":{"name":"(anonymous_13)","decl":{"start":{"line":210,"column":14},"end":{"line":210,"column":15}},"loc":{"start":{"line":210,"column":25},"end":{"line":216,"column":7}},"line":210},"14":{"name":"(anonymous_14)","decl":{"start":{"line":223,"column":24},"end":{"line":223,"column":25}},"loc":{"start":{"line":223,"column":30},"end":{"line":251,"column":1}},"line":223},"15":{"name":"(anonymous_15)","decl":{"start":{"line":230,"column":14},"end":{"line":230,"column":15}},"loc":{"start":{"line":230,"column":25},"end":{"line":236,"column":7}},"line":230},"16":{"name":"(anonymous_16)","decl":{"start":{"line":241,"column":14},"end":{"line":241,"column":15}},"loc":{"start":{"line":241,"column":25},"end":{"line":247,"column":7}},"line":241},"17":{"name":"(anonymous_17)","decl":{"start":{"line":256,"column":22},"end":{"line":256,"column":23}},"loc":{"start":{"line":256,"column":28},"end":{"line":268,"column":1}},"line":256}},"branchMap":{"0":{"loc":{"start":{"line":28,"column":8},"end":{"line":30,"column":9}},"type":"if","locations":[{"start":{"line":28,"column":8},"end":{"line":30,"column":9}},{"start":{},"end":{}}],"line":28},"1":{"loc":{"start":{"line":63,"column":8},"end":{"line":75,"column":9}},"type":"if","locations":[{"start":{"line":63,"column":8},"end":{"line":75,"column":9}},{"start":{},"end":{}}],"line":63},"2":{"loc":{"start":{"line":63,"column":12},"end":{"line":63,"column":37}},"type":"binary-expr","locations":[{"start":{"line":63,"column":12},"end":{"line":63,"column":17}},{"start":{"line":63,"column":21},"end":{"line":63,"column":37}}],"line":63},"3":{"loc":{"start":{"line":68,"column":12},"end":{"line":70,"column":13}},"type":"if","locations":[{"start":{"line":68,"column":12},"end":{"line":70,"column":13}},{"start":{},"end":{}}],"line":68},"4":{"loc":{"start":{"line":68,"column":16},"end":{"line":68,"column":69}},"type":"binary-expr","locations":[{"start":{"line":68,"column":16},"end":{"line":68,"column":29}},{"start":{"line":68,"column":33},"end":{"line":68,"column":69}}],"line":68},"5":{"loc":{"start":{"line":71,"column":12},"end":{"line":73,"column":13}},"type":"if","locations":[{"start":{"line":71,"column":12},"end":{"line":73,"column":13}},{"start":{},"end":{}}],"line":71},"6":{"loc":{"start":{"line":71,"column":16},"end":{"line":71,"column":75}},"type":"binary-expr","locations":[{"start":{"line":71,"column":16},"end":{"line":71,"column":31}},{"start":{"line":71,"column":35},"end":{"line":71,"column":75}}],"line":71},"7":{"loc":{"start":{"line":103,"column":8},"end":{"line":105,"column":9}},"type":"if","locations":[{"start":{"line":103,"column":8},"end":{"line":105,"column":9}},{"start":{},"end":{}}],"line":103},"8":{"loc":{"start":{"line":132,"column":8},"end":{"line":134,"column":9}},"type":"if","locations":[{"start":{"line":132,"column":8},"end":{"line":134,"column":9}},{"start":{},"end":{}}],"line":132},"9":{"loc":{"start":{"line":132,"column":12},"end":{"line":132,"column":80}},"type":"binary-expr","locations":[{"start":{"line":132,"column":12},"end":{"line":132,"column":30}},{"start":{"line":132,"column":34},"end":{"line":132,"column":80}}],"line":132},"10":{"loc":{"start":{"line":153,"column":8},"end":{"line":165,"column":9}},"type":"if","locations":[{"start":{"line":153,"column":8},"end":{"line":165,"column":9}},{"start":{},"end":{}}],"line":153},"11":{"loc":{"start":{"line":153,"column":12},"end":{"line":153,"column":37}},"type":"binary-expr","locations":[{"start":{"line":153,"column":12},"end":{"line":153,"column":17}},{"start":{"line":153,"column":21},"end":{"line":153,"column":37}}],"line":153},"12":{"loc":{"start":{"line":158,"column":12},"end":{"line":160,"column":13}},"type":"if","locations":[{"start":{"line":158,"column":12},"end":{"line":160,"column":13}},{"start":{},"end":{}}],"line":158},"13":{"loc":{"start":{"line":158,"column":16},"end":{"line":158,"column":69}},"type":"binary-expr","locations":[{"start":{"line":158,"column":16},"end":{"line":158,"column":29}},{"start":{"line":158,"column":33},"end":{"line":158,"column":69}}],"line":158},"14":{"loc":{"start":{"line":161,"column":12},"end":{"line":163,"column":13}},"type":"if","locations":[{"start":{"line":161,"column":12},"end":{"line":163,"column":13}},{"start":{},"end":{}}],"line":161},"15":{"loc":{"start":{"line":161,"column":16},"end":{"line":161,"column":75}},"type":"binary-expr","locations":[{"start":{"line":161,"column":16},"end":{"line":161,"column":31}},{"start":{"line":161,"column":35},"end":{"line":161,"column":75}}],"line":161},"16":{"loc":{"start":{"line":201,"column":8},"end":{"line":203,"column":9}},"type":"if","locations":[{"start":{"line":201,"column":8},"end":{"line":203,"column":9}},{"start":{},"end":{}}],"line":201},"17":{"loc":{"start":{"line":212,"column":8},"end":{"line":214,"column":9}},"type":"if","locations":[{"start":{"line":212,"column":8},"end":{"line":214,"column":9}},{"start":{},"end":{}}],"line":212},"18":{"loc":{"start":{"line":232,"column":8},"end":{"line":234,"column":9}},"type":"if","locations":[{"start":{"line":232,"column":8},"end":{"line":234,"column":9}},{"start":{},"end":{}}],"line":232},"19":{"loc":{"start":{"line":243,"column":8},"end":{"line":245,"column":9}},"type":"if","locations":[{"start":{"line":243,"column":8},"end":{"line":245,"column":9}},{"start":{},"end":{}}],"line":243}},"s":{"0":1,"1":1,"2":1,"3":10,"4":10,"5":10,"6":18,"7":1,"8":9,"9":3,"10":3,"11":3,"12":3,"13":4,"14":1,"15":3,"16":1,"17":1,"18":1,"19":4,"20":0,"21":0,"22":0,"23":0,"24":0,"25":1,"26":1,"27":0,"28":0,"29":0,"30":0,"31":0,"32":0,"33":0,"34":0,"35":0,"36":0,"37":1,"38":2,"39":1,"40":2,"41":1,"42":4,"43":4,"44":4,"45":1,"46":3,"47":4,"48":4,"49":1,"50":3,"51":1,"52":3,"53":3,"54":3,"55":0,"56":3,"57":3,"58":3,"59":0,"60":3,"61":1,"62":3,"63":1},"f":{"0":10,"1":10,"2":18,"3":3,"4":4,"5":0,"6":0,"7":1,"8":0,"9":2,"10":2,"11":4,"12":4,"13":4,"14":3,"15":3,"16":3,"17":3},"b":{"0":[1,9],"1":[3,0],"2":[3,3],"3":[1,3],"4":[4,4],"5":[1,2],"6":[3,3],"7":[0,0],"8":[1,0],"9":[1,1],"10":[0,0],"11":[0,0],"12":[0,0],"13":[0,0],"14":[0,0],"15":[0,0],"16":[1,3],"17":[1,3],"18":[0,3],"19":[0,3]},"_coverageSchema":"1a1c01bbd47fc00a2c39e90264f33305004495a9","hash":"8acdefa3e893a006250447caecc4a2454b3573d6"}
,"D:\\Mallakhamb-Repo\\Mallakhamb-server-refactor\\Server\\src\\validators\\player.validator.js": {"path":"D:\\Mallakhamb-Repo\\Mallakhamb-server-refactor\\Server\\src\\validators\\player.validator.js","statementMap":{"0":{"start":{"line":1,"column":17},"end":{"line":1,"column":45}},"1":{"start":{"line":2,"column":55},"end":{"line":2,"column":84}},"2":{"start":{"line":11,"column":21},"end":{"line":61,"column":1}},"3":{"start":{"line":12,"column":2},"end":{"line":60,"column":4}},"4":{"start":{"line":36,"column":20},"end":{"line":36,"column":95}},"5":{"start":{"line":37,"column":8},"end":{"line":39,"column":9}},"6":{"start":{"line":38,"column":10},"end":{"line":38,"column":65}},"7":{"start":{"line":40,"column":8},"end":{"line":40,"column":20}},"8":{"start":{"line":52,"column":8},"end":{"line":57,"column":9}},"9":{"start":{"line":53,"column":27},"end":{"line":53,"column":46}},"10":{"start":{"line":54,"column":10},"end":{"line":56,"column":11}},"11":{"start":{"line":55,"column":12},"end":{"line":55,"column":54}},"12":{"start":{"line":58,"column":8},"end":{"line":58,"column":20}},"13":{"start":{"line":66,"column":21},"end":{"line":127,"column":1}},"14":{"start":{"line":67,"column":2},"end":{"line":126,"column":4}},"15":{"start":{"line":94,"column":20},"end":{"line":94,"column":95}},"16":{"start":{"line":95,"column":8},"end":{"line":97,"column":9}},"17":{"start":{"line":96,"column":10},"end":{"line":96,"column":65}},"18":{"start":{"line":98,"column":8},"end":{"line":98,"column":20}},"19":{"start":{"line":113,"column":8},"end":{"line":118,"column":9}},"20":{"start":{"line":114,"column":27},"end":{"line":114,"column":46}},"21":{"start":{"line":115,"column":10},"end":{"line":117,"column":11}},"22":{"start":{"line":116,"column":12},"end":{"line":116,"column":54}},"23":{"start":{"line":119,"column":8},"end":{"line":119,"column":20}},"24":{"start":{"line":132,"column":22},"end":{"line":136,"column":1}},"25":{"start":{"line":133,"column":2},"end":{"line":135,"column":4}},"26":{"start":{"line":141,"column":21},"end":{"line":145,"column":1}},"27":{"start":{"line":142,"column":2},"end":{"line":144,"column":4}},"28":{"start":{"line":150,"column":19},"end":{"line":165,"column":1}},"29":{"start":{"line":151,"column":2},"end":{"line":164,"column":4}},"30":{"start":{"line":158,"column":25},"end":{"line":158,"column":44}},"31":{"start":{"line":159,"column":8},"end":{"line":161,"column":9}},"32":{"start":{"line":160,"column":10},"end":{"line":160,"column":52}},"33":{"start":{"line":162,"column":8},"end":{"line":162,"column":20}},"34":{"start":{"line":167,"column":0},"end":{"line":173,"column":2}}},"fnMap":{"0":{"name":"(anonymous_0)","decl":{"start":{"line":11,"column":21},"end":{"line":11,"column":22}},"loc":{"start":{"line":11,"column":27},"end":{"line":61,"column":1}},"line":11},"1":{"name":"(anonymous_1)","decl":{"start":{"line":35,"column":14},"end":{"line":35,"column":15}},"loc":{"start":{"line":35,"column":25},"end":{"line":41,"column":7}},"line":35},"2":{"name":"(anonymous_2)","decl":{"start":{"line":51,"column":14},"end":{"line":51,"column":15}},"loc":{"start":{"line":51,"column":25},"end":{"line":59,"column":7}},"line":51},"3":{"name":"(anonymous_3)","decl":{"start":{"line":66,"column":21},"end":{"line":66,"column":22}},"loc":{"start":{"line":66,"column":27},"end":{"line":127,"column":1}},"line":66},"4":{"name":"(anonymous_4)","decl":{"start":{"line":93,"column":14},"end":{"line":93,"column":15}},"loc":{"start":{"line":93,"column":25},"end":{"line":99,"column":7}},"line":93},"5":{"name":"(anonymous_5)","decl":{"start":{"line":112,"column":14},"end":{"line":112,"column":15}},"loc":{"start":{"line":112,"column":25},"end":{"line":120,"column":7}},"line":112},"6":{"name":"(anonymous_6)","decl":{"start":{"line":132,"column":22},"end":{"line":132,"column":23}},"loc":{"start":{"line":132,"column":28},"end":{"line":136,"column":1}},"line":132},"7":{"name":"(anonymous_7)","decl":{"start":{"line":141,"column":21},"end":{"line":141,"column":22}},"loc":{"start":{"line":141,"column":27},"end":{"line":145,"column":1}},"line":141},"8":{"name":"(anonymous_8)","decl":{"start":{"line":150,"column":19},"end":{"line":150,"column":20}},"loc":{"start":{"line":150,"column":25},"end":{"line":165,"column":1}},"line":150},"9":{"name":"(anonymous_9)","decl":{"start":{"line":157,"column":14},"end":{"line":157,"column":15}},"loc":{"start":{"line":157,"column":25},"end":{"line":163,"column":7}},"line":157}},"branchMap":{"0":{"loc":{"start":{"line":37,"column":8},"end":{"line":39,"column":9}},"type":"if","locations":[{"start":{"line":37,"column":8},"end":{"line":39,"column":9}},{"start":{},"end":{}}],"line":37},"1":{"loc":{"start":{"line":37,"column":12},"end":{"line":37,"column":32}},"type":"binary-expr","locations":[{"start":{"line":37,"column":12},"end":{"line":37,"column":19}},{"start":{"line":37,"column":23},"end":{"line":37,"column":32}}],"line":37},"2":{"loc":{"start":{"line":52,"column":8},"end":{"line":57,"column":9}},"type":"if","locations":[{"start":{"line":52,"column":8},"end":{"line":57,"column":9}},{"start":{},"end":{}}],"line":52},"3":{"loc":{"start":{"line":54,"column":10},"end":{"line":56,"column":11}},"type":"if","locations":[{"start":{"line":54,"column":10},"end":{"line":56,"column":11}},{"start":{},"end":{}}],"line":54},"4":{"loc":{"start":{"line":95,"column":8},"end":{"line":97,"column":9}},"type":"if","locations":[{"start":{"line":95,"column":8},"end":{"line":97,"column":9}},{"start":{},"end":{}}],"line":95},"5":{"loc":{"start":{"line":95,"column":12},"end":{"line":95,"column":32}},"type":"binary-expr","locations":[{"start":{"line":95,"column":12},"end":{"line":95,"column":19}},{"start":{"line":95,"column":23},"end":{"line":95,"column":32}}],"line":95},"6":{"loc":{"start":{"line":113,"column":8},"end":{"line":118,"column":9}},"type":"if","locations":[{"start":{"line":113,"column":8},"end":{"line":118,"column":9}},{"start":{},"end":{}}],"line":113},"7":{"loc":{"start":{"line":115,"column":10},"end":{"line":117,"column":11}},"type":"if","locations":[{"start":{"line":115,"column":10},"end":{"line":117,"column":11}},{"start":{},"end":{}}],"line":115},"8":{"loc":{"start":{"line":159,"column":8},"end":{"line":161,"column":9}},"type":"if","locations":[{"start":{"line":159,"column":8},"end":{"line":161,"column":9}},{"start":{},"end":{}}],"line":159}},"s":{"0":1,"1":1,"2":1,"3":5,"4":5,"5":5,"6":0,"7":5,"8":2,"9":2,"10":2,"11":1,"12":1,"13":1,"14":5,"15":0,"16":0,"17":0,"18":0,"19":0,"20":0,"21":0,"22":0,"23":0,"24":1,"25":2,"26":1,"27":2,"28":1,"29":4,"30":4,"31":4,"32":2,"33":2,"34":1},"f":{"0":5,"1":5,"2":2,"3":5,"4":0,"5":0,"6":2,"7":2,"8":4,"9":4},"b":{"0":[0,5],"1":[5,5],"2":[2,0],"3":[1,1],"4":[0,0],"5":[0,0],"6":[0,0],"7":[0,0],"8":[2,2]},"_coverageSchema":"1a1c01bbd47fc00a2c39e90264f33305004495a9","hash":"fff248d8f1ecaa2baf406f103fc532ccaf83147c"}
,"D:\\Mallakhamb-Repo\\Mallakhamb-server-refactor\\Server\\src\\validators\\scoring.validator.js": {"path":"D:\\Mallakhamb-Repo\\Mallakhamb-server-refactor\\Server\\src\\validators\\scoring.validator.js","statementMap":{"0":{"start":{"line":1,"column":24},"end":{"line":1,"column":52}},"1":{"start":{"line":2,"column":40},"end":{"line":2,"column":69}},"2":{"start":{"line":11,"column":19},"end":{"line":18,"column":1}},"3":{"start":{"line":12,"column":2},"end":{"line":17,"column":15}},"4":{"start":{"line":23,"column":20},"end":{"line":145,"column":1}},"5":{"start":{"line":24,"column":2},"end":{"line":144,"column":4}},"6":{"start":{"line":30,"column":25},"end":{"line":30,"column":44}},"7":{"start":{"line":31,"column":8},"end":{"line":33,"column":9}},"8":{"start":{"line":32,"column":10},"end":{"line":32,"column":59}},"9":{"start":{"line":34,"column":8},"end":{"line":34,"column":20}},"10":{"start":{"line":41,"column":25},"end":{"line":41,"column":44}},"11":{"start":{"line":42,"column":8},"end":{"line":44,"column":9}},"12":{"start":{"line":43,"column":10},"end":{"line":43,"column":52}},"13":{"start":{"line":45,"column":8},"end":{"line":45,"column":20}},"14":{"start":{"line":80,"column":8},"end":{"line":141,"column":9}},"15":{"start":{"line":81,"column":27},"end":{"line":81,"column":46}},"16":{"start":{"line":84,"column":10},"end":{"line":86,"column":11}},"17":{"start":{"line":85,"column":12},"end":{"line":85,"column":66}},"18":{"start":{"line":89,"column":10},"end":{"line":91,"column":11}},"19":{"start":{"line":90,"column":12},"end":{"line":90,"column":72}},"20":{"start":{"line":94,"column":10},"end":{"line":96,"column":11}},"21":{"start":{"line":95,"column":12},"end":{"line":95,"column":73}},"22":{"start":{"line":98,"column":25},"end":{"line":98,"column":80}},"23":{"start":{"line":99,"column":10},"end":{"line":106,"column":11}},"24":{"start":{"line":100,"column":26},"end":{"line":100,"column":56}},"25":{"start":{"line":101,"column":12},"end":{"line":105,"column":13}},"26":{"start":{"line":102,"column":14},"end":{"line":104,"column":15}},"27":{"start":{"line":103,"column":16},"end":{"line":103,"column":75}},"28":{"start":{"line":109,"column":10},"end":{"line":111,"column":11}},"29":{"start":{"line":110,"column":12},"end":{"line":110,"column":53}},"30":{"start":{"line":114,"column":10},"end":{"line":120,"column":11}},"31":{"start":{"line":115,"column":12},"end":{"line":119,"column":13}},"32":{"start":{"line":118,"column":14},"end":{"line":118,"column":76}},"33":{"start":{"line":123,"column":10},"end":{"line":127,"column":11}},"34":{"start":{"line":124,"column":12},"end":{"line":126,"column":13}},"35":{"start":{"line":125,"column":14},"end":{"line":125,"column":73}},"36":{"start":{"line":129,"column":10},"end":{"line":133,"column":11}},"37":{"start":{"line":130,"column":12},"end":{"line":132,"column":13}},"38":{"start":{"line":131,"column":14},"end":{"line":131,"column":79}},"39":{"start":{"line":136,"column":10},"end":{"line":140,"column":11}},"40":{"start":{"line":137,"column":12},"end":{"line":139,"column":13}},"41":{"start":{"line":138,"column":14},"end":{"line":138,"column":75}},"42":{"start":{"line":142,"column":8},"end":{"line":142,"column":20}},"43":{"start":{"line":150,"column":20},"end":{"line":234,"column":1}},"44":{"start":{"line":151,"column":2},"end":{"line":233,"column":4}},"45":{"start":{"line":182,"column":8},"end":{"line":230,"column":9}},"46":{"start":{"line":183,"column":27},"end":{"line":183,"column":46}},"47":{"start":{"line":185,"column":10},"end":{"line":187,"column":11}},"48":{"start":{"line":186,"column":12},"end":{"line":186,"column":66}},"49":{"start":{"line":189,"column":10},"end":{"line":191,"column":11}},"50":{"start":{"line":190,"column":12},"end":{"line":190,"column":72}},"51":{"start":{"line":193,"column":10},"end":{"line":203,"column":11}},"52":{"start":{"line":194,"column":27},"end":{"line":194,"column":82}},"53":{"start":{"line":195,"column":12},"end":{"line":202,"column":13}},"54":{"start":{"line":196,"column":28},"end":{"line":196,"column":58}},"55":{"start":{"line":197,"column":14},"end":{"line":201,"column":15}},"56":{"start":{"line":198,"column":16},"end":{"line":200,"column":17}},"57":{"start":{"line":199,"column":18},"end":{"line":199,"column":77}},"58":{"start":{"line":205,"column":10},"end":{"line":211,"column":11}},"59":{"start":{"line":206,"column":12},"end":{"line":210,"column":13}},"60":{"start":{"line":209,"column":14},"end":{"line":209,"column":76}},"61":{"start":{"line":213,"column":10},"end":{"line":217,"column":11}},"62":{"start":{"line":214,"column":12},"end":{"line":216,"column":13}},"63":{"start":{"line":215,"column":14},"end":{"line":215,"column":73}},"64":{"start":{"line":219,"column":10},"end":{"line":223,"column":11}},"65":{"start":{"line":220,"column":12},"end":{"line":222,"column":13}},"66":{"start":{"line":221,"column":14},"end":{"line":221,"column":79}},"67":{"start":{"line":225,"column":10},"end":{"line":229,"column":11}},"68":{"start":{"line":226,"column":12},"end":{"line":228,"column":13}},"69":{"start":{"line":227,"column":14},"end":{"line":227,"column":75}},"70":{"start":{"line":231,"column":8},"end":{"line":231,"column":20}},"71":{"start":{"line":239,"column":21},"end":{"line":243,"column":1}},"72":{"start":{"line":240,"column":2},"end":{"line":242,"column":4}},"73":{"start":{"line":248,"column":31},"end":{"line":252,"column":1}},"74":{"start":{"line":249,"column":2},"end":{"line":251,"column":4}},"75":{"start":{"line":257,"column":24},"end":{"line":261,"column":1}},"76":{"start":{"line":258,"column":2},"end":{"line":260,"column":4}},"77":{"start":{"line":266,"column":20},"end":{"line":270,"column":1}},"78":{"start":{"line":267,"column":2},"end":{"line":269,"column":4}},"79":{"start":{"line":275,"column":18},"end":{"line":285,"column":1}},"80":{"start":{"line":276,"column":2},"end":{"line":284,"column":4}},"81":{"start":{"line":287,"column":0},"end":{"line":295,"column":2}}},"fnMap":{"0":{"name":"(anonymous_0)","decl":{"start":{"line":11,"column":19},"end":{"line":11,"column":20}},"loc":{"start":{"line":11,"column":30},"end":{"line":18,"column":1}},"line":11},"1":{"name":"(anonymous_1)","decl":{"start":{"line":23,"column":20},"end":{"line":23,"column":21}},"loc":{"start":{"line":23,"column":26},"end":{"line":145,"column":1}},"line":23},"2":{"name":"(anonymous_2)","decl":{"start":{"line":29,"column":14},"end":{"line":29,"column":15}},"loc":{"start":{"line":29,"column":25},"end":{"line":35,"column":7}},"line":29},"3":{"name":"(anonymous_3)","decl":{"start":{"line":40,"column":14},"end":{"line":40,"column":15}},"loc":{"start":{"line":40,"column":25},"end":{"line":46,"column":7}},"line":40},"4":{"name":"(anonymous_4)","decl":{"start":{"line":78,"column":14},"end":{"line":78,"column":15}},"loc":{"start":{"line":78,"column":25},"end":{"line":143,"column":7}},"line":78},"5":{"name":"(anonymous_5)","decl":{"start":{"line":150,"column":20},"end":{"line":150,"column":21}},"loc":{"start":{"line":150,"column":26},"end":{"line":234,"column":1}},"line":150},"6":{"name":"(anonymous_6)","decl":{"start":{"line":180,"column":14},"end":{"line":180,"column":15}},"loc":{"start":{"line":180,"column":25},"end":{"line":232,"column":7}},"line":180},"7":{"name":"(anonymous_7)","decl":{"start":{"line":239,"column":21},"end":{"line":239,"column":22}},"loc":{"start":{"line":239,"column":27},"end":{"line":243,"column":1}},"line":239},"8":{"name":"(anonymous_8)","decl":{"start":{"line":248,"column":31},"end":{"line":248,"column":32}},"loc":{"start":{"line":248,"column":37},"end":{"line":252,"column":1}},"line":248},"9":{"name":"(anonymous_9)","decl":{"start":{"line":257,"column":24},"end":{"line":257,"column":25}},"loc":{"start":{"line":257,"column":30},"end":{"line":261,"column":1}},"line":257},"10":{"name":"(anonymous_10)","decl":{"start":{"line":266,"column":20},"end":{"line":266,"column":21}},"loc":{"start":{"line":266,"column":26},"end":{"line":270,"column":1}},"line":266},"11":{"name":"(anonymous_11)","decl":{"start":{"line":275,"column":18},"end":{"line":275,"column":19}},"loc":{"start":{"line":275,"column":24},"end":{"line":285,"column":1}},"line":275}},"branchMap":{"0":{"loc":{"start":{"line":31,"column":8},"end":{"line":33,"column":9}},"type":"if","locations":[{"start":{"line":31,"column":8},"end":{"line":33,"column":9}},{"start":{},"end":{}}],"line":31},"1":{"loc":{"start":{"line":42,"column":8},"end":{"line":44,"column":9}},"type":"if","locations":[{"start":{"line":42,"column":8},"end":{"line":44,"column":9}},{"start":{},"end":{}}],"line":42},"2":{"loc":{"start":{"line":84,"column":10},"end":{"line":86,"column":11}},"type":"if","locations":[{"start":{"line":84,"column":10},"end":{"line":86,"column":11}},{"start":{},"end":{}}],"line":84},"3":{"loc":{"start":{"line":84,"column":14},"end":{"line":84,"column":93}},"type":"binary-expr","locations":[{"start":{"line":84,"column":14},"end":{"line":84,"column":35}},{"start":{"line":84,"column":39},"end":{"line":84,"column":93}}],"line":84},"4":{"loc":{"start":{"line":89,"column":10},"end":{"line":91,"column":11}},"type":"if","locations":[{"start":{"line":89,"column":10},"end":{"line":91,"column":11}},{"start":{},"end":{}}],"line":89},"5":{"loc":{"start":{"line":89,"column":14},"end":{"line":89,"column":83}},"type":"binary-expr","locations":[{"start":{"line":89,"column":14},"end":{"line":89,"column":37}},{"start":{"line":89,"column":41},"end":{"line":89,"column":83}}],"line":89},"6":{"loc":{"start":{"line":94,"column":10},"end":{"line":96,"column":11}},"type":"if","locations":[{"start":{"line":94,"column":10},"end":{"line":96,"column":11}},{"start":{},"end":{}}],"line":94},"7":{"loc":{"start":{"line":101,"column":12},"end":{"line":105,"column":13}},"type":"if","locations":[{"start":{"line":101,"column":12},"end":{"line":105,"column":13}},{"start":{},"end":{}}],"line":101},"8":{"loc":{"start":{"line":101,"column":16},"end":{"line":101,"column":53}},"type":"binary-expr","locations":[{"start":{"line":101,"column":16},"end":{"line":101,"column":35}},{"start":{"line":101,"column":39},"end":{"line":101,"column":53}}],"line":101},"9":{"loc":{"start":{"line":102,"column":14},"end":{"line":104,"column":15}},"type":"if","locations":[{"start":{"line":102,"column":14},"end":{"line":104,"column":15}},{"start":{},"end":{}}],"line":102},"10":{"loc":{"start":{"line":102,"column":18},"end":{"line":102,"column":70}},"type":"binary-expr","locations":[{"start":{"line":102,"column":18},"end":{"line":102,"column":43}},{"start":{"line":102,"column":47},"end":{"line":102,"column":56}},{"start":{"line":102,"column":60},"end":{"line":102,"column":70}}],"line":102},"11":{"loc":{"start":{"line":109,"column":10},"end":{"line":111,"column":11}},"type":"if","locations":[{"start":{"line":109,"column":10},"end":{"line":111,"column":11}},{"start":{},"end":{}}],"line":109},"12":{"loc":{"start":{"line":109,"column":14},"end":{"line":109,"column":70}},"type":"binary-expr","locations":[{"start":{"line":109,"column":14},"end":{"line":109,"column":30}},{"start":{"line":109,"column":34},"end":{"line":109,"column":70}}],"line":109},"13":{"loc":{"start":{"line":114,"column":10},"end":{"line":120,"column":11}},"type":"if","locations":[{"start":{"line":114,"column":10},"end":{"line":120,"column":11}},{"start":{},"end":{}}],"line":114},"14":{"loc":{"start":{"line":115,"column":12},"end":{"line":119,"column":13}},"type":"if","locations":[{"start":{"line":115,"column":12},"end":{"line":119,"column":13}},{"start":{},"end":{}}],"line":115},"15":{"loc":{"start":{"line":115,"column":16},"end":{"line":117,"column":49}},"type":"binary-expr","locations":[{"start":{"line":115,"column":16},"end":{"line":115,"column":64}},{"start":{"line":116,"column":16},"end":{"line":116,"column":48}},{"start":{"line":117,"column":16},"end":{"line":117,"column":49}}],"line":115},"16":{"loc":{"start":{"line":123,"column":10},"end":{"line":127,"column":11}},"type":"if","locations":[{"start":{"line":123,"column":10},"end":{"line":127,"column":11}},{"start":{},"end":{}}],"line":123},"17":{"loc":{"start":{"line":124,"column":12},"end":{"line":126,"column":13}},"type":"if","locations":[{"start":{"line":124,"column":12},"end":{"line":126,"column":13}},{"start":{},"end":{}}],"line":124},"18":{"loc":{"start":{"line":124,"column":16},"end":{"line":124,"column":86}},"type":"binary-expr","locations":[{"start":{"line":124,"column":16},"end":{"line":124,"column":57}},{"start":{"line":124,"column":61},"end":{"line":124,"column":86}}],"line":124},"19":{"loc":{"start":{"line":129,"column":10},"end":{"line":133,"column":11}},"type":"if","locations":[{"start":{"line":129,"column":10},"end":{"line":133,"column":11}},{"start":{},"end":{}}],"line":129},"20":{"loc":{"start":{"line":130,"column":12},"end":{"line":132,"column":13}},"type":"if","locations":[{"start":{"line":130,"column":12},"end":{"line":132,"column":13}},{"start":{},"end":{}}],"line":130},"21":{"loc":{"start":{"line":130,"column":16},"end":{"line":130,"column":96}},"type":"binary-expr","locations":[{"start":{"line":130,"column":16},"end":{"line":130,"column":62}},{"start":{"line":130,"column":66},"end":{"line":130,"column":96}}],"line":130},"22":{"loc":{"start":{"line":136,"column":10},"end":{"line":140,"column":11}},"type":"if","locations":[{"start":{"line":136,"column":10},"end":{"line":140,"column":11}},{"start":{},"end":{}}],"line":136},"23":{"loc":{"start":{"line":137,"column":12},"end":{"line":139,"column":13}},"type":"if","locations":[{"start":{"line":137,"column":12},"end":{"line":139,"column":13}},{"start":{},"end":{}}],"line":137},"24":{"loc":{"start":{"line":137,"column":16},"end":{"line":137,"column":88}},"type":"binary-expr","locations":[{"start":{"line":137,"column":16},"end":{"line":137,"column":58}},{"start":{"line":137,"column":62},"end":{"line":137,"column":88}}],"line":137},"25":{"loc":{"start":{"line":185,"column":10},"end":{"line":187,"column":11}},"type":"if","locations":[{"start":{"line":185,"column":10},"end":{"line":187,"column":11}},{"start":{},"end":{}}],"line":185},"26":{"loc":{"start":{"line":185,"column":14},"end":{"line":185,"column":93}},"type":"binary-expr","locations":[{"start":{"line":185,"column":14},"end":{"line":185,"column":35}},{"start":{"line":185,"column":39},"end":{"line":185,"column":93}}],"line":185},"27":{"loc":{"start":{"line":189,"column":10},"end":{"line":191,"column":11}},"type":"if","locations":[{"start":{"line":189,"column":10},"end":{"line":191,"column":11}},{"start":{},"end":{}}],"line":189},"28":{"loc":{"start":{"line":189,"column":14},"end":{"line":189,"column":83}},"type":"binary-expr","locations":[{"start":{"line":189,"column":14},"end":{"line":189,"column":37}},{"start":{"line":189,"column":41},"end":{"line":189,"column":83}}],"line":189},"29":{"loc":{"start":{"line":193,"column":10},"end":{"line":203,"column":11}},"type":"if","locations":[{"start":{"line":193,"column":10},"end":{"line":203,"column":11}},{"start":{},"end":{}}],"line":193},"30":{"loc":{"start":{"line":197,"column":14},"end":{"line":201,"column":15}},"type":"if","locations":[{"start":{"line":197,"column":14},"end":{"line":201,"column":15}},{"start":{},"end":{}}],"line":197},"31":{"loc":{"start":{"line":197,"column":18},"end":{"line":197,"column":55}},"type":"binary-expr","locations":[{"start":{"line":197,"column":18},"end":{"line":197,"column":37}},{"start":{"line":197,"column":41},"end":{"line":197,"column":55}}],"line":197},"32":{"loc":{"start":{"line":198,"column":16},"end":{"line":200,"column":17}},"type":"if","locations":[{"start":{"line":198,"column":16},"end":{"line":200,"column":17}},{"start":{},"end":{}}],"line":198},"33":{"loc":{"start":{"line":198,"column":20},"end":{"line":198,"column":72}},"type":"binary-expr","locations":[{"start":{"line":198,"column":20},"end":{"line":198,"column":45}},{"start":{"line":198,"column":49},"end":{"line":198,"column":58}},{"start":{"line":198,"column":62},"end":{"line":198,"column":72}}],"line":198},"34":{"loc":{"start":{"line":205,"column":10},"end":{"line":211,"column":11}},"type":"if","locations":[{"start":{"line":205,"column":10},"end":{"line":211,"column":11}},{"start":{},"end":{}}],"line":205},"35":{"loc":{"start":{"line":206,"column":12},"end":{"line":210,"column":13}},"type":"if","locations":[{"start":{"line":206,"column":12},"end":{"line":210,"column":13}},{"start":{},"end":{}}],"line":206},"36":{"loc":{"start":{"line":206,"column":16},"end":{"line":208,"column":49}},"type":"binary-expr","locations":[{"start":{"line":206,"column":16},"end":{"line":206,"column":64}},{"start":{"line":207,"column":16},"end":{"line":207,"column":48}},{"start":{"line":208,"column":16},"end":{"line":208,"column":49}}],"line":206},"37":{"loc":{"start":{"line":213,"column":10},"end":{"line":217,"column":11}},"type":"if","locations":[{"start":{"line":213,"column":10},"end":{"line":217,"column":11}},{"start":{},"end":{}}],"line":213},"38":{"loc":{"start":{"line":214,"column":12},"end":{"line":216,"column":13}},"type":"if","locations":[{"start":{"line":214,"column":12},"end":{"line":216,"column":13}},{"start":{},"end":{}}],"line":214},"39":{"loc":{"start":{"line":214,"column":16},"end":{"line":214,"column":86}},"type":"binary-expr","locations":[{"start":{"line":214,"column":16},"end":{"line":214,"column":57}},{"start":{"line":214,"column":61},"end":{"line":214,"column":86}}],"line":214},"40":{"loc":{"start":{"line":219,"column":10},"end":{"line":223,"column":11}},"type":"if","locations":[{"start":{"line":219,"column":10},"end":{"line":223,"column":11}},{"start":{},"end":{}}],"line":219},"41":{"loc":{"start":{"line":220,"column":12},"end":{"line":222,"column":13}},"type":"if","locations":[{"start":{"line":220,"column":12},"end":{"line":222,"column":13}},{"start":{},"end":{}}],"line":220},"42":{"loc":{"start":{"line":220,"column":16},"end":{"line":220,"column":96}},"type":"binary-expr","locations":[{"start":{"line":220,"column":16},"end":{"line":220,"column":62}},{"start":{"line":220,"column":66},"end":{"line":220,"column":96}}],"line":220},"43":{"loc":{"start":{"line":225,"column":10},"end":{"line":229,"column":11}},"type":"if","locations":[{"start":{"line":225,"column":10},"end":{"line":229,"column":11}},{"start":{},"end":{}}],"line":225},"44":{"loc":{"start":{"line":226,"column":12},"end":{"line":228,"column":13}},"type":"if","locations":[{"start":{"line":226,"column":12},"end":{"line":228,"column":13}},{"start":{},"end":{}}],"line":226},"45":{"loc":{"start":{"line":226,"column":16},"end":{"line":226,"column":88}},"type":"binary-expr","locations":[{"start":{"line":226,"column":16},"end":{"line":226,"column":58}},{"start":{"line":226,"column":62},"end":{"line":226,"column":88}}],"line":226}},"s":{"0":1,"1":1,"2":1,"3":0,"4":1,"5":11,"6":11,"7":11,"8":1,"9":10,"10":11,"11":11,"12":0,"13":11,"14":11,"15":10,"16":10,"17":1,"18":9,"19":0,"20":9,"21":0,"22":9,"23":9,"24":41,"25":41,"26":41,"27":1,"28":8,"29":0,"30":8,"31":7,"32":0,"33":8,"34":8,"35":1,"36":7,"37":7,"38":0,"39":7,"40":7,"41":0,"42":8,"43":1,"44":4,"45":0,"46":0,"47":0,"48":0,"49":0,"50":0,"51":0,"52":0,"53":0,"54":0,"55":0,"56":0,"57":0,"58":0,"59":0,"60":0,"61":0,"62":0,"63":0,"64":0,"65":0,"66":0,"67":0,"68":0,"69":0,"70":0,"71":1,"72":2,"73":1,"74":0,"75":1,"76":0,"77":1,"78":0,"79":1,"80":4,"81":1},"f":{"0":0,"1":11,"2":11,"3":11,"4":11,"5":4,"6":0,"7":2,"8":0,"9":0,"10":0,"11":4},"b":{"0":[1,10],"1":[0,11],"2":[1,9],"3":[10,10],"4":[0,9],"5":[9,9],"6":[0,9],"7":[41,0],"8":[41,41],"9":[1,40],"10":[41,41,41],"11":[0,8],"12":[8,7],"13":[7,1],"14":[0,7],"15":[7,7,7],"16":[8,0],"17":[1,7],"18":[8,8],"19":[7,0],"20":[0,7],"21":[7,7],"22":[7,0],"23":[0,7],"24":[7,7],"25":[0,0],"26":[0,0],"27":[0,0],"28":[0,0],"29":[0,0],"30":[0,0],"31":[0,0],"32":[0,0],"33":[0,0,0],"34":[0,0],"35":[0,0],"36":[0,0,0],"37":[0,0],"38":[0,0],"39":[0,0],"40":[0,0],"41":[0,0],"42":[0,0],"43":[0,0],"44":[0,0],"45":[0,0]},"_coverageSchema":"1a1c01bbd47fc00a2c39e90264f33305004495a9","hash":"0741449d467ba19afcd784d00aeda0c1f4c7182b"}
,"D:\\Mallakhamb-Repo\\Mallakhamb-server-refactor\\Server\\src\\validators\\team.validator.js": {"path":"D:\\Mallakhamb-Repo\\Mallakhamb-server-refactor\\Server\\src\\validators\\team.validator.js","statementMap":{"0":{"start":{"line":1,"column":17},"end":{"line":1,"column":45}},"1":{"start":{"line":2,"column":29},"end":{"line":2,"column":58}},"2":{"start":{"line":11,"column":19},"end":{"line":38,"column":1}},"3":{"start":{"line":12,"column":2},"end":{"line":37,"column":4}},"4":{"start":{"line":25,"column":25},"end":{"line":25,"column":44}},"5":{"start":{"line":26,"column":8},"end":{"line":28,"column":9}},"6":{"start":{"line":27,"column":10},"end":{"line":27,"column":53}},"7":{"start":{"line":29,"column":8},"end":{"line":29,"column":20}},"8":{"start":{"line":43,"column":19},"end":{"line":63,"column":1}},"9":{"start":{"line":44,"column":2},"end":{"line":62,"column":4}},"10":{"start":{"line":68,"column":20},"end":{"line":72,"column":1}},"11":{"start":{"line":69,"column":2},"end":{"line":71,"column":4}},"12":{"start":{"line":77,"column":19},"end":{"line":81,"column":1}},"13":{"start":{"line":78,"column":2},"end":{"line":80,"column":4}},"14":{"start":{"line":86,"column":18},"end":{"line":101,"column":1}},"15":{"start":{"line":87,"column":2},"end":{"line":100,"column":4}},"16":{"start":{"line":94,"column":25},"end":{"line":94,"column":44}},"17":{"start":{"line":95,"column":8},"end":{"line":97,"column":9}},"18":{"start":{"line":96,"column":10},"end":{"line":96,"column":54}},"19":{"start":{"line":98,"column":8},"end":{"line":98,"column":20}},"20":{"start":{"line":106,"column":21},"end":{"line":111,"column":1}},"21":{"start":{"line":107,"column":2},"end":{"line":110,"column":4}},"22":{"start":{"line":116,"column":23},"end":{"line":120,"column":1}},"23":{"start":{"line":117,"column":2},"end":{"line":119,"column":4}},"24":{"start":{"line":122,"column":0},"end":{"line":130,"column":2}}},"fnMap":{"0":{"name":"(anonymous_0)","decl":{"start":{"line":11,"column":19},"end":{"line":11,"column":20}},"loc":{"start":{"line":11,"column":25},"end":{"line":38,"column":1}},"line":11},"1":{"name":"(anonymous_1)","decl":{"start":{"line":24,"column":14},"end":{"line":24,"column":15}},"loc":{"start":{"line":24,"column":25},"end":{"line":30,"column":7}},"line":24},"2":{"name":"(anonymous_2)","decl":{"start":{"line":43,"column":19},"end":{"line":43,"column":20}},"loc":{"start":{"line":43,"column":25},"end":{"line":63,"column":1}},"line":43},"3":{"name":"(anonymous_3)","decl":{"start":{"line":68,"column":20},"end":{"line":68,"column":21}},"loc":{"start":{"line":68,"column":26},"end":{"line":72,"column":1}},"line":68},"4":{"name":"(anonymous_4)","decl":{"start":{"line":77,"column":19},"end":{"line":77,"column":20}},"loc":{"start":{"line":77,"column":25},"end":{"line":81,"column":1}},"line":77},"5":{"name":"(anonymous_5)","decl":{"start":{"line":86,"column":18},"end":{"line":86,"column":19}},"loc":{"start":{"line":86,"column":24},"end":{"line":101,"column":1}},"line":86},"6":{"name":"(anonymous_6)","decl":{"start":{"line":93,"column":14},"end":{"line":93,"column":15}},"loc":{"start":{"line":93,"column":25},"end":{"line":99,"column":7}},"line":93},"7":{"name":"(anonymous_7)","decl":{"start":{"line":106,"column":21},"end":{"line":106,"column":22}},"loc":{"start":{"line":106,"column":27},"end":{"line":111,"column":1}},"line":106},"8":{"name":"(anonymous_8)","decl":{"start":{"line":116,"column":23},"end":{"line":116,"column":24}},"loc":{"start":{"line":116,"column":29},"end":{"line":120,"column":1}},"line":116}},"branchMap":{"0":{"loc":{"start":{"line":26,"column":8},"end":{"line":28,"column":9}},"type":"if","locations":[{"start":{"line":26,"column":8},"end":{"line":28,"column":9}},{"start":{},"end":{}}],"line":26},"1":{"loc":{"start":{"line":95,"column":8},"end":{"line":97,"column":9}},"type":"if","locations":[{"start":{"line":95,"column":8},"end":{"line":97,"column":9}},{"start":{},"end":{}}],"line":95}},"s":{"0":1,"1":1,"2":1,"3":8,"4":8,"5":8,"6":2,"7":6,"8":1,"9":5,"10":1,"11":2,"12":1,"13":2,"14":1,"15":4,"16":4,"17":4,"18":2,"19":2,"20":1,"21":3,"22":1,"23":2,"24":1},"f":{"0":8,"1":8,"2":5,"3":2,"4":2,"5":4,"6":4,"7":3,"8":2},"b":{"0":[2,6],"1":[2,2]},"_coverageSchema":"1a1c01bbd47fc00a2c39e90264f33305004495a9","hash":"471ac710cb5867a6028af7b63b5fc3343960852f"}
}
