TN:
SF:server.js
FN:23,(anonymous_0)
FN:36,(anonymous_1)
FN:38,(anonymous_2)
FN:43,(anonymous_3)
FN:49,(anonymous_4)
FN:54,(anonymous_5)
FN:64,(anonymous_6)
FN:91,(anonymous_7)
FN:104,(anonymous_8)
FN:126,(anonymous_9)
FN:131,(anonymous_10)
FN:142,(anonymous_11)
FN:153,(anonymous_12)
FN:165,(anonymous_13)
FN:220,(anonymous_14)
FN:242,(anonymous_15)
FN:247,(anonymous_16)
FNF:17
FNH:4
FNDA:1,(anonymous_0)
FNDA:0,(anonymous_1)
FNDA:0,(anonymous_2)
FNDA:0,(anonymous_3)
FNDA:0,(anonymous_4)
FNDA:0,(anonymous_5)
FNDA:9,(anonymous_6)
FNDA:9,(anonymous_7)
FNDA:9,(anonymous_8)
FNDA:0,(anonymous_9)
FNDA:0,(anonymous_10)
FNDA:0,(anonymous_11)
FNDA:0,(anonymous_12)
FNDA:0,(anonymous_13)
FNDA:0,(anonymous_14)
FNDA:0,(anonymous_15)
FNDA:0,(anonymous_16)
DA:1,1
DA:2,1
DA:3,1
DA:4,1
DA:5,1
DA:8,1
DA:10,1
DA:11,1
DA:12,1
DA:13,1
DA:14,1
DA:17,1
DA:19,1
DA:20,1
DA:23,1
DA:24,1
DA:27,1
DA:36,1
DA:38,0
DA:39,0
DA:43,0
DA:45,0
DA:49,0
DA:51,0
DA:54,0
DA:60,1
DA:63,1
DA:66,9
DA:67,9
DA:70,9
DA:73,0
DA:74,0
DA:75,0
DA:77,0
DA:78,0
DA:88,1
DA:91,1
DA:92,9
DA:93,9
DA:94,9
DA:95,0
DA:97,9
DA:98,9
DA:99,9
DA:100,9
DA:104,1
DA:105,9
DA:106,9
DA:109,1
DA:110,1
DA:113,1
DA:116,1
DA:117,1
DA:118,1
DA:119,1
DA:120,1
DA:121,1
DA:122,1
DA:123,1
DA:126,1
DA:127,0
DA:131,1
DA:132,0
DA:133,0
DA:142,1
DA:143,0
DA:153,1
DA:154,0
DA:155,0
DA:156,0
DA:165,1
DA:166,0
DA:168,0
DA:170,0
DA:171,0
DA:174,0
DA:175,0
DA:178,0
DA:179,0
DA:193,0
DA:201,0
DA:202,0
DA:211,1
DA:214,1
DA:216,1
DA:219,1
DA:220,0
DA:221,0
DA:222,0
DA:223,0
DA:224,0
DA:227,0
DA:228,0
DA:230,0
DA:231,0
DA:233,0
DA:236,0
DA:242,1
DA:243,0
DA:244,0
DA:247,1
DA:248,0
DA:249,0
DA:253,1
LF:104
LH:58
BRDA:70,0,0,9
BRDA:70,0,1,0
BRDA:73,1,0,0
BRDA:73,1,1,0
BRDA:94,2,0,0
BRDA:94,2,1,9
BRDA:105,3,0,9
BRDA:105,3,1,9
BRDA:171,4,0,0
BRDA:171,4,1,0
BRDA:187,5,0,0
BRDA:187,5,1,0
BRDA:198,6,0,0
BRDA:198,6,1,0
BRDA:219,7,0,0
BRDA:219,7,1,1
BRDA:230,8,0,0
BRDA:230,8,1,0
BRF:18
BRH:5
end_of_record
TN:
SF:config\db.js
FN:3,(anonymous_0)
FNF:1
FNH:1
FNDA:1,(anonymous_0)
DA:1,1
DA:3,1
DA:4,1
DA:5,1
DA:6,1
DA:8,0
DA:9,0
DA:13,1
LF:8
LH:6
BRF:0
BRH:0
end_of_record
TN:
SF:config\ngrok.setup.js
FN:1,(anonymous_0)
FNF:1
FNH:0
FNDA:0,(anonymous_0)
DA:1,1
DA:2,0
DA:4,0
DA:5,0
DA:6,0
DA:11,0
DA:12,0
DA:14,0
DA:15,0
DA:18,0
DA:20,0
DA:21,0
DA:22,0
DA:25,0
DA:26,0
DA:27,0
DA:28,0
DA:29,0
DA:32,0
DA:35,0
DA:40,0
DA:42,0
DA:43,0
DA:44,0
DA:45,0
DA:46,0
DA:47,0
DA:48,0
DA:52,0
DA:53,0
DA:57,0
DA:59,0
DA:61,0
DA:62,0
DA:63,0
DA:64,0
DA:66,0
DA:67,0
DA:71,1
LF:39
LH:2
BRDA:4,0,0,0
BRDA:4,0,1,0
BRDA:20,1,0,0
BRDA:20,1,1,0
BRDA:25,2,0,0
BRDA:25,2,1,0
BRF:6
BRH:0
end_of_record
TN:
SF:config\server.config.js
FN:2,(anonymous_0)
FN:7,(anonymous_1)
FNF:2
FNH:2
FNDA:1,(anonymous_0)
FNDA:19,(anonymous_1)
DA:2,1
DA:3,1
DA:7,1
DA:8,19
DA:15,19
DA:18,19
DA:19,19
DA:22,19
DA:23,19
DA:24,0
DA:28,19
DA:29,19
DA:32,1
LF:13
LH:12
BRDA:3,0,0,1
BRDA:3,0,1,0
BRDA:18,1,0,19
BRDA:18,1,1,0
BRDA:23,2,0,0
BRDA:23,2,1,19
BRDA:23,3,0,19
BRDA:23,3,1,19
BRDA:33,4,0,1
BRDA:33,4,1,0
BRDA:34,5,0,1
BRDA:34,5,1,0
BRDA:35,6,0,1
BRDA:35,6,1,0
BRDA:38,7,0,1
BRDA:38,7,1,0
BRF:16
BRH:9
end_of_record
TN:
SF:controllers\adminController.js
FN:12,(anonymous_0)
FN:51,(anonymous_1)
FN:103,(anonymous_2)
FN:119,(anonymous_3)
FN:134,(anonymous_4)
FN:136,(anonymous_5)
FN:137,(anonymous_6)
FN:176,(anonymous_7)
FN:207,(anonymous_8)
FN:215,(anonymous_9)
FN:220,(anonymous_10)
FN:225,(anonymous_11)
FN:226,(anonymous_12)
FN:232,(anonymous_13)
FN:247,(anonymous_14)
FN:277,(anonymous_15)
FN:298,(anonymous_16)
FN:303,(anonymous_17)
FN:320,(anonymous_18)
FN:384,(anonymous_19)
FN:465,(anonymous_20)
FN:588,(anonymous_21)
FN:670,(anonymous_22)
FN:693,(anonymous_23)
FN:697,(anonymous_24)
FN:699,(anonymous_25)
FN:701,(anonymous_26)
FN:709,(anonymous_27)
FN:712,(anonymous_28)
FN:736,(anonymous_29)
FN:763,(anonymous_30)
FN:788,(anonymous_31)
FN:807,(anonymous_32)
FN:851,(anonymous_33)
FN:852,(anonymous_34)
FN:903,(anonymous_35)
FN:992,(anonymous_36)
FN:1059,(anonymous_37)
FN:1061,(anonymous_38)
FN:1063,(anonymous_39)
FN:1075,(anonymous_40)
FN:1194,(anonymous_41)
FN:1229,(anonymous_42)
FN:1254,(anonymous_43)
FN:1296,(anonymous_44)
FN:1302,(anonymous_45)
FN:1305,(anonymous_46)
FN:1308,(anonymous_47)
FN:1345,(anonymous_48)
FN:1458,(anonymous_49)
FN:1477,(anonymous_50)
FN:1513,(anonymous_51)
FN:1518,(anonymous_52)
FNF:53
FNH:0
FNDA:0,(anonymous_0)
FNDA:0,(anonymous_1)
FNDA:0,(anonymous_2)
FNDA:0,(anonymous_3)
FNDA:0,(anonymous_4)
FNDA:0,(anonymous_5)
FNDA:0,(anonymous_6)
FNDA:0,(anonymous_7)
FNDA:0,(anonymous_8)
FNDA:0,(anonymous_9)
FNDA:0,(anonymous_10)
FNDA:0,(anonymous_11)
FNDA:0,(anonymous_12)
FNDA:0,(anonymous_13)
FNDA:0,(anonymous_14)
FNDA:0,(anonymous_15)
FNDA:0,(anonymous_16)
FNDA:0,(anonymous_17)
FNDA:0,(anonymous_18)
FNDA:0,(anonymous_19)
FNDA:0,(anonymous_20)
FNDA:0,(anonymous_21)
FNDA:0,(anonymous_22)
FNDA:0,(anonymous_23)
FNDA:0,(anonymous_24)
FNDA:0,(anonymous_25)
FNDA:0,(anonymous_26)
FNDA:0,(anonymous_27)
FNDA:0,(anonymous_28)
FNDA:0,(anonymous_29)
FNDA:0,(anonymous_30)
FNDA:0,(anonymous_31)
FNDA:0,(anonymous_32)
FNDA:0,(anonymous_33)
FNDA:0,(anonymous_34)
FNDA:0,(anonymous_35)
FNDA:0,(anonymous_36)
FNDA:0,(anonymous_37)
FNDA:0,(anonymous_38)
FNDA:0,(anonymous_39)
FNDA:0,(anonymous_40)
FNDA:0,(anonymous_41)
FNDA:0,(anonymous_42)
FNDA:0,(anonymous_43)
FNDA:0,(anonymous_44)
FNDA:0,(anonymous_45)
FNDA:0,(anonymous_46)
FNDA:0,(anonymous_47)
FNDA:0,(anonymous_48)
FNDA:0,(anonymous_49)
FNDA:0,(anonymous_50)
FNDA:0,(anonymous_51)
FNDA:0,(anonymous_52)
DA:1,1
DA:2,1
DA:3,1
DA:4,1
DA:5,1
DA:6,1
DA:7,1
DA:8,1
DA:9,1
DA:12,1
DA:13,0
DA:14,0
DA:17,0
DA:18,0
DA:19,0
DA:23,0
DA:29,0
DA:32,0
DA:34,0
DA:45,0
DA:46,0
DA:51,1
DA:52,0
DA:54,0
DA:55,0
DA:57,0
DA:58,0
DA:59,0
DA:63,0
DA:64,0
DA:65,0
DA:66,0
DA:67,0
DA:68,0
DA:72,0
DA:73,0
DA:74,0
DA:75,0
DA:76,0
DA:77,0
DA:81,0
DA:82,0
DA:84,0
DA:85,0
DA:86,0
DA:97,0
DA:98,0
DA:103,1
DA:104,0
DA:105,0
DA:107,0
DA:108,0
DA:111,0
DA:113,0
DA:114,0
DA:119,1
DA:120,0
DA:122,0
DA:127,0
DA:128,0
DA:129,0
DA:130,0
DA:131,0
DA:132,0
DA:134,0
DA:135,0
DA:136,0
DA:137,0
DA:139,0
DA:140,0
DA:141,0
DA:144,0
DA:145,0
DA:147,0
DA:158,0
DA:170,0
DA:171,0
DA:176,1
DA:177,0
DA:178,0
DA:181,0
DA:184,0
DA:185,0
DA:189,0
DA:190,0
DA:194,0
DA:195,0
DA:198,0
DA:202,0
DA:205,0
DA:206,0
DA:207,0
DA:208,0
DA:209,0
DA:210,0
DA:214,0
DA:215,0
DA:216,0
DA:219,0
DA:220,0
DA:224,0
DA:225,0
DA:226,0
DA:227,0
DA:231,0
DA:232,0
DA:235,0
DA:239,0
DA:241,0
DA:242,0
DA:247,1
DA:248,0
DA:249,0
DA:252,0
DA:255,0
DA:256,0
DA:259,0
DA:263,0
DA:264,0
DA:269,0
DA:271,0
DA:272,0
DA:277,1
DA:278,0
DA:279,0
DA:281,0
DA:283,0
DA:284,0
DA:285,0
DA:288,0
DA:298,0
DA:301,0
DA:302,0
DA:303,0
DA:304,0
DA:305,0
DA:306,0
DA:307,0
DA:308,0
DA:312,0
DA:314,0
DA:315,0
DA:320,1
DA:321,0
DA:322,0
DA:325,0
DA:326,0
DA:330,0
DA:331,0
DA:332,0
DA:335,0
DA:336,0
DA:342,0
DA:346,0
DA:347,0
DA:353,0
DA:354,0
DA:355,0
DA:359,0
DA:371,0
DA:373,0
DA:378,0
DA:379,0
DA:384,1
DA:385,0
DA:386,0
DA:388,0
DA:389,0
DA:390,0
DA:393,0
DA:394,0
DA:398,0
DA:400,0
DA:401,0
DA:402,0
DA:410,0
DA:413,0
DA:414,0
DA:417,0
DA:418,0
DA:419,0
DA:428,0
DA:431,0
DA:436,0
DA:438,0
DA:439,0
DA:441,0
DA:442,0
DA:450,0
DA:462,0
DA:465,0
DA:480,0
DA:484,0
DA:539,0
DA:542,0
DA:550,0
DA:551,0
DA:552,0
DA:560,0
DA:561,0
DA:562,0
DA:569,0
DA:570,0
DA:571,0
DA:579,0
DA:588,1
DA:589,0
DA:590,0
DA:592,0
DA:593,0
DA:594,0
DA:597,0
DA:598,0
DA:602,0
DA:604,0
DA:605,0
DA:608,0
DA:661,0
DA:662,0
DA:664,0
DA:665,0
DA:670,1
DA:671,0
DA:672,0
DA:674,0
DA:680,0
DA:681,0
DA:684,0
DA:690,0
DA:692,0
DA:693,0
DA:694,0
DA:696,0
DA:697,0
DA:698,0
DA:699,0
DA:700,0
DA:701,0
DA:704,0
DA:709,0
DA:710,0
DA:712,0
DA:713,0
DA:714,0
DA:717,0
DA:728,0
DA:730,0
DA:731,0
DA:736,1
DA:737,0
DA:738,0
DA:741,0
DA:742,0
DA:746,0
DA:747,0
DA:751,0
DA:756,0
DA:757,0
DA:763,0
DA:764,0
DA:766,0
DA:778,0
DA:779,0
DA:782,0
DA:783,0
DA:786,0
DA:788,0
DA:790,0
DA:797,0
DA:798,0
DA:799,0
DA:801,0
DA:807,1
DA:808,0
DA:809,0
DA:811,0
DA:812,0
DA:816,0
DA:817,0
DA:821,0
DA:828,0
DA:829,0
DA:833,0
DA:837,0
DA:838,0
DA:842,0
DA:851,0
DA:852,0
DA:854,0
DA:856,0
DA:858,0
DA:860,0
DA:875,0
DA:879,0
DA:895,0
DA:897,0
DA:898,0
DA:903,1
DA:904,0
DA:905,0
DA:908,0
DA:909,0
DA:913,0
DA:914,0
DA:918,0
DA:924,0
DA:925,0
DA:929,0
DA:930,0
DA:937,0
DA:938,0
DA:941,0
DA:942,0
DA:943,0
DA:947,0
DA:949,0
DA:950,0
DA:951,0
DA:952,0
DA:953,0
DA:956,0
DA:967,0
DA:970,0
DA:982,0
DA:983,0
DA:984,0
DA:986,0
DA:992,1
DA:993,0
DA:994,0
DA:995,0
DA:998,0
DA:999,0
DA:1003,0
DA:1004,0
DA:1008,0
DA:1012,0
DA:1013,0
DA:1019,0
DA:1020,0
DA:1027,0
DA:1028,0
DA:1029,0
DA:1033,0
DA:1034,0
DA:1035,0
DA:1036,0
DA:1038,0
DA:1040,0
DA:1053,0
DA:1054,0
DA:1059,1
DA:1061,0
DA:1063,0
DA:1066,0
DA:1068,0
DA:1071,0
DA:1075,1
DA:1076,0
DA:1077,0
DA:1080,0
DA:1081,0
DA:1087,0
DA:1088,0
DA:1092,0
DA:1093,0
DA:1094,0
DA:1097,0
DA:1098,0
DA:1104,0
DA:1108,0
DA:1109,0
DA:1115,0
DA:1123,0
DA:1124,0
DA:1131,0
DA:1133,0
DA:1135,0
DA:1136,0
DA:1137,0
DA:1138,0
DA:1139,0
DA:1140,0
DA:1142,0
DA:1144,0
DA:1152,0
DA:1164,0
DA:1166,0
DA:1175,0
DA:1176,0
DA:1177,0
DA:1178,0
DA:1188,0
DA:1189,0
DA:1194,1
DA:1195,0
DA:1196,0
DA:1199,0
DA:1200,0
DA:1204,0
DA:1206,0
DA:1207,0
DA:1211,0
DA:1212,0
DA:1214,0
DA:1216,0
DA:1223,0
DA:1224,0
DA:1229,1
DA:1230,0
DA:1231,0
DA:1234,0
DA:1235,0
DA:1241,0
DA:1243,0
DA:1245,0
DA:1254,0
DA:1256,0
DA:1258,0
DA:1273,0
DA:1277,0
DA:1279,0
DA:1280,0
DA:1282,0
DA:1283,0
DA:1285,0
DA:1286,0
DA:1288,0
DA:1289,0
DA:1291,0
DA:1292,0
DA:1296,0
DA:1297,0
DA:1301,0
DA:1302,0
DA:1305,0
DA:1307,0
DA:1308,0
DA:1311,0
DA:1312,0
DA:1315,0
DA:1318,0
DA:1319,0
DA:1320,0
DA:1321,0
DA:1328,0
DA:1331,0
DA:1339,0
DA:1340,0
DA:1345,1
DA:1346,0
DA:1347,0
DA:1349,0
DA:1350,0
DA:1351,0
DA:1354,0
DA:1356,0
DA:1357,0
DA:1360,0
DA:1449,0
DA:1450,0
DA:1452,0
DA:1453,0
DA:1458,1
DA:1459,0
DA:1460,0
DA:1466,0
DA:1471,0
DA:1472,0
DA:1477,1
DA:1478,0
DA:1479,0
DA:1481,0
DA:1482,0
DA:1488,0
DA:1489,0
DA:1492,0
DA:1495,0
DA:1504,0
DA:1505,0
DA:1513,0
DA:1518,0
DA:1535,0
DA:1540,0
DA:1541,0
DA:1545,1
LF:486
LH:32
BRDA:18,0,0,0
BRDA:18,0,1,0
BRDA:57,1,0,0
BRDA:57,1,1,0
BRDA:57,2,0,0
BRDA:57,2,1,0
BRDA:65,3,0,0
BRDA:65,3,1,0
BRDA:74,4,0,0
BRDA:74,4,1,0
BRDA:107,5,0,0
BRDA:107,5,1,0
BRDA:135,6,0,0
BRDA:135,6,1,0
BRDA:144,7,0,0
BRDA:144,7,1,0
BRDA:145,8,0,0
BRDA:145,8,1,0
BRDA:150,9,0,0
BRDA:150,9,1,0
BRDA:184,10,0,0
BRDA:184,10,1,0
BRDA:189,11,0,0
BRDA:189,11,1,0
BRDA:190,12,0,0
BRDA:190,12,1,0
BRDA:194,13,0,0
BRDA:194,13,1,0
BRDA:205,14,0,0
BRDA:205,14,1,0
BRDA:205,15,0,0
BRDA:205,15,1,0
BRDA:208,16,0,0
BRDA:208,16,1,0
BRDA:209,17,0,0
BRDA:209,17,1,0
BRDA:209,17,2,0
BRDA:210,18,0,0
BRDA:210,18,1,0
BRDA:214,19,0,0
BRDA:214,19,1,0
BRDA:214,20,0,0
BRDA:214,20,1,0
BRDA:216,21,0,0
BRDA:216,21,1,0
BRDA:219,22,0,0
BRDA:219,22,1,0
BRDA:219,23,0,0
BRDA:219,23,1,0
BRDA:220,24,0,0
BRDA:220,24,1,0
BRDA:224,25,0,0
BRDA:224,25,1,0
BRDA:231,26,0,0
BRDA:231,26,1,0
BRDA:255,27,0,0
BRDA:255,27,1,0
BRDA:263,28,0,0
BRDA:263,28,1,0
BRDA:283,29,0,0
BRDA:283,29,1,0
BRDA:284,30,0,0
BRDA:284,30,1,0
BRDA:285,31,0,0
BRDA:285,31,1,0
BRDA:292,32,0,0
BRDA:292,32,1,0
BRDA:301,33,0,0
BRDA:301,33,1,0
BRDA:301,34,0,0
BRDA:301,34,1,0
BRDA:304,35,0,0
BRDA:304,35,1,0
BRDA:305,36,0,0
BRDA:305,36,1,0
BRDA:307,37,0,0
BRDA:307,37,1,0
BRDA:307,37,2,0
BRDA:308,38,0,0
BRDA:308,38,1,0
BRDA:308,38,2,0
BRDA:308,38,3,0
BRDA:325,39,0,0
BRDA:325,39,1,0
BRDA:331,40,0,0
BRDA:331,40,1,0
BRDA:335,41,0,0
BRDA:335,41,1,0
BRDA:346,42,0,0
BRDA:346,42,1,0
BRDA:354,43,0,0
BRDA:354,43,1,0
BRDA:389,44,0,0
BRDA:389,44,1,0
BRDA:390,45,0,0
BRDA:390,45,1,0
BRDA:393,46,0,0
BRDA:393,46,1,0
BRDA:398,47,0,0
BRDA:398,47,1,0
BRDA:400,48,0,0
BRDA:400,48,1,0
BRDA:400,49,0,0
BRDA:400,49,1,0
BRDA:400,49,2,0
BRDA:413,50,0,0
BRDA:413,50,1,0
BRDA:418,51,0,0
BRDA:418,51,1,0
BRDA:436,52,0,0
BRDA:436,52,1,0
BRDA:441,53,0,0
BRDA:441,53,1,0
BRDA:456,54,0,0
BRDA:456,54,1,0
BRDA:457,55,0,0
BRDA:457,55,1,0
BRDA:550,56,0,0
BRDA:550,56,1,0
BRDA:560,57,0,0
BRDA:560,57,1,0
BRDA:560,58,0,0
BRDA:560,58,1,0
BRDA:569,59,0,0
BRDA:569,59,1,0
BRDA:593,60,0,0
BRDA:593,60,1,0
BRDA:594,61,0,0
BRDA:594,61,1,0
BRDA:597,62,0,0
BRDA:597,62,1,0
BRDA:604,63,0,0
BRDA:604,63,1,0
BRDA:680,64,0,0
BRDA:680,64,1,0
BRDA:692,65,0,0
BRDA:692,65,1,0
BRDA:692,66,0,0
BRDA:692,66,1,0
BRDA:694,67,0,0
BRDA:694,67,1,0
BRDA:696,68,0,0
BRDA:696,68,1,0
BRDA:696,69,0,0
BRDA:696,69,1,0
BRDA:697,70,0,0
BRDA:697,70,1,0
BRDA:698,71,0,0
BRDA:698,71,1,0
BRDA:700,72,0,0
BRDA:700,72,1,0
BRDA:714,73,0,0
BRDA:714,73,1,0
BRDA:741,74,0,0
BRDA:741,74,1,0
BRDA:741,75,0,0
BRDA:741,75,1,0
BRDA:741,75,2,0
BRDA:741,75,3,0
BRDA:746,76,0,0
BRDA:746,76,1,0
BRDA:756,77,0,0
BRDA:756,77,1,0
BRDA:764,78,0,0
BRDA:764,78,1,0
BRDA:764,78,2,0
BRDA:764,78,3,0
BRDA:771,79,0,0
BRDA:771,79,1,0
BRDA:772,80,0,0
BRDA:772,80,1,0
BRDA:778,81,0,0
BRDA:778,81,1,0
BRDA:778,82,0,0
BRDA:778,82,1,0
BRDA:778,82,2,0
BRDA:788,83,0,0
BRDA:788,83,1,0
BRDA:798,84,0,0
BRDA:798,84,1,0
BRDA:811,85,0,0
BRDA:811,85,1,0
BRDA:811,86,0,0
BRDA:811,86,1,0
BRDA:816,87,0,0
BRDA:816,87,1,0
BRDA:828,88,0,0
BRDA:828,88,1,0
BRDA:837,89,0,0
BRDA:837,89,1,0
BRDA:854,90,0,0
BRDA:854,90,1,0
BRDA:856,91,0,0
BRDA:856,91,1,0
BRDA:856,91,2,0
BRDA:858,92,0,0
BRDA:858,92,1,0
BRDA:908,93,0,0
BRDA:908,93,1,0
BRDA:908,94,0,0
BRDA:908,94,1,0
BRDA:908,94,2,0
BRDA:908,94,3,0
BRDA:908,94,4,0
BRDA:908,94,5,0
BRDA:908,94,6,0
BRDA:913,95,0,0
BRDA:913,95,1,0
BRDA:924,96,0,0
BRDA:924,96,1,0
BRDA:924,97,0,0
BRDA:924,97,1,0
BRDA:924,97,2,0
BRDA:937,98,0,0
BRDA:937,98,1,0
BRDA:937,99,0,0
BRDA:937,99,1,0
BRDA:942,100,0,0
BRDA:942,100,1,0
BRDA:947,101,0,0
BRDA:947,101,1,0
BRDA:983,102,0,0
BRDA:983,102,1,0
BRDA:998,103,0,0
BRDA:998,103,1,0
BRDA:998,104,0,0
BRDA:998,104,1,0
BRDA:998,104,2,0
BRDA:1003,105,0,0
BRDA:1003,105,1,0
BRDA:1012,106,0,0
BRDA:1012,106,1,0
BRDA:1028,107,0,0
BRDA:1028,107,1,0
BRDA:1063,108,0,0
BRDA:1063,108,1,0
BRDA:1066,109,0,0
BRDA:1066,109,1,0
BRDA:1068,110,0,0
BRDA:1068,110,1,0
BRDA:1071,111,0,0
BRDA:1071,111,1,0
BRDA:1080,112,0,0
BRDA:1080,112,1,0
BRDA:1080,113,0,0
BRDA:1080,113,1,0
BRDA:1080,113,2,0
BRDA:1080,113,3,0
BRDA:1080,113,4,0
BRDA:1087,114,0,0
BRDA:1087,114,1,0
BRDA:1093,115,0,0
BRDA:1093,115,1,0
BRDA:1097,116,0,0
BRDA:1097,116,1,0
BRDA:1108,117,0,0
BRDA:1108,117,1,0
BRDA:1123,118,0,0
BRDA:1123,118,1,0
BRDA:1123,119,0,0
BRDA:1123,119,1,0
BRDA:1133,120,0,0
BRDA:1133,120,1,0
BRDA:1135,121,0,0
BRDA:1135,121,1,0
BRDA:1136,122,0,0
BRDA:1136,122,1,0
BRDA:1137,123,0,0
BRDA:1137,123,1,0
BRDA:1156,124,0,0
BRDA:1156,124,1,0
BRDA:1157,125,0,0
BRDA:1157,125,1,0
BRDA:1158,126,0,0
BRDA:1158,126,1,0
BRDA:1176,127,0,0
BRDA:1176,127,1,0
BRDA:1199,128,0,0
BRDA:1199,128,1,0
BRDA:1206,129,0,0
BRDA:1206,129,1,0
BRDA:1234,130,0,0
BRDA:1234,130,1,0
BRDA:1234,131,0,0
BRDA:1234,131,1,0
BRDA:1234,131,2,0
BRDA:1234,131,3,0
BRDA:1234,131,4,0
BRDA:1234,131,5,0
BRDA:1243,132,0,0
BRDA:1243,132,1,0
BRDA:1256,133,0,0
BRDA:1256,133,1,0
BRDA:1260,134,0,0
BRDA:1260,134,1,0
BRDA:1277,135,0,0
BRDA:1277,135,1,0
BRDA:1277,135,2,0
BRDA:1277,135,3,0
BRDA:1277,135,4,0
BRDA:1297,136,0,0
BRDA:1297,136,1,0
BRDA:1301,137,0,0
BRDA:1301,137,1,0
BRDA:1319,138,0,0
BRDA:1319,138,1,0
BRDA:1323,139,0,0
BRDA:1323,139,1,0
BRDA:1350,140,0,0
BRDA:1350,140,1,0
BRDA:1351,141,0,0
BRDA:1351,141,1,0
BRDA:1356,142,0,0
BRDA:1356,142,1,0
BRDA:1481,143,0,0
BRDA:1481,143,1,0
BRDA:1481,144,0,0
BRDA:1481,144,1,0
BRDA:1481,144,2,0
BRDA:1488,145,0,0
BRDA:1488,145,1,0
BRDA:1504,146,0,0
BRDA:1504,146,1,0
BRDA:1504,147,0,0
BRDA:1504,147,1,0
BRF:325
BRH:0
end_of_record
TN:
SF:controllers\authController.js
FN:23,forgotPassword
FN:178,resetPassword
FN:264,setCompetition
FN:364,getAssignedCompetitions
FN:379,(anonymous_4)
FN:428,logout
FNF:6
FNH:3
FNDA:0,forgotPassword
FNDA:0,resetPassword
FNDA:6,setCompetition
FNDA:2,getAssignedCompetitions
FNDA:1,(anonymous_4)
FNDA:0,logout
DA:1,1
DA:2,1
DA:3,1
DA:4,1
DA:5,1
DA:6,1
DA:7,1
DA:12,1
DA:13,1
DA:14,1
DA:24,0
DA:25,0
DA:27,0
DA:28,0
DA:31,0
DA:32,0
DA:33,0
DA:38,0
DA:41,0
DA:42,0
DA:44,0
DA:45,0
DA:46,0
DA:49,0
DA:52,0
DA:53,0
DA:56,0
DA:59,0
DA:62,0
DA:65,0
DA:66,0
DA:67,0
DA:69,0
DA:72,0
DA:73,0
DA:75,0
DA:78,0
DA:79,0
DA:135,0
DA:138,0
DA:140,0
DA:141,0
DA:143,0
DA:148,0
DA:149,0
DA:153,0
DA:159,0
DA:161,0
DA:164,0
DA:179,0
DA:181,0
DA:184,0
DA:187,0
DA:188,0
DA:193,0
DA:194,0
DA:200,0
DA:203,0
DA:208,0
DA:211,0
DA:212,0
DA:216,0
DA:220,0
DA:221,0
DA:227,0
DA:230,0
DA:231,0
DA:234,0
DA:237,0
DA:243,0
DA:246,0
DA:252,1
DA:265,6
DA:266,6
DA:267,6
DA:268,6
DA:271,6
DA:272,1
DA:278,5
DA:279,1
DA:287,4
DA:288,4
DA:289,1
DA:297,3
DA:298,0
DA:307,3
DA:309,2
DA:311,2
DA:312,1
DA:318,0
DA:321,0
DA:324,0
DA:331,2
DA:334,2
DA:336,2
DA:350,0
DA:351,0
DA:365,2
DA:366,2
DA:367,2
DA:369,2
DA:371,2
DA:373,1
DA:376,1
DA:378,1
DA:379,1
DA:389,0
DA:391,0
DA:394,0
DA:396,0
DA:399,0
DA:403,0
DA:408,2
DA:413,0
DA:414,0
DA:429,0
DA:430,0
DA:431,0
DA:433,0
DA:438,0
DA:443,0
DA:444,0
DA:450,1
LF:123
LH:41
BRDA:31,0,0,0
BRDA:31,0,1,0
BRDA:44,1,0,0
BRDA:44,1,1,0
BRDA:49,2,0,0
BRDA:49,2,1,0
BRDA:52,3,0,0
BRDA:52,3,1,0
BRDA:140,4,0,0
BRDA:140,4,1,0
BRDA:187,5,0,0
BRDA:187,5,1,0
BRDA:193,6,0,0
BRDA:193,6,1,0
BRDA:211,7,0,0
BRDA:211,7,1,0
BRDA:220,8,0,0
BRDA:220,8,1,0
BRDA:271,9,0,1
BRDA:271,9,1,5
BRDA:278,10,0,1
BRDA:278,10,1,4
BRDA:288,11,0,1
BRDA:288,11,1,3
BRDA:297,12,0,0
BRDA:297,12,1,3
BRDA:307,13,0,1
BRDA:307,13,1,2
BRDA:307,14,0,3
BRDA:307,14,1,2
BRDA:309,15,0,2
BRDA:309,15,1,0
BRDA:311,16,0,1
BRDA:311,16,1,1
BRDA:318,17,0,0
BRDA:318,17,1,0
BRDA:321,18,0,0
BRDA:321,18,1,0
BRDA:324,19,0,0
BRDA:324,19,1,0
BRDA:371,20,0,1
BRDA:371,20,1,1
BRDA:371,21,0,2
BRDA:371,21,1,1
BRDA:376,22,0,1
BRDA:376,22,1,0
BRDA:389,23,0,0
BRDA:389,23,1,0
BRDA:394,24,0,0
BRDA:394,24,1,0
BRDA:399,25,0,0
BRDA:399,25,1,0
BRF:52
BRH:19
end_of_record
TN:
SF:controllers\coachController.js
FN:8,(anonymous_0)
FN:47,(anonymous_1)
FN:83,(anonymous_2)
FN:101,(anonymous_3)
FN:163,(anonymous_4)
FN:186,(anonymous_5)
FN:213,(anonymous_6)
FN:253,(anonymous_7)
FN:280,(anonymous_8)
FN:336,(anonymous_9)
FNF:10
FNH:0
FNDA:0,(anonymous_0)
FNDA:0,(anonymous_1)
FNDA:0,(anonymous_2)
FNDA:0,(anonymous_3)
FNDA:0,(anonymous_4)
FNDA:0,(anonymous_5)
FNDA:0,(anonymous_6)
FNDA:0,(anonymous_7)
FNDA:0,(anonymous_8)
FNDA:0,(anonymous_9)
DA:1,1
DA:2,1
DA:3,1
DA:4,1
DA:5,1
DA:8,1
DA:9,0
DA:10,0
DA:13,0
DA:14,0
DA:15,0
DA:19,0
DA:25,0
DA:28,0
DA:30,0
DA:41,0
DA:42,0
DA:47,1
DA:48,0
DA:49,0
DA:52,0
DA:53,0
DA:54,0
DA:58,0
DA:59,0
DA:60,0
DA:64,0
DA:66,0
DA:77,0
DA:78,0
DA:83,1
DA:84,0
DA:85,0
DA:89,0
DA:90,0
DA:93,0
DA:95,0
DA:96,0
DA:101,1
DA:102,0
DA:103,0
DA:106,0
DA:107,0
DA:108,0
DA:111,0
DA:112,0
DA:118,0
DA:123,0
DA:124,0
DA:128,0
DA:133,0
DA:134,0
DA:138,0
DA:145,0
DA:147,0
DA:157,0
DA:158,0
DA:163,1
DA:164,0
DA:166,0
DA:174,0
DA:175,0
DA:178,0
DA:180,0
DA:181,0
DA:186,1
DA:187,0
DA:188,0
DA:190,0
DA:191,0
DA:195,0
DA:205,0
DA:207,0
DA:208,0
DA:213,1
DA:214,0
DA:215,0
DA:218,0
DA:223,0
DA:224,0
DA:228,0
DA:229,0
DA:233,0
DA:234,0
DA:235,0
DA:239,0
DA:242,0
DA:243,0
DA:245,0
DA:247,0
DA:248,0
DA:253,1
DA:254,0
DA:255,0
DA:257,0
DA:258,0
DA:259,0
DA:263,0
DA:266,0
DA:267,0
DA:268,0
DA:269,0
DA:272,0
DA:274,0
DA:275,0
DA:280,1
DA:281,0
DA:283,0
DA:288,0
DA:289,0
DA:293,0
DA:294,0
DA:298,0
DA:299,0
DA:303,0
DA:304,0
DA:308,0
DA:309,0
DA:310,0
DA:313,0
DA:314,0
DA:315,0
DA:316,0
DA:318,0
DA:320,0
DA:330,0
DA:331,0
DA:336,1
DA:337,0
DA:339,0
DA:346,0
DA:347,0
DA:353,0
DA:366,0
DA:367,0
DA:371,1
LF:136
LH:16
BRDA:14,0,0,0
BRDA:14,0,1,0
BRDA:53,1,0,0
BRDA:53,1,1,0
BRDA:59,2,0,0
BRDA:59,2,1,0
BRDA:89,3,0,0
BRDA:89,3,1,0
BRDA:107,4,0,0
BRDA:107,4,1,0
BRDA:111,5,0,0
BRDA:111,5,1,0
BRDA:123,6,0,0
BRDA:123,6,1,0
BRDA:133,7,0,0
BRDA:133,7,1,0
BRDA:174,8,0,0
BRDA:174,8,1,0
BRDA:190,9,0,0
BRDA:190,9,1,0
BRDA:190,10,0,0
BRDA:190,10,1,0
BRDA:223,11,0,0
BRDA:223,11,1,0
BRDA:228,12,0,0
BRDA:228,12,1,0
BRDA:234,13,0,0
BRDA:234,13,1,0
BRDA:258,14,0,0
BRDA:258,14,1,0
BRDA:267,15,0,0
BRDA:267,15,1,0
BRDA:288,16,0,0
BRDA:288,16,1,0
BRDA:293,17,0,0
BRDA:293,17,1,0
BRDA:298,18,0,0
BRDA:298,18,1,0
BRDA:298,19,0,0
BRDA:298,19,1,0
BRDA:303,20,0,0
BRDA:303,20,1,0
BRDA:346,21,0,0
BRDA:346,21,1,0
BRF:44
BRH:0
end_of_record
TN:
SF:controllers\judgeController.js
FN:13,(anonymous_0)
FN:76,(anonymous_1)
FN:98,(anonymous_2)
FN:99,(anonymous_3)
FN:111,(anonymous_4)
FN:112,(anonymous_5)
FN:136,(anonymous_6)
FN:231,(anonymous_7)
FN:257,(anonymous_8)
FN:258,(anonymous_9)
FN:269,(anonymous_10)
FN:297,(anonymous_11)
FN:389,(anonymous_12)
FN:431,(anonymous_13)
FN:437,(anonymous_14)
FN:440,(anonymous_15)
FN:443,(anonymous_16)
FNF:17
FNH:0
FNDA:0,(anonymous_0)
FNDA:0,(anonymous_1)
FNDA:0,(anonymous_2)
FNDA:0,(anonymous_3)
FNDA:0,(anonymous_4)
FNDA:0,(anonymous_5)
FNDA:0,(anonymous_6)
FNDA:0,(anonymous_7)
FNDA:0,(anonymous_8)
FNDA:0,(anonymous_9)
FNDA:0,(anonymous_10)
FNDA:0,(anonymous_11)
FNDA:0,(anonymous_12)
FNDA:0,(anonymous_13)
FNDA:0,(anonymous_14)
FNDA:0,(anonymous_15)
FNDA:0,(anonymous_16)
DA:1,1
DA:2,1
DA:3,1
DA:4,1
DA:13,1
DA:14,0
DA:16,0
DA:17,0
DA:19,0
DA:20,0
DA:21,0
DA:25,0
DA:26,0
DA:31,0
DA:32,0
DA:33,0
DA:37,0
DA:38,0
DA:40,0
DA:41,0
DA:42,0
DA:47,0
DA:48,0
DA:50,0
DA:51,0
DA:64,0
DA:65,0
DA:76,1
DA:77,0
DA:78,0
DA:80,0
DA:84,0
DA:88,0
DA:89,0
DA:90,0
DA:97,0
DA:98,0
DA:99,0
DA:111,0
DA:112,0
DA:115,0
DA:117,0
DA:122,0
DA:123,0
DA:136,1
DA:137,0
DA:138,0
DA:139,0
DA:142,0
DA:143,0
DA:149,0
DA:150,0
DA:151,0
DA:159,0
DA:160,0
DA:161,0
DA:169,0
DA:175,0
DA:176,0
DA:177,0
DA:185,0
DA:187,0
DA:189,0
DA:210,0
DA:211,0
DA:217,1
DA:231,1
DA:232,0
DA:233,0
DA:234,0
DA:236,0
DA:239,0
DA:240,0
DA:241,0
DA:245,0
DA:248,0
DA:257,0
DA:258,0
DA:259,0
DA:262,0
DA:269,0
DA:271,0
DA:273,0
DA:283,0
DA:284,0
DA:297,1
DA:298,0
DA:299,0
DA:300,0
DA:301,0
DA:303,0
DA:306,0
DA:307,0
DA:313,0
DA:314,0
DA:315,0
DA:319,0
DA:320,0
DA:326,0
DA:337,0
DA:338,0
DA:342,0
DA:350,0
DA:351,0
DA:354,0
DA:359,0
DA:360,0
DA:361,0
DA:370,0
DA:377,0
DA:379,0
DA:389,0
DA:391,0
DA:393,0
DA:408,0
DA:412,0
DA:414,0
DA:415,0
DA:417,0
DA:418,0
DA:420,0
DA:421,0
DA:423,0
DA:424,0
DA:426,0
DA:427,0
DA:431,0
DA:432,0
DA:436,0
DA:437,0
DA:440,0
DA:442,0
DA:443,0
DA:446,0
DA:447,0
DA:450,0
DA:452,0
DA:455,0
DA:456,0
DA:457,0
DA:458,0
DA:466,0
DA:469,0
DA:479,0
DA:480,0
DA:484,1
LF:146
LH:11
BRDA:19,0,0,0
BRDA:19,0,1,0
BRDA:19,1,0,0
BRDA:19,1,1,0
BRDA:31,2,0,0
BRDA:31,2,1,0
BRDA:40,3,0,0
BRDA:40,3,1,0
BRDA:88,4,0,0
BRDA:88,4,1,0
BRDA:88,5,0,0
BRDA:88,5,1,0
BRDA:142,6,0,0
BRDA:142,6,1,0
BRDA:150,7,0,0
BRDA:150,7,1,0
BRDA:160,8,0,0
BRDA:160,8,1,0
BRDA:175,9,0,0
BRDA:175,9,1,0
BRDA:240,10,0,0
BRDA:240,10,1,0
BRDA:259,11,0,0
BRDA:259,11,1,0
BRDA:306,12,0,0
BRDA:306,12,1,0
BRDA:306,13,0,0
BRDA:306,13,1,0
BRDA:306,13,2,0
BRDA:306,13,3,0
BRDA:306,13,4,0
BRDA:306,13,5,0
BRDA:314,14,0,0
BRDA:314,14,1,0
BRDA:319,15,0,0
BRDA:319,15,1,0
BRDA:319,16,0,0
BRDA:319,16,1,0
BRDA:337,17,0,0
BRDA:337,17,1,0
BRDA:359,18,0,0
BRDA:359,18,1,0
BRDA:377,19,0,0
BRDA:377,19,1,0
BRDA:391,20,0,0
BRDA:391,20,1,0
BRDA:395,21,0,0
BRDA:395,21,1,0
BRDA:412,22,0,0
BRDA:412,22,1,0
BRDA:412,22,2,0
BRDA:412,22,3,0
BRDA:412,22,4,0
BRDA:432,23,0,0
BRDA:432,23,1,0
BRDA:436,24,0,0
BRDA:436,24,1,0
BRDA:456,25,0,0
BRDA:456,25,1,0
BRDA:460,26,0,0
BRDA:460,26,1,0
BRF:61
BRH:0
end_of_record
TN:
SF:controllers\playerController.js
FN:6,(anonymous_0)
FN:49,(anonymous_1)
FN:87,(anonymous_2)
FN:105,(anonymous_3)
FN:145,(anonymous_4)
FN:183,(anonymous_5)
FNF:6
FNH:0
FNDA:0,(anonymous_0)
FNDA:0,(anonymous_1)
FNDA:0,(anonymous_2)
FNDA:0,(anonymous_3)
FNDA:0,(anonymous_4)
FNDA:0,(anonymous_5)
DA:1,1
DA:2,1
DA:3,1
DA:6,1
DA:7,0
DA:8,0
DA:11,0
DA:12,0
DA:13,0
DA:17,0
DA:26,0
DA:29,0
DA:31,0
DA:43,0
DA:44,0
DA:49,1
DA:50,0
DA:51,0
DA:54,0
DA:55,0
DA:56,0
DA:60,0
DA:61,0
DA:62,0
DA:66,0
DA:68,0
DA:81,0
DA:82,0
DA:87,1
DA:88,0
DA:89,0
DA:93,0
DA:94,0
DA:97,0
DA:99,0
DA:100,0
DA:105,1
DA:106,0
DA:107,0
DA:118,0
DA:119,0
DA:123,0
DA:127,0
DA:139,0
DA:140,0
DA:145,1
DA:146,0
DA:147,0
DA:149,0
DA:150,0
DA:151,0
DA:155,0
DA:160,0
DA:161,0
DA:166,0
DA:167,0
DA:169,0
DA:177,0
DA:178,0
DA:183,1
DA:184,0
DA:186,0
DA:193,0
DA:195,0
DA:196,0
DA:200,1
LF:66
LH:10
BRDA:12,0,0,0
BRDA:12,0,1,0
BRDA:55,1,0,0
BRDA:55,1,1,0
BRDA:61,2,0,0
BRDA:61,2,1,0
BRDA:93,3,0,0
BRDA:93,3,1,0
BRDA:118,4,0,0
BRDA:118,4,1,0
BRDA:123,5,0,0
BRDA:123,5,1,0
BRDA:123,6,0,0
BRDA:123,6,1,0
BRDA:150,7,0,0
BRDA:150,7,1,0
BRDA:160,8,0,0
BRDA:160,8,1,0
BRF:18
BRH:0
end_of_record
TN:
SF:controllers\superAdminController.js
FN:22,(anonymous_0)
FN:69,(anonymous_1)
FN:87,(anonymous_2)
FN:123,(anonymous_3)
FN:163,(anonymous_4)
FN:188,(anonymous_5)
FN:256,(anonymous_6)
FN:274,(anonymous_7)
FN:303,(anonymous_8)
FN:326,(anonymous_9)
FN:350,(anonymous_10)
FN:418,(anonymous_11)
FN:430,(anonymous_12)
FN:486,(anonymous_13)
FN:527,(anonymous_14)
FN:577,(anonymous_15)
FN:594,(anonymous_16)
FN:654,(anonymous_17)
FN:676,(anonymous_18)
FN:684,(anonymous_19)
FN:716,(anonymous_20)
FN:727,(anonymous_21)
FNF:22
FNH:0
FNDA:0,(anonymous_0)
FNDA:0,(anonymous_1)
FNDA:0,(anonymous_2)
FNDA:0,(anonymous_3)
FNDA:0,(anonymous_4)
FNDA:0,(anonymous_5)
FNDA:0,(anonymous_6)
FNDA:0,(anonymous_7)
FNDA:0,(anonymous_8)
FNDA:0,(anonymous_9)
FNDA:0,(anonymous_10)
FNDA:0,(anonymous_11)
FNDA:0,(anonymous_12)
FNDA:0,(anonymous_13)
FNDA:0,(anonymous_14)
FNDA:0,(anonymous_15)
FNDA:0,(anonymous_16)
FNDA:0,(anonymous_17)
FNDA:0,(anonymous_18)
FNDA:0,(anonymous_19)
FNDA:0,(anonymous_20)
FNDA:0,(anonymous_21)
DA:1,1
DA:2,1
DA:3,1
DA:4,1
DA:5,1
DA:6,1
DA:7,1
DA:8,1
DA:9,1
DA:15,1
DA:16,1
DA:19,1
DA:22,1
DA:23,0
DA:25,0
DA:26,0
DA:28,0
DA:29,0
DA:33,0
DA:34,0
DA:35,0
DA:36,0
DA:37,0
DA:41,0
DA:42,0
DA:43,0
DA:44,0
DA:48,0
DA:50,0
DA:51,0
DA:52,0
DA:63,0
DA:64,0
DA:69,1
DA:70,0
DA:71,0
DA:75,0
DA:81,0
DA:82,0
DA:87,1
DA:88,0
DA:89,0
DA:92,0
DA:93,0
DA:94,0
DA:98,0
DA:105,0
DA:107,0
DA:117,0
DA:118,0
DA:123,1
DA:124,0
DA:125,0
DA:126,0
DA:128,0
DA:129,0
DA:130,0
DA:134,0
DA:135,0
DA:139,0
DA:140,0
DA:141,0
DA:142,0
DA:144,0
DA:146,0
DA:157,0
DA:158,0
DA:163,1
DA:164,0
DA:165,0
DA:168,0
DA:169,0
DA:172,0
DA:173,0
DA:174,0
DA:177,0
DA:182,0
DA:183,0
DA:188,1
DA:189,0
DA:190,0
DA:201,0
DA:213,0
DA:216,0
DA:222,0
DA:228,0
DA:250,0
DA:251,0
DA:256,1
DA:257,0
DA:258,0
DA:262,0
DA:268,0
DA:269,0
DA:274,1
DA:275,0
DA:276,0
DA:277,0
DA:279,0
DA:280,0
DA:281,0
DA:284,0
DA:285,0
DA:287,0
DA:297,0
DA:298,0
DA:303,1
DA:304,0
DA:305,0
DA:307,0
DA:308,0
DA:309,0
DA:313,0
DA:315,0
DA:320,0
DA:321,0
DA:326,1
DA:327,0
DA:328,0
DA:330,0
DA:331,0
DA:332,0
DA:335,0
DA:340,0
DA:341,0
DA:350,1
DA:351,0
DA:352,0
DA:355,0
DA:356,0
DA:362,0
DA:363,0
DA:369,0
DA:370,0
DA:371,0
DA:377,0
DA:389,0
DA:391,0
DA:394,0
DA:400,0
DA:402,0
DA:407,0
DA:410,0
DA:411,0
DA:417,0
DA:418,0
DA:419,0
DA:425,0
DA:430,1
DA:431,0
DA:432,0
DA:435,0
DA:438,0
DA:439,0
DA:443,0
DA:444,0
DA:448,0
DA:449,0
DA:453,0
DA:454,0
DA:455,0
DA:456,0
DA:458,0
DA:459,0
DA:464,0
DA:465,0
DA:469,0
DA:474,0
DA:480,0
DA:481,0
DA:486,1
DA:487,0
DA:488,0
DA:490,0
DA:494,0
DA:495,0
DA:499,0
DA:505,0
DA:515,0
DA:518,0
DA:519,0
DA:522,0
DA:527,1
DA:528,0
DA:529,0
DA:530,0
DA:532,0
DA:533,0
DA:534,0
DA:538,0
DA:539,0
DA:540,0
DA:541,0
DA:542,0
DA:543,0
DA:546,0
DA:547,0
DA:548,0
DA:550,0
DA:555,0
DA:559,0
DA:561,0
DA:566,0
DA:569,0
DA:570,0
DA:576,0
DA:577,0
DA:578,0
DA:585,0
DA:586,0
DA:589,0
DA:594,1
DA:595,0
DA:596,0
DA:598,0
DA:599,0
DA:600,0
DA:604,0
DA:610,0
DA:612,0
DA:614,0
DA:615,0
DA:626,0
DA:632,0
DA:635,0
DA:637,0
DA:642,0
DA:645,0
DA:646,0
DA:649,0
DA:654,1
DA:655,0
DA:656,0
DA:657,0
DA:659,0
DA:660,0
DA:664,0
DA:665,0
DA:666,0
DA:670,0
DA:671,0
DA:672,0
DA:676,0
DA:677,0
DA:681,0
DA:684,0
DA:685,0
DA:686,0
DA:690,0
DA:693,0
DA:696,0
DA:698,0
DA:704,0
DA:707,0
DA:708,0
DA:711,0
DA:716,1
DA:717,0
DA:718,0
DA:721,0
DA:722,0
DA:723,0
DA:727,0
DA:728,0
DA:732,0
DA:733,0
DA:739,0
DA:742,0
DA:748,0
DA:751,0
DA:754,0
DA:756,0
DA:762,0
DA:765,0
DA:766,0
DA:769,0
DA:774,1
LF:277
LH:30
BRDA:28,0,0,0
BRDA:28,0,1,0
BRDA:28,1,0,0
BRDA:28,1,1,0
BRDA:34,2,0,0
BRDA:34,2,1,0
BRDA:42,3,0,0
BRDA:42,3,1,0
BRDA:93,4,0,0
BRDA:93,4,1,0
BRDA:102,5,0,0
BRDA:102,5,1,0
BRDA:129,6,0,0
BRDA:129,6,1,0
BRDA:134,7,0,0
BRDA:134,7,1,0
BRDA:134,8,0,0
BRDA:134,8,1,0
BRDA:139,9,0,0
BRDA:139,9,1,0
BRDA:140,10,0,0
BRDA:140,10,1,0
BRDA:141,11,0,0
BRDA:141,11,1,0
BRDA:142,12,0,0
BRDA:142,12,1,0
BRDA:168,13,0,0
BRDA:168,13,1,0
BRDA:173,14,0,0
BRDA:173,14,1,0
BRDA:280,15,0,0
BRDA:280,15,1,0
BRDA:288,16,0,0
BRDA:288,16,1,0
BRDA:308,17,0,0
BRDA:308,17,1,0
BRDA:331,18,0,0
BRDA:331,18,1,0
BRDA:355,19,0,0
BRDA:355,19,1,0
BRDA:355,20,0,0
BRDA:355,20,1,0
BRDA:355,20,2,0
BRDA:355,20,3,0
BRDA:355,20,4,0
BRDA:362,21,0,0
BRDA:362,21,1,0
BRDA:362,22,0,0
BRDA:362,22,1,0
BRDA:362,22,2,0
BRDA:370,23,0,0
BRDA:370,23,1,0
BRDA:410,24,0,0
BRDA:410,24,1,0
BRDA:417,25,0,0
BRDA:417,25,1,0
BRDA:438,26,0,0
BRDA:438,26,1,0
BRDA:443,27,0,0
BRDA:443,27,1,0
BRDA:448,28,0,0
BRDA:448,28,1,0
BRDA:453,29,0,0
BRDA:453,29,1,0
BRDA:453,30,0,0
BRDA:453,30,1,0
BRDA:455,31,0,0
BRDA:455,31,1,0
BRDA:458,32,0,0
BRDA:458,32,1,0
BRDA:464,33,0,0
BRDA:464,33,1,0
BRDA:494,34,0,0
BRDA:494,34,1,0
BRDA:518,35,0,0
BRDA:518,35,1,0
BRDA:533,36,0,0
BRDA:533,36,1,0
BRDA:538,37,0,0
BRDA:538,37,1,0
BRDA:539,38,0,0
BRDA:539,38,1,0
BRDA:540,39,0,0
BRDA:540,39,1,0
BRDA:541,40,0,0
BRDA:541,40,1,0
BRDA:542,41,0,0
BRDA:542,41,1,0
BRDA:543,42,0,0
BRDA:543,42,1,0
BRDA:546,43,0,0
BRDA:546,43,1,0
BRDA:569,44,0,0
BRDA:569,44,1,0
BRDA:576,45,0,0
BRDA:576,45,1,0
BRDA:585,46,0,0
BRDA:585,46,1,0
BRDA:599,47,0,0
BRDA:599,47,1,0
BRDA:610,48,0,0
BRDA:610,48,1,0
BRDA:610,48,2,0
BRDA:612,49,0,0
BRDA:612,49,1,0
BRDA:645,50,0,0
BRDA:645,50,1,0
BRDA:659,51,0,0
BRDA:659,51,1,0
BRDA:665,52,0,0
BRDA:665,52,1,0
BRDA:671,53,0,0
BRDA:671,53,1,0
BRDA:676,54,0,0
BRDA:676,54,1,0
BRDA:684,55,0,0
BRDA:684,55,1,0
BRDA:707,56,0,0
BRDA:707,56,1,0
BRDA:722,57,0,0
BRDA:722,57,1,0
BRDA:727,58,0,0
BRDA:727,58,1,0
BRDA:732,59,0,0
BRDA:732,59,1,0
BRDA:765,60,0,0
BRDA:765,60,1,0
BRF:127
BRH:0
end_of_record
TN:
SF:controllers\teamController.js
FN:5,(anonymous_0)
FN:19,(anonymous_1)
FN:39,(anonymous_2)
FN:74,(anonymous_3)
FN:108,(anonymous_4)
FN:137,(anonymous_5)
FNF:6
FNH:0
FNDA:0,(anonymous_0)
FNDA:0,(anonymous_1)
FNDA:0,(anonymous_2)
FNDA:0,(anonymous_3)
FNDA:0,(anonymous_4)
FNDA:0,(anonymous_5)
DA:1,1
DA:2,1
DA:5,1
DA:6,0
DA:7,0
DA:11,0
DA:13,0
DA:14,0
DA:19,1
DA:20,0
DA:21,0
DA:23,0
DA:27,0
DA:28,0
DA:31,0
DA:33,0
DA:34,0
DA:39,1
DA:40,0
DA:41,0
DA:42,0
DA:44,0
DA:45,0
DA:46,0
DA:50,0
DA:51,0
DA:55,0
DA:56,0
DA:57,0
DA:58,0
DA:62,0
DA:63,0
DA:64,0
DA:66,0
DA:68,0
DA:69,0
DA:74,1
DA:75,0
DA:76,0
DA:78,0
DA:79,0
DA:80,0
DA:84,0
DA:85,0
DA:89,0
DA:95,0
DA:98,0
DA:100,0
DA:102,0
DA:103,0
DA:108,1
DA:109,0
DA:110,0
DA:112,0
DA:115,0
DA:116,0
DA:120,0
DA:137,0
DA:139,0
DA:140,0
DA:143,0
DA:144,0
DA:148,0
DA:150,0
DA:151,0
DA:155,1
LF:66
LH:8
BRDA:27,0,0,0
BRDA:27,0,1,0
BRDA:45,1,0,0
BRDA:45,1,1,0
BRDA:50,2,0,0
BRDA:50,2,1,0
BRDA:55,3,0,0
BRDA:55,3,1,0
BRDA:55,4,0,0
BRDA:55,4,1,0
BRDA:57,5,0,0
BRDA:57,5,1,0
BRDA:62,6,0,0
BRDA:62,6,1,0
BRDA:63,7,0,0
BRDA:63,7,1,0
BRDA:79,8,0,0
BRDA:79,8,1,0
BRDA:84,9,0,0
BRDA:84,9,1,0
BRDA:115,10,0,0
BRDA:115,10,1,0
BRDA:139,11,0,0
BRDA:139,11,1,0
BRDA:140,12,0,0
BRDA:140,12,1,0
BRDA:143,13,0,0
BRDA:143,13,1,0
BRF:28
BRH:0
end_of_record
TN:
SF:middleware\authMiddleware.js
FN:7,(anonymous_0)
FN:57,(anonymous_1)
FN:65,(anonymous_2)
FN:73,(anonymous_3)
FN:81,(anonymous_4)
FNF:5
FNH:1
FNDA:9,(anonymous_0)
FNDA:0,(anonymous_1)
FNDA:0,(anonymous_2)
FNDA:0,(anonymous_3)
FNDA:0,(anonymous_4)
DA:1,1
DA:2,1
DA:3,1
DA:4,1
DA:5,1
DA:7,1
DA:8,9
DA:9,9
DA:11,9
DA:12,1
DA:15,8
DA:18,8
DA:19,8
DA:20,0
DA:21,8
DA:22,0
DA:23,8
DA:24,8
DA:27,8
DA:28,0
DA:32,8
DA:33,6
DA:34,0
DA:41,8
DA:42,8
DA:45,8
DA:46,0
DA:49,8
DA:51,0
DA:52,0
DA:57,1
DA:58,0
DA:59,0
DA:61,0
DA:65,1
DA:66,0
DA:67,0
DA:69,0
DA:73,1
DA:74,0
DA:75,0
DA:77,0
DA:81,1
DA:82,0
DA:83,0
DA:87,0
DA:88,0
DA:91,0
DA:94,1
LF:49
LH:28
BRDA:11,0,0,1
BRDA:11,0,1,8
BRDA:15,1,0,8
BRDA:15,1,1,0
BRDA:19,2,0,0
BRDA:19,2,1,8
BRDA:21,3,0,0
BRDA:21,3,1,8
BRDA:23,4,0,8
BRDA:23,4,1,0
BRDA:23,5,0,8
BRDA:23,5,1,2
BRDA:27,6,0,0
BRDA:27,6,1,8
BRDA:27,7,0,8
BRDA:27,7,1,8
BRDA:32,8,0,6
BRDA:32,8,1,2
BRDA:32,9,0,8
BRDA:32,9,1,6
BRDA:33,10,0,0
BRDA:33,10,1,6
BRDA:45,11,0,0
BRDA:45,11,1,8
BRDA:58,12,0,0
BRDA:58,12,1,0
BRDA:66,13,0,0
BRDA:66,13,1,0
BRDA:74,14,0,0
BRDA:74,14,1,0
BRDA:74,15,0,0
BRDA:74,15,1,0
BRDA:82,16,0,0
BRDA:82,16,1,0
BRDA:87,17,0,0
BRDA:87,17,1,0
BRF:36
BRH:17
end_of_record
TN:
SF:middleware\competitionContextMiddleware.js
FN:16,(anonymous_0)
FNF:1
FNH:0
FNDA:0,(anonymous_0)
DA:1,1
DA:2,1
DA:3,1
DA:4,1
DA:16,1
DA:17,0
DA:19,0
DA:22,0
DA:23,0
DA:30,0
DA:37,0
DA:38,0
DA:45,0
DA:53,0
DA:54,0
DA:55,0
DA:62,0
DA:70,0
DA:71,0
DA:78,0
DA:87,0
DA:88,0
DA:89,0
DA:90,0
DA:94,0
DA:96,0
DA:98,0
DA:99,0
DA:100,0
DA:101,0
DA:102,0
DA:103,0
DA:112,0
DA:113,0
DA:120,0
DA:132,0
DA:133,0
DA:134,0
DA:136,0
DA:137,0
DA:144,1
LF:41
LH:6
BRDA:19,0,0,0
BRDA:19,0,1,0
BRDA:22,1,0,0
BRDA:22,1,1,0
BRDA:37,2,0,0
BRDA:37,2,1,0
BRDA:54,3,0,0
BRDA:54,3,1,0
BRDA:70,4,0,0
BRDA:70,4,1,0
BRDA:87,5,0,0
BRDA:87,5,1,0
BRDA:87,6,0,0
BRDA:87,6,1,0
BRDA:94,7,0,0
BRDA:94,7,1,0
BRDA:96,8,0,0
BRDA:96,8,1,0
BRDA:99,9,0,0
BRDA:99,9,1,0
BRDA:102,10,0,0
BRDA:102,10,1,0
BRDA:102,11,0,0
BRDA:102,11,1,0
BRDA:102,11,2,0
BRDA:112,12,0,0
BRDA:112,12,1,0
BRF:27
BRH:0
end_of_record
TN:
SF:middleware\errorHandler.js
FN:13,(anonymous_0)
FN:27,(anonymous_1)
FN:28,(anonymous_2)
FN:40,(anonymous_3)
FN:55,(anonymous_4)
FN:68,(anonymous_5)
FN:79,(anonymous_6)
FN:91,(anonymous_7)
FN:174,(anonymous_8)
FN:186,(anonymous_9)
FN:187,(anonymous_10)
FN:195,(anonymous_11)
FN:200,(anonymous_12)
FNF:13
FNH:0
FNDA:0,(anonymous_0)
FNDA:0,(anonymous_1)
FNDA:0,(anonymous_2)
FNDA:0,(anonymous_3)
FNDA:0,(anonymous_4)
FNDA:0,(anonymous_5)
FNDA:0,(anonymous_6)
FNDA:0,(anonymous_7)
FNDA:0,(anonymous_8)
FNDA:0,(anonymous_9)
FNDA:0,(anonymous_10)
FNDA:0,(anonymous_11)
FNDA:0,(anonymous_12)
DA:7,1
DA:14,0
DA:15,0
DA:16,0
DA:17,0
DA:18,0
DA:19,0
DA:20,0
DA:27,1
DA:28,0
DA:29,0
DA:40,1
DA:41,0
DA:42,0
DA:43,0
DA:55,1
DA:56,0
DA:68,1
DA:69,0
DA:79,1
DA:80,0
DA:91,1
DA:92,0
DA:93,0
DA:94,0
DA:97,0
DA:98,0
DA:106,0
DA:118,0
DA:119,0
DA:120,0
DA:123,0
DA:124,0
DA:125,0
DA:128,0
DA:129,0
DA:130,0
DA:133,0
DA:134,0
DA:135,0
DA:138,0
DA:139,0
DA:140,0
DA:144,0
DA:145,0
DA:154,0
DA:155,0
DA:164,0
DA:165,0
DA:168,0
DA:174,1
DA:175,0
DA:180,0
DA:186,1
DA:187,0
DA:188,0
DA:195,1
DA:196,0
DA:197,0
DA:199,0
DA:200,0
DA:206,0
DA:213,0
DA:216,1
LF:64
LH:11
BRDA:13,0,0,0
BRDA:13,1,0,0
BRDA:13,2,0,0
BRDA:94,3,0,0
BRDA:94,3,1,0
BRDA:97,4,0,0
BRDA:97,4,1,0
BRDA:118,5,0,0
BRDA:118,5,1,0
BRDA:123,6,0,0
BRDA:123,6,1,0
BRDA:128,7,0,0
BRDA:128,7,1,0
BRDA:133,8,0,0
BRDA:133,8,1,0
BRDA:138,9,0,0
BRDA:138,9,1,0
BRDA:144,10,0,0
BRDA:144,10,1,0
BRDA:148,11,0,0
BRDA:148,11,1,0
BRDA:149,12,0,0
BRDA:149,12,1,0
BRDA:154,13,0,0
BRDA:154,13,1,0
BRDA:156,14,0,0
BRDA:156,14,1,0
BRDA:157,15,0,0
BRDA:157,15,1,0
BRDA:159,16,0,0
BRDA:159,16,1,0
BRDA:164,17,0,0
BRDA:164,17,1,0
BRDA:164,18,0,0
BRDA:164,18,1,0
BRDA:199,19,0,0
BRDA:199,19,1,0
BRDA:201,20,0,0
BRDA:201,20,1,0
BRF:39
BRH:0
end_of_record
TN:
SF:middleware\securityLogger.js
FN:23,(anonymous_0)
FN:35,(anonymous_1)
FN:46,(anonymous_2)
FN:59,(anonymous_3)
FN:67,(anonymous_4)
FN:70,(anonymous_5)
FN:96,(anonymous_6)
FN:112,(anonymous_7)
FN:125,(anonymous_8)
FN:138,(anonymous_9)
FN:150,(anonymous_10)
FN:163,(anonymous_11)
FN:177,(anonymous_12)
FN:190,(anonymous_13)
FN:203,(anonymous_14)
FNF:15
FNH:7
FNDA:4,(anonymous_0)
FNDA:4,(anonymous_1)
FNDA:2,(anonymous_2)
FNDA:2,(anonymous_3)
FNDA:9,(anonymous_4)
FNDA:9,(anonymous_5)
FNDA:0,(anonymous_6)
FNDA:0,(anonymous_7)
FNDA:0,(anonymous_8)
FNDA:0,(anonymous_9)
FNDA:0,(anonymous_10)
FNDA:0,(anonymous_11)
FNDA:0,(anonymous_12)
FNDA:2,(anonymous_13)
FNDA:0,(anonymous_14)
DA:7,1
DA:8,1
DA:11,1
DA:12,1
DA:13,0
DA:17,1
DA:18,1
DA:23,1
DA:24,4
DA:35,1
DA:36,4
DA:37,4
DA:39,0
DA:46,1
DA:47,2
DA:48,2
DA:51,2
DA:52,0
DA:59,1
DA:60,2
DA:61,2
DA:67,1
DA:68,9
DA:70,9
DA:72,9
DA:73,2
DA:87,9
DA:90,9
DA:96,1
DA:97,0
DA:112,1
DA:113,0
DA:125,1
DA:126,0
DA:138,1
DA:139,0
DA:150,1
DA:151,0
DA:163,1
DA:164,0
DA:177,1
DA:178,0
DA:190,1
DA:191,2
DA:203,1
DA:204,0
DA:216,1
LF:47
LH:36
BRDA:12,0,0,0
BRDA:12,0,1,1
BRDA:51,1,0,0
BRDA:51,1,1,2
BRDA:72,2,0,2
BRDA:72,2,1,7
BRDA:72,3,0,9
BRDA:72,3,1,8
BRDA:77,4,0,2
BRDA:77,4,1,0
BRDA:82,5,0,2
BRDA:82,5,1,1
BRDA:104,6,0,0
BRDA:104,6,1,0
BRDA:138,7,0,0
BRDA:168,8,0,0
BRDA:168,8,1,0
BRDA:181,9,0,0
BRDA:181,9,1,0
BRDA:195,10,0,2
BRDA:195,10,1,0
BRF:21
BRH:10
end_of_record
TN:
SF:models\Admin.js
FN:17,(anonymous_0)
FN:46,(anonymous_1)
FN:59,(anonymous_2)
FN:64,(anonymous_3)
FN:68,(anonymous_4)
FN:72,(anonymous_5)
FNF:6
FNH:4
FNDA:11,(anonymous_0)
FNDA:11,(anonymous_1)
FNDA:0,(anonymous_2)
FNDA:2,(anonymous_3)
FNDA:2,(anonymous_4)
FNDA:0,(anonymous_5)
DA:1,1
DA:2,1
DA:4,1
DA:18,11
DA:46,1
DA:47,11
DA:49,11
DA:50,11
DA:51,11
DA:52,11
DA:54,0
DA:59,1
DA:60,0
DA:64,1
DA:65,2
DA:66,0
DA:68,2
DA:72,1
DA:73,0
DA:74,0
DA:77,1
LF:21
LH:16
BRDA:47,0,0,0
BRDA:47,0,1,11
BRDA:65,1,0,0
BRDA:65,1,1,2
BRF:4
BRH:2
end_of_record
TN:
SF:models\Coach.js
FN:17,(anonymous_0)
FN:50,(anonymous_1)
FN:63,(anonymous_2)
FNF:3
FNH:0
FNDA:0,(anonymous_0)
FNDA:0,(anonymous_1)
FNDA:0,(anonymous_2)
DA:1,1
DA:2,1
DA:4,1
DA:18,0
DA:50,1
DA:51,0
DA:53,0
DA:54,0
DA:55,0
DA:56,0
DA:58,0
DA:63,1
DA:64,0
DA:67,1
LF:14
LH:6
BRDA:51,0,0,0
BRDA:51,0,1,0
BRF:2
BRH:0
end_of_record
TN:
SF:models\Competition.js
FN:30,(anonymous_0)
FN:70,(anonymous_1)
FN:72,(anonymous_2)
FN:82,(anonymous_3)
FN:83,(anonymous_4)
FN:88,(anonymous_5)
FN:103,(anonymous_6)
FN:122,(anonymous_7)
FN:137,(anonymous_8)
FNF:9
FNH:1
FNDA:18,(anonymous_0)
FNDA:0,(anonymous_1)
FNDA:0,(anonymous_2)
FNDA:0,(anonymous_3)
FNDA:0,(anonymous_4)
FNDA:0,(anonymous_5)
FNDA:0,(anonymous_6)
FNDA:0,(anonymous_7)
FNDA:0,(anonymous_8)
DA:1,1
DA:3,1
DA:31,18
DA:65,1
DA:66,1
DA:67,1
DA:70,1
DA:72,0
DA:74,0
DA:75,0
DA:78,0
DA:82,1
DA:83,0
DA:84,0
DA:88,1
DA:89,0
DA:91,0
DA:92,0
DA:93,0
DA:94,0
DA:96,0
DA:99,0
DA:103,1
DA:104,0
DA:107,0
DA:108,0
DA:109,0
DA:111,0
DA:112,0
DA:113,0
DA:117,0
DA:118,0
DA:122,1
DA:123,0
DA:125,0
DA:126,0
DA:127,0
DA:128,0
DA:130,0
DA:133,0
DA:137,1
DA:138,0
DA:139,0
DA:142,1
LF:44
LH:13
BRDA:31,0,0,18
BRDA:31,0,1,18
BRDA:74,1,0,0
BRDA:74,1,1,0
BRDA:91,2,0,0
BRDA:91,2,1,0
BRDA:93,3,0,0
BRDA:93,3,1,0
BRDA:93,4,0,0
BRDA:93,4,1,0
BRDA:107,5,0,0
BRDA:107,5,1,0
BRDA:108,6,0,0
BRDA:108,6,1,0
BRDA:111,7,0,0
BRDA:111,7,1,0
BRDA:112,8,0,0
BRDA:112,8,1,0
BRDA:125,9,0,0
BRDA:125,9,1,0
BRDA:127,10,0,0
BRDA:127,10,1,0
BRDA:127,11,0,0
BRDA:127,11,1,0
BRDA:139,12,0,0
BRDA:139,12,1,0
BRDA:139,12,2,0
BRF:27
BRH:2
end_of_record
TN:
SF:models\Judge.js
FNF:0
FNH:0
DA:1,1
DA:3,1
DA:55,1
DA:56,1
DA:59,1
DA:65,1
LF:6
LH:6
BRF:0
BRH:0
end_of_record
TN:
SF:models\Player.js
FN:22,(anonymous_0)
FN:69,(anonymous_1)
FN:82,(anonymous_2)
FN:87,(anonymous_3)
FNF:4
FNH:0
FNDA:0,(anonymous_0)
FNDA:0,(anonymous_1)
FNDA:0,(anonymous_2)
FNDA:0,(anonymous_3)
DA:1,1
DA:2,1
DA:4,1
DA:23,0
DA:69,1
DA:70,0
DA:72,0
DA:73,0
DA:74,0
DA:75,0
DA:77,0
DA:82,1
DA:83,0
DA:87,1
DA:88,0
DA:89,0
DA:90,0
DA:91,0
DA:93,0
DA:94,0
DA:97,0
DA:100,1
LF:22
LH:7
BRDA:70,0,0,0
BRDA:70,0,1,0
BRDA:93,1,0,0
BRDA:93,1,1,0
BRDA:93,2,0,0
BRDA:93,2,1,0
BRDA:93,2,2,0
BRF:7
BRH:0
end_of_record
TN:
SF:models\Score.js
FN:120,(anonymous_0)
FNF:1
FNH:0
FNDA:0,(anonymous_0)
DA:1,1
DA:3,1
DA:70,1
DA:120,1
DA:121,0
DA:122,0
DA:126,1
DA:127,1
DA:129,1
LF:9
LH:7
BRF:0
BRH:0
end_of_record
TN:
SF:models\Team.js
FN:61,(anonymous_0)
FN:63,(anonymous_1)
FN:74,(anonymous_2)
FN:75,(anonymous_3)
FN:94,(anonymous_4)
FN:95,(anonymous_5)
FNF:6
FNH:0
FNDA:0,(anonymous_0)
FNDA:0,(anonymous_1)
FNDA:0,(anonymous_2)
FNDA:0,(anonymous_3)
FNDA:0,(anonymous_4)
FNDA:0,(anonymous_5)
DA:1,1
DA:3,1
DA:61,1
DA:62,0
DA:63,0
DA:64,0
DA:65,0
DA:66,0
DA:68,0
DA:70,0
DA:74,1
DA:75,0
DA:77,0
DA:79,0
DA:80,0
DA:83,0
DA:90,0
DA:94,1
DA:95,0
DA:96,0
DA:100,1
DA:101,1
DA:103,1
LF:23
LH:8
BRDA:65,0,0,0
BRDA:65,0,1,0
BRDA:77,1,0,0
BRDA:77,1,1,0
BRF:4
BRH:0
end_of_record
TN:
SF:routes\adminRoutes.js
FN:27,(anonymous_0)
FNF:1
FNH:0
FNDA:0,(anonymous_0)
DA:1,1
DA:2,1
DA:22,1
DA:23,1
DA:24,1
DA:27,1
DA:28,0
DA:29,0
DA:30,0
DA:35,0
DA:38,1
DA:41,1
DA:49,1
DA:54,1
DA:71,1
DA:84,1
DA:99,1
DA:127,1
DA:128,1
DA:131,1
DA:132,1
DA:135,1
DA:136,1
DA:139,1
DA:142,1
DA:143,1
DA:144,1
DA:145,1
DA:146,1
DA:147,1
DA:150,1
DA:153,1
DA:154,1
DA:155,1
DA:156,1
DA:158,1
LF:36
LH:32
BRDA:29,0,0,0
BRDA:29,0,1,0
BRF:2
BRH:0
end_of_record
TN:
SF:routes\authRoutes.js
FNF:0
FNH:0
DA:1,1
DA:2,1
DA:9,1
DA:10,1
DA:12,1
DA:15,1
DA:23,1
DA:31,1
DA:34,1
DA:38,1
DA:41,1
DA:44,1
DA:46,1
LF:13
LH:13
BRF:0
BRH:0
end_of_record
TN:
SF:routes\coachRoutes.js
FNF:0
FNH:0
DA:1,1
DA:2,1
DA:14,1
DA:15,1
DA:16,1
DA:18,1
DA:21,1
DA:29,1
DA:34,1
DA:39,1
DA:50,1
DA:51,1
DA:54,1
DA:57,1
DA:58,1
DA:59,1
DA:60,1
DA:61,1
DA:62,1
DA:63,1
DA:65,1
LF:21
LH:21
BRF:0
BRH:0
end_of_record
TN:
SF:routes\judgeRoutes.js
FN:16,(anonymous_0)
FNF:1
FNH:0
FNDA:0,(anonymous_0)
DA:1,1
DA:2,1
DA:9,1
DA:10,1
DA:11,1
DA:13,1
DA:16,1
DA:17,0
DA:18,0
DA:19,0
DA:21,0
DA:25,1
DA:36,1
DA:45,1
DA:80,1
DA:84,1
DA:87,1
DA:91,1
DA:94,1
DA:96,1
LF:20
LH:16
BRDA:18,0,0,0
BRDA:18,0,1,0
BRF:2
BRH:0
end_of_record
TN:
SF:routes\playerRoutes.js
FNF:0
FNH:0
DA:1,1
DA:2,1
DA:10,1
DA:11,1
DA:12,1
DA:14,1
DA:17,1
DA:33,1
DA:42,1
DA:43,1
DA:46,1
DA:49,1
DA:50,1
DA:51,1
DA:53,1
LF:15
LH:15
BRF:0
BRH:0
end_of_record
TN:
SF:routes\publicRoutes.js
FNF:0
FNH:0
DA:1,1
DA:2,1
DA:4,1
DA:7,1
DA:8,1
DA:9,1
DA:12,1
DA:13,1
DA:15,1
LF:9
LH:9
BRF:0
BRH:0
end_of_record
TN:
SF:routes\superAdminRoutes.js
FN:43,(anonymous_0)
FN:133,(anonymous_1)
FNF:2
FNH:0
FNDA:0,(anonymous_0)
FNDA:0,(anonymous_1)
DA:1,1
DA:2,1
DA:39,1
DA:40,1
DA:43,1
DA:44,0
DA:45,0
DA:46,0
DA:51,0
DA:54,1
DA:57,1
DA:65,1
DA:70,1
DA:87,1
DA:100,1
DA:115,1
DA:134,0
DA:135,0
DA:137,0
DA:147,1
DA:176,1
DA:182,1
DA:210,1
DA:213,1
DA:214,1
DA:215,1
DA:218,1
DA:219,1
DA:220,1
DA:221,1
DA:224,1
DA:225,1
DA:228,1
DA:229,1
DA:230,1
DA:231,1
DA:234,1
DA:235,1
DA:236,1
DA:237,1
DA:238,1
DA:239,1
DA:242,1
DA:245,1
DA:246,1
DA:247,1
DA:248,1
DA:249,1
DA:252,1
DA:253,1
DA:254,1
DA:255,1
DA:256,1
DA:257,1
DA:258,1
DA:260,1
LF:56
LH:49
BRDA:45,0,0,0
BRDA:45,0,1,0
BRDA:134,1,0,0
BRDA:134,1,1,0
BRF:4
BRH:0
end_of_record
TN:
SF:routes\teamRoutes.js
FNF:0
FNH:0
DA:1,1
DA:2,1
DA:9,1
DA:10,1
DA:12,1
DA:15,1
DA:21,1
DA:22,1
DA:23,1
DA:26,1
DA:27,1
DA:29,1
LF:12
LH:12
BRF:0
BRH:0
end_of_record
TN:
SF:utils\emailService.js
FN:13,createTransporter
FN:93,sendEmail
FN:126,(anonymous_2)
FN:127,(anonymous_3)
FN:154,(anonymous_4)
FN:155,(anonymous_5)
FN:202,testEmailConnectivity
FN:211,(anonymous_7)
FN:212,(anonymous_8)
FNF:9
FNH:0
FNDA:0,createTransporter
FNDA:0,sendEmail
FNDA:0,(anonymous_2)
FNDA:0,(anonymous_3)
FNDA:0,(anonymous_4)
FNDA:0,(anonymous_5)
FNDA:0,testEmailConnectivity
FNDA:0,(anonymous_7)
FNDA:0,(anonymous_8)
DA:1,1
DA:2,1
DA:14,0
DA:72,0
DA:73,0
DA:74,0
DA:75,0
DA:76,0
DA:78,0
DA:79,0
DA:83,0
DA:94,0
DA:95,0
DA:96,0
DA:97,0
DA:99,0
DA:101,0
DA:102,0
DA:103,0
DA:104,0
DA:105,0
DA:109,0
DA:110,0
DA:111,0
DA:114,0
DA:117,0
DA:118,0
DA:120,0
DA:123,0
DA:124,0
DA:127,0
DA:130,0
DA:132,0
DA:133,0
DA:137,0
DA:149,0
DA:152,0
DA:155,0
DA:159,0
DA:160,0
DA:161,0
DA:162,0
DA:165,0
DA:167,0
DA:171,0
DA:172,0
DA:182,0
DA:183,0
DA:184,0
DA:185,0
DA:186,0
DA:187,0
DA:188,0
DA:189,0
DA:190,0
DA:191,0
DA:192,0
DA:195,0
DA:203,0
DA:205,0
DA:206,0
DA:207,0
DA:209,0
DA:212,0
DA:216,0
DA:217,0
DA:218,0
DA:220,0
DA:221,0
DA:225,1
LF:70
LH:3
BRDA:97,0,0,0
BRDA:97,0,1,0
BRDA:101,1,0,0
BRDA:101,1,1,0
BRDA:101,2,0,0
BRDA:101,2,1,0
BRDA:103,3,0,0
BRDA:103,3,1,0
BRDA:104,4,0,0
BRDA:104,4,1,0
BRDA:109,5,0,0
BRDA:109,5,1,0
BRDA:109,6,0,0
BRDA:109,6,1,0
BRDA:109,6,2,0
BRDA:182,7,0,0
BRDA:182,7,1,0
BRDA:185,8,0,0
BRDA:185,8,1,0
BRDA:185,9,0,0
BRDA:185,9,1,0
BRDA:188,10,0,0
BRDA:188,10,1,0
BRDA:188,11,0,0
BRDA:188,11,1,0
BRDA:190,12,0,0
BRDA:190,12,1,0
BRF:27
BRH:0
end_of_record
TN:
SF:utils\objectIdUtils.js
FN:8,(anonymous_0)
FN:33,(anonymous_1)
FN:64,(anonymous_2)
FN:70,(anonymous_3)
FN:71,(anonymous_4)
FN:80,(anonymous_5)
FN:98,(anonymous_6)
FNF:7
FNH:0
FNDA:0,(anonymous_0)
FNDA:0,(anonymous_1)
FNDA:0,(anonymous_2)
FNDA:0,(anonymous_3)
FNDA:0,(anonymous_4)
FNDA:0,(anonymous_5)
FNDA:0,(anonymous_6)
DA:1,1
DA:8,1
DA:9,0
DA:11,0
DA:12,0
DA:16,0
DA:17,0
DA:18,0
DA:21,0
DA:23,0
DA:24,0
DA:33,1
DA:34,0
DA:36,0
DA:37,0
DA:41,0
DA:42,0
DA:46,0
DA:48,0
DA:49,0
DA:52,0
DA:54,0
DA:55,0
DA:64,1
DA:65,0
DA:66,0
DA:69,0
DA:70,0
DA:71,0
DA:80,1
DA:81,0
DA:98,1
DA:100,0
DA:101,0
DA:108,0
DA:112,0
DA:113,0
DA:121,0
DA:125,0
DA:126,0
DA:130,0
DA:134,0
DA:135,0
DA:136,0
DA:143,0
DA:146,0
DA:153,1
LF:47
LH:7
BRDA:11,0,0,0
BRDA:11,0,1,0
BRDA:11,1,0,0
BRDA:11,1,1,0
BRDA:16,2,0,0
BRDA:16,2,1,0
BRDA:36,3,0,0
BRDA:36,3,1,0
BRDA:41,4,0,0
BRDA:41,4,1,0
BRDA:41,5,0,0
BRDA:41,5,1,0
BRDA:46,6,0,0
BRDA:46,6,1,0
BRDA:46,7,0,0
BRDA:46,7,1,0
BRDA:65,8,0,0
BRDA:65,8,1,0
BRDA:87,9,0,0
BRDA:87,9,1,0
BRDA:100,10,0,0
BRDA:100,10,1,0
BRDA:112,11,0,0
BRDA:112,11,1,0
BRDA:112,12,0,0
BRDA:112,12,1,0
BRDA:125,13,0,0
BRDA:125,13,1,0
BRDA:135,14,0,0
BRDA:135,14,1,0
BRF:30
BRH:0
end_of_record
TN:
SF:utils\tokenInvalidation.js
FN:16,recordAdminAssignmentChange
FN:28,isTokenInvalidated
FN:53,clearAdminAssignmentChange
FN:62,getAdminsWithPendingChanges
FN:69,clearAllAssignmentChanges
FNF:5
FNH:1
FNDA:0,recordAdminAssignmentChange
FNDA:6,isTokenInvalidated
FNDA:0,clearAdminAssignmentChange
FNDA:0,getAdminsWithPendingChanges
FNDA:0,clearAllAssignmentChanges
DA:10,1
DA:17,0
DA:18,0
DA:19,0
DA:29,6
DA:31,6
DA:33,6
DA:37,0
DA:40,0
DA:42,0
DA:43,0
DA:46,0
DA:54,0
DA:55,0
DA:63,0
DA:70,0
DA:71,0
DA:74,1
LF:18
LH:5
BRDA:31,0,0,6
BRDA:31,0,1,0
BRDA:42,1,0,0
BRDA:42,1,1,0
BRF:4
BRH:1
end_of_record
TN:
SF:utils\tokenUtils.js
FN:8,generateResetToken
FN:17,hashToken
FN:31,generateToken
FNF:3
FNH:1
FNDA:0,generateResetToken
FNDA:0,hashToken
FNDA:13,generateToken
DA:1,1
DA:2,1
DA:9,0
DA:18,0
DA:32,13
DA:38,13
DA:39,2
DA:42,13
DA:49,1
LF:9
LH:7
BRDA:31,0,0,11
BRDA:38,1,0,2
BRDA:38,1,1,11
BRDA:44,2,0,13
BRDA:44,2,1,0
BRF:5
BRH:4
end_of_record
