TN:
SF:src\validators\auth.validator.js
FN:11,(anonymous_0)
FN:25,(anonymous_1)
FN:49,(anonymous_2)
FN:64,(anonymous_3)
FN:81,(anonymous_4)
FN:103,(anonymous_5)
FN:112,(anonymous_6)
FN:129,(anonymous_7)
FN:147,(anonymous_8)
FN:158,(anonymous_9)
FNF:10
FNH:10
FNDA:4,(anonymous_0)
FNDA:6,(anonymous_1)
FNDA:6,(anonymous_2)
FNDA:3,(anonymous_3)
FNDA:3,(anonymous_4)
FNDA:2,(anonymous_5)
FNDA:3,(anonymous_6)
FNDA:2,(anonymous_7)
FNDA:3,(anonymous_8)
FNDA:3,(anonymous_9)
DA:1,1
DA:2,1
DA:11,1
DA:12,4
DA:25,1
DA:26,6
DA:50,6
DA:51,6
DA:52,1
DA:54,5
DA:64,1
DA:65,3
DA:81,1
DA:82,3
DA:103,1
DA:104,2
DA:112,1
DA:113,3
DA:129,1
DA:130,2
DA:147,1
DA:148,3
DA:159,3
DA:160,1
DA:162,2
DA:167,1
LF:26
LH:26
BRDA:51,0,0,1
BRDA:51,0,1,5
BRDA:51,1,0,6
BRDA:51,1,1,5
BRDA:159,2,0,1
BRDA:159,2,1,2
BRF:6
BRH:6
end_of_record
TN:
SF:src\validators\coach.validator.js
FN:11,(anonymous_0)
FN:24,(anonymous_1)
FN:39,(anonymous_2)
FN:56,(anonymous_3)
FN:76,(anonymous_4)
FN:85,(anonymous_5)
FN:94,(anonymous_6)
FN:101,(anonymous_7)
FNF:8
FNH:7
FNDA:8,(anonymous_0)
FNDA:2,(anonymous_1)
FNDA:5,(anonymous_2)
FNDA:0,(anonymous_3)
FNDA:2,(anonymous_4)
FNDA:2,(anonymous_5)
FNDA:4,(anonymous_6)
FNDA:4,(anonymous_7)
DA:1,1
DA:2,1
DA:11,1
DA:12,8
DA:25,2
DA:26,2
DA:27,2
DA:28,1
DA:31,1
DA:39,1
DA:40,5
DA:57,0
DA:58,0
DA:59,0
DA:60,0
DA:63,0
DA:76,1
DA:77,2
DA:85,1
DA:86,2
DA:94,1
DA:95,4
DA:102,4
DA:103,4
DA:104,2
DA:106,2
DA:111,1
LF:27
LH:22
BRDA:25,0,0,2
BRDA:25,0,1,0
BRDA:27,1,0,1
BRDA:27,1,1,1
BRDA:57,2,0,0
BRDA:57,2,1,0
BRDA:59,3,0,0
BRDA:59,3,1,0
BRDA:103,4,0,2
BRDA:103,4,1,2
BRF:10
BRH:5
end_of_record
TN:
SF:src\validators\common.validator.js
FN:11,(anonymous_0)
FN:20,(anonymous_1)
FN:31,(anonymous_2)
FN:45,(anonymous_3)
FN:70,(anonymous_4)
FN:88,(anonymous_5)
FN:104,(anonymous_6)
FN:116,(anonymous_7)
FN:133,(anonymous_8)
FN:149,(anonymous_9)
FN:178,(anonymous_10)
FN:201,(anonymous_11)
FN:214,(anonymous_12)
FN:236,(anonymous_13)
FNF:14
FNH:13
FNDA:59,(anonymous_0)
FNDA:59,(anonymous_1)
FNDA:41,(anonymous_2)
FNDA:36,(anonymous_3)
FNDA:4,(anonymous_4)
FNDA:13,(anonymous_5)
FNDA:13,(anonymous_6)
FNDA:0,(anonymous_7)
FNDA:61,(anonymous_8)
FNDA:4,(anonymous_9)
FNDA:4,(anonymous_10)
FNDA:4,(anonymous_11)
FNDA:3,(anonymous_12)
FNDA:4,(anonymous_13)
DA:1,7
DA:2,7
DA:11,7
DA:12,59
DA:16,59
DA:21,59
DA:22,20
DA:24,39
DA:31,7
DA:32,41
DA:45,7
DA:46,36
DA:48,36
DA:49,1
DA:57,35
DA:70,7
DA:71,4
DA:88,7
DA:89,13
DA:105,13
DA:106,2
DA:108,11
DA:116,7
DA:117,0
DA:123,0
DA:124,0
DA:127,0
DA:133,7
DA:134,61
DA:138,61
DA:149,7
DA:155,4
DA:157,4
DA:161,4
DA:163,4
DA:164,3
DA:166,1
DA:169,4
DA:178,7
DA:184,4
DA:186,4
DA:190,4
DA:192,4
DA:193,4
DA:195,0
DA:198,4
DA:202,4
DA:203,4
DA:204,2
DA:206,2
DA:214,7
DA:215,3
DA:217,3
DA:218,1
DA:225,2
DA:236,7
DA:241,4
DA:243,4
DA:245,4
DA:247,4
DA:248,3
DA:250,1
DA:253,4
DA:258,7
LF:64
LH:59
BRDA:11,0,0,0
BRDA:12,1,0,59
BRDA:12,1,1,0
BRDA:13,2,0,0
BRDA:13,2,1,0
BRDA:21,3,0,20
BRDA:21,3,1,39
BRDA:31,4,0,5
BRDA:45,5,0,5
BRDA:45,6,0,35
BRDA:48,7,0,1
BRDA:48,7,1,35
BRDA:88,8,0,3
BRDA:88,9,0,3
BRDA:105,10,0,2
BRDA:105,10,1,11
BRDA:116,11,0,0
BRDA:123,12,0,0
BRDA:123,12,1,0
BRDA:133,13,0,61
BRDA:134,14,0,61
BRDA:134,14,1,0
BRDA:135,15,0,0
BRDA:135,15,1,0
BRDA:149,16,0,3
BRDA:151,17,0,4
BRDA:152,18,0,4
BRDA:153,19,0,3
BRDA:154,20,0,4
BRDA:157,21,0,4
BRDA:157,21,1,0
BRDA:158,22,0,0
BRDA:158,22,1,0
BRDA:163,23,0,3
BRDA:163,23,1,1
BRDA:178,24,0,2
BRDA:180,25,0,3
BRDA:181,26,0,3
BRDA:182,27,0,4
BRDA:183,28,0,4
BRDA:186,29,0,4
BRDA:186,29,1,0
BRDA:187,30,0,0
BRDA:187,30,1,0
BRDA:192,31,0,4
BRDA:192,31,1,0
BRDA:203,32,0,2
BRDA:203,32,1,2
BRDA:203,33,0,4
BRDA:203,33,1,3
BRDA:214,34,0,2
BRDA:217,35,0,1
BRDA:217,35,1,2
BRDA:236,36,0,2
BRDA:238,37,0,3
BRDA:239,38,0,4
BRDA:240,39,0,3
BRDA:247,40,0,3
BRDA:247,40,1,1
BRF:59
BRH:42
end_of_record
TN:
SF:src\validators\competition.validator.js
FN:11,(anonymous_0)
FN:26,(anonymous_1)
FN:28,(anonymous_2)
FN:62,(anonymous_3)
FN:84,(anonymous_4)
FN:101,(anonymous_5)
FN:103,(anonymous_6)
FN:131,(anonymous_7)
FN:152,(anonymous_8)
FN:174,(anonymous_9)
FN:183,(anonymous_10)
FN:192,(anonymous_11)
FN:199,(anonymous_12)
FN:210,(anonymous_13)
FN:223,(anonymous_14)
FN:230,(anonymous_15)
FN:241,(anonymous_16)
FN:256,(anonymous_17)
FNF:18
FNH:15
FNDA:10,(anonymous_0)
FNDA:10,(anonymous_1)
FNDA:18,(anonymous_2)
FNDA:3,(anonymous_3)
FNDA:4,(anonymous_4)
FNDA:0,(anonymous_5)
FNDA:0,(anonymous_6)
FNDA:1,(anonymous_7)
FNDA:0,(anonymous_8)
FNDA:2,(anonymous_9)
FNDA:2,(anonymous_10)
FNDA:4,(anonymous_11)
FNDA:4,(anonymous_12)
FNDA:4,(anonymous_13)
FNDA:3,(anonymous_14)
FNDA:3,(anonymous_15)
FNDA:3,(anonymous_16)
FNDA:3,(anonymous_17)
DA:1,1
DA:2,1
DA:11,1
DA:12,10
DA:27,10
DA:28,18
DA:29,1
DA:31,9
DA:63,3
DA:64,3
DA:65,3
DA:67,3
DA:68,4
DA:69,1
DA:71,3
DA:72,1
DA:76,1
DA:84,1
DA:85,4
DA:102,0
DA:103,0
DA:104,0
DA:106,0
DA:132,1
DA:133,1
DA:135,0
DA:153,0
DA:154,0
DA:155,0
DA:157,0
DA:158,0
DA:159,0
DA:161,0
DA:162,0
DA:166,0
DA:174,1
DA:175,2
DA:183,1
DA:184,2
DA:192,1
DA:193,4
DA:200,4
DA:201,4
DA:202,1
DA:204,3
DA:211,4
DA:212,4
DA:213,1
DA:215,3
DA:223,1
DA:224,3
DA:231,3
DA:232,3
DA:233,0
DA:235,3
DA:242,3
DA:243,3
DA:244,0
DA:246,3
DA:256,1
DA:257,3
DA:270,1
LF:62
LH:46
BRDA:28,0,0,1
BRDA:28,0,1,9
BRDA:63,1,0,3
BRDA:63,1,1,0
BRDA:63,2,0,3
BRDA:63,2,1,3
BRDA:68,3,0,1
BRDA:68,3,1,3
BRDA:68,4,0,4
BRDA:68,4,1,4
BRDA:71,5,0,1
BRDA:71,5,1,2
BRDA:71,6,0,3
BRDA:71,6,1,3
BRDA:103,7,0,0
BRDA:103,7,1,0
BRDA:132,8,0,1
BRDA:132,8,1,0
BRDA:132,9,0,1
BRDA:132,9,1,1
BRDA:153,10,0,0
BRDA:153,10,1,0
BRDA:153,11,0,0
BRDA:153,11,1,0
BRDA:158,12,0,0
BRDA:158,12,1,0
BRDA:158,13,0,0
BRDA:158,13,1,0
BRDA:161,14,0,0
BRDA:161,14,1,0
BRDA:161,15,0,0
BRDA:161,15,1,0
BRDA:201,16,0,1
BRDA:201,16,1,3
BRDA:212,17,0,1
BRDA:212,17,1,3
BRDA:232,18,0,0
BRDA:232,18,1,3
BRDA:243,19,0,0
BRDA:243,19,1,3
BRF:40
BRH:22
end_of_record
TN:
SF:src\validators\player.validator.js
FN:11,(anonymous_0)
FN:35,(anonymous_1)
FN:51,(anonymous_2)
FN:66,(anonymous_3)
FN:93,(anonymous_4)
FN:112,(anonymous_5)
FN:132,(anonymous_6)
FN:141,(anonymous_7)
FN:150,(anonymous_8)
FN:157,(anonymous_9)
FNF:10
FNH:8
FNDA:5,(anonymous_0)
FNDA:5,(anonymous_1)
FNDA:2,(anonymous_2)
FNDA:5,(anonymous_3)
FNDA:0,(anonymous_4)
FNDA:0,(anonymous_5)
FNDA:2,(anonymous_6)
FNDA:2,(anonymous_7)
FNDA:4,(anonymous_8)
FNDA:4,(anonymous_9)
DA:1,1
DA:2,1
DA:11,1
DA:12,5
DA:36,5
DA:37,5
DA:38,0
DA:40,5
DA:52,2
DA:53,2
DA:54,2
DA:55,1
DA:58,1
DA:66,1
DA:67,5
DA:94,0
DA:95,0
DA:96,0
DA:98,0
DA:113,0
DA:114,0
DA:115,0
DA:116,0
DA:119,0
DA:132,1
DA:133,2
DA:141,1
DA:142,2
DA:150,1
DA:151,4
DA:158,4
DA:159,4
DA:160,2
DA:162,2
DA:167,1
LF:35
LH:25
BRDA:37,0,0,0
BRDA:37,0,1,5
BRDA:37,1,0,5
BRDA:37,1,1,5
BRDA:52,2,0,2
BRDA:52,2,1,0
BRDA:54,3,0,1
BRDA:54,3,1,1
BRDA:95,4,0,0
BRDA:95,4,1,0
BRDA:95,5,0,0
BRDA:95,5,1,0
BRDA:113,6,0,0
BRDA:113,6,1,0
BRDA:115,7,0,0
BRDA:115,7,1,0
BRDA:159,8,0,2
BRDA:159,8,1,2
BRF:18
BRH:8
end_of_record
TN:
SF:src\validators\scoring.validator.js
FN:11,(anonymous_0)
FN:23,(anonymous_1)
FN:29,(anonymous_2)
FN:40,(anonymous_3)
FN:78,(anonymous_4)
FN:150,(anonymous_5)
FN:180,(anonymous_6)
FN:239,(anonymous_7)
FN:248,(anonymous_8)
FN:257,(anonymous_9)
FN:266,(anonymous_10)
FN:275,(anonymous_11)
FNF:12
FNH:7
FNDA:0,(anonymous_0)
FNDA:11,(anonymous_1)
FNDA:11,(anonymous_2)
FNDA:11,(anonymous_3)
FNDA:11,(anonymous_4)
FNDA:4,(anonymous_5)
FNDA:0,(anonymous_6)
FNDA:2,(anonymous_7)
FNDA:0,(anonymous_8)
FNDA:0,(anonymous_9)
FNDA:0,(anonymous_10)
FNDA:4,(anonymous_11)
DA:1,1
DA:2,1
DA:11,1
DA:12,0
DA:23,1
DA:24,11
DA:30,11
DA:31,11
DA:32,1
DA:34,10
DA:41,11
DA:42,11
DA:43,0
DA:45,11
DA:80,11
DA:81,10
DA:84,10
DA:85,1
DA:89,9
DA:90,0
DA:94,9
DA:95,0
DA:98,9
DA:99,9
DA:100,41
DA:101,41
DA:102,41
DA:103,1
DA:109,8
DA:110,0
DA:114,8
DA:115,7
DA:118,0
DA:123,8
DA:124,8
DA:125,1
DA:129,7
DA:130,7
DA:131,0
DA:136,7
DA:137,7
DA:138,0
DA:142,8
DA:150,1
DA:151,4
DA:182,0
DA:183,0
DA:185,0
DA:186,0
DA:189,0
DA:190,0
DA:193,0
DA:194,0
DA:195,0
DA:196,0
DA:197,0
DA:198,0
DA:199,0
DA:205,0
DA:206,0
DA:209,0
DA:213,0
DA:214,0
DA:215,0
DA:219,0
DA:220,0
DA:221,0
DA:225,0
DA:226,0
DA:227,0
DA:231,0
DA:239,1
DA:240,2
DA:248,1
DA:249,0
DA:257,1
DA:258,0
DA:266,1
DA:267,0
DA:275,1
DA:276,4
DA:287,1
LF:82
LH:45
BRDA:31,0,0,1
BRDA:31,0,1,10
BRDA:42,1,0,0
BRDA:42,1,1,11
BRDA:84,2,0,1
BRDA:84,2,1,9
BRDA:84,3,0,10
BRDA:84,3,1,10
BRDA:89,4,0,0
BRDA:89,4,1,9
BRDA:89,5,0,9
BRDA:89,5,1,9
BRDA:94,6,0,0
BRDA:94,6,1,9
BRDA:101,7,0,41
BRDA:101,7,1,0
BRDA:101,8,0,41
BRDA:101,8,1,41
BRDA:102,9,0,1
BRDA:102,9,1,40
BRDA:102,10,0,41
BRDA:102,10,1,41
BRDA:102,10,2,41
BRDA:109,11,0,0
BRDA:109,11,1,8
BRDA:109,12,0,8
BRDA:109,12,1,7
BRDA:114,13,0,7
BRDA:114,13,1,1
BRDA:115,14,0,0
BRDA:115,14,1,7
BRDA:115,15,0,7
BRDA:115,15,1,7
BRDA:115,15,2,7
BRDA:123,16,0,8
BRDA:123,16,1,0
BRDA:124,17,0,1
BRDA:124,17,1,7
BRDA:124,18,0,8
BRDA:124,18,1,8
BRDA:129,19,0,7
BRDA:129,19,1,0
BRDA:130,20,0,0
BRDA:130,20,1,7
BRDA:130,21,0,7
BRDA:130,21,1,7
BRDA:136,22,0,7
BRDA:136,22,1,0
BRDA:137,23,0,0
BRDA:137,23,1,7
BRDA:137,24,0,7
BRDA:137,24,1,7
BRDA:185,25,0,0
BRDA:185,25,1,0
BRDA:185,26,0,0
BRDA:185,26,1,0
BRDA:189,27,0,0
BRDA:189,27,1,0
BRDA:189,28,0,0
BRDA:189,28,1,0
BRDA:193,29,0,0
BRDA:193,29,1,0
BRDA:197,30,0,0
BRDA:197,30,1,0
BRDA:197,31,0,0
BRDA:197,31,1,0
BRDA:198,32,0,0
BRDA:198,32,1,0
BRDA:198,33,0,0
BRDA:198,33,1,0
BRDA:198,33,2,0
BRDA:205,34,0,0
BRDA:205,34,1,0
BRDA:206,35,0,0
BRDA:206,35,1,0
BRDA:206,36,0,0
BRDA:206,36,1,0
BRDA:206,36,2,0
BRDA:213,37,0,0
BRDA:213,37,1,0
BRDA:214,38,0,0
BRDA:214,38,1,0
BRDA:214,39,0,0
BRDA:214,39,1,0
BRDA:219,40,0,0
BRDA:219,40,1,0
BRDA:220,41,0,0
BRDA:220,41,1,0
BRDA:220,42,0,0
BRDA:220,42,1,0
BRDA:225,43,0,0
BRDA:225,43,1,0
BRDA:226,44,0,0
BRDA:226,44,1,0
BRDA:226,45,0,0
BRDA:226,45,1,0
BRF:96
BRH:41
end_of_record
TN:
SF:src\validators\team.validator.js
FN:11,(anonymous_0)
FN:24,(anonymous_1)
FN:43,(anonymous_2)
FN:68,(anonymous_3)
FN:77,(anonymous_4)
FN:86,(anonymous_5)
FN:93,(anonymous_6)
FN:106,(anonymous_7)
FN:116,(anonymous_8)
FNF:9
FNH:9
FNDA:8,(anonymous_0)
FNDA:8,(anonymous_1)
FNDA:5,(anonymous_2)
FNDA:2,(anonymous_3)
FNDA:2,(anonymous_4)
FNDA:4,(anonymous_5)
FNDA:4,(anonymous_6)
FNDA:3,(anonymous_7)
FNDA:2,(anonymous_8)
DA:1,1
DA:2,1
DA:11,1
DA:12,8
DA:25,8
DA:26,8
DA:27,2
DA:29,6
DA:43,1
DA:44,5
DA:68,1
DA:69,2
DA:77,1
DA:78,2
DA:86,1
DA:87,4
DA:94,4
DA:95,4
DA:96,2
DA:98,2
DA:106,1
DA:107,3
DA:116,1
DA:117,2
DA:122,1
LF:25
LH:25
BRDA:26,0,0,2
BRDA:26,0,1,6
BRDA:95,1,0,2
BRDA:95,1,1,2
BRF:4
BRH:4
end_of_record
