<?xml version="1.0" encoding="UTF-8"?>
<coverage generated="1775497842705" clover="3.2.0">
  <project timestamp="1775497842705" name="All files">
    <metrics statements="699" coveredstatements="586" conditionals="680" coveredconditionals="525" methods="164" coveredmethods="132" elements="1543" coveredelements="1243" complexity="0" loc="699" ncloc="699" packages="10" files="26" classes="26"/>
    <package name="components.design-system.accessibility">
      <metrics statements="23" coveredstatements="22" conditionals="16" coveredconditionals="14" methods="5" coveredmethods="5"/>
      <file name="LiveRegion.jsx" path="D:\Mallakhamb\Web\src\components\design-system\accessibility\LiveRegion.jsx">
        <metrics statements="23" coveredstatements="22" conditionals="16" coveredconditionals="14" methods="5" coveredmethods="5"/>
        <line num="31" count="1" type="stmt"/>
        <line num="38" count="14" type="stmt"/>
        <line num="40" count="14" type="stmt"/>
        <line num="42" count="11" type="stmt"/>
        <line num="43" count="11" type="cond" truecount="3" falsecount="1"/>
        <line num="44" count="0" type="stmt"/>
        <line num="50" count="14" type="cond" truecount="2" falsecount="0"/>
        <line num="51" count="1" type="stmt"/>
        <line num="54" count="13" type="stmt"/>
        <line num="67" count="1" type="stmt"/>
        <line num="75" count="1" type="stmt"/>
        <line num="97" count="1" type="stmt"/>
        <line num="98" count="5" type="cond" truecount="2" falsecount="0"/>
        <line num="99" count="2" type="stmt"/>
        <line num="102" count="3" type="stmt"/>
        <line num="109" count="1" type="stmt"/>
        <line num="113" count="1" type="stmt"/>
        <line num="131" count="1" type="stmt"/>
        <line num="132" count="5" type="cond" truecount="2" falsecount="0"/>
        <line num="133" count="2" type="stmt"/>
        <line num="136" count="3" type="stmt"/>
        <line num="143" count="1" type="stmt"/>
        <line num="147" count="1" type="stmt"/>
      </file>
    </package>
    <package name="components.design-system.animations">
      <metrics statements="44" coveredstatements="44" conditionals="38" coveredconditionals="34" methods="11" coveredmethods="11"/>
      <file name="FadeIn.jsx" path="D:\Mallakhamb\Web\src\components\design-system\animations\FadeIn.jsx">
        <metrics statements="30" coveredstatements="30" conditionals="30" coveredconditionals="28" methods="6" coveredmethods="6"/>
        <line num="22" count="7" type="stmt"/>
        <line num="28" count="320" type="stmt"/>
        <line num="29" count="320" type="stmt"/>
        <line num="30" count="320" type="stmt"/>
        <line num="31" count="320" type="stmt"/>
        <line num="33" count="320" type="stmt"/>
        <line num="34" count="271" type="stmt"/>
        <line num="35" count="271" type="cond" truecount="1" falsecount="1"/>
        <line num="38" count="271" type="cond" truecount="4" falsecount="0"/>
        <line num="39" count="14" type="stmt"/>
        <line num="40" count="14" type="stmt"/>
        <line num="44" count="257" type="stmt"/>
        <line num="46" count="15" type="stmt"/>
        <line num="47" count="15" type="cond" truecount="4" falsecount="0"/>
        <line num="48" count="13" type="stmt"/>
        <line num="49" count="13" type="stmt"/>
        <line num="59" count="257" type="stmt"/>
        <line num="62" count="257" type="stmt"/>
        <line num="63" count="257" type="cond" truecount="1" falsecount="1"/>
        <line num="64" count="257" type="stmt"/>
        <line num="70" count="320" type="stmt"/>
        <line num="71" count="320" type="cond" truecount="4" falsecount="0"/>
        <line num="73" count="292" type="cond" truecount="5" falsecount="0"/>
        <line num="75" count="288" type="stmt"/>
        <line num="77" count="1" type="stmt"/>
        <line num="79" count="1" type="stmt"/>
        <line num="81" count="1" type="stmt"/>
        <line num="83" count="1" type="stmt"/>
        <line num="88" count="320" type="stmt"/>
        <line num="96" count="320" type="stmt"/>
      </file>
      <file name="useReducedMotion.js" path="D:\Mallakhamb\Web\src\components\design-system\animations\useReducedMotion.js">
        <metrics statements="14" coveredstatements="14" conditionals="8" coveredconditionals="6" methods="5" coveredmethods="5"/>
        <line num="18" count="10" type="stmt"/>
        <line num="19" count="593" type="stmt"/>
        <line num="21" count="317" type="cond" truecount="3" falsecount="1"/>
        <line num="23" count="317" type="stmt"/>
        <line num="24" count="317" type="stmt"/>
        <line num="27" count="593" type="stmt"/>
        <line num="29" count="313" type="cond" truecount="3" falsecount="1"/>
        <line num="31" count="313" type="stmt"/>
        <line num="34" count="313" type="stmt"/>
        <line num="35" count="2" type="stmt"/>
        <line num="39" count="313" type="stmt"/>
        <line num="42" count="313" type="stmt"/>
        <line num="43" count="313" type="stmt"/>
        <line num="47" count="593" type="stmt"/>
      </file>
    </package>
    <package name="components.design-system.audit">
      <metrics statements="34" coveredstatements="30" conditionals="16" coveredconditionals="16" methods="21" coveredmethods="19"/>
      <file name="DesignTokenAudit.jsx" path="D:\Mallakhamb\Web\src\components\design-system\audit\DesignTokenAudit.jsx">
        <metrics statements="34" coveredstatements="30" conditionals="16" coveredconditionals="16" methods="21" coveredmethods="19"/>
        <line num="11" count="1" type="stmt"/>
        <line num="12" count="28" type="stmt"/>
        <line num="14" count="28" type="stmt"/>
        <line num="53" count="112" type="stmt"/>
        <line num="55" count="8" type="stmt"/>
        <line num="87" count="1" type="stmt"/>
        <line num="88" count="20" type="stmt"/>
        <line num="231" count="80" type="stmt"/>
        <line num="257" count="120" type="stmt"/>
        <line num="285" count="1" type="stmt"/>
        <line num="286" count="160" type="stmt"/>
        <line num="315" count="800" type="stmt"/>
        <line num="330" count="1" type="stmt"/>
        <line num="331" count="801" type="stmt"/>
        <line num="333" count="801" type="stmt"/>
        <line num="334" count="1" type="stmt"/>
        <line num="335" count="1" type="stmt"/>
        <line num="336" count="1" type="stmt"/>
        <line num="339" count="801" type="stmt"/>
        <line num="351" count="0" type="stmt"/>
        <line num="352" count="0" type="stmt"/>
        <line num="355" count="0" type="stmt"/>
        <line num="356" count="0" type="stmt"/>
        <line num="398" count="1" type="stmt"/>
        <line num="399" count="3" type="stmt"/>
        <line num="422" count="24" type="stmt"/>
        <line num="458" count="1" type="stmt"/>
        <line num="459" count="2" type="stmt"/>
        <line num="484" count="18" type="stmt"/>
        <line num="538" count="10" type="stmt"/>
        <line num="578" count="1" type="stmt"/>
        <line num="579" count="3" type="stmt"/>
        <line num="608" count="18" type="stmt"/>
        <line num="666" count="18" type="stmt"/>
      </file>
    </package>
    <package name="components.design-system.backgrounds">
      <metrics statements="43" coveredstatements="43" conditionals="28" coveredconditionals="25" methods="9" coveredmethods="9"/>
      <file name="Constellation.jsx" path="D:\Mallakhamb\Web\src\components\design-system\backgrounds\Constellation.jsx">
        <metrics statements="21" coveredstatements="21" conditionals="7" coveredconditionals="7" methods="5" coveredmethods="5"/>
        <line num="22" count="1" type="stmt"/>
        <line num="29" count="13" type="stmt"/>
        <line num="32" count="13" type="stmt"/>
        <line num="33" count="12" type="stmt"/>
        <line num="34" count="12" type="stmt"/>
        <line num="35" count="490" type="stmt"/>
        <line num="41" count="12" type="stmt"/>
        <line num="45" count="13" type="stmt"/>
        <line num="46" count="12" type="stmt"/>
        <line num="48" count="12" type="stmt"/>
        <line num="49" count="490" type="stmt"/>
        <line num="50" count="11305" type="stmt"/>
        <line num="51" count="11305" type="stmt"/>
        <line num="52" count="11305" type="stmt"/>
        <line num="55" count="11305" type="cond" truecount="2" falsecount="0"/>
        <line num="56" count="675" type="stmt"/>
        <line num="66" count="12" type="stmt"/>
        <line num="69" count="13" type="stmt"/>
        <line num="83" count="678" type="stmt"/>
        <line num="97" count="500" type="stmt"/>
        <line num="110" count="1" type="stmt"/>
      </file>
      <file name="DiagonalBurst.jsx" path="D:\Mallakhamb\Web\src\components\design-system\backgrounds\DiagonalBurst.jsx">
        <metrics statements="6" coveredstatements="6" conditionals="6" coveredconditionals="5" methods="1" coveredmethods="1"/>
        <line num="21" count="1" type="stmt"/>
        <line num="27" count="14" type="stmt"/>
        <line num="30" count="14" type="stmt"/>
        <line num="37" count="14" type="cond" truecount="1" falsecount="1"/>
        <line num="39" count="14" type="stmt"/>
        <line num="52" count="1" type="stmt"/>
      </file>
      <file name="HexGrid.jsx" path="D:\Mallakhamb\Web\src\components\design-system\backgrounds\HexGrid.jsx">
        <metrics statements="4" coveredstatements="4" conditionals="3" coveredconditionals="3" methods="1" coveredmethods="1"/>
        <line num="20" count="2" type="cond" truecount="3" falsecount="0"/>
        <line num="21" count="12" type="stmt"/>
        <line num="23" count="12" type="stmt"/>
        <line num="80" count="2" type="stmt"/>
      </file>
      <file name="HexMesh.jsx" path="D:\Mallakhamb\Web\src\components\design-system\backgrounds\HexMesh.jsx">
        <metrics statements="4" coveredstatements="4" conditionals="3" coveredconditionals="3" methods="1" coveredmethods="1"/>
        <line num="20" count="2" type="cond" truecount="3" falsecount="0"/>
        <line num="21" count="102" type="stmt"/>
        <line num="23" count="102" type="stmt"/>
        <line num="90" count="2" type="stmt"/>
      </file>
      <file name="RadialBurst.jsx" path="D:\Mallakhamb\Web\src\components\design-system\backgrounds\RadialBurst.jsx">
        <metrics statements="8" coveredstatements="8" conditionals="9" coveredconditionals="7" methods="1" coveredmethods="1"/>
        <line num="22" count="2" type="stmt"/>
        <line num="29" count="52" type="stmt"/>
        <line num="32" count="52" type="stmt"/>
        <line num="39" count="52" type="stmt"/>
        <line num="47" count="52" type="cond" truecount="1" falsecount="1"/>
        <line num="48" count="52" type="cond" truecount="1" falsecount="1"/>
        <line num="50" count="52" type="stmt"/>
        <line num="67" count="2" type="stmt"/>
      </file>
    </package>
    <package name="components.design-system.cards">
      <metrics statements="66" coveredstatements="53" conditionals="49" coveredconditionals="40" methods="16" coveredmethods="14"/>
      <file name="DarkCard.jsx" path="D:\Mallakhamb\Web\src\components\design-system\cards\DarkCard.jsx">
        <metrics statements="14" coveredstatements="13" conditionals="19" coveredconditionals="16" methods="4" coveredmethods="3"/>
        <line num="38" count="5" type="cond" truecount="3" falsecount="0"/>
        <line num="39" count="67" type="stmt"/>
        <line num="40" count="67" type="stmt"/>
        <line num="41" count="67" type="stmt"/>
        <line num="44" count="67" type="cond" truecount="2" falsecount="0"/>
        <line num="45" count="67" type="stmt"/>
        <line num="50" count="67" type="cond" truecount="1" falsecount="1"/>
        <line num="53" count="67" type="stmt"/>
        <line num="62" count="67" type="stmt"/>
        <line num="66" count="2" type="cond" truecount="2" falsecount="0"/>
        <line num="67" count="0" type="cond" truecount="0" falsecount="2"/>
        <line num="74" count="5" type="stmt"/>
        <line num="89" count="5" type="stmt"/>
        <line num="97" count="5" type="stmt"/>
      </file>
      <file name="GlassCard.jsx" path="D:\Mallakhamb\Web\src\components\design-system\cards\GlassCard.jsx">
        <metrics statements="10" coveredstatements="10" conditionals="6" coveredconditionals="4" methods="2" coveredmethods="2"/>
        <line num="30" count="4" type="cond" truecount="2" falsecount="0"/>
        <line num="31" count="20" type="stmt"/>
        <line num="34" count="20" type="cond" truecount="1" falsecount="1"/>
        <line num="35" count="20" type="stmt"/>
        <line num="40" count="20" type="cond" truecount="1" falsecount="1"/>
        <line num="43" count="20" type="stmt"/>
        <line num="50" count="20" type="stmt"/>
        <line num="60" count="4" type="stmt"/>
        <line num="74" count="4" type="stmt"/>
        <line num="81" count="4" type="stmt"/>
      </file>
      <file name="StatCard.jsx" path="D:\Mallakhamb\Web\src\components\design-system\cards\StatCard.jsx">
        <metrics statements="17" coveredstatements="17" conditionals="17" coveredconditionals="14" methods="6" coveredmethods="6"/>
        <line num="52" count="5" type="stmt"/>
        <line num="64" count="141" type="stmt"/>
        <line num="67" count="141" type="cond" truecount="1" falsecount="1"/>
        <line num="68" count="141" type="stmt"/>
        <line num="73" count="141" type="cond" truecount="1" falsecount="1"/>
        <line num="76" count="141" type="cond" truecount="2" falsecount="0"/>
        <line num="77" count="141" type="stmt"/>
        <line num="82" count="141" type="cond" truecount="1" falsecount="1"/>
        <line num="85" count="141" type="stmt"/>
        <line num="91" count="141" type="stmt"/>
        <line num="98" count="141" type="stmt"/>
        <line num="105" count="141" type="stmt"/>
        <line num="113" count="141" type="stmt"/>
        <line num="119" count="141" type="stmt"/>
        <line num="134" count="5" type="stmt"/>
        <line num="161" count="5" type="stmt"/>
        <line num="172" count="5" type="stmt"/>
      </file>
      <file name="TiltCard.jsx" path="D:\Mallakhamb\Web\src\components\design-system\cards\TiltCard.jsx">
        <metrics statements="25" coveredstatements="13" conditionals="7" coveredconditionals="6" methods="4" coveredmethods="3"/>
        <line num="30" count="2" type="cond" truecount="3" falsecount="0"/>
        <line num="31" count="5" type="stmt"/>
        <line num="32" count="5" type="stmt"/>
        <line num="33" count="5" type="stmt"/>
        <line num="35" count="5" type="stmt"/>
        <line num="36" count="1" type="cond" truecount="1" falsecount="1"/>
        <line num="38" count="0" type="stmt"/>
        <line num="39" count="0" type="stmt"/>
        <line num="40" count="0" type="stmt"/>
        <line num="41" count="0" type="stmt"/>
        <line num="42" count="0" type="stmt"/>
        <line num="43" count="0" type="stmt"/>
        <line num="46" count="0" type="stmt"/>
        <line num="47" count="0" type="stmt"/>
        <line num="49" count="0" type="stmt"/>
        <line num="50" count="0" type="stmt"/>
        <line num="53" count="5" type="stmt"/>
        <line num="54" count="0" type="stmt"/>
        <line num="55" count="0" type="stmt"/>
        <line num="58" count="5" type="stmt"/>
        <line num="70" count="5" type="cond" truecount="2" falsecount="0"/>
        <line num="84" count="5" type="stmt"/>
        <line num="97" count="2" type="stmt"/>
        <line num="104" count="2" type="stmt"/>
        <line num="111" count="2" type="stmt"/>
      </file>
    </package>
    <package name="components.design-system.forms">
      <metrics statements="44" coveredstatements="44" conditionals="103" coveredconditionals="96" methods="6" coveredmethods="6"/>
      <file name="ThemedButton.jsx" path="D:\Mallakhamb\Web\src\components\design-system\forms\ThemedButton.jsx">
        <metrics statements="14" coveredstatements="14" conditionals="37" coveredconditionals="32" methods="2" coveredmethods="2"/>
        <line num="48" count="6" type="stmt"/>
        <line num="59" count="234" type="stmt"/>
        <line num="60" count="234" type="stmt"/>
        <line num="62" count="234" type="cond" truecount="2" falsecount="0"/>
        <line num="65" count="234" type="cond" truecount="2" falsecount="0"/>
        <line num="68" count="234" type="stmt"/>
        <line num="75" count="234" type="stmt"/>
        <line num="76" count="234" type="stmt"/>
        <line num="107" count="234" type="cond" truecount="1" falsecount="1"/>
        <line num="110" count="234" type="stmt"/>
        <line num="112" count="234" type="stmt"/>
        <line num="176" count="6" type="stmt"/>
        <line num="178" count="6" type="stmt"/>
        <line num="196" count="6" type="stmt"/>
      </file>
      <file name="ThemedInput.jsx" path="D:\Mallakhamb\Web\src\components\design-system\forms\ThemedInput.jsx">
        <metrics statements="15" coveredstatements="15" conditionals="34" coveredconditionals="32" methods="1" coveredmethods="1"/>
        <line num="49" count="6" type="stmt"/>
        <line num="60" count="886" type="stmt"/>
        <line num="61" count="886" type="stmt"/>
        <line num="63" count="886" type="stmt"/>
        <line num="64" count="886" type="cond" truecount="2" falsecount="0"/>
        <line num="67" count="886" type="cond" truecount="2" falsecount="0"/>
        <line num="68" count="886" type="stmt"/>
        <line num="73" count="886" type="cond" truecount="1" falsecount="1"/>
        <line num="76" count="886" type="cond" truecount="2" falsecount="0"/>
        <line num="77" count="886" type="stmt"/>
        <line num="82" count="886" type="cond" truecount="1" falsecount="1"/>
        <line num="84" count="886" type="stmt"/>
        <line num="192" count="6" type="stmt"/>
        <line num="194" count="6" type="stmt"/>
        <line num="219" count="6" type="stmt"/>
      </file>
      <file name="ThemedSelect.jsx" path="D:\Mallakhamb\Web\src\components\design-system\forms\ThemedSelect.jsx">
        <metrics statements="7" coveredstatements="7" conditionals="15" coveredconditionals="15" methods="2" coveredmethods="2"/>
        <line num="36" count="6" type="stmt"/>
        <line num="45" count="63" type="stmt"/>
        <line num="47" count="63" type="stmt"/>
        <line num="104" count="131" type="stmt"/>
        <line num="135" count="6" type="stmt"/>
        <line num="137" count="6" type="stmt"/>
        <line num="151" count="6" type="stmt"/>
      </file>
      <file name="ThemedTextarea.jsx" path="D:\Mallakhamb\Web\src\components\design-system\forms\ThemedTextarea.jsx">
        <metrics statements="8" coveredstatements="8" conditionals="17" coveredconditionals="17" methods="1" coveredmethods="1"/>
        <line num="32" count="5" type="stmt"/>
        <line num="40" count="23" type="stmt"/>
        <line num="42" count="23" type="stmt"/>
        <line num="43" count="23" type="cond" truecount="2" falsecount="0"/>
        <line num="45" count="23" type="stmt"/>
        <line num="119" count="5" type="stmt"/>
        <line num="121" count="5" type="stmt"/>
        <line num="129" count="5" type="stmt"/>
      </file>
    </package>
    <package name="components.design-system.ornaments">
      <metrics statements="29" coveredstatements="29" conditionals="41" coveredconditionals="36" methods="3" coveredmethods="3"/>
      <file name="CoachOrnament.jsx" path="D:\Mallakhamb\Web\src\components\design-system\ornaments\CoachOrnament.jsx">
        <metrics statements="8" coveredstatements="8" conditionals="14" coveredconditionals="11" methods="1" coveredmethods="1"/>
        <line num="21" count="1" type="cond" truecount="1" falsecount="0"/>
        <line num="22" count="12" type="stmt"/>
        <line num="23" count="12" type="stmt"/>
        <line num="26" count="12" type="cond" truecount="2" falsecount="1"/>
        <line num="29" count="12" type="cond" truecount="2" falsecount="0"/>
        <line num="34" count="12" type="stmt"/>
        <line num="40" count="12" type="cond" truecount="1" falsecount="1"/>
        <line num="42" count="12" type="stmt"/>
      </file>
      <file name="GradientText.jsx" path="D:\Mallakhamb\Web\src\components\design-system\ornaments\GradientText.jsx">
        <metrics statements="14" coveredstatements="14" conditionals="15" coveredconditionals="14" methods="1" coveredmethods="1"/>
        <line num="24" count="1" type="stmt"/>
        <line num="30" count="14" type="stmt"/>
        <line num="31" count="14" type="stmt"/>
        <line num="36" count="14" type="cond" truecount="5" falsecount="0"/>
        <line num="38" count="1" type="stmt"/>
        <line num="39" count="13" type="cond" truecount="2" falsecount="0"/>
        <line num="41" count="12" type="stmt"/>
        <line num="48" count="1" type="stmt"/>
        <line num="56" count="14" type="stmt"/>
        <line num="59" count="14" type="stmt"/>
        <line num="67" count="14" type="cond" truecount="2" falsecount="0"/>
        <line num="69" count="14" type="cond" truecount="2" falsecount="0"/>
        <line num="70" count="1" type="stmt"/>
        <line num="92" count="13" type="stmt"/>
      </file>
      <file name="ShieldOrnament.jsx" path="D:\Mallakhamb\Web\src\components\design-system\ornaments\ShieldOrnament.jsx">
        <metrics statements="7" coveredstatements="7" conditionals="12" coveredconditionals="11" methods="1" coveredmethods="1"/>
        <line num="21" count="1" type="cond" truecount="1" falsecount="0"/>
        <line num="22" count="14" type="stmt"/>
        <line num="23" count="14" type="stmt"/>
        <line num="26" count="14" type="cond" truecount="2" falsecount="1"/>
        <line num="29" count="14" type="stmt"/>
        <line num="35" count="14" type="cond" truecount="2" falsecount="0"/>
        <line num="37" count="14" type="stmt"/>
      </file>
    </package>
    <package name="components.design-system.theme">
      <metrics statements="38" coveredstatements="38" conditionals="22" coveredconditionals="18" methods="8" coveredmethods="8"/>
      <file name="ThemeProvider.jsx" path="D:\Mallakhamb\Web\src\components\design-system\theme\ThemeProvider.jsx">
        <metrics statements="30" coveredstatements="30" conditionals="14" coveredconditionals="11" methods="7" coveredmethods="7"/>
        <line num="9" count="15" type="stmt"/>
        <line num="16" count="15" type="stmt"/>
        <line num="18" count="62" type="stmt"/>
        <line num="20" count="62" type="cond" truecount="2" falsecount="0"/>
        <line num="22" count="58" type="stmt"/>
        <line num="25" count="58" type="stmt"/>
        <line num="34" count="58" type="cond" truecount="2" falsecount="0"/>
        <line num="42" count="15" type="stmt"/>
        <line num="43" count="34" type="stmt"/>
        <line num="46" count="34" type="stmt"/>
        <line num="47" count="34" type="stmt"/>
        <line num="48" count="34" type="cond" truecount="1" falsecount="1"/>
        <line num="55" count="34" type="stmt"/>
        <line num="56" count="34" type="cond" truecount="1" falsecount="1"/>
        <line num="59" count="34" type="cond" truecount="1" falsecount="1"/>
        <line num="63" count="34" type="stmt"/>
        <line num="82" count="15" type="stmt"/>
        <line num="89" count="15" type="stmt"/>
        <line num="90" count="278" type="cond" truecount="2" falsecount="0"/>
        <line num="91" count="34" type="stmt"/>
        <line num="93" count="278" type="stmt"/>
        <line num="117" count="15" type="stmt"/>
        <line num="118" count="283" type="stmt"/>
        <line num="121" count="283" type="stmt"/>
        <line num="122" count="282" type="cond" truecount="2" falsecount="0"/>
        <line num="127" count="283" type="stmt"/>
        <line num="128" count="278" type="stmt"/>
        <line num="132" count="283" type="stmt"/>
        <line num="139" count="15" type="stmt"/>
        <line num="144" count="15" type="stmt"/>
      </file>
      <file name="useTheme.js" path="D:\Mallakhamb\Web\src\components\design-system\theme\useTheme.js">
        <metrics statements="8" coveredstatements="8" conditionals="8" coveredconditionals="7" methods="1" coveredmethods="1"/>
        <line num="8" count="15" type="stmt"/>
        <line num="42" count="15" type="stmt"/>
        <line num="43" count="1490" type="stmt"/>
        <line num="44" count="1490" type="stmt"/>
        <line num="45" count="1490" type="cond" truecount="1" falsecount="1"/>
        <line num="48" count="1490" type="cond" truecount="4" falsecount="0"/>
        <line num="49" count="4" type="stmt"/>
        <line num="56" count="1484" type="cond" truecount="2" falsecount="0"/>
      </file>
    </package>
    <package name="pages.unified">
      <metrics statements="329" coveredstatements="235" conditionals="351" coveredconditionals="233" methods="78" coveredmethods="50"/>
      <file name="UnifiedCompetitionSelection.jsx" path="D:\Mallakhamb\Web\src\pages\unified\UnifiedCompetitionSelection.jsx">
        <metrics statements="111" coveredstatements="60" conditionals="140" coveredconditionals="91" methods="22" coveredmethods="10"/>
        <line num="23" count="1" type="stmt"/>
        <line num="30" count="1" type="stmt"/>
        <line num="31" count="79" type="stmt"/>
        <line num="32" count="79" type="cond" truecount="1" falsecount="1"/>
        <line num="33" count="79" type="stmt"/>
        <line num="34" count="79" type="cond" truecount="2" falsecount="0"/>
        <line num="42" count="1" type="stmt"/>
        <line num="43" count="57" type="stmt"/>
        <line num="81" count="57" type="cond" truecount="1" falsecount="1"/>
        <line num="87" count="1" type="stmt"/>
        <line num="88" count="57" type="stmt"/>
        <line num="89" count="57" type="stmt"/>
        <line num="90" count="57" type="stmt"/>
        <line num="91" count="57" type="stmt"/>
        <line num="92" count="57" type="stmt"/>
        <line num="94" count="57" type="stmt"/>
        <line num="95" count="57" type="stmt"/>
        <line num="97" count="57" type="stmt"/>
        <line num="98" count="57" type="stmt"/>
        <line num="99" count="57" type="stmt"/>
        <line num="100" count="57" type="stmt"/>
        <line num="101" count="57" type="stmt"/>
        <line num="102" count="57" type="stmt"/>
        <line num="103" count="57" type="stmt"/>
        <line num="106" count="57" type="stmt"/>
        <line num="107" count="22" type="stmt"/>
        <line num="108" count="22" type="cond" truecount="2" falsecount="0"/>
        <line num="109" count="14" type="stmt"/>
        <line num="110" count="14" type="stmt"/>
        <line num="112" count="0" type="stmt"/>
        <line num="118" count="57" type="stmt"/>
        <line num="119" count="22" type="stmt"/>
        <line num="125" count="57" type="stmt"/>
        <line num="126" count="22" type="stmt"/>
        <line num="127" count="22" type="stmt"/>
        <line num="128" count="22" type="stmt"/>
        <line num="130" count="22" type="cond" truecount="2" falsecount="0"/>
        <line num="131" count="14" type="stmt"/>
        <line num="132" count="10" type="cond" truecount="1" falsecount="1"/>
        <line num="134" count="8" type="stmt"/>
        <line num="135" count="7" type="cond" truecount="1" falsecount="1"/>
        <line num="138" count="4" type="stmt"/>
        <line num="139" count="4" type="stmt"/>
        <line num="144" count="4" type="cond" truecount="2" falsecount="0"/>
        <line num="146" count="21" type="stmt"/>
        <line num="153" count="57" type="stmt"/>
        <line num="154" count="0" type="cond" truecount="0" falsecount="2"/>
        <line num="155" count="0" type="stmt"/>
        <line num="156" count="0" type="stmt"/>
        <line num="159" count="0" type="stmt"/>
        <line num="160" count="0" type="stmt"/>
        <line num="161" count="0" type="cond" truecount="0" falsecount="2"/>
        <line num="163" count="0" type="stmt"/>
        <line num="166" count="0" type="stmt"/>
        <line num="167" count="0" type="cond" truecount="0" falsecount="2"/>
        <line num="168" count="0" type="stmt"/>
        <line num="180" count="0" type="cond" truecount="0" falsecount="2"/>
        <line num="181" count="0" type="stmt"/>
        <line num="182" count="0" type="cond" truecount="0" falsecount="2"/>
        <line num="185" count="0" type="stmt"/>
        <line num="186" count="0" type="stmt"/>
        <line num="187" count="0" type="stmt"/>
        <line num="190" count="0" type="stmt"/>
        <line num="195" count="0" type="stmt"/>
        <line num="197" count="0" type="cond" truecount="0" falsecount="2"/>
        <line num="198" count="0" type="stmt"/>
        <line num="200" count="0" type="stmt"/>
        <line num="201" count="0" type="cond" truecount="0" falsecount="2"/>
        <line num="202" count="0" type="stmt"/>
        <line num="203" count="0" type="cond" truecount="0" falsecount="3"/>
        <line num="204" count="0" type="stmt"/>
        <line num="205" count="0" type="stmt"/>
        <line num="209" count="0" type="stmt"/>
        <line num="213" count="0" type="stmt"/>
        <line num="214" count="0" type="stmt"/>
        <line num="217" count="0" type="stmt"/>
        <line num="219" count="0" type="cond" truecount="0" falsecount="3"/>
        <line num="222" count="0" type="stmt"/>
        <line num="224" count="0" type="stmt"/>
        <line num="231" count="57" type="stmt"/>
        <line num="232" count="26" type="cond" truecount="1" falsecount="1"/>
        <line num="233" count="0" type="stmt"/>
        <line num="235" count="0" type="cond" truecount="0" falsecount="2"/>
        <line num="236" count="0" type="stmt"/>
        <line num="237" count="0" type="stmt"/>
        <line num="240" count="0" type="stmt"/>
        <line num="241" count="0" type="stmt"/>
        <line num="249" count="57" type="stmt"/>
        <line num="250" count="16" type="cond" truecount="2" falsecount="0"/>
        <line num="251" count="8" type="stmt"/>
        <line num="253" count="8" type="cond" truecount="1" falsecount="1"/>
        <line num="254" count="8" type="stmt"/>
        <line num="256" count="0" type="stmt"/>
        <line num="260" count="57" type="cond" truecount="2" falsecount="0"/>
        <line num="261" count="36" type="stmt"/>
        <line num="282" count="21" type="stmt"/>
        <line num="323" count="0" type="stmt"/>
        <line num="324" count="0" type="stmt"/>
        <line num="325" count="0" type="stmt"/>
        <line num="415" count="0" type="stmt"/>
        <line num="435" count="0" type="stmt"/>
        <line num="441" count="0" type="stmt"/>
        <line num="442" count="0" type="stmt"/>
        <line num="447" count="0" type="stmt"/>
        <line num="464" count="0" type="stmt"/>
        <line num="478" count="26" type="stmt"/>
        <line num="480" count="0" type="stmt"/>
        <line num="652" count="1" type="stmt"/>
        <line num="653" count="22" type="stmt"/>
        <line num="654" count="22" type="stmt"/>
        <line num="656" count="22" type="stmt"/>
      </file>
      <file name="UnifiedDashboard.jsx" path="D:\Mallakhamb\Web\src\pages\unified\UnifiedDashboard.jsx">
        <metrics statements="146" coveredstatements="105" conditionals="147" coveredconditionals="90" methods="40" coveredmethods="26"/>
        <line num="36" count="16" type="cond" truecount="1" falsecount="1"/>
        <line num="41" count="16" type="cond" truecount="1" falsecount="1"/>
        <line num="46" count="1" type="stmt"/>
        <line num="47" count="16" type="stmt"/>
        <line num="51" count="0" type="stmt"/>
        <line num="53" count="16" type="stmt"/>
        <line num="54" count="16" type="cond" truecount="2" falsecount="0"/>
        <line num="55" count="48" type="cond" truecount="1" falsecount="1"/>
        <line num="56" count="16" type="cond" truecount="2" falsecount="2"/>
        <line num="58" count="16" type="stmt"/>
        <line num="75" count="0" type="stmt"/>
        <line num="98" count="1" type="cond" truecount="1" falsecount="0"/>
        <line num="99" count="64" type="stmt"/>
        <line num="122" count="1" type="stmt"/>
        <line num="123" count="55" type="stmt"/>
        <line num="124" count="55" type="stmt"/>
        <line num="125" count="55" type="stmt"/>
        <line num="126" count="55" type="stmt"/>
        <line num="127" count="55" type="stmt"/>
        <line num="128" count="55" type="stmt"/>
        <line num="130" count="55" type="stmt"/>
        <line num="131" count="55" type="cond" truecount="2" falsecount="0"/>
        <line num="132" count="55" type="stmt"/>
        <line num="135" count="55" type="cond" truecount="2" falsecount="0"/>
        <line num="136" count="55" type="cond" truecount="2" falsecount="0"/>
        <line num="138" count="55" type="cond" truecount="4" falsecount="0"/>
        <line num="141" count="55" type="stmt"/>
        <line num="142" count="55" type="stmt"/>
        <line num="143" count="55" type="stmt"/>
        <line num="144" count="55" type="stmt"/>
        <line num="145" count="55" type="stmt"/>
        <line num="146" count="55" type="stmt"/>
        <line num="147" count="55" type="stmt"/>
        <line num="148" count="55" type="stmt"/>
        <line num="149" count="55" type="stmt"/>
        <line num="150" count="55" type="stmt"/>
        <line num="151" count="55" type="stmt"/>
        <line num="152" count="55" type="stmt"/>
        <line num="154" count="55" type="stmt"/>
        <line num="155" count="55" type="stmt"/>
        <line num="156" count="55" type="stmt"/>
        <line num="159" count="55" type="cond" truecount="2" falsecount="0"/>
        <line num="175" count="55" type="stmt"/>
        <line num="176" count="19" type="stmt"/>
        <line num="177" count="19" type="stmt"/>
        <line num="178" count="19" type="stmt"/>
        <line num="182" count="55" type="stmt"/>
        <line num="183" count="19" type="cond" truecount="1" falsecount="1"/>
        <line num="184" count="19" type="stmt"/>
        <line num="188" count="55" type="stmt"/>
        <line num="189" count="19" type="cond" truecount="4" falsecount="0"/>
        <line num="190" count="7" type="stmt"/>
        <line num="191" count="7" type="stmt"/>
        <line num="192" count="12" type="cond" truecount="3" falsecount="1"/>
        <line num="193" count="12" type="stmt"/>
        <line num="194" count="12" type="stmt"/>
        <line num="198" count="55" type="stmt"/>
        <line num="199" count="7" type="stmt"/>
        <line num="200" count="7" type="stmt"/>
        <line num="201" count="7" type="cond" truecount="1" falsecount="1"/>
        <line num="203" count="0" type="stmt"/>
        <line num="207" count="55" type="stmt"/>
        <line num="208" count="7" type="stmt"/>
        <line num="209" count="7" type="stmt"/>
        <line num="210" count="7" type="cond" truecount="1" falsecount="1"/>
        <line num="211" count="7" type="stmt"/>
        <line num="215" count="7" type="stmt"/>
        <line num="216" count="7" type="stmt"/>
        <line num="218" count="0" type="cond" truecount="0" falsecount="2"/>
        <line num="219" count="0" type="stmt"/>
        <line num="221" count="0" type="stmt"/>
        <line num="224" count="7" type="stmt"/>
        <line num="228" count="55" type="stmt"/>
        <line num="229" count="12" type="stmt"/>
        <line num="230" count="12" type="stmt"/>
        <line num="231" count="12" type="stmt"/>
        <line num="232" count="12" type="stmt"/>
        <line num="234" count="0" type="cond" truecount="0" falsecount="2"/>
        <line num="235" count="0" type="stmt"/>
        <line num="237" count="0" type="stmt"/>
        <line num="240" count="12" type="stmt"/>
        <line num="244" count="55" type="stmt"/>
        <line num="245" count="12" type="stmt"/>
        <line num="246" count="12" type="stmt"/>
        <line num="247" count="12" type="stmt"/>
        <line num="248" count="12" type="cond" truecount="1" falsecount="1"/>
        <line num="250" count="0" type="stmt"/>
        <line num="252" count="12" type="stmt"/>
        <line num="256" count="55" type="stmt"/>
        <line num="257" count="0" type="stmt"/>
        <line num="262" count="0" type="stmt"/>
        <line num="263" count="0" type="stmt"/>
        <line num="264" count="0" type="stmt"/>
        <line num="265" count="0" type="stmt"/>
        <line num="266" count="0" type="stmt"/>
        <line num="267" count="0" type="stmt"/>
        <line num="269" count="0" type="cond" truecount="0" falsecount="2"/>
        <line num="271" count="0" type="stmt"/>
        <line num="277" count="55" type="stmt"/>
        <line num="278" count="0" type="stmt"/>
        <line num="279" count="0" type="stmt"/>
        <line num="280" count="0" type="stmt"/>
        <line num="283" count="55" type="stmt"/>
        <line num="284" count="5" type="cond" truecount="2" falsecount="0"/>
        <line num="285" count="5" type="cond" truecount="1" falsecount="1"/>
        <line num="286" count="5" type="stmt"/>
        <line num="290" count="55" type="stmt"/>
        <line num="291" count="16" type="stmt"/>
        <line num="350" count="16" type="cond" truecount="2" falsecount="0"/>
        <line num="352" count="16" type="stmt"/>
        <line num="367" count="16" type="cond" truecount="1" falsecount="1"/>
        <line num="369" count="0" type="stmt"/>
        <line num="385" count="55" type="stmt"/>
        <line num="386" count="8" type="stmt"/>
        <line num="423" count="0" type="cond" truecount="0" falsecount="2"/>
        <line num="430" count="16" type="stmt"/>
        <line num="459" count="55" type="stmt"/>
        <line num="460" count="24" type="cond" truecount="2" falsecount="0"/>
        <line num="461" count="8" type="cond" truecount="1" falsecount="6"/>
        <line num="463" count="8" type="stmt"/>
        <line num="465" count="0" type="stmt"/>
        <line num="467" count="0" type="stmt"/>
        <line num="469" count="0" type="stmt"/>
        <line num="471" count="0" type="stmt"/>
        <line num="473" count="0" type="stmt"/>
        <line num="475" count="0" type="stmt"/>
        <line num="478" count="16" type="cond" truecount="1" falsecount="5"/>
        <line num="480" count="16" type="stmt"/>
        <line num="482" count="0" type="stmt"/>
        <line num="484" count="0" type="stmt"/>
        <line num="486" count="0" type="stmt"/>
        <line num="488" count="0" type="stmt"/>
        <line num="490" count="0" type="stmt"/>
        <line num="496" count="55" type="cond" truecount="5" falsecount="0"/>
        <line num="497" count="31" type="stmt"/>
        <line num="509" count="24" type="stmt"/>
        <line num="514" count="0" type="stmt"/>
        <line num="553" count="128" type="stmt"/>
        <line num="554" count="128" type="stmt"/>
        <line num="555" count="128" type="stmt"/>
        <line num="558" count="5" type="stmt"/>
        <line num="609" count="0" type="stmt"/>
        <line num="638" count="0" type="stmt"/>
        <line num="639" count="0" type="stmt"/>
        <line num="640" count="0" type="stmt"/>
        <line num="643" count="0" type="stmt"/>
      </file>
      <file name="UnifiedRegister.jsx" path="D:\Mallakhamb\Web\src\pages\unified\UnifiedRegister.jsx">
        <metrics statements="72" coveredstatements="70" conditionals="64" coveredconditionals="52" methods="16" coveredmethods="14"/>
        <line num="25" count="1" type="stmt"/>
        <line num="32" count="1" type="stmt"/>
        <line num="33" count="155" type="stmt"/>
        <line num="34" count="155" type="cond" truecount="1" falsecount="1"/>
        <line num="35" count="155" type="stmt"/>
        <line num="36" count="155" type="cond" truecount="2" falsecount="0"/>
        <line num="44" count="1" type="stmt"/>
        <line num="45" count="128" type="stmt"/>
        <line num="73" count="34" type="stmt"/>
        <line num="107" count="128" type="cond" truecount="1" falsecount="1"/>
        <line num="112" count="1" type="stmt"/>
        <line num="154" count="1" type="stmt"/>
        <line num="213" count="1" type="stmt"/>
        <line num="214" count="128" type="stmt"/>
        <line num="215" count="128" type="stmt"/>
        <line num="216" count="128" type="stmt"/>
        <line num="217" count="128" type="stmt"/>
        <line num="218" count="128" type="stmt"/>
        <line num="220" count="128" type="stmt"/>
        <line num="221" count="128" type="stmt"/>
        <line num="222" count="128" type="stmt"/>
        <line num="224" count="128" type="stmt"/>
        <line num="225" count="128" type="stmt"/>
        <line num="232" count="128" type="stmt"/>
        <line num="234" count="128" type="stmt"/>
        <line num="237" count="128" type="stmt"/>
        <line num="238" count="23" type="cond" truecount="2" falsecount="2"/>
        <line num="239" count="0" type="cond" truecount="0" falsecount="2"/>
        <line num="243" count="128" type="stmt"/>
        <line num="244" count="6" type="stmt"/>
        <line num="245" count="6" type="stmt"/>
        <line num="246" count="6" type="cond" truecount="2" falsecount="0"/>
        <line num="247" count="6" type="stmt"/>
        <line num="248" count="4" type="stmt"/>
        <line num="249" count="4" type="stmt"/>
        <line num="252" count="4" type="cond" truecount="2" falsecount="0"/>
        <line num="253" count="2" type="stmt"/>
        <line num="254" count="2" type="stmt"/>
        <line num="257" count="4" type="stmt"/>
        <line num="258" count="4" type="stmt"/>
        <line num="260" count="4" type="cond" truecount="2" falsecount="0"/>
        <line num="262" count="6" type="stmt"/>
        <line num="264" count="2" type="stmt"/>
        <line num="265" count="2" type="cond" truecount="2" falsecount="0"/>
        <line num="267" count="6" type="stmt"/>
        <line num="271" count="128" type="stmt"/>
        <line num="272" count="128" type="stmt"/>
        <line num="273" count="128" type="stmt"/>
        <line num="274" count="128" type="cond" truecount="2" falsecount="0"/>
        <line num="277" count="128" type="stmt"/>
        <line num="278" count="128" type="stmt"/>
        <line num="279" count="128" type="stmt"/>
        <line num="280" count="128" type="stmt"/>
        <line num="281" count="512" type="stmt"/>
        <line num="282" count="512" type="stmt"/>
        <line num="283" count="512" type="cond" truecount="4" falsecount="0"/>
        <line num="284" count="35" type="stmt"/>
        <line num="290" count="35" type="stmt"/>
        <line num="292" count="477" type="stmt"/>
        <line num="293" count="477" type="stmt"/>
        <line num="296" count="128" type="stmt"/>
        <line num="299" count="128" type="stmt"/>
        <line num="300" count="547" type="stmt"/>
        <line num="341" count="128" type="stmt"/>
        <line num="399" count="384" type="stmt"/>
        <line num="589" count="2" type="stmt"/>
        <line num="642" count="0" type="stmt"/>
        <line num="654" count="7" type="cond" truecount="2" falsecount="0"/>
        <line num="741" count="1" type="stmt"/>
        <line num="742" count="27" type="stmt"/>
        <line num="743" count="27" type="stmt"/>
        <line num="745" count="27" type="stmt"/>
      </file>
    </package>
    <package name="styles">
      <metrics statements="49" coveredstatements="48" conditionals="16" coveredconditionals="13" methods="7" coveredmethods="7"/>
      <file name="tokens.js" path="D:\Mallakhamb\Web\src\styles\tokens.js">
        <metrics statements="49" coveredstatements="48" conditionals="16" coveredconditionals="13" methods="7" coveredmethods="7"/>
        <line num="7" count="31" type="stmt"/>
        <line num="176" count="31" type="stmt"/>
        <line num="177" count="135" type="cond" truecount="2" falsecount="0"/>
        <line num="185" count="31" type="stmt"/>
        <line num="186" count="19" type="stmt"/>
        <line num="188" count="19" type="stmt"/>
        <line num="189" count="19" type="stmt"/>
        <line num="190" count="19" type="stmt"/>
        <line num="191" count="19" type="stmt"/>
        <line num="199" count="31" type="stmt"/>
        <line num="200" count="242" type="cond" truecount="2" falsecount="0"/>
        <line num="208" count="31" type="stmt"/>
        <line num="209" count="29" type="stmt"/>
        <line num="211" count="29" type="stmt"/>
        <line num="212" count="29" type="stmt"/>
        <line num="213" count="29" type="stmt"/>
        <line num="214" count="29" type="stmt"/>
        <line num="222" count="31" type="stmt"/>
        <line num="229" count="31" type="stmt"/>
        <line num="230" count="86" type="stmt"/>
        <line num="231" count="86" type="cond" truecount="1" falsecount="1"/>
        <line num="233" count="86" type="cond" truecount="2" falsecount="0"/>
        <line num="234" count="84" type="cond" truecount="2" falsecount="0"/>
        <line num="235" count="10" type="stmt"/>
        <line num="240" count="10" type="stmt"/>
        <line num="246" count="31" type="stmt"/>
        <line num="247" count="62" type="cond" truecount="1" falsecount="1"/>
        <line num="248" count="0" type="stmt"/>
        <line num="251" count="62" type="stmt"/>
        <line num="253" count="86" type="stmt"/>
        <line num="254" count="86" type="stmt"/>
        <line num="260" count="31" type="stmt"/>
        <line num="277" count="31" type="stmt"/>
        <line num="284" count="31" type="stmt"/>
        <line num="296" count="31" type="stmt"/>
        <line num="306" count="31" type="stmt"/>
        <line num="307" count="31" type="cond" truecount="1" falsecount="1"/>
        <line num="309" count="31" type="cond" truecount="2" falsecount="0"/>
        <line num="311" count="30" type="stmt"/>
        <line num="315" count="30" type="stmt"/>
        <line num="319" count="31" type="stmt"/>
        <line num="320" count="31" type="stmt"/>
        <line num="321" count="31" type="stmt"/>
        <line num="322" count="31" type="stmt"/>
        <line num="326" count="31" type="stmt"/>
        <line num="327" count="31" type="stmt"/>
        <line num="328" count="31" type="stmt"/>
        <line num="329" count="31" type="stmt"/>
        <line num="335" count="31" type="stmt"/>
      </file>
    </package>
  </project>
</coverage>
