{"D:\\Mallakhamb\\Web\\src\\components\\design-system\\accessibility\\LiveRegion.jsx": {"path":"D:\\Mallakhamb\\Web\\src\\components\\design-system\\accessibility\\LiveRegion.jsx","statementMap":{"0":{"start":{"line":31,"column":26},"end":{"line":65,"column":null}},"1":{"start":{"line":38,"column":8},"end":{"line":38,"column":null}},"2":{"start":{"line":40,"column":2},"end":{"line":47,"column":null}},"3":{"start":{"line":42,"column":4},"end":{"line":46,"column":null}},"4":{"start":{"line":43,"column":6},"end":{"line":45,"column":null}},"5":{"start":{"line":44,"column":8},"end":{"line":44,"column":null}},"6":{"start":{"line":50,"column":2},"end":{"line":52,"column":null}},"7":{"start":{"line":51,"column":4},"end":{"line":51,"column":null}},"8":{"start":{"line":54,"column":2},"end":{"line":63,"column":null}},"9":{"start":{"line":67,"column":0},"end":{"line":73,"column":null}},"10":{"start":{"line":75,"column":0},"end":{"line":81,"column":null}},"11":{"start":{"line":97,"column":33},"end":{"line":107,"column":null}},"12":{"start":{"line":98,"column":2},"end":{"line":100,"column":null}},"13":{"start":{"line":99,"column":4},"end":{"line":99,"column":null}},"14":{"start":{"line":102,"column":2},"end":{"line":105,"column":null}},"15":{"start":{"line":109,"column":0},"end":{"line":111,"column":null}},"16":{"start":{"line":113,"column":0},"end":{"line":115,"column":null}},"17":{"start":{"line":131,"column":34},"end":{"line":141,"column":null}},"18":{"start":{"line":132,"column":2},"end":{"line":134,"column":null}},"19":{"start":{"line":133,"column":4},"end":{"line":133,"column":null}},"20":{"start":{"line":136,"column":2},"end":{"line":139,"column":null}},"21":{"start":{"line":143,"column":0},"end":{"line":145,"column":null}},"22":{"start":{"line":147,"column":0},"end":{"line":149,"column":null}}},"fnMap":{"0":{"name":"(anonymous_0)","decl":{"start":{"line":31,"column":26},"end":{"line":31,"column":27}},"loc":{"start":{"line":37,"column":6},"end":{"line":65,"column":null}},"line":37},"1":{"name":"(anonymous_1)","decl":{"start":{"line":40,"column":12},"end":{"line":40,"column":18}},"loc":{"start":{"line":40,"column":18},"end":{"line":47,"column":5}},"line":40},"2":{"name":"(anonymous_2)","decl":{"start":{"line":42,"column":11},"end":{"line":42,"column":17}},"loc":{"start":{"line":42,"column":17},"end":{"line":46,"column":null}},"line":42},"3":{"name":"(anonymous_3)","decl":{"start":{"line":97,"column":33},"end":{"line":97,"column":34}},"loc":{"start":{"line":97,"column":48},"end":{"line":107,"column":null}},"line":97},"4":{"name":"(anonymous_4)","decl":{"start":{"line":131,"column":34},"end":{"line":131,"column":35}},"loc":{"start":{"line":131,"column":51},"end":{"line":141,"column":null}},"line":131}},"branchMap":{"0":{"loc":{"start":{"line":33,"column":2},"end":{"line":33,"column":null}},"type":"default-arg","locations":[{"start":{"line":33,"column":15},"end":{"line":33,"column":null}}],"line":33},"1":{"loc":{"start":{"line":34,"column":2},"end":{"line":34,"column":null}},"type":"default-arg","locations":[{"start":{"line":34,"column":9},"end":{"line":34,"column":null}}],"line":34},"2":{"loc":{"start":{"line":35,"column":2},"end":{"line":35,"column":null}},"type":"default-arg","locations":[{"start":{"line":35,"column":11},"end":{"line":35,"column":null}}],"line":35},"3":{"loc":{"start":{"line":36,"column":2},"end":{"line":36,"column":null}},"type":"default-arg","locations":[{"start":{"line":36,"column":19},"end":{"line":36,"column":null}}],"line":36},"4":{"loc":{"start":{"line":43,"column":6},"end":{"line":45,"column":null}},"type":"if","locations":[{"start":{"line":43,"column":6},"end":{"line":45,"column":null}},{"start":{},"end":{}}],"line":43},"5":{"loc":{"start":{"line":43,"column":10},"end":{"line":43,"column":47}},"type":"binary-expr","locations":[{"start":{"line":43,"column":10},"end":{"line":43,"column":28}},{"start":{"line":43,"column":28},"end":{"line":43,"column":47}}],"line":43},"6":{"loc":{"start":{"line":50,"column":2},"end":{"line":52,"column":null}},"type":"if","locations":[{"start":{"line":50,"column":2},"end":{"line":52,"column":null}},{"start":{},"end":{}}],"line":50},"7":{"loc":{"start":{"line":98,"column":2},"end":{"line":100,"column":null}},"type":"if","locations":[{"start":{"line":98,"column":2},"end":{"line":100,"column":null}},{"start":{},"end":{}}],"line":98},"8":{"loc":{"start":{"line":104,"column":7},"end":{"line":104,"column":null}},"type":"cond-expr","locations":[{"start":{"line":104,"column":35},"end":{"line":104,"column":43}},{"start":{"line":104,"column":43},"end":{"line":104,"column":null}}],"line":104},"9":{"loc":{"start":{"line":132,"column":2},"end":{"line":134,"column":null}},"type":"if","locations":[{"start":{"line":132,"column":2},"end":{"line":134,"column":null}},{"start":{},"end":{}}],"line":132}},"s":{"0":1,"1":14,"2":14,"3":11,"4":11,"5":0,"6":14,"7":1,"8":13,"9":1,"10":1,"11":1,"12":5,"13":2,"14":3,"15":1,"16":1,"17":1,"18":5,"19":2,"20":3,"21":1,"22":1},"f":{"0":14,"1":11,"2":11,"3":5,"4":5},"b":{"0":[14],"1":[14],"2":[14],"3":[14],"4":[0,11],"5":[11,11],"6":[1,13],"7":[2,3],"8":[3,0],"9":[2,3]},"meta":{"lastBranch":10,"lastFunction":5,"lastStatement":23,"seen":{"s:31:26:65:Infinity":0,"f:31:26:31:27":0,"b:33:15:33:Infinity":0,"b:34:9:34:Infinity":1,"b:35:11:35:Infinity":2,"b:36:19:36:Infinity":3,"s:38:8:38:Infinity":1,"s:40:2:47:Infinity":2,"f:40:12:40:18":1,"s:42:4:46:Infinity":3,"f:42:11:42:17":2,"b:43:6:45:Infinity:undefined:undefined:undefined:undefined":4,"s:43:6:45:Infinity":4,"b:43:10:43:28:43:28:43:47":5,"s:44:8:44:Infinity":5,"b:50:2:52:Infinity:undefined:undefined:undefined:undefined":6,"s:50:2:52:Infinity":6,"s:51:4:51:Infinity":7,"s:54:2:63:Infinity":8,"s:67:0:73:Infinity":9,"s:75:0:81:Infinity":10,"s:97:33:107:Infinity":11,"f:97:33:97:34":3,"b:98:2:100:Infinity:undefined:undefined:undefined:undefined":7,"s:98:2:100:Infinity":12,"s:99:4:99:Infinity":13,"s:102:2:105:Infinity":14,"b:104:35:104:43:104:43:104:Infinity":8,"s:109:0:111:Infinity":15,"s:113:0:115:Infinity":16,"s:131:34:141:Infinity":17,"f:131:34:131:35":4,"b:132:2:134:Infinity:undefined:undefined:undefined:undefined":9,"s:132:2:134:Infinity":18,"s:133:4:133:Infinity":19,"s:136:2:139:Infinity":20,"s:143:0:145:Infinity":21,"s:147:0:149:Infinity":22}}}
,"D:\\Mallakhamb\\Web\\src\\components\\design-system\\animations\\FadeIn.jsx": {"path":"D:\\Mallakhamb\\Web\\src\\components\\design-system\\animations\\FadeIn.jsx","statementMap":{"0":{"start":{"line":22,"column":22},"end":{"line":105,"column":null}},"1":{"start":{"line":28,"column":32},"end":{"line":28,"column":null}},"2":{"start":{"line":29,"column":36},"end":{"line":29,"column":null}},"3":{"start":{"line":30,"column":8},"end":{"line":30,"column":null}},"4":{"start":{"line":31,"column":8},"end":{"line":31,"column":null}},"5":{"start":{"line":33,"column":2},"end":{"line":67,"column":null}},"6":{"start":{"line":34,"column":20},"end":{"line":34,"column":null}},"7":{"start":{"line":35,"column":4},"end":{"line":35,"column":null}},"8":{"start":{"line":35,"column":18},"end":{"line":35,"column":null}},"9":{"start":{"line":38,"column":4},"end":{"line":41,"column":null}},"10":{"start":{"line":39,"column":6},"end":{"line":39,"column":null}},"11":{"start":{"line":40,"column":6},"end":{"line":40,"column":null}},"12":{"start":{"line":44,"column":21},"end":{"line":57,"column":null}},"13":{"start":{"line":46,"column":8},"end":{"line":51,"column":null}},"14":{"start":{"line":47,"column":10},"end":{"line":50,"column":null}},"15":{"start":{"line":48,"column":12},"end":{"line":48,"column":null}},"16":{"start":{"line":49,"column":12},"end":{"line":49,"column":null}},"17":{"start":{"line":59,"column":4},"end":{"line":59,"column":null}},"18":{"start":{"line":62,"column":4},"end":{"line":66,"column":null}},"19":{"start":{"line":63,"column":6},"end":{"line":65,"column":null}},"20":{"start":{"line":64,"column":8},"end":{"line":64,"column":null}},"21":{"start":{"line":70,"column":23},"end":{"line":85,"column":null}},"22":{"start":{"line":71,"column":4},"end":{"line":71,"column":null}},"23":{"start":{"line":71,"column":41},"end":{"line":71,"column":null}},"24":{"start":{"line":73,"column":4},"end":{"line":84,"column":null}},"25":{"start":{"line":75,"column":8},"end":{"line":75,"column":null}},"26":{"start":{"line":77,"column":8},"end":{"line":77,"column":null}},"27":{"start":{"line":79,"column":8},"end":{"line":79,"column":null}},"28":{"start":{"line":81,"column":8},"end":{"line":81,"column":null}},"29":{"start":{"line":83,"column":8},"end":{"line":83,"column":null}},"30":{"start":{"line":88,"column":21},"end":{"line":94,"column":null}},"31":{"start":{"line":96,"column":2},"end":{"line":103,"column":null}}},"fnMap":{"0":{"name":"(anonymous_0)","decl":{"start":{"line":22,"column":22},"end":{"line":22,"column":23}},"loc":{"start":{"line":27,"column":6},"end":{"line":105,"column":null}},"line":27},"1":{"name":"(anonymous_1)","decl":{"start":{"line":33,"column":12},"end":{"line":33,"column":18}},"loc":{"start":{"line":33,"column":18},"end":{"line":67,"column":5}},"line":33},"2":{"name":"(anonymous_2)","decl":{"start":{"line":45,"column":6},"end":{"line":45,"column":7}},"loc":{"start":{"line":45,"column":19},"end":{"line":52,"column":null}},"line":45},"3":{"name":"(anonymous_3)","decl":{"start":{"line":46,"column":24},"end":{"line":46,"column":25}},"loc":{"start":{"line":46,"column":35},"end":{"line":51,"column":9}},"line":46},"4":{"name":"(anonymous_4)","decl":{"start":{"line":62,"column":11},"end":{"line":62,"column":17}},"loc":{"start":{"line":62,"column":17},"end":{"line":66,"column":null}},"line":62},"5":{"name":"(anonymous_5)","decl":{"start":{"line":70,"column":23},"end":{"line":70,"column":29}},"loc":{"start":{"line":70,"column":29},"end":{"line":85,"column":null}},"line":70}},"branchMap":{"0":{"loc":{"start":{"line":24,"column":2},"end":{"line":24,"column":null}},"type":"default-arg","locations":[{"start":{"line":24,"column":10},"end":{"line":24,"column":null}}],"line":24},"1":{"loc":{"start":{"line":25,"column":2},"end":{"line":25,"column":null}},"type":"default-arg","locations":[{"start":{"line":25,"column":14},"end":{"line":25,"column":null}}],"line":25},"2":{"loc":{"start":{"line":26,"column":2},"end":{"line":26,"column":null}},"type":"default-arg","locations":[{"start":{"line":26,"column":14},"end":{"line":26,"column":null}}],"line":26},"3":{"loc":{"start":{"line":35,"column":4},"end":{"line":35,"column":null}},"type":"if","locations":[{"start":{"line":35,"column":4},"end":{"line":35,"column":null}},{"start":{},"end":{}}],"line":35},"4":{"loc":{"start":{"line":38,"column":4},"end":{"line":41,"column":null}},"type":"if","locations":[{"start":{"line":38,"column":4},"end":{"line":41,"column":null}},{"start":{},"end":{}}],"line":38},"5":{"loc":{"start":{"line":38,"column":8},"end":{"line":38,"column":43}},"type":"binary-expr","locations":[{"start":{"line":38,"column":8},"end":{"line":38,"column":30}},{"start":{"line":38,"column":30},"end":{"line":38,"column":43}}],"line":38},"6":{"loc":{"start":{"line":47,"column":10},"end":{"line":50,"column":null}},"type":"if","locations":[{"start":{"line":47,"column":10},"end":{"line":50,"column":null}},{"start":{},"end":{}}],"line":47},"7":{"loc":{"start":{"line":47,"column":14},"end":{"line":47,"column":52}},"type":"binary-expr","locations":[{"start":{"line":47,"column":14},"end":{"line":47,"column":38}},{"start":{"line":47,"column":38},"end":{"line":47,"column":52}}],"line":47},"8":{"loc":{"start":{"line":63,"column":6},"end":{"line":65,"column":null}},"type":"if","locations":[{"start":{"line":63,"column":6},"end":{"line":65,"column":null}},{"start":{},"end":{}}],"line":63},"9":{"loc":{"start":{"line":71,"column":4},"end":{"line":71,"column":null}},"type":"if","locations":[{"start":{"line":71,"column":4},"end":{"line":71,"column":null}},{"start":{},"end":{}}],"line":71},"10":{"loc":{"start":{"line":71,"column":8},"end":{"line":71,"column":41}},"type":"binary-expr","locations":[{"start":{"line":71,"column":8},"end":{"line":71,"column":30}},{"start":{"line":71,"column":30},"end":{"line":71,"column":41}}],"line":71},"11":{"loc":{"start":{"line":73,"column":4},"end":{"line":84,"column":null}},"type":"switch","locations":[{"start":{"line":74,"column":6},"end":{"line":75,"column":null}},{"start":{"line":76,"column":6},"end":{"line":77,"column":null}},{"start":{"line":78,"column":6},"end":{"line":79,"column":null}},{"start":{"line":80,"column":6},"end":{"line":81,"column":null}},{"start":{"line":82,"column":6},"end":{"line":83,"column":null}}],"line":73},"12":{"loc":{"start":{"line":89,"column":13},"end":{"line":89,"column":null}},"type":"cond-expr","locations":[{"start":{"line":89,"column":34},"end":{"line":89,"column":39}},{"start":{"line":89,"column":39},"end":{"line":89,"column":null}}],"line":89},"13":{"loc":{"start":{"line":89,"column":39},"end":{"line":89,"column":null}},"type":"cond-expr","locations":[{"start":{"line":89,"column":51},"end":{"line":89,"column":55}},{"start":{"line":89,"column":55},"end":{"line":89,"column":null}}],"line":89},"14":{"loc":{"start":{"line":91,"column":16},"end":{"line":93,"column":null}},"type":"cond-expr","locations":[{"start":{"line":92,"column":8},"end":{"line":92,"column":null}},{"start":{"line":93,"column":8},"end":{"line":93,"column":null}}],"line":91}},"s":{"0":7,"1":320,"2":320,"3":320,"4":320,"5":320,"6":271,"7":271,"8":0,"9":271,"10":14,"11":14,"12":257,"13":15,"14":15,"15":13,"16":13,"17":257,"18":257,"19":257,"20":257,"21":320,"22":320,"23":28,"24":292,"25":288,"26":1,"27":1,"28":1,"29":1,"30":320,"31":320},"f":{"0":320,"1":271,"2":15,"3":15,"4":257,"5":320},"b":{"0":[320],"1":[320],"2":[320],"3":[0,271],"4":[14,257],"5":[271,263],"6":[13,2],"7":[15,13],"8":[257,0],"9":[28,292],"10":[320,304],"11":[292,1,1,1,1],"12":[16,304],"13":[12,292],"14":[16,304]},"meta":{"lastBranch":15,"lastFunction":6,"lastStatement":32,"seen":{"s:22:22:105:Infinity":0,"f:22:22:22:23":0,"b:24:10:24:Infinity":0,"b:25:14:25:Infinity":1,"b:26:14:26:Infinity":2,"s:28:32:28:Infinity":1,"s:29:36:29:Infinity":2,"s:30:8:30:Infinity":3,"s:31:8:31:Infinity":4,"s:33:2:67:Infinity":5,"f:33:12:33:18":1,"s:34:20:34:Infinity":6,"b:35:4:35:Infinity:undefined:undefined:undefined:undefined":3,"s:35:4:35:Infinity":7,"s:35:18:35:Infinity":8,"b:38:4:41:Infinity:undefined:undefined:undefined:undefined":4,"s:38:4:41:Infinity":9,"b:38:8:38:30:38:30:38:43":5,"s:39:6:39:Infinity":10,"s:40:6:40:Infinity":11,"s:44:21:57:Infinity":12,"f:45:6:45:7":2,"s:46:8:51:Infinity":13,"f:46:24:46:25":3,"b:47:10:50:Infinity:undefined:undefined:undefined:undefined":6,"s:47:10:50:Infinity":14,"b:47:14:47:38:47:38:47:52":7,"s:48:12:48:Infinity":15,"s:49:12:49:Infinity":16,"s:59:4:59:Infinity":17,"s:62:4:66:Infinity":18,"f:62:11:62:17":4,"b:63:6:65:Infinity:undefined:undefined:undefined:undefined":8,"s:63:6:65:Infinity":19,"s:64:8:64:Infinity":20,"s:70:23:85:Infinity":21,"f:70:23:70:29":5,"b:71:4:71:Infinity:undefined:undefined:undefined:undefined":9,"s:71:4:71:Infinity":22,"b:71:8:71:30:71:30:71:41":10,"s:71:41:71:Infinity":23,"b:74:6:75:Infinity:76:6:77:Infinity:78:6:79:Infinity:80:6:81:Infinity:82:6:83:Infinity":11,"s:73:4:84:Infinity":24,"s:75:8:75:Infinity":25,"s:77:8:77:Infinity":26,"s:79:8:79:Infinity":27,"s:81:8:81:Infinity":28,"s:83:8:83:Infinity":29,"s:88:21:94:Infinity":30,"b:89:34:89:39:89:39:89:Infinity":12,"b:89:51:89:55:89:55:89:Infinity":13,"b:92:8:92:Infinity:93:8:93:Infinity":14,"s:96:2:103:Infinity":31}}}
,"D:\\Mallakhamb\\Web\\src\\components\\design-system\\animations\\useReducedMotion.js": {"path":"D:\\Mallakhamb\\Web\\src\\components\\design-system\\animations\\useReducedMotion.js","statementMap":{"0":{"start":{"line":18,"column":32},"end":{"line":48,"column":1}},"1":{"start":{"line":19,"column":57},"end":{"line":25,"column":4}},"2":{"start":{"line":21,"column":4},"end":{"line":21,"column":74}},"3":{"start":{"line":21,"column":61},"end":{"line":21,"column":74}},"4":{"start":{"line":23,"column":23},"end":{"line":23,"column":76}},"5":{"start":{"line":24,"column":4},"end":{"line":24,"column":30}},"6":{"start":{"line":27,"column":1},"end":{"line":45,"column":9}},"7":{"start":{"line":29,"column":4},"end":{"line":29,"column":68}},"8":{"start":{"line":29,"column":61},"end":{"line":29,"column":68}},"9":{"start":{"line":31,"column":23},"end":{"line":31,"column":76}},"10":{"start":{"line":34,"column":25},"end":{"line":36,"column":5}},"11":{"start":{"line":35,"column":6},"end":{"line":35,"column":45}},"12":{"start":{"line":39,"column":4},"end":{"line":39,"column":56}},"13":{"start":{"line":42,"column":4},"end":{"line":44,"column":6}},"14":{"start":{"line":43,"column":6},"end":{"line":43,"column":61}},"15":{"start":{"line":47,"column":2},"end":{"line":47,"column":30}}},"fnMap":{"0":{"name":"(anonymous_0)","decl":{"start":{"line":18,"column":32},"end":{"line":18,"column":33}},"loc":{"start":{"line":18,"column":38},"end":{"line":48,"column":1}},"line":18},"1":{"name":"(anonymous_1)","decl":{"start":{"line":19,"column":67},"end":{"line":19,"column":68}},"loc":{"start":{"line":19,"column":73},"end":{"line":25,"column":3}},"line":19},"2":{"name":"(anonymous_2)","decl":{"start":{"line":27,"column":12},"end":{"line":27,"column":13}},"loc":{"start":{"line":27,"column":18},"end":{"line":45,"column":3}},"line":27},"3":{"name":"(anonymous_3)","decl":{"start":{"line":34,"column":25},"end":{"line":34,"column":26}},"loc":{"start":{"line":34,"column":36},"end":{"line":36,"column":5}},"line":34},"4":{"name":"(anonymous_4)","decl":{"start":{"line":42,"column":11},"end":{"line":42,"column":12}},"loc":{"start":{"line":42,"column":17},"end":{"line":44,"column":5}},"line":42}},"branchMap":{"0":{"loc":{"start":{"line":21,"column":4},"end":{"line":21,"column":74}},"type":"if","locations":[{"start":{"line":21,"column":4},"end":{"line":21,"column":74}},{"start":{},"end":{}}],"line":21},"1":{"loc":{"start":{"line":21,"column":8},"end":{"line":21,"column":59}},"type":"binary-expr","locations":[{"start":{"line":21,"column":8},"end":{"line":21,"column":37}},{"start":{"line":21,"column":41},"end":{"line":21,"column":59}}],"line":21},"2":{"loc":{"start":{"line":29,"column":4},"end":{"line":29,"column":68}},"type":"if","locations":[{"start":{"line":29,"column":4},"end":{"line":29,"column":68}},{"start":{},"end":{}}],"line":29},"3":{"loc":{"start":{"line":29,"column":8},"end":{"line":29,"column":59}},"type":"binary-expr","locations":[{"start":{"line":29,"column":8},"end":{"line":29,"column":37}},{"start":{"line":29,"column":41},"end":{"line":29,"column":59}}],"line":29}},"s":{"0":10,"1":593,"2":317,"3":0,"4":317,"5":317,"6":593,"7":313,"8":0,"9":313,"10":313,"11":2,"12":313,"13":313,"14":313,"15":593},"f":{"0":593,"1":317,"2":313,"3":2,"4":313},"b":{"0":[0,317],"1":[317,317],"2":[0,313],"3":[313,313]},"meta":{"lastBranch":4,"lastFunction":5,"lastStatement":16,"seen":{"s:18:32:48:1":0,"f:18:32:18:33":0,"s:19:57:25:4":1,"f:19:67:19:68":1,"b:21:4:21:74:undefined:undefined:undefined:undefined":0,"s:21:4:21:74":2,"b:21:8:21:37:21:41:21:59":1,"s:21:61:21:74":3,"s:23:23:23:76":4,"s:24:4:24:30":5,"s:27:1:45:9":6,"f:27:12:27:13":2,"b:29:4:29:68:undefined:undefined:undefined:undefined":2,"s:29:4:29:68":7,"b:29:8:29:37:29:41:29:59":3,"s:29:61:29:68":8,"s:31:23:31:76":9,"s:34:25:36:5":10,"f:34:25:34:26":3,"s:35:6:35:45":11,"s:39:4:39:56":12,"s:42:4:44:6":13,"f:42:11:42:12":4,"s:43:6:43:61":14,"s:47:2:47:30":15}}}
,"D:\\Mallakhamb\\Web\\src\\components\\design-system\\audit\\DesignTokenAudit.jsx": {"path":"D:\\Mallakhamb\\Web\\src\\components\\design-system\\audit\\DesignTokenAudit.jsx","statementMap":{"0":{"start":{"line":11,"column":25},"end":{"line":82,"column":null}},"1":{"start":{"line":12,"column":32},"end":{"line":12,"column":null}},"2":{"start":{"line":14,"column":2},"end":{"line":80,"column":null}},"3":{"start":{"line":53,"column":12},"end":{"line":70,"column":null}},"4":{"start":{"line":55,"column":29},"end":{"line":55,"column":null}},"5":{"start":{"line":87,"column":22},"end":{"line":280,"column":null}},"6":{"start":{"line":88,"column":2},"end":{"line":278,"column":null}},"7":{"start":{"line":231,"column":14},"end":{"line":247,"column":null}},"8":{"start":{"line":257,"column":14},"end":{"line":273,"column":null}},"9":{"start":{"line":285,"column":22},"end":{"line":325,"column":null}},"10":{"start":{"line":286,"column":2},"end":{"line":323,"column":null}},"11":{"start":{"line":315,"column":10},"end":{"line":320,"column":null}},"12":{"start":{"line":330,"column":20},"end":{"line":393,"column":null}},"13":{"start":{"line":331,"column":26},"end":{"line":331,"column":null}},"14":{"start":{"line":333,"column":21},"end":{"line":337,"column":null}},"15":{"start":{"line":334,"column":4},"end":{"line":334,"column":null}},"16":{"start":{"line":335,"column":4},"end":{"line":335,"column":null}},"17":{"start":{"line":336,"column":4},"end":{"line":336,"column":null}},"18":{"start":{"line":336,"column":21},"end":{"line":336,"column":39}},"19":{"start":{"line":339,"column":2},"end":{"line":391,"column":null}},"20":{"start":{"line":351,"column":8},"end":{"line":351,"column":null}},"21":{"start":{"line":352,"column":8},"end":{"line":352,"column":null}},"22":{"start":{"line":355,"column":8},"end":{"line":355,"column":null}},"23":{"start":{"line":356,"column":8},"end":{"line":356,"column":null}},"24":{"start":{"line":398,"column":23},"end":{"line":453,"column":null}},"25":{"start":{"line":399,"column":2},"end":{"line":451,"column":null}},"26":{"start":{"line":422,"column":10},"end":{"line":448,"column":null}},"27":{"start":{"line":458,"column":26},"end":{"line":573,"column":null}},"28":{"start":{"line":459,"column":2},"end":{"line":571,"column":null}},"29":{"start":{"line":484,"column":12},"end":{"line":510,"column":null}},"30":{"start":{"line":538,"column":12},"end":{"line":567,"column":null}},"31":{"start":{"line":578,"column":27},"end":{"line":707,"column":null}},"32":{"start":{"line":579,"column":2},"end":{"line":705,"column":null}},"33":{"start":{"line":608,"column":12},"end":{"line":634,"column":null}},"34":{"start":{"line":666,"column":12},"end":{"line":701,"column":null}}},"fnMap":{"0":{"name":"(anonymous_0)","decl":{"start":{"line":11,"column":25},"end":{"line":11,"column":31}},"loc":{"start":{"line":11,"column":31},"end":{"line":82,"column":null}},"line":11},"1":{"name":"(anonymous_1)","decl":{"start":{"line":52,"column":60},"end":{"line":52,"column":null}},"loc":{"start":{"line":53,"column":12},"end":{"line":70,"column":null}},"line":53},"2":{"name":"(anonymous_2)","decl":{"start":{"line":55,"column":23},"end":{"line":55,"column":29}},"loc":{"start":{"line":55,"column":29},"end":{"line":55,"column":null}},"line":55},"3":{"name":"(anonymous_3)","decl":{"start":{"line":87,"column":22},"end":{"line":87,"column":28}},"loc":{"start":{"line":87,"column":28},"end":{"line":280,"column":null}},"line":87},"4":{"name":"(anonymous_4)","decl":{"start":{"line":230,"column":58},"end":{"line":230,"column":null}},"loc":{"start":{"line":231,"column":14},"end":{"line":247,"column":null}},"line":231},"5":{"name":"(anonymous_5)","decl":{"start":{"line":256,"column":57},"end":{"line":256,"column":null}},"loc":{"start":{"line":257,"column":14},"end":{"line":273,"column":null}},"line":257},"6":{"name":"(anonymous_6)","decl":{"start":{"line":285,"column":22},"end":{"line":285,"column":23}},"loc":{"start":{"line":285,"column":68},"end":{"line":325,"column":null}},"line":285},"7":{"name":"(anonymous_7)","decl":{"start":{"line":314,"column":36},"end":{"line":314,"column":37}},"loc":{"start":{"line":315,"column":10},"end":{"line":320,"column":null}},"line":315},"8":{"name":"(anonymous_8)","decl":{"start":{"line":330,"column":20},"end":{"line":330,"column":21}},"loc":{"start":{"line":330,"column":50},"end":{"line":393,"column":null}},"line":330},"9":{"name":"(anonymous_9)","decl":{"start":{"line":333,"column":21},"end":{"line":333,"column":27}},"loc":{"start":{"line":333,"column":27},"end":{"line":337,"column":null}},"line":333},"10":{"name":"(anonymous_10)","decl":{"start":{"line":336,"column":15},"end":{"line":336,"column":21}},"loc":{"start":{"line":336,"column":21},"end":{"line":336,"column":39}},"line":336},"11":{"name":"(anonymous_11)","decl":{"start":{"line":350,"column":20},"end":{"line":350,"column":21}},"loc":{"start":{"line":350,"column":27},"end":{"line":353,"column":null}},"line":350},"12":{"name":"(anonymous_12)","decl":{"start":{"line":354,"column":20},"end":{"line":354,"column":21}},"loc":{"start":{"line":354,"column":27},"end":{"line":357,"column":null}},"line":354},"13":{"name":"(anonymous_13)","decl":{"start":{"line":398,"column":23},"end":{"line":398,"column":29}},"loc":{"start":{"line":398,"column":29},"end":{"line":453,"column":null}},"line":398},"14":{"name":"(anonymous_14)","decl":{"start":{"line":421,"column":51},"end":{"line":421,"column":52}},"loc":{"start":{"line":422,"column":10},"end":{"line":448,"column":null}},"line":422},"15":{"name":"(anonymous_15)","decl":{"start":{"line":458,"column":26},"end":{"line":458,"column":32}},"loc":{"start":{"line":458,"column":32},"end":{"line":573,"column":null}},"line":458},"16":{"name":"(anonymous_16)","decl":{"start":{"line":483,"column":65},"end":{"line":483,"column":66}},"loc":{"start":{"line":484,"column":12},"end":{"line":510,"column":null}},"line":484},"17":{"name":"(anonymous_17)","decl":{"start":{"line":537,"column":67},"end":{"line":537,"column":68}},"loc":{"start":{"line":538,"column":12},"end":{"line":567,"column":null}},"line":538},"18":{"name":"(anonymous_18)","decl":{"start":{"line":578,"column":27},"end":{"line":578,"column":33}},"loc":{"start":{"line":578,"column":33},"end":{"line":707,"column":null}},"line":578},"19":{"name":"(anonymous_19)","decl":{"start":{"line":607,"column":51},"end":{"line":607,"column":52}},"loc":{"start":{"line":608,"column":12},"end":{"line":634,"column":null}},"line":608},"20":{"name":"(anonymous_20)","decl":{"start":{"line":665,"column":53},"end":{"line":665,"column":54}},"loc":{"start":{"line":666,"column":12},"end":{"line":701,"column":null}},"line":666}},"branchMap":{"0":{"loc":{"start":{"line":58,"column":28},"end":{"line":58,"column":null}},"type":"cond-expr","locations":[{"start":{"line":58,"column":48},"end":{"line":58,"column":85}},{"start":{"line":58,"column":85},"end":{"line":58,"column":null}}],"line":58},"1":{"loc":{"start":{"line":59,"column":23},"end":{"line":59,"column":null}},"type":"cond-expr","locations":[{"start":{"line":59,"column":43},"end":{"line":59,"column":52}},{"start":{"line":59,"column":52},"end":{"line":59,"column":null}}],"line":59},"2":{"loc":{"start":{"line":75,"column":9},"end":{"line":75,"column":null}},"type":"binary-expr","locations":[{"start":{"line":75,"column":9},"end":{"line":75,"column":35}},{"start":{"line":75,"column":35},"end":{"line":75,"column":null}}],"line":75},"3":{"loc":{"start":{"line":76,"column":9},"end":{"line":76,"column":null}},"type":"binary-expr","locations":[{"start":{"line":76,"column":9},"end":{"line":76,"column":36}},{"start":{"line":76,"column":36},"end":{"line":76,"column":null}}],"line":76},"4":{"loc":{"start":{"line":77,"column":9},"end":{"line":77,"column":null}},"type":"binary-expr","locations":[{"start":{"line":77,"column":9},"end":{"line":77,"column":39}},{"start":{"line":77,"column":39},"end":{"line":77,"column":null}}],"line":77},"5":{"loc":{"start":{"line":78,"column":9},"end":{"line":78,"column":null}},"type":"binary-expr","locations":[{"start":{"line":78,"column":9},"end":{"line":78,"column":34}},{"start":{"line":78,"column":34},"end":{"line":78,"column":null}}],"line":78},"6":{"loc":{"start":{"line":380,"column":9},"end":{"line":380,"column":null}},"type":"cond-expr","locations":[{"start":{"line":380,"column":18},"end":{"line":380,"column":32}},{"start":{"line":380,"column":32},"end":{"line":380,"column":null}}],"line":380},"7":{"loc":{"start":{"line":382,"column":7},"end":{"line":389,"column":null}},"type":"binary-expr","locations":[{"start":{"line":382,"column":7},"end":{"line":382,"column":null}},{"start":{"line":383,"column":8},"end":{"line":389,"column":null}}],"line":382}},"s":{"0":1,"1":28,"2":28,"3":112,"4":8,"5":1,"6":20,"7":80,"8":120,"9":1,"10":160,"11":800,"12":1,"13":801,"14":801,"15":1,"16":1,"17":1,"18":1,"19":801,"20":0,"21":0,"22":0,"23":0,"24":1,"25":3,"26":24,"27":1,"28":2,"29":18,"30":10,"31":1,"32":3,"33":18,"34":18},"f":{"0":28,"1":112,"2":8,"3":20,"4":80,"5":120,"6":160,"7":800,"8":801,"9":1,"10":1,"11":0,"12":0,"13":3,"14":24,"15":2,"16":18,"17":10,"18":3,"19":18,"20":18},"b":{"0":[28,84],"1":[28,84],"2":[28,20],"3":[28,3],"4":[28,2],"5":[28,3],"6":[1,800],"7":[801,801]},"meta":{"lastBranch":8,"lastFunction":21,"lastStatement":35,"seen":{"s:11:25:82:Infinity":0,"f:11:25:11:31":0,"s:12:32:12:Infinity":1,"s:14:2:80:Infinity":2,"f:52:60:52:Infinity":1,"s:53:12:70:Infinity":3,"f:55:23:55:29":2,"s:55:29:55:Infinity":4,"b:58:48:58:85:58:85:58:Infinity":0,"b:59:43:59:52:59:52:59:Infinity":1,"b:75:9:75:35:75:35:75:Infinity":2,"b:76:9:76:36:76:36:76:Infinity":3,"b:77:9:77:39:77:39:77:Infinity":4,"b:78:9:78:34:78:34:78:Infinity":5,"s:87:22:280:Infinity":5,"f:87:22:87:28":3,"s:88:2:278:Infinity":6,"f:230:58:230:Infinity":4,"s:231:14:247:Infinity":7,"f:256:57:256:Infinity":5,"s:257:14:273:Infinity":8,"s:285:22:325:Infinity":9,"f:285:22:285:23":6,"s:286:2:323:Infinity":10,"f:314:36:314:37":7,"s:315:10:320:Infinity":11,"s:330:20:393:Infinity":12,"f:330:20:330:21":8,"s:331:26:331:Infinity":13,"s:333:21:337:Infinity":14,"f:333:21:333:27":9,"s:334:4:334:Infinity":15,"s:335:4:335:Infinity":16,"s:336:4:336:Infinity":17,"f:336:15:336:21":10,"s:336:21:336:39":18,"s:339:2:391:Infinity":19,"f:350:20:350:21":11,"s:351:8:351:Infinity":20,"s:352:8:352:Infinity":21,"f:354:20:354:21":12,"s:355:8:355:Infinity":22,"s:356:8:356:Infinity":23,"b:380:18:380:32:380:32:380:Infinity":6,"b:382:7:382:Infinity:383:8:389:Infinity":7,"s:398:23:453:Infinity":24,"f:398:23:398:29":13,"s:399:2:451:Infinity":25,"f:421:51:421:52":14,"s:422:10:448:Infinity":26,"s:458:26:573:Infinity":27,"f:458:26:458:32":15,"s:459:2:571:Infinity":28,"f:483:65:483:66":16,"s:484:12:510:Infinity":29,"f:537:67:537:68":17,"s:538:12:567:Infinity":30,"s:578:27:707:Infinity":31,"f:578:27:578:33":18,"s:579:2:705:Infinity":32,"f:607:51:607:52":19,"s:608:12:634:Infinity":33,"f:665:53:665:54":20,"s:666:12:701:Infinity":34}}}
,"D:\\Mallakhamb\\Web\\src\\components\\design-system\\backgrounds\\Constellation.jsx": {"path":"D:\\Mallakhamb\\Web\\src\\components\\design-system\\backgrounds\\Constellation.jsx","statementMap":{"0":{"start":{"line":22,"column":22},"end":{"line":108,"column":null}},"1":{"start":{"line":29,"column":8},"end":{"line":29,"column":null}},"2":{"start":{"line":32,"column":8},"end":{"line":42,"column":null}},"3":{"start":{"line":33,"column":22},"end":{"line":33,"column":null}},"4":{"start":{"line":34,"column":4},"end":{"line":40,"column":null}},"5":{"start":{"line":34,"column":17},"end":{"line":34,"column":20}},"6":{"start":{"line":35,"column":6},"end":{"line":39,"column":null}},"7":{"start":{"line":41,"column":4},"end":{"line":41,"column":null}},"8":{"start":{"line":45,"column":8},"end":{"line":67,"column":null}},"9":{"start":{"line":46,"column":28},"end":{"line":46,"column":null}},"10":{"start":{"line":48,"column":4},"end":{"line":64,"column":null}},"11":{"start":{"line":48,"column":17},"end":{"line":48,"column":20}},"12":{"start":{"line":49,"column":6},"end":{"line":63,"column":null}},"13":{"start":{"line":49,"column":19},"end":{"line":49,"column":26}},"14":{"start":{"line":50,"column":19},"end":{"line":50,"column":null}},"15":{"start":{"line":51,"column":19},"end":{"line":51,"column":null}},"16":{"start":{"line":52,"column":25},"end":{"line":52,"column":null}},"17":{"start":{"line":55,"column":8},"end":{"line":62,"column":null}},"18":{"start":{"line":56,"column":10},"end":{"line":61,"column":null}},"19":{"start":{"line":66,"column":4},"end":{"line":66,"column":null}},"20":{"start":{"line":69,"column":2},"end":{"line":106,"column":null}},"21":{"start":{"line":83,"column":10},"end":{"line":92,"column":null}},"22":{"start":{"line":97,"column":10},"end":{"line":103,"column":null}},"23":{"start":{"line":110,"column":0},"end":{"line":116,"column":null}}},"fnMap":{"0":{"name":"(anonymous_0)","decl":{"start":{"line":22,"column":22},"end":{"line":22,"column":23}},"loc":{"start":{"line":28,"column":6},"end":{"line":108,"column":null}},"line":28},"1":{"name":"(anonymous_1)","decl":{"start":{"line":32,"column":24},"end":{"line":32,"column":30}},"loc":{"start":{"line":32,"column":30},"end":{"line":42,"column":5}},"line":32},"2":{"name":"(anonymous_2)","decl":{"start":{"line":45,"column":30},"end":{"line":45,"column":36}},"loc":{"start":{"line":45,"column":36},"end":{"line":67,"column":5}},"line":45},"3":{"name":"(anonymous_3)","decl":{"start":{"line":82,"column":25},"end":{"line":82,"column":26}},"loc":{"start":{"line":83,"column":10},"end":{"line":92,"column":null}},"line":83},"4":{"name":"(anonymous_4)","decl":{"start":{"line":96,"column":19},"end":{"line":96,"column":20}},"loc":{"start":{"line":97,"column":10},"end":{"line":103,"column":null}},"line":97}},"branchMap":{"0":{"loc":{"start":{"line":23,"column":2},"end":{"line":23,"column":null}},"type":"default-arg","locations":[{"start":{"line":23,"column":10},"end":{"line":23,"column":null}}],"line":23},"1":{"loc":{"start":{"line":24,"column":2},"end":{"line":24,"column":null}},"type":"default-arg","locations":[{"start":{"line":24,"column":12},"end":{"line":24,"column":null}}],"line":24},"2":{"loc":{"start":{"line":25,"column":2},"end":{"line":25,"column":null}},"type":"default-arg","locations":[{"start":{"line":25,"column":14},"end":{"line":25,"column":null}}],"line":25},"3":{"loc":{"start":{"line":26,"column":2},"end":{"line":26,"column":null}},"type":"default-arg","locations":[{"start":{"line":26,"column":23},"end":{"line":26,"column":null}}],"line":26},"4":{"loc":{"start":{"line":27,"column":2},"end":{"line":27,"column":null}},"type":"default-arg","locations":[{"start":{"line":27,"column":14},"end":{"line":27,"column":null}}],"line":27},"5":{"loc":{"start":{"line":55,"column":8},"end":{"line":62,"column":null}},"type":"if","locations":[{"start":{"line":55,"column":8},"end":{"line":62,"column":null}},{"start":{},"end":{}}],"line":55}},"s":{"0":1,"1":13,"2":13,"3":12,"4":12,"5":12,"6":490,"7":12,"8":13,"9":12,"10":12,"11":12,"12":490,"13":490,"14":11305,"15":11305,"16":11305,"17":11305,"18":675,"19":12,"20":13,"21":678,"22":500,"23":1},"f":{"0":13,"1":12,"2":12,"3":678,"4":500},"b":{"0":[13],"1":[13],"2":[13],"3":[13],"4":[13],"5":[675,10630]},"meta":{"lastBranch":6,"lastFunction":5,"lastStatement":24,"seen":{"s:22:22:108:Infinity":0,"f:22:22:22:23":0,"b:23:10:23:Infinity":0,"b:24:12:24:Infinity":1,"b:25:14:25:Infinity":2,"b:26:23:26:Infinity":3,"b:27:14:27:Infinity":4,"s:29:8:29:Infinity":1,"s:32:8:42:Infinity":2,"f:32:24:32:30":1,"s:33:22:33:Infinity":3,"s:34:4:40:Infinity":4,"s:34:17:34:20":5,"s:35:6:39:Infinity":6,"s:41:4:41:Infinity":7,"s:45:8:67:Infinity":8,"f:45:30:45:36":2,"s:46:28:46:Infinity":9,"s:48:4:64:Infinity":10,"s:48:17:48:20":11,"s:49:6:63:Infinity":12,"s:49:19:49:26":13,"s:50:19:50:Infinity":14,"s:51:19:51:Infinity":15,"s:52:25:52:Infinity":16,"b:55:8:62:Infinity:undefined:undefined:undefined:undefined":5,"s:55:8:62:Infinity":17,"s:56:10:61:Infinity":18,"s:66:4:66:Infinity":19,"s:69:2:106:Infinity":20,"f:82:25:82:26":3,"s:83:10:92:Infinity":21,"f:96:19:96:20":4,"s:97:10:103:Infinity":22,"s:110:0:116:Infinity":23}}}
,"D:\\Mallakhamb\\Web\\src\\components\\design-system\\backgrounds\\DiagonalBurst.jsx": {"path":"D:\\Mallakhamb\\Web\\src\\components\\design-system\\backgrounds\\DiagonalBurst.jsx","statementMap":{"0":{"start":{"line":21,"column":22},"end":{"line":50,"column":null}},"1":{"start":{"line":27,"column":8},"end":{"line":27,"column":null}},"2":{"start":{"line":30,"column":23},"end":{"line":35,"column":null}},"3":{"start":{"line":37,"column":16},"end":{"line":37,"column":null}},"4":{"start":{"line":39,"column":2},"end":{"line":48,"column":null}},"5":{"start":{"line":52,"column":0},"end":{"line":62,"column":null}}},"fnMap":{"0":{"name":"(anonymous_0)","decl":{"start":{"line":21,"column":22},"end":{"line":21,"column":23}},"loc":{"start":{"line":26,"column":6},"end":{"line":50,"column":null}},"line":26}},"branchMap":{"0":{"loc":{"start":{"line":22,"column":2},"end":{"line":22,"column":null}},"type":"default-arg","locations":[{"start":{"line":22,"column":10},"end":{"line":22,"column":null}}],"line":22},"1":{"loc":{"start":{"line":23,"column":2},"end":{"line":23,"column":null}},"type":"default-arg","locations":[{"start":{"line":23,"column":12},"end":{"line":23,"column":null}}],"line":23},"2":{"loc":{"start":{"line":24,"column":2},"end":{"line":24,"column":null}},"type":"default-arg","locations":[{"start":{"line":24,"column":14},"end":{"line":24,"column":null}}],"line":24},"3":{"loc":{"start":{"line":25,"column":2},"end":{"line":25,"column":null}},"type":"default-arg","locations":[{"start":{"line":25,"column":14},"end":{"line":25,"column":null}}],"line":25},"4":{"loc":{"start":{"line":37,"column":16},"end":{"line":37,"column":null}},"type":"binary-expr","locations":[{"start":{"line":37,"column":16},"end":{"line":37,"column":43}},{"start":{"line":37,"column":43},"end":{"line":37,"column":null}}],"line":37}},"s":{"0":1,"1":14,"2":14,"3":14,"4":14,"5":1},"f":{"0":14},"b":{"0":[14],"1":[14],"2":[14],"3":[14],"4":[14,0]},"meta":{"lastBranch":5,"lastFunction":1,"lastStatement":6,"seen":{"s:21:22:50:Infinity":0,"f:21:22:21:23":0,"b:22:10:22:Infinity":0,"b:23:12:23:Infinity":1,"b:24:14:24:Infinity":2,"b:25:14:25:Infinity":3,"s:27:8:27:Infinity":1,"s:30:23:35:Infinity":2,"s:37:16:37:Infinity":3,"b:37:16:37:43:37:43:37:Infinity":4,"s:39:2:48:Infinity":4,"s:52:0:62:Infinity":5}}}
,"D:\\Mallakhamb\\Web\\src\\components\\design-system\\backgrounds\\HexGrid.jsx": {"path":"D:\\Mallakhamb\\Web\\src\\components\\design-system\\backgrounds\\HexGrid.jsx","statementMap":{"0":{"start":{"line":20,"column":16},"end":{"line":78,"column":null}},"1":{"start":{"line":21,"column":8},"end":{"line":21,"column":null}},"2":{"start":{"line":23,"column":2},"end":{"line":76,"column":null}},"3":{"start":{"line":80,"column":0},"end":{"line":84,"column":null}}},"fnMap":{"0":{"name":"(anonymous_0)","decl":{"start":{"line":20,"column":16},"end":{"line":20,"column":17}},"loc":{"start":{"line":20,"column":100},"end":{"line":78,"column":null}},"line":20}},"branchMap":{"0":{"loc":{"start":{"line":20,"column":19},"end":{"line":20,"column":63}},"type":"default-arg","locations":[{"start":{"line":20,"column":27},"end":{"line":20,"column":63}}],"line":20},"1":{"loc":{"start":{"line":20,"column":63},"end":{"line":20,"column":79}},"type":"default-arg","locations":[{"start":{"line":20,"column":73},"end":{"line":20,"column":79}}],"line":20},"2":{"loc":{"start":{"line":20,"column":79},"end":{"line":20,"column":94}},"type":"default-arg","locations":[{"start":{"line":20,"column":91},"end":{"line":20,"column":94}}],"line":20}},"s":{"0":2,"1":12,"2":12,"3":2},"f":{"0":12},"b":{"0":[12],"1":[12],"2":[12]},"meta":{"lastBranch":3,"lastFunction":1,"lastStatement":4,"seen":{"s:20:16:78:Infinity":0,"f:20:16:20:17":0,"b:20:27:20:63":0,"b:20:73:20:79":1,"b:20:91:20:94":2,"s:21:8:21:Infinity":1,"s:23:2:76:Infinity":2,"s:80:0:84:Infinity":3}}}
,"D:\\Mallakhamb\\Web\\src\\components\\design-system\\backgrounds\\HexMesh.jsx": {"path":"D:\\Mallakhamb\\Web\\src\\components\\design-system\\backgrounds\\HexMesh.jsx","statementMap":{"0":{"start":{"line":20,"column":16},"end":{"line":88,"column":null}},"1":{"start":{"line":21,"column":8},"end":{"line":21,"column":null}},"2":{"start":{"line":23,"column":2},"end":{"line":86,"column":null}},"3":{"start":{"line":90,"column":0},"end":{"line":94,"column":null}}},"fnMap":{"0":{"name":"(anonymous_0)","decl":{"start":{"line":20,"column":16},"end":{"line":20,"column":17}},"loc":{"start":{"line":20,"column":100},"end":{"line":88,"column":null}},"line":20}},"branchMap":{"0":{"loc":{"start":{"line":20,"column":19},"end":{"line":20,"column":63}},"type":"default-arg","locations":[{"start":{"line":20,"column":27},"end":{"line":20,"column":63}}],"line":20},"1":{"loc":{"start":{"line":20,"column":63},"end":{"line":20,"column":79}},"type":"default-arg","locations":[{"start":{"line":20,"column":73},"end":{"line":20,"column":79}}],"line":20},"2":{"loc":{"start":{"line":20,"column":79},"end":{"line":20,"column":94}},"type":"default-arg","locations":[{"start":{"line":20,"column":91},"end":{"line":20,"column":94}}],"line":20}},"s":{"0":2,"1":102,"2":102,"3":2},"f":{"0":102},"b":{"0":[102],"1":[102],"2":[102]},"meta":{"lastBranch":3,"lastFunction":1,"lastStatement":4,"seen":{"s:20:16:88:Infinity":0,"f:20:16:20:17":0,"b:20:27:20:63":0,"b:20:73:20:79":1,"b:20:91:20:94":2,"s:21:8:21:Infinity":1,"s:23:2:86:Infinity":2,"s:90:0:94:Infinity":3}}}
,"D:\\Mallakhamb\\Web\\src\\components\\design-system\\backgrounds\\RadialBurst.jsx": {"path":"D:\\Mallakhamb\\Web\\src\\components\\design-system\\backgrounds\\RadialBurst.jsx","statementMap":{"0":{"start":{"line":22,"column":20},"end":{"line":65,"column":null}},"1":{"start":{"line":29,"column":8},"end":{"line":29,"column":null}},"2":{"start":{"line":32,"column":18},"end":{"line":36,"column":null}},"3":{"start":{"line":39,"column":25},"end":{"line":45,"column":null}},"4":{"start":{"line":47,"column":20},"end":{"line":47,"column":null}},"5":{"start":{"line":48,"column":24},"end":{"line":48,"column":null}},"6":{"start":{"line":50,"column":2},"end":{"line":63,"column":null}},"7":{"start":{"line":67,"column":0},"end":{"line":73,"column":null}}},"fnMap":{"0":{"name":"(anonymous_0)","decl":{"start":{"line":22,"column":20},"end":{"line":22,"column":21}},"loc":{"start":{"line":28,"column":6},"end":{"line":65,"column":null}},"line":28}},"branchMap":{"0":{"loc":{"start":{"line":23,"column":2},"end":{"line":23,"column":null}},"type":"default-arg","locations":[{"start":{"line":23,"column":10},"end":{"line":23,"column":null}}],"line":23},"1":{"loc":{"start":{"line":24,"column":2},"end":{"line":24,"column":null}},"type":"default-arg","locations":[{"start":{"line":24,"column":12},"end":{"line":24,"column":null}}],"line":24},"2":{"loc":{"start":{"line":25,"column":2},"end":{"line":25,"column":null}},"type":"default-arg","locations":[{"start":{"line":25,"column":13},"end":{"line":25,"column":null}}],"line":25},"3":{"loc":{"start":{"line":26,"column":2},"end":{"line":26,"column":null}},"type":"default-arg","locations":[{"start":{"line":26,"column":9},"end":{"line":26,"column":null}}],"line":26},"4":{"loc":{"start":{"line":27,"column":2},"end":{"line":27,"column":null}},"type":"default-arg","locations":[{"start":{"line":27,"column":14},"end":{"line":27,"column":null}}],"line":27},"5":{"loc":{"start":{"line":47,"column":20},"end":{"line":47,"column":null}},"type":"binary-expr","locations":[{"start":{"line":47,"column":20},"end":{"line":47,"column":37}},{"start":{"line":47,"column":37},"end":{"line":47,"column":null}}],"line":47},"6":{"loc":{"start":{"line":48,"column":24},"end":{"line":48,"column":null}},"type":"binary-expr","locations":[{"start":{"line":48,"column":24},"end":{"line":48,"column":52}},{"start":{"line":48,"column":52},"end":{"line":48,"column":null}}],"line":48}},"s":{"0":2,"1":52,"2":52,"3":52,"4":52,"5":52,"6":52,"7":2},"f":{"0":52},"b":{"0":[52],"1":[52],"2":[52],"3":[52],"4":[52],"5":[52,0],"6":[52,0]},"meta":{"lastBranch":7,"lastFunction":1,"lastStatement":8,"seen":{"s:22:20:65:Infinity":0,"f:22:20:22:21":0,"b:23:10:23:Infinity":0,"b:24:12:24:Infinity":1,"b:25:13:25:Infinity":2,"b:26:9:26:Infinity":3,"b:27:14:27:Infinity":4,"s:29:8:29:Infinity":1,"s:32:18:36:Infinity":2,"s:39:25:45:Infinity":3,"s:47:20:47:Infinity":4,"b:47:20:47:37:47:37:47:Infinity":5,"s:48:24:48:Infinity":5,"b:48:24:48:52:48:52:48:Infinity":6,"s:50:2:63:Infinity":6,"s:67:0:73:Infinity":7}}}
,"D:\\Mallakhamb\\Web\\src\\components\\design-system\\cards\\DarkCard.jsx": {"path":"D:\\Mallakhamb\\Web\\src\\components\\design-system\\cards\\DarkCard.jsx","statementMap":{"0":{"start":{"line":38,"column":26},"end":{"line":72,"column":null}},"1":{"start":{"line":39,"column":8},"end":{"line":39,"column":null}},"2":{"start":{"line":40,"column":29},"end":{"line":40,"column":null}},"3":{"start":{"line":41,"column":36},"end":{"line":41,"column":null}},"4":{"start":{"line":44,"column":28},"end":{"line":44,"column":null}},"5":{"start":{"line":45,"column":21},"end":{"line":49,"column":null}},"6":{"start":{"line":50,"column":23},"end":{"line":50,"column":null}},"7":{"start":{"line":53,"column":21},"end":{"line":60,"column":null}},"8":{"start":{"line":53,"column":42},"end":{"line":60,"column":6}},"9":{"start":{"line":62,"column":2},"end":{"line":70,"column":null}},"10":{"start":{"line":66,"column":26},"end":{"line":66,"column":null}},"11":{"start":{"line":67,"column":26},"end":{"line":67,"column":null}},"12":{"start":{"line":74,"column":0},"end":{"line":87,"column":null}},"13":{"start":{"line":89,"column":0},"end":{"line":94,"column":null}},"14":{"start":{"line":97,"column":24},"end":{"line":97,"column":null}}},"fnMap":{"0":{"name":"(anonymous_0)","decl":{"start":{"line":38,"column":26},"end":{"line":38,"column":27}},"loc":{"start":{"line":38,"column":96},"end":{"line":72,"column":null}},"line":38},"1":{"name":"(anonymous_1)","decl":{"start":{"line":53,"column":35},"end":{"line":53,"column":42}},"loc":{"start":{"line":53,"column":42},"end":{"line":60,"column":6}},"line":53},"2":{"name":"(anonymous_2)","decl":{"start":{"line":66,"column":20},"end":{"line":66,"column":26}},"loc":{"start":{"line":66,"column":26},"end":{"line":66,"column":null}},"line":66},"3":{"name":"(anonymous_3)","decl":{"start":{"line":67,"column":20},"end":{"line":67,"column":26}},"loc":{"start":{"line":67,"column":26},"end":{"line":67,"column":null}},"line":67}},"branchMap":{"0":{"loc":{"start":{"line":38,"column":39},"end":{"line":38,"column":55}},"type":"default-arg","locations":[{"start":{"line":38,"column":51},"end":{"line":38,"column":55}}],"line":38},"1":{"loc":{"start":{"line":38,"column":55},"end":{"line":38,"column":67}},"type":"default-arg","locations":[{"start":{"line":38,"column":63},"end":{"line":38,"column":67}}],"line":38},"2":{"loc":{"start":{"line":38,"column":67},"end":{"line":38,"column":82}},"type":"default-arg","locations":[{"start":{"line":38,"column":75},"end":{"line":38,"column":82}}],"line":38},"3":{"loc":{"start":{"line":44,"column":28},"end":{"line":44,"column":null}},"type":"cond-expr","locations":[{"start":{"line":44,"column":38},"end":{"line":44,"column":68}},{"start":{"line":44,"column":68},"end":{"line":44,"column":null}}],"line":44},"4":{"loc":{"start":{"line":50,"column":23},"end":{"line":50,"column":null}},"type":"binary-expr","locations":[{"start":{"line":50,"column":23},"end":{"line":50,"column":56}},{"start":{"line":50,"column":56},"end":{"line":50,"column":null}}],"line":50},"5":{"loc":{"start":{"line":55,"column":25},"end":{"line":55,"column":96}},"type":"cond-expr","locations":[{"start":{"line":55,"column":46},"end":{"line":55,"column":69}},{"start":{"line":55,"column":69},"end":{"line":55,"column":96}}],"line":55},"6":{"loc":{"start":{"line":55,"column":25},"end":{"line":55,"column":46}},"type":"binary-expr","locations":[{"start":{"line":55,"column":25},"end":{"line":55,"column":38}},{"start":{"line":55,"column":38},"end":{"line":55,"column":46}}],"line":55},"7":{"loc":{"start":{"line":58,"column":15},"end":{"line":58,"column":null}},"type":"cond-expr","locations":[{"start":{"line":58,"column":36},"end":{"line":58,"column":57}},{"start":{"line":58,"column":57},"end":{"line":58,"column":null}}],"line":58},"8":{"loc":{"start":{"line":58,"column":15},"end":{"line":58,"column":36}},"type":"binary-expr","locations":[{"start":{"line":58,"column":15},"end":{"line":58,"column":28}},{"start":{"line":58,"column":28},"end":{"line":58,"column":36}}],"line":58},"9":{"loc":{"start":{"line":66,"column":26},"end":{"line":66,"column":null}},"type":"binary-expr","locations":[{"start":{"line":66,"column":26},"end":{"line":66,"column":35}},{"start":{"line":66,"column":35},"end":{"line":66,"column":null}}],"line":66},"10":{"loc":{"start":{"line":67,"column":26},"end":{"line":67,"column":null}},"type":"binary-expr","locations":[{"start":{"line":67,"column":26},"end":{"line":67,"column":35}},{"start":{"line":67,"column":35},"end":{"line":67,"column":null}}],"line":67}},"s":{"0":5,"1":67,"2":67,"3":67,"4":67,"5":67,"6":67,"7":67,"8":66,"9":67,"10":2,"11":0,"12":5,"13":5,"14":5},"f":{"0":67,"1":66,"2":2,"3":0},"b":{"0":[67],"1":[67],"2":[67],"3":[6,61],"4":[67,0],"5":[1,65],"6":[66,1],"7":[1,65],"8":[66,1],"9":[2,1],"10":[0,0]},"meta":{"lastBranch":11,"lastFunction":4,"lastStatement":15,"seen":{"s:38:26:72:Infinity":0,"f:38:26:38:27":0,"b:38:51:38:55":0,"b:38:63:38:67":1,"b:38:75:38:82":2,"s:39:8:39:Infinity":1,"s:40:29:40:Infinity":2,"s:41:36:41:Infinity":3,"s:44:28:44:Infinity":4,"b:44:38:44:68:44:68:44:Infinity":3,"s:45:21:49:Infinity":5,"s:50:23:50:Infinity":6,"b:50:23:50:56:50:56:50:Infinity":4,"s:53:21:60:Infinity":7,"f:53:35:53:42":1,"s:53:42:60:6":8,"b:55:46:55:69:55:69:55:96":5,"b:55:25:55:38:55:38:55:46":6,"b:58:36:58:57:58:57:58:Infinity":7,"b:58:15:58:28:58:28:58:36":8,"s:62:2:70:Infinity":9,"f:66:20:66:26":2,"s:66:26:66:Infinity":10,"b:66:26:66:35:66:35:66:Infinity":9,"f:67:20:67:26":3,"s:67:26:67:Infinity":11,"b:67:26:67:35:67:35:67:Infinity":10,"s:74:0:87:Infinity":12,"s:89:0:94:Infinity":13,"s:97:24:97:Infinity":14}}}
,"D:\\Mallakhamb\\Web\\src\\components\\design-system\\cards\\GlassCard.jsx": {"path":"D:\\Mallakhamb\\Web\\src\\components\\design-system\\cards\\GlassCard.jsx","statementMap":{"0":{"start":{"line":30,"column":27},"end":{"line":58,"column":null}},"1":{"start":{"line":31,"column":29},"end":{"line":31,"column":null}},"2":{"start":{"line":34,"column":28},"end":{"line":34,"column":null}},"3":{"start":{"line":35,"column":21},"end":{"line":39,"column":null}},"4":{"start":{"line":40,"column":23},"end":{"line":40,"column":null}},"5":{"start":{"line":43,"column":21},"end":{"line":48,"column":null}},"6":{"start":{"line":43,"column":42},"end":{"line":48,"column":6}},"7":{"start":{"line":50,"column":2},"end":{"line":56,"column":null}},"8":{"start":{"line":60,"column":0},"end":{"line":72,"column":null}},"9":{"start":{"line":74,"column":0},"end":{"line":78,"column":null}},"10":{"start":{"line":81,"column":25},"end":{"line":81,"column":null}}},"fnMap":{"0":{"name":"(anonymous_0)","decl":{"start":{"line":30,"column":27},"end":{"line":30,"column":28}},"loc":{"start":{"line":30,"column":82},"end":{"line":58,"column":null}},"line":30},"1":{"name":"(anonymous_1)","decl":{"start":{"line":43,"column":35},"end":{"line":43,"column":42}},"loc":{"start":{"line":43,"column":42},"end":{"line":48,"column":6}},"line":43}},"branchMap":{"0":{"loc":{"start":{"line":30,"column":40},"end":{"line":30,"column":56}},"type":"default-arg","locations":[{"start":{"line":30,"column":52},"end":{"line":30,"column":56}}],"line":30},"1":{"loc":{"start":{"line":30,"column":56},"end":{"line":30,"column":68}},"type":"default-arg","locations":[{"start":{"line":30,"column":64},"end":{"line":30,"column":68}}],"line":30},"2":{"loc":{"start":{"line":34,"column":28},"end":{"line":34,"column":null}},"type":"cond-expr","locations":[{"start":{"line":34,"column":38},"end":{"line":34,"column":68}},{"start":{"line":34,"column":68},"end":{"line":34,"column":null}}],"line":34},"3":{"loc":{"start":{"line":40,"column":23},"end":{"line":40,"column":null}},"type":"binary-expr","locations":[{"start":{"line":40,"column":23},"end":{"line":40,"column":56}},{"start":{"line":40,"column":56},"end":{"line":40,"column":null}}],"line":40}},"s":{"0":4,"1":20,"2":20,"3":20,"4":20,"5":20,"6":19,"7":20,"8":4,"9":4,"10":4},"f":{"0":20,"1":19},"b":{"0":[20],"1":[20],"2":[0,20],"3":[20,0]},"meta":{"lastBranch":4,"lastFunction":2,"lastStatement":11,"seen":{"s:30:27:58:Infinity":0,"f:30:27:30:28":0,"b:30:52:30:56":0,"b:30:64:30:68":1,"s:31:29:31:Infinity":1,"s:34:28:34:Infinity":2,"b:34:38:34:68:34:68:34:Infinity":2,"s:35:21:39:Infinity":3,"s:40:23:40:Infinity":4,"b:40:23:40:56:40:56:40:Infinity":3,"s:43:21:48:Infinity":5,"f:43:35:43:42":1,"s:43:42:48:6":6,"s:50:2:56:Infinity":7,"s:60:0:72:Infinity":8,"s:74:0:78:Infinity":9,"s:81:25:81:Infinity":10}}}
,"D:\\Mallakhamb\\Web\\src\\components\\design-system\\cards\\StatCard.jsx": {"path":"D:\\Mallakhamb\\Web\\src\\components\\design-system\\cards\\StatCard.jsx","statementMap":{"0":{"start":{"line":52,"column":26},"end":{"line":132,"column":null}},"1":{"start":{"line":64,"column":29},"end":{"line":64,"column":null}},"2":{"start":{"line":67,"column":28},"end":{"line":67,"column":null}},"3":{"start":{"line":68,"column":21},"end":{"line":72,"column":null}},"4":{"start":{"line":73,"column":23},"end":{"line":73,"column":null}},"5":{"start":{"line":76,"column":29},"end":{"line":76,"column":null}},"6":{"start":{"line":77,"column":22},"end":{"line":81,"column":null}},"7":{"start":{"line":82,"column":24},"end":{"line":82,"column":null}},"8":{"start":{"line":85,"column":21},"end":{"line":89,"column":null}},"9":{"start":{"line":85,"column":42},"end":{"line":89,"column":6}},"10":{"start":{"line":91,"column":21},"end":{"line":96,"column":null}},"11":{"start":{"line":91,"column":42},"end":{"line":96,"column":6}},"12":{"start":{"line":98,"column":22},"end":{"line":103,"column":null}},"13":{"start":{"line":98,"column":43},"end":{"line":103,"column":6}},"14":{"start":{"line":105,"column":22},"end":{"line":111,"column":null}},"15":{"start":{"line":105,"column":43},"end":{"line":111,"column":6}},"16":{"start":{"line":113,"column":25},"end":{"line":117,"column":null}},"17":{"start":{"line":113,"column":46},"end":{"line":117,"column":6}},"18":{"start":{"line":119,"column":2},"end":{"line":130,"column":null}},"19":{"start":{"line":134,"column":0},"end":{"line":159,"column":null}},"20":{"start":{"line":161,"column":0},"end":{"line":169,"column":null}},"21":{"start":{"line":172,"column":24},"end":{"line":172,"column":null}}},"fnMap":{"0":{"name":"(anonymous_0)","decl":{"start":{"line":52,"column":26},"end":{"line":52,"column":27}},"loc":{"start":{"line":63,"column":6},"end":{"line":132,"column":null}},"line":63},"1":{"name":"(anonymous_1)","decl":{"start":{"line":85,"column":35},"end":{"line":85,"column":42}},"loc":{"start":{"line":85,"column":42},"end":{"line":89,"column":6}},"line":85},"2":{"name":"(anonymous_2)","decl":{"start":{"line":91,"column":35},"end":{"line":91,"column":42}},"loc":{"start":{"line":91,"column":42},"end":{"line":96,"column":6}},"line":91},"3":{"name":"(anonymous_3)","decl":{"start":{"line":98,"column":36},"end":{"line":98,"column":43}},"loc":{"start":{"line":98,"column":43},"end":{"line":103,"column":6}},"line":98},"4":{"name":"(anonymous_4)","decl":{"start":{"line":105,"column":36},"end":{"line":105,"column":43}},"loc":{"start":{"line":105,"column":43},"end":{"line":111,"column":6}},"line":105},"5":{"name":"(anonymous_5)","decl":{"start":{"line":113,"column":39},"end":{"line":113,"column":46}},"loc":{"start":{"line":113,"column":46},"end":{"line":117,"column":6}},"line":113}},"branchMap":{"0":{"loc":{"start":{"line":57,"column":2},"end":{"line":57,"column":null}},"type":"default-arg","locations":[{"start":{"line":57,"column":10},"end":{"line":57,"column":null}}],"line":57},"1":{"loc":{"start":{"line":59,"column":2},"end":{"line":59,"column":null}},"type":"default-arg","locations":[{"start":{"line":59,"column":14},"end":{"line":59,"column":null}}],"line":59},"2":{"loc":{"start":{"line":60,"column":2},"end":{"line":60,"column":null}},"type":"default-arg","locations":[{"start":{"line":60,"column":10},"end":{"line":60,"column":null}}],"line":60},"3":{"loc":{"start":{"line":67,"column":28},"end":{"line":67,"column":null}},"type":"cond-expr","locations":[{"start":{"line":67,"column":38},"end":{"line":67,"column":68}},{"start":{"line":67,"column":68},"end":{"line":67,"column":null}}],"line":67},"4":{"loc":{"start":{"line":73,"column":23},"end":{"line":73,"column":null}},"type":"binary-expr","locations":[{"start":{"line":73,"column":23},"end":{"line":73,"column":56}},{"start":{"line":73,"column":56},"end":{"line":73,"column":null}}],"line":73},"5":{"loc":{"start":{"line":76,"column":29},"end":{"line":76,"column":null}},"type":"cond-expr","locations":[{"start":{"line":76,"column":40},"end":{"line":76,"column":71}},{"start":{"line":76,"column":71},"end":{"line":76,"column":null}}],"line":76},"6":{"loc":{"start":{"line":82,"column":24},"end":{"line":82,"column":null}},"type":"binary-expr","locations":[{"start":{"line":82,"column":24},"end":{"line":82,"column":59}},{"start":{"line":82,"column":59},"end":{"line":82,"column":null}}],"line":82},"7":{"loc":{"start":{"line":110,"column":18},"end":{"line":110,"column":null}},"type":"cond-expr","locations":[{"start":{"line":110,"column":29},"end":{"line":110,"column":41}},{"start":{"line":110,"column":41},"end":{"line":110,"column":null}}],"line":110},"8":{"loc":{"start":{"line":125,"column":9},"end":{"line":125,"column":null}},"type":"binary-expr","locations":[{"start":{"line":125,"column":9},"end":{"line":125,"column":17}},{"start":{"line":125,"column":17},"end":{"line":125,"column":null}}],"line":125},"9":{"loc":{"start":{"line":128,"column":9},"end":{"line":128,"column":null}},"type":"binary-expr","locations":[{"start":{"line":128,"column":9},"end":{"line":128,"column":21}},{"start":{"line":128,"column":21},"end":{"line":128,"column":null}}],"line":128}},"s":{"0":5,"1":141,"2":141,"3":141,"4":141,"5":141,"6":141,"7":141,"8":141,"9":140,"10":141,"11":128,"12":141,"13":127,"14":141,"15":128,"16":141,"17":127,"18":141,"19":5,"20":5,"21":5},"f":{"0":141,"1":140,"2":128,"3":127,"4":128,"5":127},"b":{"0":[141],"1":[141],"2":[141],"3":[0,141],"4":[141,0],"5":[4,137],"6":[141,0],"7":[1,127],"8":[141,125],"9":[141,2]},"meta":{"lastBranch":10,"lastFunction":6,"lastStatement":22,"seen":{"s:52:26:132:Infinity":0,"f:52:26:52:27":0,"b:57:10:57:Infinity":0,"b:59:14:59:Infinity":1,"b:60:10:60:Infinity":2,"s:64:29:64:Infinity":1,"s:67:28:67:Infinity":2,"b:67:38:67:68:67:68:67:Infinity":3,"s:68:21:72:Infinity":3,"s:73:23:73:Infinity":4,"b:73:23:73:56:73:56:73:Infinity":4,"s:76:29:76:Infinity":5,"b:76:40:76:71:76:71:76:Infinity":5,"s:77:22:81:Infinity":6,"s:82:24:82:Infinity":7,"b:82:24:82:59:82:59:82:Infinity":6,"s:85:21:89:Infinity":8,"f:85:35:85:42":1,"s:85:42:89:6":9,"s:91:21:96:Infinity":10,"f:91:35:91:42":2,"s:91:42:96:6":11,"s:98:22:103:Infinity":12,"f:98:36:98:43":3,"s:98:43:103:6":13,"s:105:22:111:Infinity":14,"f:105:36:105:43":4,"s:105:43:111:6":15,"b:110:29:110:41:110:41:110:Infinity":7,"s:113:25:117:Infinity":16,"f:113:39:113:46":5,"s:113:46:117:6":17,"s:119:2:130:Infinity":18,"b:125:9:125:17:125:17:125:Infinity":8,"b:128:9:128:21:128:21:128:Infinity":9,"s:134:0:159:Infinity":19,"s:161:0:169:Infinity":20,"s:172:24:172:Infinity":21}}}
,"D:\\Mallakhamb\\Web\\src\\components\\design-system\\cards\\TiltCard.jsx": {"path":"D:\\Mallakhamb\\Web\\src\\components\\design-system\\cards\\TiltCard.jsx","statementMap":{"0":{"start":{"line":30,"column":26},"end":{"line":95,"column":null}},"1":{"start":{"line":31,"column":8},"end":{"line":31,"column":null}},"2":{"start":{"line":32,"column":28},"end":{"line":32,"column":null}},"3":{"start":{"line":33,"column":28},"end":{"line":33,"column":null}},"4":{"start":{"line":35,"column":26},"end":{"line":51,"column":null}},"5":{"start":{"line":36,"column":4},"end":{"line":36,"column":null}},"6":{"start":{"line":36,"column":28},"end":{"line":36,"column":null}},"7":{"start":{"line":38,"column":17},"end":{"line":38,"column":null}},"8":{"start":{"line":39,"column":17},"end":{"line":39,"column":null}},"9":{"start":{"line":40,"column":14},"end":{"line":40,"column":null}},"10":{"start":{"line":41,"column":14},"end":{"line":41,"column":null}},"11":{"start":{"line":42,"column":20},"end":{"line":42,"column":null}},"12":{"start":{"line":43,"column":20},"end":{"line":43,"column":null}},"13":{"start":{"line":46,"column":10},"end":{"line":46,"column":null}},"14":{"start":{"line":47,"column":10},"end":{"line":47,"column":null}},"15":{"start":{"line":49,"column":4},"end":{"line":49,"column":null}},"16":{"start":{"line":50,"column":4},"end":{"line":50,"column":null}},"17":{"start":{"line":53,"column":27},"end":{"line":56,"column":null}},"18":{"start":{"line":54,"column":4},"end":{"line":54,"column":null}},"19":{"start":{"line":55,"column":4},"end":{"line":55,"column":null}},"20":{"start":{"line":58,"column":21},"end":{"line":68,"column":null}},"21":{"start":{"line":58,"column":42},"end":{"line":68,"column":6}},"22":{"start":{"line":70,"column":22},"end":{"line":82,"column":null}},"23":{"start":{"line":84,"column":2},"end":{"line":93,"column":null}},"24":{"start":{"line":97,"column":0},"end":{"line":102,"column":null}},"25":{"start":{"line":104,"column":0},"end":{"line":108,"column":null}},"26":{"start":{"line":111,"column":24},"end":{"line":111,"column":null}}},"fnMap":{"0":{"name":"(anonymous_0)","decl":{"start":{"line":30,"column":26},"end":{"line":30,"column":27}},"loc":{"start":{"line":30,"column":86},"end":{"line":95,"column":null}},"line":30},"1":{"name":"(anonymous_1)","decl":{"start":{"line":35,"column":44},"end":{"line":35,"column":45}},"loc":{"start":{"line":35,"column":51},"end":{"line":51,"column":5}},"line":35},"2":{"name":"(anonymous_2)","decl":{"start":{"line":53,"column":45},"end":{"line":53,"column":51}},"loc":{"start":{"line":53,"column":51},"end":{"line":56,"column":5}},"line":53},"3":{"name":"(anonymous_3)","decl":{"start":{"line":58,"column":35},"end":{"line":58,"column":42}},"loc":{"start":{"line":58,"column":42},"end":{"line":68,"column":6}},"line":58}},"branchMap":{"0":{"loc":{"start":{"line":30,"column":39},"end":{"line":30,"column":55}},"type":"default-arg","locations":[{"start":{"line":30,"column":51},"end":{"line":30,"column":55}}],"line":30},"1":{"loc":{"start":{"line":30,"column":55},"end":{"line":30,"column":67}},"type":"default-arg","locations":[{"start":{"line":30,"column":63},"end":{"line":30,"column":67}}],"line":30},"2":{"loc":{"start":{"line":30,"column":67},"end":{"line":30,"column":80}},"type":"default-arg","locations":[{"start":{"line":30,"column":77},"end":{"line":30,"column":80}}],"line":30},"3":{"loc":{"start":{"line":36,"column":4},"end":{"line":36,"column":null}},"type":"if","locations":[{"start":{"line":36,"column":4},"end":{"line":36,"column":null}},{"start":{},"end":{}}],"line":36},"4":{"loc":{"start":{"line":70,"column":22},"end":{"line":82,"column":null}},"type":"cond-expr","locations":[{"start":{"line":71,"column":6},"end":{"line":71,"column":null}},{"start":{"line":72,"column":6},"end":{"line":82,"column":null}}],"line":70}},"s":{"0":2,"1":5,"2":5,"3":5,"4":5,"5":1,"6":1,"7":0,"8":0,"9":0,"10":0,"11":0,"12":0,"13":0,"14":0,"15":0,"16":0,"17":5,"18":0,"19":0,"20":5,"21":5,"22":5,"23":5,"24":2,"25":2,"26":2},"f":{"0":5,"1":1,"2":0,"3":5},"b":{"0":[5],"1":[5],"2":[5],"3":[1,0],"4":[4,1]},"meta":{"lastBranch":5,"lastFunction":4,"lastStatement":27,"seen":{"s:30:26:95:Infinity":0,"f:30:26:30:27":0,"b:30:51:30:55":0,"b:30:63:30:67":1,"b:30:77:30:80":2,"s:31:8:31:Infinity":1,"s:32:28:32:Infinity":2,"s:33:28:33:Infinity":3,"s:35:26:51:Infinity":4,"f:35:44:35:45":1,"b:36:4:36:Infinity:undefined:undefined:undefined:undefined":3,"s:36:4:36:Infinity":5,"s:36:28:36:Infinity":6,"s:38:17:38:Infinity":7,"s:39:17:39:Infinity":8,"s:40:14:40:Infinity":9,"s:41:14:41:Infinity":10,"s:42:20:42:Infinity":11,"s:43:20:43:Infinity":12,"s:46:10:46:Infinity":13,"s:47:10:47:Infinity":14,"s:49:4:49:Infinity":15,"s:50:4:50:Infinity":16,"s:53:27:56:Infinity":17,"f:53:45:53:51":2,"s:54:4:54:Infinity":18,"s:55:4:55:Infinity":19,"s:58:21:68:Infinity":20,"f:58:35:58:42":3,"s:58:42:68:6":21,"s:70:22:82:Infinity":22,"b:71:6:71:Infinity:72:6:82:Infinity":4,"s:84:2:93:Infinity":23,"s:97:0:102:Infinity":24,"s:104:0:108:Infinity":25,"s:111:24:111:Infinity":26}}}
,"D:\\Mallakhamb\\Web\\src\\components\\design-system\\forms\\ThemedButton.jsx": {"path":"D:\\Mallakhamb\\Web\\src\\components\\design-system\\forms\\ThemedButton.jsx","statementMap":{"0":{"start":{"line":48,"column":13},"end":{"line":174,"column":null}},"1":{"start":{"line":59,"column":8},"end":{"line":59,"column":null}},"2":{"start":{"line":60,"column":39},"end":{"line":60,"column":null}},"3":{"start":{"line":62,"column":21},"end":{"line":62,"column":null}},"4":{"start":{"line":65,"column":25},"end":{"line":65,"column":null}},"5":{"start":{"line":68,"column":22},"end":{"line":72,"column":null}},"6":{"start":{"line":75,"column":27},"end":{"line":108,"column":null}},"7":{"start":{"line":76,"column":23},"end":{"line":105,"column":null}},"8":{"start":{"line":107,"column":4},"end":{"line":107,"column":null}},"9":{"start":{"line":110,"column":24},"end":{"line":110,"column":null}},"10":{"start":{"line":112,"column":2},"end":{"line":172,"column":null}},"11":{"start":{"line":176,"column":0},"end":{"line":176,"column":null}},"12":{"start":{"line":178,"column":0},"end":{"line":194,"column":null}},"13":{"start":{"line":196,"column":0},"end":{"line":204,"column":null}}},"fnMap":{"0":{"name":"(anonymous_0)","decl":{"start":{"line":48,"column":39},"end":{"line":48,"column":40}},"loc":{"start":{"line":58,"column":11},"end":{"line":174,"column":1}},"line":58},"1":{"name":"(anonymous_1)","decl":{"start":{"line":75,"column":27},"end":{"line":75,"column":33}},"loc":{"start":{"line":75,"column":33},"end":{"line":108,"column":null}},"line":75}},"branchMap":{"0":{"loc":{"start":{"line":49,"column":2},"end":{"line":49,"column":null}},"type":"default-arg","locations":[{"start":{"line":49,"column":12},"end":{"line":49,"column":null}}],"line":49},"1":{"loc":{"start":{"line":50,"column":2},"end":{"line":50,"column":null}},"type":"default-arg","locations":[{"start":{"line":50,"column":9},"end":{"line":50,"column":null}}],"line":50},"2":{"loc":{"start":{"line":62,"column":21},"end":{"line":62,"column":null}},"type":"binary-expr","locations":[{"start":{"line":62,"column":21},"end":{"line":62,"column":33}},{"start":{"line":62,"column":33},"end":{"line":62,"column":null}}],"line":62},"3":{"loc":{"start":{"line":65,"column":25},"end":{"line":65,"column":null}},"type":"cond-expr","locations":[{"start":{"line":65,"column":35},"end":{"line":65,"column":65}},{"start":{"line":65,"column":65},"end":{"line":65,"column":null}}],"line":65},"4":{"loc":{"start":{"line":80,"column":10},"end":{"line":80,"column":null}},"type":"binary-expr","locations":[{"start":{"line":80,"column":10},"end":{"line":80,"column":25}},{"start":{"line":80,"column":25},"end":{"line":80,"column":null}}],"line":80},"5":{"loc":{"start":{"line":89,"column":10},"end":{"line":89,"column":null}},"type":"binary-expr","locations":[{"start":{"line":89,"column":10},"end":{"line":89,"column":25}},{"start":{"line":89,"column":25},"end":{"line":89,"column":null}}],"line":89},"6":{"loc":{"start":{"line":99,"column":10},"end":{"line":99,"column":null}},"type":"binary-expr","locations":[{"start":{"line":99,"column":10},"end":{"line":99,"column":25}},{"start":{"line":99,"column":25},"end":{"line":99,"column":null}}],"line":99},"7":{"loc":{"start":{"line":107,"column":11},"end":{"line":107,"column":null}},"type":"binary-expr","locations":[{"start":{"line":107,"column":11},"end":{"line":107,"column":34}},{"start":{"line":107,"column":34},"end":{"line":107,"column":null}}],"line":107},"8":{"loc":{"start":{"line":129,"column":8},"end":{"line":133,"column":null}},"type":"binary-expr","locations":[{"start":{"line":129,"column":8},"end":{"line":129,"column":22}},{"start":{"line":129,"column":22},"end":{"line":133,"column":null}}],"line":129},"9":{"loc":{"start":{"line":138,"column":18},"end":{"line":138,"column":null}},"type":"cond-expr","locations":[{"start":{"line":138,"column":32},"end":{"line":138,"column":50}},{"start":{"line":138,"column":50},"end":{"line":138,"column":null}}],"line":138},"10":{"loc":{"start":{"line":139,"column":16},"end":{"line":139,"column":null}},"type":"cond-expr","locations":[{"start":{"line":139,"column":30},"end":{"line":139,"column":48}},{"start":{"line":139,"column":48},"end":{"line":139,"column":null}}],"line":139},"11":{"loc":{"start":{"line":146,"column":7},"end":{"line":155,"column":null}},"type":"binary-expr","locations":[{"start":{"line":146,"column":7},"end":{"line":146,"column":null}},{"start":{"line":147,"column":8},"end":{"line":155,"column":null}}],"line":146},"12":{"loc":{"start":{"line":150,"column":12},"end":{"line":150,"column":null}},"type":"binary-expr","locations":[{"start":{"line":150,"column":12},"end":{"line":150,"column":39}},{"start":{"line":150,"column":39},"end":{"line":150,"column":null}}],"line":150},"13":{"loc":{"start":{"line":151,"column":12},"end":{"line":151,"column":null}},"type":"binary-expr","locations":[{"start":{"line":151,"column":12},"end":{"line":151,"column":39}},{"start":{"line":151,"column":39},"end":{"line":151,"column":null}}],"line":151},"14":{"loc":{"start":{"line":152,"column":12},"end":{"line":152,"column":null}},"type":"binary-expr","locations":[{"start":{"line":152,"column":12},"end":{"line":152,"column":39}},{"start":{"line":152,"column":39},"end":{"line":152,"column":null}}],"line":152},"15":{"loc":{"start":{"line":159,"column":7},"end":{"line":167,"column":null}},"type":"binary-expr","locations":[{"start":{"line":159,"column":7},"end":{"line":159,"column":19}},{"start":{"line":159,"column":19},"end":{"line":159,"column":null}},{"start":{"line":160,"column":8},"end":{"line":167,"column":null}}],"line":159},"16":{"loc":{"start":{"line":162,"column":12},"end":{"line":162,"column":null}},"type":"binary-expr","locations":[{"start":{"line":162,"column":12},"end":{"line":162,"column":39}},{"start":{"line":162,"column":39},"end":{"line":162,"column":null}}],"line":162},"17":{"loc":{"start":{"line":163,"column":12},"end":{"line":163,"column":null}},"type":"binary-expr","locations":[{"start":{"line":163,"column":12},"end":{"line":163,"column":39}},{"start":{"line":163,"column":39},"end":{"line":163,"column":null}}],"line":163},"18":{"loc":{"start":{"line":164,"column":12},"end":{"line":164,"column":null}},"type":"binary-expr","locations":[{"start":{"line":164,"column":12},"end":{"line":164,"column":39}},{"start":{"line":164,"column":39},"end":{"line":164,"column":null}}],"line":164}},"s":{"0":6,"1":234,"2":234,"3":234,"4":234,"5":234,"6":234,"7":234,"8":234,"9":234,"10":234,"11":6,"12":6,"13":6},"f":{"0":234,"1":234},"b":{"0":[234],"1":[234],"2":[234,228],"3":[6,228],"4":[234,222],"5":[234,222],"6":[234,222],"7":[234,0],"8":[234,12],"9":[222,12],"10":[222,12],"11":[234,6],"12":[6,0],"13":[6,6],"14":[6,0],"15":[234,228,8],"16":[8,0],"17":[8,8],"18":[8,0]},"meta":{"lastBranch":19,"lastFunction":2,"lastStatement":14,"seen":{"s:48:13:174:Infinity":0,"f:48:39:48:40":0,"b:49:12:49:Infinity":0,"b:50:9:50:Infinity":1,"s:59:8:59:Infinity":1,"s:60:39:60:Infinity":2,"s:62:21:62:Infinity":3,"b:62:21:62:33:62:33:62:Infinity":2,"s:65:25:65:Infinity":4,"b:65:35:65:65:65:65:65:Infinity":3,"s:68:22:72:Infinity":5,"s:75:27:108:Infinity":6,"f:75:27:75:33":1,"s:76:23:105:Infinity":7,"b:80:10:80:25:80:25:80:Infinity":4,"b:89:10:89:25:89:25:89:Infinity":5,"b:99:10:99:25:99:25:99:Infinity":6,"s:107:4:107:Infinity":8,"b:107:11:107:34:107:34:107:Infinity":7,"s:110:24:110:Infinity":9,"s:112:2:172:Infinity":10,"b:129:8:129:22:129:22:133:Infinity":8,"b:138:32:138:50:138:50:138:Infinity":9,"b:139:30:139:48:139:48:139:Infinity":10,"b:146:7:146:Infinity:147:8:155:Infinity":11,"b:150:12:150:39:150:39:150:Infinity":12,"b:151:12:151:39:151:39:151:Infinity":13,"b:152:12:152:39:152:39:152:Infinity":14,"b:159:7:159:19:159:19:159:Infinity:160:8:167:Infinity":15,"b:162:12:162:39:162:39:162:Infinity":16,"b:163:12:163:39:163:39:163:Infinity":17,"b:164:12:164:39:164:39:164:Infinity":18,"s:176:0:176:Infinity":11,"s:178:0:194:Infinity":12,"s:196:0:204:Infinity":13}}}
,"D:\\Mallakhamb\\Web\\src\\components\\design-system\\forms\\ThemedInput.jsx": {"path":"D:\\Mallakhamb\\Web\\src\\components\\design-system\\forms\\ThemedInput.jsx","statementMap":{"0":{"start":{"line":49,"column":13},"end":{"line":190,"column":null}},"1":{"start":{"line":60,"column":8},"end":{"line":60,"column":null}},"2":{"start":{"line":61,"column":39},"end":{"line":61,"column":null}},"3":{"start":{"line":63,"column":19},"end":{"line":63,"column":null}},"4":{"start":{"line":64,"column":23},"end":{"line":64,"column":null}},"5":{"start":{"line":67,"column":28},"end":{"line":67,"column":null}},"6":{"start":{"line":68,"column":21},"end":{"line":72,"column":null}},"7":{"start":{"line":73,"column":23},"end":{"line":73,"column":null}},"8":{"start":{"line":76,"column":29},"end":{"line":76,"column":null}},"9":{"start":{"line":77,"column":22},"end":{"line":81,"column":null}},"10":{"start":{"line":82,"column":24},"end":{"line":82,"column":null}},"11":{"start":{"line":84,"column":2},"end":{"line":188,"column":null}},"12":{"start":{"line":192,"column":0},"end":{"line":192,"column":null}},"13":{"start":{"line":194,"column":0},"end":{"line":217,"column":null}},"14":{"start":{"line":219,"column":0},"end":{"line":228,"column":null}}},"fnMap":{"0":{"name":"(anonymous_0)","decl":{"start":{"line":49,"column":38},"end":{"line":49,"column":39}},"loc":{"start":{"line":59,"column":11},"end":{"line":190,"column":1}},"line":59}},"branchMap":{"0":{"loc":{"start":{"line":64,"column":23},"end":{"line":64,"column":null}},"type":"cond-expr","locations":[{"start":{"line":64,"column":51},"end":{"line":64,"column":59}},{"start":{"line":64,"column":59},"end":{"line":64,"column":null}}],"line":64},"1":{"loc":{"start":{"line":67,"column":28},"end":{"line":67,"column":null}},"type":"cond-expr","locations":[{"start":{"line":67,"column":38},"end":{"line":67,"column":68}},{"start":{"line":67,"column":68},"end":{"line":67,"column":null}}],"line":67},"2":{"loc":{"start":{"line":73,"column":23},"end":{"line":73,"column":null}},"type":"binary-expr","locations":[{"start":{"line":73,"column":23},"end":{"line":73,"column":56}},{"start":{"line":73,"column":56},"end":{"line":73,"column":null}}],"line":73},"3":{"loc":{"start":{"line":76,"column":29},"end":{"line":76,"column":null}},"type":"cond-expr","locations":[{"start":{"line":76,"column":40},"end":{"line":76,"column":71}},{"start":{"line":76,"column":71},"end":{"line":76,"column":null}}],"line":76},"4":{"loc":{"start":{"line":82,"column":24},"end":{"line":82,"column":null}},"type":"binary-expr","locations":[{"start":{"line":82,"column":24},"end":{"line":82,"column":59}},{"start":{"line":82,"column":59},"end":{"line":82,"column":null}}],"line":82},"5":{"loc":{"start":{"line":88,"column":9},"end":{"line":101,"column":null}},"type":"binary-expr","locations":[{"start":{"line":88,"column":9},"end":{"line":88,"column":null}},{"start":{"line":89,"column":10},"end":{"line":101,"column":null}}],"line":88},"6":{"loc":{"start":{"line":96,"column":23},"end":{"line":98,"column":null}},"type":"cond-expr","locations":[{"start":{"line":97,"column":20},"end":{"line":97,"column":null}},{"start":{"line":98,"column":20},"end":{"line":98,"column":null}}],"line":96},"7":{"loc":{"start":{"line":125,"column":12},"end":{"line":125,"column":null}},"type":"binary-expr","locations":[{"start":{"line":125,"column":12},"end":{"line":125,"column":20}},{"start":{"line":125,"column":20},"end":{"line":125,"column":null}}],"line":125},"8":{"loc":{"start":{"line":126,"column":12},"end":{"line":126,"column":null}},"type":"binary-expr","locations":[{"start":{"line":126,"column":12},"end":{"line":126,"column":28}},{"start":{"line":126,"column":28},"end":{"line":126,"column":null}}],"line":126},"9":{"loc":{"start":{"line":129,"column":12},"end":{"line":133,"column":null}},"type":"binary-expr","locations":[{"start":{"line":129,"column":12},"end":{"line":129,"column":25}},{"start":{"line":129,"column":25},"end":{"line":129,"column":38}},{"start":{"line":129,"column":38},"end":{"line":129,"column":51}},{"start":{"line":129,"column":51},"end":{"line":133,"column":null}}],"line":129},"10":{"loc":{"start":{"line":136,"column":12},"end":{"line":139,"column":null}},"type":"binary-expr","locations":[{"start":{"line":136,"column":12},"end":{"line":136,"column":24}},{"start":{"line":136,"column":24},"end":{"line":139,"column":null}}],"line":136},"11":{"loc":{"start":{"line":142,"column":12},"end":{"line":146,"column":null}},"type":"binary-expr","locations":[{"start":{"line":142,"column":12},"end":{"line":142,"column":24}},{"start":{"line":142,"column":24},"end":{"line":146,"column":null}}],"line":142},"12":{"loc":{"start":{"line":149,"column":12},"end":{"line":152,"column":null}},"type":"binary-expr","locations":[{"start":{"line":149,"column":12},"end":{"line":149,"column":24}},{"start":{"line":149,"column":24},"end":{"line":152,"column":null}}],"line":149},"13":{"loc":{"start":{"line":161,"column":23},"end":{"line":163,"column":null}},"type":"cond-expr","locations":[{"start":{"line":162,"column":16},"end":{"line":162,"column":null}},{"start":{"line":163,"column":16},"end":{"line":163,"column":null}}],"line":161},"14":{"loc":{"start":{"line":169,"column":9},"end":{"line":172,"column":null}},"type":"binary-expr","locations":[{"start":{"line":169,"column":9},"end":{"line":169,"column":null}},{"start":{"line":170,"column":10},"end":{"line":172,"column":null}}],"line":169},"15":{"loc":{"start":{"line":177,"column":7},"end":{"line":186,"column":null}},"type":"binary-expr","locations":[{"start":{"line":177,"column":7},"end":{"line":177,"column":null}},{"start":{"line":178,"column":8},"end":{"line":186,"column":null}}],"line":177}},"s":{"0":6,"1":886,"2":886,"3":886,"4":886,"5":886,"6":886,"7":886,"8":886,"9":886,"10":886,"11":886,"12":6,"13":6,"14":6},"f":{"0":886},"b":{"0":[39,847],"1":[6,880],"2":[886,0],"3":[6,880],"4":[886,0],"5":[886,798],"6":[31,767],"7":[886,798],"8":[886,254],"9":[886,845,839,837],"10":[886,41],"11":[886,6],"12":[886,2],"13":[41,845],"14":[886,254],"15":[886,39]},"meta":{"lastBranch":16,"lastFunction":1,"lastStatement":15,"seen":{"s:49:13:190:Infinity":0,"f:49:38:49:39":0,"s:60:8:60:Infinity":1,"s:61:39:61:Infinity":2,"s:63:19:63:Infinity":3,"s:64:23:64:Infinity":4,"b:64:51:64:59:64:59:64:Infinity":0,"s:67:28:67:Infinity":5,"b:67:38:67:68:67:68:67:Infinity":1,"s:68:21:72:Infinity":6,"s:73:23:73:Infinity":7,"b:73:23:73:56:73:56:73:Infinity":2,"s:76:29:76:Infinity":8,"b:76:40:76:71:76:71:76:Infinity":3,"s:77:22:81:Infinity":9,"s:82:24:82:Infinity":10,"b:82:24:82:59:82:59:82:Infinity":4,"s:84:2:188:Infinity":11,"b:88:9:88:Infinity:89:10:101:Infinity":5,"b:97:20:97:Infinity:98:20:98:Infinity":6,"b:125:12:125:20:125:20:125:Infinity":7,"b:126:12:126:28:126:28:126:Infinity":8,"b:129:12:129:25:129:25:129:38:129:38:129:51:129:51:133:Infinity":9,"b:136:12:136:24:136:24:139:Infinity":10,"b:142:12:142:24:142:24:146:Infinity":11,"b:149:12:149:24:149:24:152:Infinity":12,"b:162:16:162:Infinity:163:16:163:Infinity":13,"b:169:9:169:Infinity:170:10:172:Infinity":14,"b:177:7:177:Infinity:178:8:186:Infinity":15,"s:192:0:192:Infinity":12,"s:194:0:217:Infinity":13,"s:219:0:228:Infinity":14}}}
[...]
e":252,"column":6},"end":{"line":255,"column":null}},{"start":{},"end":{}}],"line":252},"8":{"loc":{"start":{"line":260,"column":26},"end":{"line":260,"column":null}},"type":"cond-expr","locations":[{"start":{"line":260,"column":45},"end":{"line":260,"column":68}},{"start":{"line":260,"column":68},"end":{"line":260,"column":null}}],"line":260},"9":{"loc":{"start":{"line":265,"column":18},"end":{"line":265,"column":72}},"type":"binary-expr","locations":[{"start":{"line":265,"column":18},"end":{"line":265,"column":51}},{"start":{"line":265,"column":51},"end":{"line":265,"column":72}}],"line":265},"10":{"loc":{"start":{"line":274,"column":17},"end":{"line":274,"column":null}},"type":"cond-expr","locations":[{"start":{"line":274,"column":36},"end":{"line":274,"column":51}},{"start":{"line":274,"column":51},"end":{"line":274,"column":null}}],"line":274},"11":{"loc":{"start":{"line":283,"column":6},"end":{"line":294,"column":null}},"type":"if","locations":[{"start":{"line":283,"column":6},"end":{"line":294,"column":null}},{"start":{"line":291,"column":13},"end":{"line":294,"column":null}}],"line":283},"12":{"loc":{"start":{"line":283,"column":10},"end":{"line":283,"column":36}},"type":"binary-expr","locations":[{"start":{"line":283,"column":10},"end":{"line":283,"column":24}},{"start":{"line":283,"column":24},"end":{"line":283,"column":36}}],"line":283},"13":{"loc":{"start":{"line":307,"column":9},"end":{"line":308,"column":null}},"type":"binary-expr","locations":[{"start":{"line":307,"column":9},"end":{"line":307,"column":null}},{"start":{"line":308,"column":10},"end":{"line":308,"column":null}}],"line":307},"14":{"loc":{"start":{"line":319,"column":26},"end":{"line":319,"column":null}},"type":"cond-expr","locations":[{"start":{"line":319,"column":47},"end":{"line":319,"column":83}},{"start":{"line":319,"column":83},"end":{"line":319,"column":null}}],"line":319},"15":{"loc":{"start":{"line":323,"column":9},"end":{"line":335,"column":null}},"type":"binary-expr","locations":[{"start":{"line":323,"column":9},"end":{"line":323,"column":null}},{"start":{"line":324,"column":10},"end":{"line":335,"column":null}}],"line":323},"16":{"loc":{"start":{"line":529,"column":15},"end":{"line":565,"column":null}},"type":"binary-expr","locations":[{"start":{"line":529,"column":15},"end":{"line":529,"column":null}},{"start":{"line":530,"column":16},"end":{"line":565,"column":null}}],"line":529},"17":{"loc":{"start":{"line":546,"column":38},"end":{"line":546,"column":null}},"type":"cond-expr","locations":[{"start":{"line":546,"column":54},"end":{"line":546,"column":82}},{"start":{"line":546,"column":82},"end":{"line":546,"column":null}}],"line":546},"18":{"loc":{"start":{"line":550,"column":21},"end":{"line":562,"column":null}},"type":"binary-expr","locations":[{"start":{"line":550,"column":21},"end":{"line":550,"column":null}},{"start":{"line":551,"column":22},"end":{"line":562,"column":null}}],"line":550},"19":{"loc":{"start":{"line":580,"column":24},"end":{"line":580,"column":null}},"type":"cond-expr","locations":[{"start":{"line":580,"column":39},"end":{"line":580,"column":48}},{"start":{"line":580,"column":48},"end":{"line":580,"column":null}}],"line":580},"20":{"loc":{"start":{"line":585,"column":36},"end":{"line":585,"column":null}},"type":"cond-expr","locations":[{"start":{"line":585,"column":54},"end":{"line":585,"column":85}},{"start":{"line":585,"column":85},"end":{"line":585,"column":null}}],"line":585},"21":{"loc":{"start":{"line":591,"column":34},"end":{"line":591,"column":null}},"type":"cond-expr","locations":[{"start":{"line":591,"column":49},"end":{"line":591,"column":67}},{"start":{"line":591,"column":67},"end":{"line":591,"column":null}}],"line":591},"22":{"loc":{"start":{"line":593,"column":23},"end":{"line":595,"column":null}},"type":"cond-expr","locations":[{"start":{"line":594,"column":26},"end":{"line":594,"column":null}},{"start":{"line":595,"column":26},"end":{"line":595,"column":null}}],"line":593},"23":{"loc":{"start":{"line":604,"column":19},"end":{"line":616,"column":null}},"type":"binary-expr","locations":[{"start":{"line":604,"column":19},"end":{"line":604,"column":null}},{"start":{"line":605,"column":20},"end":{"line":616,"column":null}}],"line":604},"24":{"loc":{"start":{"line":633,"column":24},"end":{"line":633,"column":null}},"type":"cond-expr","locations":[{"start":{"line":633,"column":38},"end":{"line":633,"column":47}},{"start":{"line":633,"column":47},"end":{"line":633,"column":null}}],"line":633},"25":{"loc":{"start":{"line":638,"column":36},"end":{"line":638,"column":null}},"type":"cond-expr","locations":[{"start":{"line":638,"column":61},"end":{"line":638,"column":99}},{"start":{"line":638,"column":99},"end":{"line":638,"column":null}}],"line":638},"26":{"loc":{"start":{"line":644,"column":34},"end":{"line":644,"column":null}},"type":"cond-expr","locations":[{"start":{"line":644,"column":48},"end":{"line":644,"column":74}},{"start":{"line":644,"column":74},"end":{"line":644,"column":null}}],"line":644},"27":{"loc":{"start":{"line":646,"column":23},"end":{"line":648,"column":null}},"type":"cond-expr","locations":[{"start":{"line":647,"column":26},"end":{"line":647,"column":null}},{"start":{"line":648,"column":26},"end":{"line":648,"column":null}}],"line":646},"28":{"loc":{"start":{"line":654,"column":22},"end":{"line":654,"column":null}},"type":"binary-expr","locations":[{"start":{"line":654,"column":22},"end":{"line":654,"column":49}},{"start":{"line":654,"column":49},"end":{"line":654,"column":null}}],"line":654},"29":{"loc":{"start":{"line":658,"column":19},"end":{"line":670,"column":null}},"type":"binary-expr","locations":[{"start":{"line":658,"column":19},"end":{"line":658,"column":null}},{"start":{"line":659,"column":20},"end":{"line":670,"column":null}}],"line":658},"30":{"loc":{"start":{"line":682,"column":17},"end":{"line":682,"column":null}},"type":"cond-expr","locations":[{"start":{"line":682,"column":27},"end":{"line":682,"column":51}},{"start":{"line":682,"column":51},"end":{"line":682,"column":null}}],"line":682},"31":{"loc":{"start":{"line":683,"column":17},"end":{"line":683,"column":null}},"type":"binary-expr","locations":[{"start":{"line":683,"column":17},"end":{"line":683,"column":29}},{"start":{"line":683,"column":29},"end":{"line":683,"column":null}}],"line":683}},"s":{"0":1,"1":1,"2":155,"3":155,"4":0,"5":155,"6":155,"7":1,"8":128,"9":34,"10":128,"11":1,"12":1,"13":1,"14":128,"15":128,"16":128,"17":128,"18":128,"19":128,"20":128,"21":128,"22":128,"23":128,"24":128,"25":128,"26":128,"27":23,"28":0,"29":128,"30":6,"31":6,"32":6,"33":6,"34":4,"35":4,"36":4,"37":2,"38":2,"39":4,"40":4,"41":4,"42":6,"43":4,"44":2,"45":2,"46":6,"47":128,"48":128,"49":128,"50":128,"51":128,"52":128,"53":128,"54":128,"55":512,"56":512,"57":512,"58":35,"59":35,"60":477,"61":477,"62":128,"63":128,"64":547,"65":128,"66":384,"67":2,"68":2,"69":0,"70":0,"71":7,"72":1,"73":27,"74":27,"75":27},"f":{"0":155,"1":128,"2":34,"3":128,"4":23,"5":6,"6":4,"7":128,"8":547,"9":384,"10":2,"11":2,"12":0,"13":0,"14":7,"15":27},"b":{"0":[0,155],"1":[43,112],"2":[128,0],"3":[0,23],"4":[23,0],"5":[0,0],"6":[4,2],"7":[2,2],"8":[2,2],"9":[2,1],"10":[93,35],"11":[35,477],"12":[512,70],"13":[547,454],"14":[20,527],"15":[547,20],"16":[128,35],"17":[0,35],"18":[35,0],"19":[1,127],"20":[5,123],"21":[1,127],"22":[1,127],"23":[128,5],"24":[0,128],"25":[6,122],"26":[0,128],"27":[0,128],"28":[7,1],"29":[128,6],"30":[0,128],"31":[128,128]},"meta":{"lastBranch":32,"lastFunction":16,"lastStatement":76,"seen":{"s:25:13:25:Infinity":0,"s:32:27:37:Infinity":1,"f:32:27:32:28":0,"s:33:16:33:Infinity":2,"b:34:2:34:Infinity:undefined:undefined:undefined:undefined":0,"s:34:2:34:Infinity":3,"s:34:14:34:Infinity":4,"s:35:18:35:Infinity":5,"s:36:2:36:Infinity":6,"b:36:32:36:43:36:43:36:Infinity":1,"s:44:22:108:Infinity":7,"f:44:22:44:23":1,"s:45:18:106:Infinity":8,"f:72:16:72:17":2,"s:73:8:95:Infinity":9,"s:107:2:107:Infinity":10,"b:107:9:107:26:107:26:107:Infinity":2,"s:112:21:152:Infinity":11,"s:154:22:206:Infinity":12,"s:213:29:728:Infinity":13,"f:213:29:213:35":3,"s:214:8:214:Infinity":14,"s:215:8:215:Infinity":15,"s:216:32:216:Infinity":16,"s:217:8:217:Infinity":17,"s:218:2:218:Infinity":18,"s:220:38:220:Infinity":19,"s:221:36:221:Infinity":20,"s:222:28:222:Infinity":21,"s:224:15:224:Infinity":22,"s:225:17:225:Infinity":23,"s:232:2:232:Infinity":24,"s:234:24:234:Infinity":25,"s:237:2:241:Infinity":26,"f:237:12:237:18":4,"b:238:4:240:Infinity:undefined:undefined:undefined:undefined":3,"s:238:4:240:Infinity":27,"b:238:8:238:16:238:16:238:35":4,"s:239:6:239:Infinity":28,"b:239:34:239:57:239:57:239:78":5,"s:243:19:269:Infinity":29,"f:243:19:243:26":5,"s:244:4:244:Infinity":30,"s:245:4:268:Infinity":31,"s:246:25:246:Infinity":32,"b:246:44:246:55:246:55:246:Infinity":6,"s:247:23:247:Infinity":33,"s:248:24:248:Infinity":34,"s:249:23:249:Infinity":35,"b:252:6:255:Infinity:undefined:undefined:undefined:undefined":7,"s:252:6:255:Infinity":36,"s:253:8:253:Infinity":37,"s:254:8:254:Infinity":38,"s:257:6:257:Infinity":39,"s:258:6:258:Infinity":40,"s:260:26:260:Infinity":41,"b:260:45:260:68:260:68:260:Infinity":8,"s:262:6:262:Infinity":42,"f:262:17:262:23":6,"s:262:23:262:46":43,"s:264:6:264:Infinity":44,"s:265:6:265:Infinity":45,"b:265:18:265:51:265:51:265:72":9,"s:267:6:267:Infinity":46,"s:271:30:271:Infinity":47,"s:272:28:272:Infinity":48,"s:273:24:273:Infinity":49,"s:274:17:274:Infinity":50,"b:274:36:274:51:274:51:274:Infinity":10,"s:277:23:297:Infinity":51,"f:277:23:277:29":7,"s:278:19:278:Infinity":52,"s:279:12:279:Infinity":53,"s:280:4:295:Infinity":54,"s:281:20:281:Infinity":55,"s:282:19:282:Infinity":56,"b:283:6:294:Infinity:291:13:294:Infinity":11,"s:283:6:294:Infinity":57,"b:283:10:283:24:283:24:283:36":12,"s:284:8:289:Infinity":58,"s:290:8:290:Infinity":59,"s:292:8:292:Infinity":60,"s:293:8:293:Infinity":61,"s:296:4:296:Infinity":62,"s:299:22:338:Infinity":63,"f:299:22:299:23":8,"s:300:4:338:Infinity":64,"b:307:9:307:Infinity:308:10:308:Infinity":13,"b:319:47:319:83:319:83:319:Infinity":14,"b:323:9:323:Infinity:324:10:335:Infinity":15,"s:341:2:726:Infinity":65,"f:398:33:398:34":9,"s:399:14:419:Infinity":66,"b:529:15:529:Infinity:530:16:565:Infinity":16,"b:546:54:546:82:546:82:546:Infinity":17,"b:550:21:550:Infinity:551:22:562:Infinity":18,"b:580:39:580:48:580:48:580:Infinity":19,"b:585:54:585:85:585:85:585:Infinity":20,"f:589:31:589:37":10,"s:589:37:589:Infinity":67,"f:589:53:589:54":11,"s:589:60:589:62":68,"b:591:49:591:67:591:67:591:Infinity":21,"b:594:26:594:Infinity:595:26:595:Infinity":22,"b:604:19:604:Infinity:605:20:616:Infinity":23,"b:633:38:633:47:633:47:633:Infinity":24,"b:638:61:638:99:638:99:638:Infinity":25,"f:642:31:642:37":12,"s:642:37:642:Infinity":69,"f:642:52:642:53":13,"s:642:59:642:61":70,"b:644:48:644:74:644:74:644:Infinity":26,"b:647:26:647:Infinity:648:26:648:Infinity":27,"f:653:30:653:31":14,"s:654:22:654:Infinity":71,"b:654:22:654:49:654:49:654:Infinity":28,"b:658:19:658:Infinity:659:20:670:Infinity":29,"b:682:27:682:51:682:51:682:Infinity":30,"b:683:17:683:29:683:29:683:Infinity":31,"s:741:24:750:Infinity":72,"f:741:24:741:30":15,"s:742:8:742:Infinity":73,"s:743:15:743:Infinity":74,"s:745:2:748:Infinity":75}}}
,"D:\\Mallakhamb\\Web\\src\\styles\\tokens.js": {"path":"D:\\Mallakhamb\\Web\\src\\styles\\tokens.js","statementMap":{"0":{"start":{"line":7,"column":29},"end":{"line":167,"column":1}},"1":{"start":{"line":176,"column":30},"end":{"line":178,"column":1}},"2":{"start":{"line":177,"column":2},"end":{"line":177,"column":83}},"3":{"start":{"line":185,"column":27},"end":{"line":192,"column":1}},"4":{"start":{"line":186,"column":16},"end":{"line":186,"column":38}},"5":{"start":{"line":188,"column":12},"end":{"line":188,"column":43}},"6":{"start":{"line":189,"column":12},"end":{"line":189,"column":43}},"7":{"start":{"line":190,"column":12},"end":{"line":190,"column":43}},"8":{"start":{"line":191,"column":2},"end":{"line":191,"column":40}},"9":{"start":{"line":199,"column":28},"end":{"line":201,"column":1}},"10":{"start":{"line":200,"column":2},"end":{"line":200,"column":80}},"11":{"start":{"line":208,"column":25},"end":{"line":215,"column":1}},"12":{"start":{"line":209,"column":16},"end":{"line":209,"column":34}},"13":{"start":{"line":211,"column":12},"end":{"line":211,"column":43}},"14":{"start":{"line":212,"column":12},"end":{"line":212,"column":43}},"15":{"start":{"line":213,"column":12},"end":{"line":213,"column":43}},"16":{"start":{"line":214,"column":2},"end":{"line":214,"column":40}},"17":{"start":{"line":222,"column":22},"end":{"line":222,"column":31}},"18":{"start":{"line":229,"column":31},"end":{"line":243,"column":1}},"19":{"start":{"line":230,"column":18},"end":{"line":230,"column":52}},"20":{"start":{"line":231,"column":16},"end":{"line":231,"column":72}},"21":{"start":{"line":233,"column":2},"end":{"line":242,"column":3}},"22":{"start":{"line":234,"column":4},"end":{"line":241,"column":5}},"23":{"start":{"line":235,"column":6},"end":{"line":239,"column":8}},"24":{"start":{"line":240,"column":6},"end":{"line":240,"column":36}},"25":{"start":{"line":246,"column":30},"end":{"line":257,"column":1}},"26":{"start":{"line":247,"column":2},"end":{"line":249,"column":3}},"27":{"start":{"line":248,"column":4},"end":{"line":248,"column":18}},"28":{"start":{"line":251,"column":2},"end":{"line":256,"column":5}},"29":{"start":{"line":253,"column":6},"end":{"line":253,"column":54}},"30":{"start":{"line":254,"column":6},"end":{"line":254,"column":23}},"31":{"start":{"line":260,"column":20},"end":{"line":275,"column":1}},"32":{"start":{"line":277,"column":22},"end":{"line":281,"column":1}},"33":{"start":{"line":284,"column":26},"end":{"line":294,"column":1}},"34":{"start":{"line":296,"column":28},"end":{"line":300,"column":1}},"35":{"start":{"line":306,"column":18},"end":{"line":306,"column":52}},"36":{"start":{"line":307,"column":16},"end":{"line":307,"column":72}},"37":{"start":{"line":309,"column":2},"end":{"line":316,"column":3}},"38":{"start":{"line":311,"column":27},"end":{"line":311,"column":88}},"39":{"start":{"line":315,"column":2},"end":{"line":315,"column":24}},"40":{"start":{"line":319,"column":24},"end":{"line":319,"column":53}},"41":{"start":{"line":320,"column":27},"end":{"line":320,"column":55}},"42":{"start":{"line":321,"column":30},"end":{"line":321,"column":59}},"43":{"start":{"line":322,"column":28},"end":{"line":322,"column":56}},"44":{"start":{"line":326,"column":30},"end":{"line":326,"column":33}},"45":{"start":{"line":327,"column":34},"end":{"line":327,"column":37}},"46":{"start":{"line":328,"column":30},"end":{"line":328,"column":34}},"47":{"start":{"line":329,"column":32},"end":{"line":329,"column":34}},"48":{"start":{"line":335,"column":29},"end":{"line":383,"column":1}}},"fnMap":{"0":{"name":"(anonymous_0)","decl":{"start":{"line":176,"column":30},"end":{"line":176,"column":31}},"loc":{"start":{"line":176,"column":42},"end":{"line":178,"column":1}},"line":176},"1":{"name":"(anonymous_1)","decl":{"start":{"line":185,"column":27},"end":{"line":185,"column":28}},"loc":{"start":{"line":185,"column":39},"end":{"line":192,"column":1}},"line":185},"2":{"name":"(anonymous_2)","decl":{"start":{"line":199,"column":28},"end":{"line":199,"column":29}},"loc":{"start":{"line":199,"column":38},"end":{"line":201,"column":1}},"line":199},"3":{"name":"(anonymous_3)","decl":{"start":{"line":208,"column":25},"end":{"line":208,"column":26}},"loc":{"start":{"line":208,"column":35},"end":{"line":215,"column":1}},"line":208},"4":{"name":"(anonymous_4)","decl":{"start":{"line":229,"column":31},"end":{"line":229,"column":32}},"loc":{"start":{"line":229,"column":60},"end":{"line":243,"column":1}},"line":229},"5":{"name":"(anonymous_5)","decl":{"start":{"line":246,"column":30},"end":{"line":246,"column":31}},"loc":{"start":{"line":246,"column":67},"end":{"line":257,"column":1}},"line":246},"6":{"name":"(anonymous_6)","decl":{"start":{"line":252,"column":4},"end":{"line":252,"column":7}},"loc":{"start":{"line":252,"column":19},"end":{"line":255,"column":5}},"line":252}},"branchMap":{"0":{"loc":{"start":{"line":177,"column":9},"end":{"line":177,"column":82}},"type":"binary-expr","locations":[{"start":{"line":177,"column":9},"end":{"line":177,"column":44}},{"start":{"line":177,"column":48},"end":{"line":177,"column":82}}],"line":177},"1":{"loc":{"start":{"line":200,"column":9},"end":{"line":200,"column":79}},"type":"binary-expr","locations":[{"start":{"line":200,"column":9},"end":{"line":200,"column":41}},{"start":{"line":200,"column":45},"end":{"line":200,"column":79}}],"line":200},"2":{"loc":{"start":{"line":231,"column":16},"end":{"line":231,"column":72}},"type":"cond-expr","locations":[{"start":{"line":231,"column":26},"end":{"line":231,"column":50}},{"start":{"line":231,"column":53},"end":{"line":231,"column":72}}],"line":231},"3":{"loc":{"start":{"line":233,"column":2},"end":{"line":242,"column":3}},"type":"if","locations":[{"start":{"line":233,"column":2},"end":{"line":242,"column":3}},{"start":{},"end":{}}],"line":233},"4":{"loc":{"start":{"line":234,"column":4},"end":{"line":241,"column":5}},"type":"if","locations":[{"start":{"line":234,"column":4},"end":{"line":241,"column":5}},{"start":{},"end":{}}],"line":234},"5":{"loc":{"start":{"line":247,"column":2},"end":{"line":249,"column":3}},"type":"if","locations":[{"start":{"line":247,"column":2},"end":{"line":249,"column":3}},{"start":{},"end":{}}],"line":247},"6":{"loc":{"start":{"line":307,"column":16},"end":{"line":307,"column":72}},"type":"cond-expr","locations":[{"start":{"line":307,"column":26},"end":{"line":307,"column":50}},{"start":{"line":307,"column":53},"end":{"line":307,"column":72}}],"line":307},"7":{"loc":{"start":{"line":309,"column":2},"end":{"line":316,"column":3}},"type":"if","locations":[{"start":{"line":309,"column":2},"end":{"line":316,"column":3}},{"start":{},"end":{}}],"line":309}},"s":{"0":31,"1":31,"2":135,"3":31,"4":19,"5":19,"6":19,"7":19,"8":19,"9":31,"10":242,"11":31,"12":29,"13":29,"14":29,"15":29,"16":29,"17":31,"18":31,"19":86,"20":86,"21":86,"22":84,"23":10,"24":10,"25":31,"26":62,"27":0,"28":62,"29":86,"30":86,"31":31,"32":31,"33":31,"34":31,"35":31,"36":31,"37":31,"38":30,"39":30,"40":31,"41":31,"42":31,"43":31,"44":31,"45":31,"46":31,"47":31,"48":31},"f":{"0":135,"1":19,"2":242,"3":29,"4":86,"5":62,"6":86},"b":{"0":[135,33],"1":[242,32],"2":[86,0],"3":[84,2],"4":[10,74],"5":[0,62],"6":[31,0],"7":[30,1]},"meta":{"lastBranch":8,"lastFunction":7,"lastStatement":49,"seen":{"s:7:29:167:1":0,"s:176:30:178:1":1,"f:176:30:176:31":0,"s:177:2:177:83":2,"b:177:9:177:44:177:48:177:82":0,"s:185:27:192:1":3,"f:185:27:185:28":1,"s:186:16:186:38":4,"s:188:12:188:43":5,"s:189:12:189:43":6,"s:190:12:190:43":7,"s:191:2:191:40":8,"s:199:28:201:1":9,"f:199:28:199:29":2,"s:200:2:200:80":10,"b:200:9:200:41:200:45:200:79":1,"s:208:25:215:1":11,"f:208:25:208:26":3,"s:209:16:209:34":12,"s:211:12:211:43":13,"s:212:12:212:43":14,"s:213:12:213:43":15,"s:214:2:214:40":16,"s:222:22:222:31":17,"s:229:31:243:1":18,"f:229:31:229:32":4,"s:230:18:230:52":19,"s:231:16:231:72":20,"b:231:26:231:50:231:53:231:72":2,"b:233:2:242:3:undefined:undefined:undefined:undefined":3,"s:233:2:242:3":21,"b:234:4:241:5:undefined:undefined:undefined:undefined":4,"s:234:4:241:5":22,"s:235:6:239:8":23,"s:240:6:240:36":24,"s:246:30:257:1":25,"f:246:30:246:31":5,"b:247:2:249:3:undefined:undefined:undefined:undefined":5,"s:247:2:249:3":26,"s:248:4:248:18":27,"s:251:2:256:5":28,"f:252:4:252:7":6,"s:253:6:253:54":29,"s:254:6:254:23":30,"s:260:20:275:1":31,"s:277:22:281:1":32,"s:284:26:294:1":33,"s:296:28:300:1":34,"s:306:18:306:52":35,"s:307:16:307:72":36,"b:307:26:307:50:307:53:307:72":6,"b:309:2:316:3:undefined:undefined:undefined:undefined":7,"s:309:2:316:3":37,"s:311:27:311:88":38,"s:315:2:315:24":39,"s:319:24:319:53":40,"s:320:27:320:55":41,"s:321:30:321:59":42,"s:322:28:322:56":43,"s:326:30:326:33":44,"s:327:34:327:37":45,"s:328:30:328:34":46,"s:329:32:329:34":47,"s:335:29:383:1":48}}}
}
