{"D:\\Mallakhamb\\Web\\eslint-rules\\no-hardcoded-colors.js": {"path":"D:\\Mallakhamb\\Web\\eslint-rules\\no-hardcoded-colors.js","statementMap":{"0":{"start":{"line":14,"column":22},"end":{"line":47,"column":1}},"1":{"start":{"line":50,"column":21},"end":{"line":54,"column":1}},"2":{"start":{"line":62,"column":26},"end":{"line":62,"column":64}},"3":{"start":{"line":65,"column":2},"end":{"line":71,"column":3}},"4":{"start":{"line":66,"column":4},"end":{"line":70,"column":5}},"5":{"start":{"line":67,"column":6},"end":{"line":69,"column":7}},"6":{"start":{"line":68,"column":8},"end":{"line":68,"column":63}},"7":{"start":{"line":74,"column":2},"end":{"line":76,"column":3}},"8":{"start":{"line":75,"column":4},"end":{"line":75,"column":47}},"9":{"start":{"line":77,"column":2},"end":{"line":79,"column":3}},"10":{"start":{"line":78,"column":4},"end":{"line":78,"column":48}},"11":{"start":{"line":80,"column":2},"end":{"line":82,"column":3}},"12":{"start":{"line":81,"column":4},"end":{"line":81,"column":49}},"13":{"start":{"line":83,"column":2},"end":{"line":85,"column":3}},"14":{"start":{"line":84,"column":4},"end":{"line":84,"column":51}},"15":{"start":{"line":86,"column":2},"end":{"line":88,"column":3}},"16":{"start":{"line":87,"column":4},"end":{"line":87,"column":48}},"17":{"start":{"line":89,"column":2},"end":{"line":91,"column":3}},"18":{"start":{"line":90,"column":4},"end":{"line":90,"column":89}},"19":{"start":{"line":92,"column":2},"end":{"line":94,"column":3}},"20":{"start":{"line":93,"column":4},"end":{"line":93,"column":46}},"21":{"start":{"line":95,"column":2},"end":{"line":97,"column":3}},"22":{"start":{"line":96,"column":4},"end":{"line":96,"column":45}},"23":{"start":{"line":99,"column":2},"end":{"line":99,"column":14}},"24":{"start":{"line":108,"column":2},"end":{"line":108,"column":55}},"25":{"start":{"line":108,"column":43},"end":{"line":108,"column":55}},"26":{"start":{"line":111,"column":19},"end":{"line":111,"column":55}},"27":{"start":{"line":112,"column":2},"end":{"line":114,"column":3}},"28":{"start":{"line":113,"column":4},"end":{"line":113,"column":60}},"29":{"start":{"line":117,"column":19},"end":{"line":117,"column":52}},"30":{"start":{"line":118,"column":2},"end":{"line":120,"column":3}},"31":{"start":{"line":119,"column":4},"end":{"line":119,"column":60}},"32":{"start":{"line":123,"column":19},"end":{"line":123,"column":52}},"33":{"start":{"line":124,"column":2},"end":{"line":126,"column":3}},"34":{"start":{"line":125,"column":4},"end":{"line":125,"column":60}},"35":{"start":{"line":129,"column":21},"end":{"line":129,"column":47}},"36":{"start":{"line":130,"column":2},"end":{"line":134,"column":3}},"37":{"start":{"line":131,"column":4},"end":{"line":133,"column":5}},"38":{"start":{"line":132,"column":6},"end":{"line":132,"column":63}},"39":{"start":{"line":136,"column":2},"end":{"line":136,"column":14}},"40":{"start":{"line":145,"column":19},"end":{"line":145,"column":40}},"41":{"start":{"line":148,"column":2},"end":{"line":150,"column":3}},"42":{"start":{"line":149,"column":4},"end":{"line":149,"column":16}},"43":{"start":{"line":153,"column":2},"end":{"line":155,"column":3}},"44":{"start":{"line":154,"column":4},"end":{"line":154,"column":16}},"45":{"start":{"line":158,"column":2},"end":{"line":160,"column":3}},"46":{"start":{"line":159,"column":4},"end":{"line":159,"column":16}},"47":{"start":{"line":162,"column":2},"end":{"line":162,"column":15}},"48":{"start":{"line":181,"column":4},"end":{"line":183,"column":5}},"49":{"start":{"line":182,"column":6},"end":{"line":182,"column":16}},"50":{"start":{"line":185,"column":4},"end":{"line":262,"column":6}},"51":{"start":{"line":188,"column":8},"end":{"line":188,"column":51}},"52":{"start":{"line":188,"column":44},"end":{"line":188,"column":51}},"53":{"start":{"line":190,"column":27},"end":{"line":190,"column":55}},"54":{"start":{"line":191,"column":8},"end":{"line":191,"column":32}},"55":{"start":{"line":191,"column":25},"end":{"line":191,"column":32}},"56":{"start":{"line":193,"column":27},"end":{"line":193,"column":61}},"57":{"start":{"line":194,"column":31},"end":{"line":196,"column":63}},"58":{"start":{"line":198,"column":8},"end":{"line":205,"column":11}},"59":{"start":{"line":210,"column":8},"end":{"line":227,"column":9}},"60":{"start":{"line":211,"column":29},"end":{"line":211,"column":62}},"61":{"start":{"line":212,"column":10},"end":{"line":212,"column":36}},"62":{"start":{"line":212,"column":27},"end":{"line":212,"column":36}},"63":{"start":{"line":214,"column":29},"end":{"line":214,"column":63}},"64":{"start":{"line":215,"column":33},"end":{"line":217,"column":65}},"65":{"start":{"line":219,"column":10},"end":{"line":226,"column":13}},"66":{"start":{"line":232,"column":8},"end":{"line":232,"column":32}},"67":{"start":{"line":232,"column":25},"end":{"line":232,"column":32}},"68":{"start":{"line":234,"column":27},"end":{"line":234,"column":31}},"69":{"start":{"line":236,"column":8},"end":{"line":241,"column":9}},"70":{"start":{"line":237,"column":10},"end":{"line":237,"column":42}},"71":{"start":{"line":238,"column":15},"end":{"line":241,"column":9}},"72":{"start":{"line":240,"column":10},"end":{"line":240,"column":53}},"73":{"start":{"line":243,"column":8},"end":{"line":243,"column":70}},"74":{"start":{"line":243,"column":63},"end":{"line":243,"column":70}},"75":{"start":{"line":245,"column":27},"end":{"line":245,"column":57}},"76":{"start":{"line":246,"column":8},"end":{"line":246,"column":32}},"77":{"start":{"line":246,"column":25},"end":{"line":246,"column":32}},"78":{"start":{"line":248,"column":27},"end":{"line":248,"column":61}},"79":{"start":{"line":249,"column":31},"end":{"line":251,"column":63}},"80":{"start":{"line":253,"column":8},"end":{"line":260,"column":11}}},"fnMap":{"0":{"name":"findClosestToken","decl":{"start":{"line":61,"column":9},"end":{"line":61,"column":25}},"loc":{"start":{"line":61,"column":33},"end":{"line":100,"column":1}},"line":61},"1":{"name":"detectColorValue","decl":{"start":{"line":107,"column":9},"end":{"line":107,"column":25}},"loc":{"start":{"line":107,"column":33},"end":{"line":137,"column":1}},"line":107},"2":{"name":"isAllowedContext","decl":{"start":{"line":144,"column":9},"end":{"line":144,"column":25}},"loc":{"start":{"line":144,"column":35},"end":{"line":163,"column":1}},"line":144},"3":{"name":"(anonymous_3)","decl":{"start":{"line":179,"column":2},"end":{"line":179,"column":8}},"loc":{"start":{"line":179,"column":18},"end":{"line":263,"column":3}},"line":179},"4":{"name":"(anonymous_4)","decl":{"start":{"line":187,"column":6},"end":{"line":187,"column":13}},"loc":{"start":{"line":187,"column":20},"end":{"line":206,"column":7}},"line":187},"5":{"name":"(anonymous_5)","decl":{"start":{"line":209,"column":6},"end":{"line":209,"column":21}},"loc":{"start":{"line":209,"column":28},"end":{"line":228,"column":7}},"line":209},"6":{"name":"(anonymous_6)","decl":{"start":{"line":231,"column":6},"end":{"line":231,"column":18}},"loc":{"start":{"line":231,"column":25},"end":{"line":261,"column":7}},"line":231}},"branchMap":{"0":{"loc":{"start":{"line":67,"column":6},"end":{"line":69,"column":7}},"type":"if","locations":[{"start":{"line":67,"column":6},"end":{"line":69,"column":7}},{"start":{},"end":{}}],"line":67},"1":{"loc":{"start":{"line":74,"column":2},"end":{"line":76,"column":3}},"type":"if","locations":[{"start":{"line":74,"column":2},"end":{"line":76,"column":3}},{"start":{},"end":{}}],"line":74},"2":{"loc":{"start":{"line":74,"column":6},"end":{"line":74,"column":68}},"type":"binary-expr","locations":[{"start":{"line":74,"column":6},"end":{"line":74,"column":37}},{"start":{"line":74,"column":41},"end":{"line":74,"column":68}}],"line":74},"3":{"loc":{"start":{"line":77,"column":2},"end":{"line":79,"column":3}},"type":"if","locations":[{"start":{"line":77,"column":2},"end":{"line":79,"column":3}},{"start":{},"end":{}}],"line":77},"4":{"loc":{"start":{"line":77,"column":6},"end":{"line":77,"column":68}},"type":"binary-expr","locations":[{"start":{"line":77,"column":6},"end":{"line":77,"column":37}},{"start":{"line":77,"column":41},"end":{"line":77,"column":68}}],"line":77},"5":{"loc":{"start":{"line":80,"column":2},"end":{"line":82,"column":3}},"type":"if","locations":[{"start":{"line":80,"column":2},"end":{"line":82,"column":3}},{"start":{},"end":{}}],"line":80},"6":{"loc":{"start":{"line":80,"column":6},"end":{"line":80,"column":107}},"type":"binary-expr","locations":[{"start":{"line":80,"column":6},"end":{"line":80,"column":37}},{"start":{"line":80,"column":41},"end":{"line":80,"column":72}},{"start":{"line":80,"column":76},"end":{"line":80,"column":107}}],"line":80},"7":{"loc":{"start":{"line":83,"column":2},"end":{"line":85,"column":3}},"type":"if","locations":[{"start":{"line":83,"column":2},"end":{"line":85,"column":3}},{"start":{},"end":{}}],"line":83},"8":{"loc":{"start":{"line":83,"column":6},"end":{"line":83,"column":74}},"type":"binary-expr","locations":[{"start":{"line":83,"column":6},"end":{"line":83,"column":39}},{"start":{"line":83,"column":43},"end":{"line":83,"column":74}}],"line":83},"9":{"loc":{"start":{"line":86,"column":2},"end":{"line":88,"column":3}},"type":"if","locations":[{"start":{"line":86,"column":2},"end":{"line":88,"column":3}},{"start":{},"end":{}}],"line":86},"10":{"loc":{"start":{"line":86,"column":6},"end":{"line":86,"column":73}},"type":"binary-expr","locations":[{"start":{"line":86,"column":6},"end":{"line":86,"column":38}},{"start":{"line":86,"column":42},"end":{"line":86,"column":73}}],"line":86},"11":{"loc":{"start":{"line":89,"column":2},"end":{"line":91,"column":3}},"type":"if","locations":[{"start":{"line":89,"column":2},"end":{"line":91,"column":3}},{"start":{},"end":{}}],"line":89},"12":{"loc":{"start":{"line":89,"column":6},"end":{"line":89,"column":110}},"type":"binary-expr","locations":[{"start":{"line":89,"column":6},"end":{"line":89,"column":40}},{"start":{"line":89,"column":44},"end":{"line":89,"column":75}},{"start":{"line":89,"column":79},"end":{"line":89,"column":110}}],"line":89},"13":{"loc":{"start":{"line":92,"column":2},"end":{"line":94,"column":3}},"type":"if","locations":[{"start":{"line":92,"column":2},"end":{"line":94,"column":3}},{"start":{},"end":{}}],"line":92},"14":{"loc":{"start":{"line":92,"column":6},"end":{"line":92,"column":110}},"type":"binary-expr","locations":[{"start":{"line":92,"column":6},"end":{"line":92,"column":40}},{"start":{"line":92,"column":44},"end":{"line":92,"column":75}},{"start":{"line":92,"column":79},"end":{"line":92,"column":110}}],"line":92},"15":{"loc":{"start":{"line":95,"column":2},"end":{"line":97,"column":3}},"type":"if","locations":[{"start":{"line":95,"column":2},"end":{"line":97,"column":3}},{"start":{},"end":{}}],"line":95},"16":{"loc":{"start":{"line":95,"column":6},"end":{"line":95,"column":73}},"type":"binary-expr","locations":[{"start":{"line":95,"column":6},"end":{"line":95,"column":38}},{"start":{"line":95,"column":42},"end":{"line":95,"column":73}}],"line":95},"17":{"loc":{"start":{"line":108,"column":2},"end":{"line":108,"column":55}},"type":"if","locations":[{"start":{"line":108,"column":2},"end":{"line":108,"column":55}},{"start":{},"end":{}}],"line":108},"18":{"loc":{"start":{"line":108,"column":6},"end":{"line":108,"column":41}},"type":"binary-expr","locations":[{"start":{"line":108,"column":6},"end":{"line":108,"column":12}},{"start":{"line":108,"column":16},"end":{"line":108,"column":41}}],"line":108},"19":{"loc":{"start":{"line":112,"column":2},"end":{"line":114,"column":3}},"type":"if","locations":[{"start":{"line":112,"column":2},"end":{"line":114,"column":3}},{"start":{},"end":{}}],"line":112},"20":{"loc":{"start":{"line":118,"column":2},"end":{"line":120,"column":3}},"type":"if","locations":[{"start":{"line":118,"column":2},"end":{"line":120,"column":3}},{"start":{},"end":{}}],"line":118},"21":{"loc":{"start":{"line":124,"column":2},"end":{"line":126,"column":3}},"type":"if","locations":[{"start":{"line":124,"column":2},"end":{"line":126,"column":3}},{"start":{},"end":{}}],"line":124},"22":{"loc":{"start":{"line":131,"column":4},"end":{"line":133,"column":5}},"type":"if","locations":[{"start":{"line":131,"column":4},"end":{"line":133,"column":5}},{"start":{},"end":{}}],"line":131},"23":{"loc":{"start":{"line":131,"column":8},"end":{"line":131,"column":117}},"type":"binary-expr","locations":[{"start":{"line":131,"column":8},"end":{"line":131,"column":33}},{"start":{"line":131,"column":37},"end":{"line":131,"column":76}},{"start":{"line":131,"column":80},"end":{"line":131,"column":117}}],"line":131},"24":{"loc":{"start":{"line":148,"column":2},"end":{"line":150,"column":3}},"type":"if","locations":[{"start":{"line":148,"column":2},"end":{"line":150,"column":3}},{"start":{},"end":{}}],"line":148},"25":{"loc":{"start":{"line":148,"column":6},"end":{"line":148,"column":70}},"type":"binary-expr","locations":[{"start":{"line":148,"column":6},"end":{"line":148,"column":36}},{"start":{"line":148,"column":40},"end":{"line":148,"column":70}}],"line":148},"26":{"loc":{"start":{"line":153,"column":2},"end":{"line":155,"column":3}},"type":"if","locations":[{"start":{"line":153,"column":2},"end":{"line":155,"column":3}},{"start":{},"end":{}}],"line":153},"27":{"loc":{"start":{"line":153,"column":6},"end":{"line":153,"column":64}},"type":"binary-expr","locations":[{"start":{"line":153,"column":6},"end":{"line":153,"column":33}},{"start":{"line":153,"column":37},"end":{"line":153,"column":64}}],"line":153},"28":{"loc":{"start":{"line":158,"column":2},"end":{"line":160,"column":3}},"type":"if","locations":[{"start":{"line":158,"column":2},"end":{"line":160,"column":3}},{"start":{},"end":{}}],"line":158},"29":{"loc":{"start":{"line":181,"column":4},"end":{"line":183,"column":5}},"type":"if","locations":[{"start":{"line":181,"column":4},"end":{"line":183,"column":5}},{"start":{},"end":{}}],"line":181},"30":{"loc":{"start":{"line":188,"column":8},"end":{"line":188,"column":51}},"type":"if","locations":[{"start":{"line":188,"column":8},"end":{"line":188,"column":51}},{"start":{},"end":{}}],"line":188},"31":{"loc":{"start":{"line":191,"column":8},"end":{"line":191,"column":32}},"type":"if","locations":[{"start":{"line":191,"column":8},"end":{"line":191,"column":32}},{"start":{},"end":{}}],"line":191},"32":{"loc":{"start":{"line":194,"column":31},"end":{"line":196,"column":63}},"type":"cond-expr","locations":[{"start":{"line":195,"column":12},"end":{"line":195,"column":44}},{"start":{"line":196,"column":12},"end":{"line":196,"column":63}}],"line":194},"33":{"loc":{"start":{"line":212,"column":10},"end":{"line":212,"column":36}},"type":"if","locations":[{"start":{"line":212,"column":10},"end":{"line":212,"column":36}},{"start":{},"end":{}}],"line":212},"34":{"loc":{"start":{"line":215,"column":33},"end":{"line":217,"column":65}},"type":"cond-expr","locations":[{"start":{"line":216,"column":14},"end":{"line":216,"column":46}},{"start":{"line":217,"column":14},"end":{"line":217,"column":65}}],"line":215},"35":{"loc":{"start":{"line":232,"column":8},"end":{"line":232,"column":32}},"type":"if","locations":[{"start":{"line":232,"column":8},"end":{"line":232,"column":32}},{"start":{},"end":{}}],"line":232},"36":{"loc":{"start":{"line":236,"column":8},"end":{"line":241,"column":9}},"type":"if","locations":[{"start":{"line":236,"column":8},"end":{"line":241,"column":9}},{"start":{"line":238,"column":15},"end":{"line":241,"column":9}}],"line":236},"37":{"loc":{"start":{"line":238,"column":15},"end":{"line":241,"column":9}},"type":"if","locations":[{"start":{"line":238,"column":15},"end":{"line":241,"column":9}},{"start":{},"end":{}}],"line":238},"38":{"loc":{"start":{"line":238,"column":19},"end":{"line":239,"column":59}},"type":"binary-expr","locations":[{"start":{"line":238,"column":19},"end":{"line":238,"column":63}},{"start":{"line":239,"column":19},"end":{"line":239,"column":59}}],"line":238},"39":{"loc":{"start":{"line":243,"column":8},"end":{"line":243,"column":70}},"type":"if","locations":[{"start":{"line":243,"column":8},"end":{"line":243,"column":70}},{"start":{},"end":{}}],"line":243},"40":{"loc":{"start":{"line":243,"column":12},"end":{"line":243,"column":61}},"type":"binary-expr","locations":[{"start":{"line":243,"column":12},"end":{"line":243,"column":25}},{"start":{"line":243,"column":29},"end":{"line":243,"column":61}}],"line":243},"41":{"loc":{"start":{"line":246,"column":8},"end":{"line":246,"column":32}},"type":"if","locations":[{"start":{"line":246,"column":8},"end":{"line":246,"column":32}},{"start":{},"end":{}}],"line":246},"42":{"loc":{"start":{"line":249,"column":31},"end":{"line":251,"column":63}},"type":"cond-expr","locations":[{"start":{"line":250,"column":12},"end":{"line":250,"column":44}},{"start":{"line":251,"column":12},"end":{"line":251,"column":63}}],"line":249}},"s":{"0":1,"1":1,"2":0,"3":0,"4":0,"5":0,"6":0,"7":0,"8":0,"9":0,"10":0,"11":0,"12":0,"13":0,"14":0,"15":0,"16":0,"17":0,"18":0,"19":0,"20":0,"21":0,"22":0,"23":0,"24":0,"25":0,"26":0,"27":0,"28":0,"29":0,"30":0,"31":0,"32":0,"33":0,"34":0,"35":0,"36":0,"37":0,"38":0,"39":0,"40":2,"41":2,"42":1,"43":1,"44":0,"45":1,"46":0,"47":1,"48":2,"49":1,"50":1,"51":0,"52":0,"53":0,"54":0,"55":0,"56":0,"57":0,"58":0,"59":0,"60":0,"61":0,"62":0,"63":0,"64":0,"65":0,"66":0,"67":0,"68":0,"69":0,"70":0,"71":0,"72":0,"73":0,"74":0,"75":0,"76":0,"77":0,"78":0,"79":0,"80":0},"f":{"0":0,"1":0,"2":2,"3":2,"4":0,"5":0,"6":0},"b":{"0":[0,0],"1":[0,0],"2":[0,0],"3":[0,0],"4":[0,0],"5":[0,0],"6":[0,0,0],"7":[0,0],"8":[0,0],"9":[0,0],"10":[0,0],"11":[0,0],"12":[0,0,0],"13":[0,0],"14":[0,0,0],"15":[0,0],"16":[0,0],"17":[0,0],"18":[0,0],"19":[0,0],"20":[0,0],"21":[0,0],"22":[0,0],"23":[0,0,0],"24":[1,1],"25":[2,1],"26":[0,1],"27":[1,1],"28":[0,1],"29":[1,1],"30":[0,0],"31":[0,0],"32":[0,0],"33":[0,0],"34":[0,0],"35":[0,0],"36":[0,0],"37":[0,0],"38":[0,0],"39":[0,0],"40":[0,0],"41":[0,0],"42":[0,0]},"meta":{"lastBranch":43,"lastFunction":7,"lastStatement":81,"seen":{"s:14:22:47:1":0,"s:50:21:54:1":1,"f:61:9:61:25":0,"s:62:26:62:64":2,"s:65:2:71:3":3,"s:66:4:70:5":4,"b:67:6:69:7:undefined:undefined:undefined:undefined":0,"s:67:6:69:7":5,"s:68:8:68:63":6,"b:74:2:76:3:undefined:undefined:undefined:undefined":1,"s:74:2:76:3":7,"b:74:6:74:37:74:41:74:68":2,"s:75:4:75:47":8,"b:77:2:79:3:undefined:undefined:undefined:undefined":3,"s:77:2:79:3":9,"b:77:6:77:37:77:41:77:68":4,"s:78:4:78:48":10,"b:80:2:82:3:undefined:undefined:undefined:undefined":5,"s:80:2:82:3":11,"b:80:6:80:37:80:41:80:72:80:76:80:107":6,"s:81:4:81:49":12,"b:83:2:85:3:undefined:undefined:undefined:undefined":7,"s:83:2:85:3":13,"b:83:6:83:39:83:43:83:74":8,"s:84:4:84:51":14,"b:86:2:88:3:undefined:undefined:undefined:undefined":9,"s:86:2:88:3":15,"b:86:6:86:38:86:42:86:73":10,"s:87:4:87:48":16,"b:89:2:91:3:undefined:undefined:undefined:undefined":11,"s:89:2:91:3":17,"b:89:6:89:40:89:44:89:75:89:79:89:110":12,"s:90:4:90:89":18,"b:92:2:94:3:undefined:undefined:undefined:undefined":13,"s:92:2:94:3":19,"b:92:6:92:40:92:44:92:75:92:79:92:110":14,"s:93:4:93:46":20,"b:95:2:97:3:undefined:undefined:undefined:undefined":15,"s:95:2:97:3":21,"b:95:6:95:38:95:42:95:73":16,"s:96:4:96:45":22,"s:99:2:99:14":23,"f:107:9:107:25":1,"b:108:2:108:55:undefined:undefined:undefined:undefined":17,"s:108:2:108:55":24,"b:108:6:108:12:108:16:108:41":18,"s:108:43:108:55":25,"s:111:19:111:55":26,"b:112:2:114:3:undefined:undefined:undefined:undefined":19,"s:112:2:114:3":27,"s:113:4:113:60":28,"s:117:19:117:52":29,"b:118:2:120:3:undefined:undefined:undefined:undefined":20,"s:118:2:120:3":30,"s:119:4:119:60":31,"s:123:19:123:52":32,"b:124:2:126:3:undefined:undefined:undefined:undefined":21,"s:124:2:126:3":33,"s:125:4:125:60":34,"s:129:21:129:47":35,"s:130:2:134:3":36,"b:131:4:133:5:undefined:undefined:undefined:undefined":22,"s:131:4:133:5":37,"b:131:8:131:33:131:37:131:76:131:80:131:117":23,"s:132:6:132:63":38,"s:136:2:136:14":39,"f:144:9:144:25":2,"s:145:19:145:40":40,"b:148:2:150:3:undefined:undefined:undefined:undefined":24,"s:148:2:150:3":41,"b:148:6:148:36:148:40:148:70":25,"s:149:4:149:16":42,"b:153:2:155:3:undefined:undefined:undefined:undefined":26,"s:153:2:155:3":43,"b:153:6:153:33:153:37:153:64":27,"s:154:4:154:16":44,"b:158:2:160:3:undefined:undefined:undefined:undefined":28,"s:158:2:160:3":45,"s:159:4:159:16":46,"s:162:2:162:15":47,"f:179:2:179:8":3,"b:181:4:183:5:undefined:undefined:undefined:undefined":29,"s:181:4:183:5":48,"s:182:6:182:16":49,"s:185:4:262:6":50,"f:187:6:187:13":4,"b:188:8:188:51:undefined:undefined:undefined:undefined":30,"s:188:8:188:51":51,"s:188:44:188:51":52,"s:190:27:190:55":53,"b:191:8:191:32:undefined:undefined:undefined:undefined":31,"s:191:8:191:32":54,"s:191:25:191:32":55,"s:193:27:193:61":56,"s:194:31:196:63":57,"b:195:12:195:44:196:12:196:63":32,"s:198:8:205:11":58,"f:209:6:209:21":5,"s:210:8:227:9":59,"s:211:29:211:62":60,"b:212:10:212:36:undefined:undefined:undefined:undefined":33,"s:212:10:212:36":61,"s:212:27:212:36":62,"s:214:29:214:63":63,"s:215:33:217:65":64,"b:216:14:216:46:217:14:217:65":34,"s:219:10:226:13":65,"f:231:6:231:18":6,"b:232:8:232:32:undefined:undefined:undefined:undefined":35,"s:232:8:232:32":66,"s:232:25:232:32":67,"s:234:27:234:31":68,"b:236:8:241:9:238:15:241:9":36,"s:236:8:241:9":69,"s:237:10:237:42":70,"b:238:15:241:9:undefined:undefined:undefined:undefined":37,"s:238:15:241:9":71,"b:238:19:238:63:239:19:239:59":38,"s:240:10:240:53":72,"b:243:8:243:70:undefined:undefined:undefined:undefined":39,"s:243:8:243:70":73,"b:243:12:243:25:243:29:243:61":40,"s:243:63:243:70":74,"s:245:27:245:57":75,"b:246:8:246:32:undefined:undefined:undefined:undefined":41,"s:246:8:246:32":76,"s:246:25:246:32":77,"s:248:27:248:61":78,"s:249:31:251:63":79,"b:250:12:250:44:251:12:251:63":42,"s:253:8:260:11":80}}}
,"D:\\Mallakhamb\\Web\\eslint-rules\\no-hardcoded-spacing.js": {"path":"D:\\Mallakhamb\\Web\\eslint-rules\\no-hardcoded-spacing.js","statementMap":{"0":{"start":{"line":13,"column":22},"end":{"line":24,"column":1}},"1":{"start":{"line":27,"column":20},"end":{"line":45,"column":1}},"2":{"start":{"line":48,"column":27},"end":{"line":54,"column":1}},"3":{"start":{"line":62,"column":26},"end":{"line":62,"column":52}},"4":{"start":{"line":65,"column":2},"end":{"line":67,"column":3}},"5":{"start":{"line":66,"column":4},"end":{"line":66,"column":67}},"6":{"start":{"line":70,"column":18},"end":{"line":70,"column":62}},"7":{"start":{"line":71,"column":2},"end":{"line":92,"column":3}},"8":{"start":{"line":72,"column":19},"end":{"line":72,"column":41}},"9":{"start":{"line":73,"column":26},"end":{"line":73,"column":56}},"10":{"start":{"line":76,"column":18},"end":{"line":76,"column":34}},"11":{"start":{"line":77,"column":18},"end":{"line":77,"column":44}},"12":{"start":{"line":79,"column":4},"end":{"line":85,"column":5}},"13":{"start":{"line":80,"column":19},"end":{"line":80,"column":45}},"14":{"start":{"line":81,"column":6},"end":{"line":84,"column":7}},"15":{"start":{"line":82,"column":8},"end":{"line":82,"column":23}},"16":{"start":{"line":83,"column":8},"end":{"line":83,"column":26}},"17":{"start":{"line":88,"column":4},"end":{"line":91,"column":5}},"18":{"start":{"line":89,"column":24},"end":{"line":89,"column":51}},"19":{"start":{"line":90,"column":6},"end":{"line":90,"column":65}},"20":{"start":{"line":95,"column":19},"end":{"line":95,"column":64}},"21":{"start":{"line":96,"column":2},"end":{"line":116,"column":3}},"22":{"start":{"line":97,"column":17},"end":{"line":97,"column":40}},"23":{"start":{"line":98,"column":19},"end":{"line":98,"column":28}},"24":{"start":{"line":99,"column":26},"end":{"line":99,"column":56}},"25":{"start":{"line":101,"column":18},"end":{"line":101,"column":34}},"26":{"start":{"line":102,"column":18},"end":{"line":102,"column":44}},"27":{"start":{"line":104,"column":4},"end":{"line":110,"column":5}},"28":{"start":{"line":105,"column":19},"end":{"line":105,"column":45}},"29":{"start":{"line":106,"column":6},"end":{"line":109,"column":7}},"30":{"start":{"line":107,"column":8},"end":{"line":107,"column":23}},"31":{"start":{"line":108,"column":8},"end":{"line":108,"column":26}},"32":{"start":{"line":112,"column":4},"end":{"line":115,"column":5}},"33":{"start":{"line":113,"column":24},"end":{"line":113,"column":51}},"34":{"start":{"line":114,"column":6},"end":{"line":114,"column":65}},"35":{"start":{"line":118,"column":2},"end":{"line":118,"column":14}},"36":{"start":{"line":128,"column":2},"end":{"line":128,"column":55}},"37":{"start":{"line":128,"column":43},"end":{"line":128,"column":55}},"38":{"start":{"line":131,"column":18},"end":{"line":131,"column":54}},"39":{"start":{"line":132,"column":2},"end":{"line":143,"column":3}},"40":{"start":{"line":133,"column":19},"end":{"line":133,"column":41}},"41":{"start":{"line":136,"column":30},"end":{"line":138,"column":5}},"42":{"start":{"line":137,"column":6},"end":{"line":137,"column":47}},"43":{"start":{"line":140,"column":4},"end":{"line":142,"column":5}},"44":{"start":{"line":141,"column":6},"end":{"line":141,"column":60}},"45":{"start":{"line":146,"column":19},"end":{"line":146,"column":56}},"46":{"start":{"line":147,"column":2},"end":{"line":149,"column":3}},"47":{"start":{"line":148,"column":4},"end":{"line":148,"column":60}},"48":{"start":{"line":152,"column":18},"end":{"line":152,"column":54}},"49":{"start":{"line":153,"column":2},"end":{"line":155,"column":3}},"50":{"start":{"line":154,"column":4},"end":{"line":154,"column":58}},"51":{"start":{"line":157,"column":2},"end":{"line":157,"column":14}},"52":{"start":{"line":166,"column":19},"end":{"line":166,"column":40}},"53":{"start":{"line":169,"column":2},"end":{"line":171,"column":3}},"54":{"start":{"line":170,"column":4},"end":{"line":170,"column":16}},"55":{"start":{"line":174,"column":2},"end":{"line":176,"column":3}},"56":{"start":{"line":175,"column":4},"end":{"line":175,"column":16}},"57":{"start":{"line":179,"column":2},"end":{"line":181,"column":3}},"58":{"start":{"line":180,"column":4},"end":{"line":180,"column":16}},"59":{"start":{"line":184,"column":2},"end":{"line":186,"column":3}},"60":{"start":{"line":185,"column":4},"end":{"line":185,"column":16}},"61":{"start":{"line":188,"column":2},"end":{"line":188,"column":15}},"62":{"start":{"line":197,"column":2},"end":{"line":204,"column":3}},"63":{"start":{"line":198,"column":4},"end":{"line":200,"column":5}},"64":{"start":{"line":199,"column":6},"end":{"line":199,"column":27}},"65":{"start":{"line":201,"column":4},"end":{"line":203,"column":5}},"66":{"start":{"line":202,"column":6},"end":{"line":202,"column":36}},"67":{"start":{"line":205,"column":2},"end":{"line":205,"column":12}},"68":{"start":{"line":224,"column":4},"end":{"line":226,"column":5}},"69":{"start":{"line":225,"column":6},"end":{"line":225,"column":16}},"70":{"start":{"line":228,"column":4},"end":{"line":307,"column":6}},"71":{"start":{"line":231,"column":8},"end":{"line":231,"column":51}},"72":{"start":{"line":231,"column":44},"end":{"line":231,"column":51}},"73":{"start":{"line":233,"column":29},"end":{"line":233,"column":57}},"74":{"start":{"line":234,"column":29},"end":{"line":234,"column":73}},"75":{"start":{"line":235,"column":8},"end":{"line":235,"column":34}},"76":{"start":{"line":235,"column":27},"end":{"line":235,"column":34}},"77":{"start":{"line":237,"column":27},"end":{"line":237,"column":70}},"78":{"start":{"line":238,"column":31},"end":{"line":240,"column":64}},"79":{"start":{"line":242,"column":8},"end":{"line":249,"column":11}},"80":{"start":{"line":254,"column":8},"end":{"line":271,"column":9}},"81":{"start":{"line":255,"column":31},"end":{"line":255,"column":66}},"82":{"start":{"line":256,"column":10},"end":{"line":256,"column":38}},"83":{"start":{"line":256,"column":29},"end":{"line":256,"column":38}},"84":{"start":{"line":258,"column":29},"end":{"line":258,"column":72}},"85":{"start":{"line":259,"column":33},"end":{"line":261,"column":66}},"86":{"start":{"line":263,"column":10},"end":{"line":270,"column":13}},"87":{"start":{"line":276,"column":8},"end":{"line":276,"column":32}},"88":{"start":{"line":276,"column":25},"end":{"line":276,"column":32}},"89":{"start":{"line":278,"column":27},"end":{"line":278,"column":31}},"90":{"start":{"line":279,"column":27},"end":{"line":279,"column":48}},"91":{"start":{"line":281,"column":8},"end":{"line":286,"column":9}},"92":{"start":{"line":282,"column":10},"end":{"line":282,"column":42}},"93":{"start":{"line":283,"column":15},"end":{"line":286,"column":9}},"94":{"start":{"line":285,"column":10},"end":{"line":285,"column":53}},"95":{"start":{"line":288,"column":8},"end":{"line":288,"column":70}},"96":{"start":{"line":288,"column":63},"end":{"line":288,"column":70}},"97":{"start":{"line":290,"column":29},"end":{"line":290,"column":75}},"98":{"start":{"line":291,"column":8},"end":{"line":291,"column":34}},"99":{"start":{"line":291,"column":27},"end":{"line":291,"column":34}},"100":{"start":{"line":293,"column":27},"end":{"line":293,"column":70}},"101":{"start":{"line":294,"column":31},"end":{"line":296,"column":64}},"102":{"start":{"line":298,"column":8},"end":{"line":305,"column":11}}},"fnMap":{"0":{"name":"findClosestSpacingToken","decl":{"start":{"line":61,"column":9},"end":{"line":61,"column":32}},"loc":{"start":{"line":61,"column":40},"end":{"line":119,"column":1}},"line":61},"1":{"name":"detectSpacingValue","decl":{"start":{"line":127,"column":9},"end":{"line":127,"column":27}},"loc":{"start":{"line":127,"column":54},"end":{"line":158,"column":1}},"line":127},"2":{"name":"(anonymous_2)","decl":{"start":{"line":136,"column":54},"end":{"line":136,"column":58}},"loc":{"start":{"line":137,"column":6},"end":{"line":137,"column":47}},"line":137},"3":{"name":"isAllowedContext","decl":{"start":{"line":165,"column":9},"end":{"line":165,"column":25}},"loc":{"start":{"line":165,"column":35},"end":{"line":189,"column":1}},"line":165},"4":{"name":"getPropertyName","decl":{"start":{"line":196,"column":9},"end":{"line":196,"column":24}},"loc":{"start":{"line":196,"column":31},"end":{"line":206,"column":1}},"line":196},"5":{"name":"(anonymous_5)","decl":{"start":{"line":222,"column":2},"end":{"line":222,"column":8}},"loc":{"start":{"line":222,"column":18},"end":{"line":308,"column":3}},"line":222},"6":{"name":"(anonymous_6)","decl":{"start":{"line":230,"column":6},"end":{"line":230,"column":26}},"loc":{"start":{"line":230,"column":33},"end":{"line":250,"column":7}},"line":230},"7":{"name":"(anonymous_7)","decl":{"start":{"line":253,"column":6},"end":{"line":253,"column":21}},"loc":{"start":{"line":253,"column":28},"end":{"line":272,"column":7}},"line":253},"8":{"name":"(anonymous_8)","decl":{"start":{"line":275,"column":6},"end":{"line":275,"column":18}},"loc":{"start":{"line":275,"column":25},"end":{"line":306,"column":7}},"line":275}},"branchMap":{"0":{"loc":{"start":{"line":65,"column":2},"end":{"line":67,"column":3}},"type":"if","locations":[{"start":{"line":65,"column":2},"end":{"line":67,"column":3}},{"start":{},"end":{}}],"line":65},"1":{"loc":{"start":{"line":71,"column":2},"end":{"line":92,"column":3}},"type":"if","locations":[{"start":{"line":71,"column":2},"end":{"line":92,"column":3}},{"start":{},"end":{}}],"line":71},"2":{"loc":{"start":{"line":81,"column":6},"end":{"line":84,"column":7}},"type":"if","locations":[{"start":{"line":81,"column":6},"end":{"line":84,"column":7}},{"start":{},"end":{}}],"line":81},"3":{"loc":{"start":{"line":88,"column":4},"end":{"line":91,"column":5}},"type":"if","locations":[{"start":{"line":88,"column":4},"end":{"line":91,"column":5}},{"start":{},"end":{}}],"line":88},"4":{"loc":{"start":{"line":96,"column":2},"end":{"line":116,"column":3}},"type":"if","locations":[{"start":{"line":96,"column":2},"end":{"line":116,"column":3}},{"start":{},"end":{}}],"line":96},"5":{"loc":{"start":{"line":106,"column":6},"end":{"line":109,"column":7}},"type":"if","locations":[{"start":{"line":106,"column":6},"end":{"line":109,"column":7}},{"start":{},"end":{}}],"line":106},"6":{"loc":{"start":{"line":112,"column":4},"end":{"line":115,"column":5}},"type":"if","locations":[{"start":{"line":112,"column":4},"end":{"line":115,"column":5}},{"start":{},"end":{}}],"line":112},"7":{"loc":{"start":{"line":127,"column":35},"end":{"line":127,"column":52}},"type":"default-arg","locations":[{"start":{"line":127,"column":50},"end":{"line":127,"column":52}}],"line":127},"8":{"loc":{"start":{"line":128,"column":2},"end":{"line":128,"column":55}},"type":"if","locations":[{"start":{"line":128,"column":2},"end":{"line":128,"column":55}},{"start":{},"end":{}}],"line":128},"9":{"loc":{"start":{"line":128,"column":6},"end":{"line":128,"column":41}},"type":"binary-expr","locations":[{"start":{"line":128,"column":6},"end":{"line":128,"column":12}},{"start":{"line":128,"column":16},"end":{"line":128,"column":41}}],"line":128},"10":{"loc":{"start":{"line":132,"column":2},"end":{"line":143,"column":3}},"type":"if","locations":[{"start":{"line":132,"column":2},"end":{"line":143,"column":3}},{"start":{},"end":{}}],"line":132},"11":{"loc":{"start":{"line":140,"column":4},"end":{"line":142,"column":5}},"type":"if","locations":[{"start":{"line":140,"column":4},"end":{"line":142,"column":5}},{"start":{},"end":{}}],"line":140},"12":{"loc":{"start":{"line":140,"column":8},"end":{"line":140,"column":59}},"type":"binary-expr","locations":[{"start":{"line":140,"column":8},"end":{"line":140,"column":25}},{"start":{"line":140,"column":30},"end":{"line":140,"column":41}},{"start":{"line":140,"column":45},"end":{"line":140,"column":58}}],"line":140},"13":{"loc":{"start":{"line":147,"column":2},"end":{"line":149,"column":3}},"type":"if","locations":[{"start":{"line":147,"column":2},"end":{"line":149,"column":3}},{"start":{},"end":{}}],"line":147},"14":{"loc":{"start":{"line":153,"column":2},"end":{"line":155,"column":3}},"type":"if","locations":[{"start":{"line":153,"column":2},"end":{"line":155,"column":3}},{"start":{},"end":{}}],"line":153},"15":{"loc":{"start":{"line":169,"column":2},"end":{"line":171,"column":3}},"type":"if","locations":[{"start":{"line":169,"column":2},"end":{"line":171,"column":3}},{"start":{},"end":{}}],"line":169},"16":{"loc":{"start":{"line":169,"column":6},"end":{"line":169,"column":70}},"type":"binary-expr","locations":[{"start":{"line":169,"column":6},"end":{"line":169,"column":36}},{"start":{"line":169,"column":40},"end":{"line":169,"column":70}}],"line":169},"17":{"loc":{"start":{"line":174,"column":2},"end":{"line":176,"column":3}},"type":"if","locations":[{"start":{"line":174,"column":2},"end":{"line":176,"column":3}},{"start":{},"end":{}}],"line":174},"18":{"loc":{"start":{"line":174,"column":6},"end":{"line":174,"column":64}},"type":"binary-expr","locations":[{"start":{"line":174,"column":6},"end":{"line":174,"column":33}},{"start":{"line":174,"column":37},"end":{"line":174,"column":64}}],"line":174},"19":{"loc":{"start":{"line":179,"column":2},"end":{"line":181,"column":3}},"type":"if","locations":[{"start":{"line":179,"column":2},"end":{"line":181,"column":3}},{"start":{},"end":{}}],"line":179},"20":{"loc":{"start":{"line":184,"column":2},"end":{"line":186,"column":3}},"type":"if","locations":[{"start":{"line":184,"column":2},"end":{"line":186,"column":3}},{"start":{},"end":{}}],"line":184},"21":{"loc":{"start":{"line":197,"column":2},"end":{"line":204,"column":3}},"type":"if","locations":[{"start":{"line":197,"column":2},"end":{"line":204,"column":3}},{"start":{},"end":{}}],"line":197},"22":{"loc":{"start":{"line":198,"column":4},"end":{"line":200,"column":5}},"type":"if","locations":[{"start":{"line":198,"column":4},"end":{"line":200,"column":5}},{"start":{},"end":{}}],"line":198},"23":{"loc":{"start":{"line":201,"column":4},"end":{"line":203,"column":5}},"type":"if","locations":[{"start":{"line":201,"column":4},"end":{"line":203,"column":5}},{"start":{},"end":{}}],"line":201},"24":{"loc":{"start":{"line":224,"column":4},"end":{"line":226,"column":5}},"type":"if","locations":[{"start":{"line":224,"column":4},"end":{"line":226,"column":5}},{"start":{},"end":{}}],"line":224},"25":{"loc":{"start":{"line":231,"column":8},"end":{"line":231,"column":51}},"type":"if","locations":[{"start":{"line":231,"column":8},"end":{"line":231,"column":51}},{"start":{},"end":{}}],"line":231},"26":{"loc":{"start":{"line":235,"column":8},"end":{"line":235,"column":34}},"type":"if","locations":[{"start":{"line":235,"column":8},"end":{"line":235,"column":34}},{"start":{},"end":{}}],"line":235},"27":{"loc":{"start":{"line":238,"column":31},"end":{"line":240,"column":64}},"type":"cond-expr","locations":[{"start":{"line":239,"column":12},"end":{"line":239,"column":44}},{"start":{"line":240,"column":12},"end":{"line":240,"column":64}}],"line":238},"28":{"loc":{"start":{"line":256,"column":10},"end":{"line":256,"column":38}},"type":"if","locations":[{"start":{"line":256,"column":10},"end":{"line":256,"column":38}},{"start":{},"end":{}}],"line":256},"29":{"loc":{"start":{"line":259,"column":33},"end":{"line":261,"column":66}},"type":"cond-expr","locations":[{"start":{"line":260,"column":14},"end":{"line":260,"column":46}},{"start":{"line":261,"column":14},"end":{"line":261,"column":66}}],"line":259},"30":{"loc":{"start":{"line":276,"column":8},"end":{"line":276,"column":32}},"type":"if","locations":[{"start":{"line":276,"column":8},"end":{"line":276,"column":32}},{"start":{},"end":{}}],"line":276},"31":{"loc":{"start":{"line":279,"column":27},"end":{"line":279,"column":48}},"type":"binary-expr","locations":[{"start":{"line":279,"column":27},"end":{"line":279,"column":42}},{"start":{"line":279,"column":46},"end":{"line":279,"column":48}}],"line":279},"32":{"loc":{"start":{"line":281,"column":8},"end":{"line":286,"column":9}},"type":"if","locations":[{"start":{"line":281,"column":8},"end":{"line":286,"column":9}},{"start":{"line":283,"column":15},"end":{"line":286,"column":9}}],"line":281},"33":{"loc":{"start":{"line":283,"column":15},"end":{"line":286,"column":9}},"type":"if","locations":[{"start":{"line":283,"column":15},"end":{"line":286,"column":9}},{"start":{},"end":{}}],"line":283},"34":{"loc":{"start":{"line":283,"column":19},"end":{"line":284,"column":59}},"type":"binary-expr","locations":[{"start":{"line":283,"column":19},"end":{"line":283,"column":63}},{"start":{"line":284,"column":19},"end":{"line":284,"column":59}}],"line":283},"35":{"loc":{"start":{"line":288,"column":8},"end":{"line":288,"column":70}},"type":"if","locations":[{"start":{"line":288,"column":8},"end":{"line":288,"column":70}},{"start":{},"end":{}}],"line":288},"36":{"loc":{"start":{"line":288,"column":12},"end":{"line":288,"column":61}},"type":"binary-expr","locations":[{"start":{"line":288,"column":12},"end":{"line":288,"column":25}},{"start":{"line":288,"column":29},"end":{"line":288,"column":61}}],"line":288},"37":{"loc":{"start":{"line":291,"column":8},"end":{"line":291,"column":34}},"type":"if","locations":[{"start":{"line":291,"column":8},"end":{"line":291,"column":34}},{"start":{},"end":{}}],"line":291},"38":{"loc":{"start":{"line":294,"column":31},"end":{"line":296,"column":64}},"type":"cond-expr","locations":[{"start":{"line":295,"column":12},"end":{"line":295,"column":44}},{"start":{"line":296,"column":12},"end":{"line":296,"column":64}}],"line":294}},"s":{"0":1,"1":1,"2":1,"3":0,"4":0,"5":0,"6":0,"7":0,"8":0,"9":0,"10":0,"11":0,"12":0,"13":0,"14":0,"15":0,"16":0,"17":0,"18":0,"19":0,"20":0,"21":0,"22":0,"23":0,"24":0,"25":0,"26":0,"27":0,"28":0,"29":0,"30":0,"31":0,"32":0,"33":0,"34":0,"35":0,"36":0,"37":0,"38":0,"39":0,"40":0,"41":0,"42":0,"43":0,"44":0,"45":0,"46":0,"47":0,"48":0,"49":0,"50":0,"51":0,"52":2,"53":2,"54":1,"55":1,"56":0,"57":1,"58":0,"59":1,"60":0,"61":1,"62":0,"63":0,"64":0,"65":0,"66":0,"67":0,"68":2,"69":1,"70":1,"71":0,"72":0,"73":0,"74":0,"75":0,"76":0,"77":0,"78":0,"79":0,"80":0,"81":0,"82":0,"83":0,"84":0,"85":0,"86":0,"87":0,"88":0,"89":0,"90":0,"91":0,"92":0,"93":0,"94":0,"95":0,"96":0,"97":0,"98":0,"99":0,"100":0,"101":0,"102":0},"f":{"0":0,"1":0,"2":0,"3":2,"4":0,"5":2,"6":0,"7":0,"8":0},"b":{"0":[0,0],"1":[0,0],"2":[0,0],"3":[0,0],"4":[0,0],"5":[0,0],"6":[0,0],"7":[0],"8":[0,0],"9":[0,0],"10":[0,0],"11":[0,0],"12":[0,0,0],"13":[0,0],"14":[0,0],"15":[1,1],"16":[2,1],"17":[0,1],"18":[1,1],"19":[0,1],"20":[0,1],"21":[0,0],"22":[0,0],"23":[0,0],"24":[1,1],"25":[0,0],"26":[0,0],"27":[0,0],"28":[0,0],"29":[0,0],"30":[0,0],"31":[0,0],"32":[0,0],"33":[0,0],"34":[0,0],"35":[0,0],"36":[0,0],"37":[0,0],"38":[0,0]},"meta":{"lastBranch":39,"lastFunction":9,"lastStatement":103,"seen":{"s:13:22:24:1":0,"s:27:20:45:1":1,"s:48:27:54:1":2,"f:61:9:61:32":0,"s:62:26:62:52":3,"b:65:2:67:3:undefined:undefined:undefined:undefined":0,"s:65:2:67:3":4,"s:66:4:66:67":5,"s:70:18:70:62":6,"b:71:2:92:3:undefined:undefined:undefined:undefined":1,"s:71:2:92:3":7,"s:72:19:72:41":8,"s:73:26:73:56":9,"s:76:18:76:34":10,"s:77:18:77:44":11,"s:79:4:85:5":12,"s:80:19:80:45":13,"b:81:6:84:7:undefined:undefined:undefined:undefined":2,"s:81:6:84:7":14,"s:82:8:82:23":15,"s:83:8:83:26":16,"b:88:4:91:5:undefined:undefined:undefined:undefined":3,"s:88:4:91:5":17,"s:89:24:89:51":18,"s:90:6:90:65":19,"s:95:19:95:64":20,"b:96:2:116:3:undefined:undefined:undefined:undefined":4,"s:96:2:116:3":21,"s:97:17:97:40":22,"s:98:19:98:28":23,"s:99:26:99:56":24,"s:101:18:101:34":25,"s:102:18:102:44":26,"s:104:4:110:5":27,"s:105:19:105:45":28,"b:106:6:109:7:undefined:undefined:undefined:undefined":5,"s:106:6:109:7":29,"s:107:8:107:23":30,"s:108:8:108:26":31,"b:112:4:115:5:undefined:undefined:undefined:undefined":6,"s:112:4:115:5":32,"s:113:24:113:51":33,"s:114:6:114:65":34,"s:118:2:118:14":35,"f:127:9:127:27":1,"b:127:50:127:52":7,"b:128:2:128:55:undefined:undefined:undefined:undefined":8,"s:128:2:128:55":36,"b:128:6:128:12:128:16:128:41":9,"s:128:43:128:55":37,"s:131:18:131:54":38,"b:132:2:143:3:undefined:undefined:undefined:undefined":10,"s:132:2:143:3":39,"s:133:19:133:41":40,"s:136:30:138:5":41,"f:136:54:136:58":2,"s:137:6:137:47":42,"b:140:4:142:5:undefined:undefined:undefined:undefined":11,"s:140:4:142:5":43,"b:140:8:140:25:140:30:140:41:140:45:140:58":12,"s:141:6:141:60":44,"s:146:19:146:56":45,"b:147:2:149:3:undefined:undefined:undefined:undefined":13,"s:147:2:149:3":46,"s:148:4:148:60":47,"s:152:18:152:54":48,"b:153:2:155:3:undefined:undefined:undefined:undefined":14,"s:153:2:155:3":49,"s:154:4:154:58":50,"s:157:2:157:14":51,"f:165:9:165:25":3,"s:166:19:166:40":52,"b:169:2:171:3:undefined:undefined:undefined:undefined":15,"s:169:2:171:3":53,"b:169:6:169:36:169:40:169:70":16,"s:170:4:170:16":54,"b:174:2:176:3:undefined:undefined:undefined:undefined":17,"s:174:2:176:3":55,"b:174:6:174:33:174:37:174:64":18,"s:175:4:175:16":56,"b:179:2:181:3:undefined:undefined:undefined:undefined":19,"s:179:2:181:3":57,"s:180:4:180:16":58,"b:184:2:186:3:undefined:undefined:undefined:undefined":20,"s:184:2:186:3":59,"s:185:4:185:16":60,"s:188:2:188:15":61,"f:196:9:196:24":4,"b:197:2:204:3:undefined:undefined:undefined:undefined":21,"s:197:2:204:3":62,"b:198:4:200:5:undefined:undefined:undefined:undefined":22,"s:198:4:200:5":63,"s:199:6:199:27":64,"b:201:4:203:5:undefined:undefined:undefined:undefined":23,"s:201:4:203:5":65,"s:202:6:202:36":66,"s:205:2:205:12":67,"f:222:2:222:8":5,"b:224:4:226:5:undefined:undefined:undefined:undefined":24,"s:224:4:226:5":68,"s:225:6:225:16":69,"s:228:4:307:6":70,"f:230:6:230:26":6,"b:231:8:231:51:undefined:undefined:undefined:undefined":25,"s:231:8:231:51":71,"s:231:44:231:51":72,"s:233:29:233:57":73,"s:234:29:234:73":74,"b:235:8:235:34:undefined:undefined:undefined:undefined":26,"s:235:8:235:34":75,"s:235:27:235:34":76,"s:237:27:237:70":77,"s:238:31:240:64":78,"b:239:12:239:44:240:12:240:64":27,"s:242:8:249:11":79,"f:253:6:253:21":7,"s:254:8:271:9":80,"s:255:31:255:66":81,"b:256:10:256:38:undefined:undefined:undefined:undefined":28,"s:256:10:256:38":82,"s:256:29:256:38":83,"s:258:29:258:72":84,"s:259:33:261:66":85,"b:260:14:260:46:261:14:261:66":29,"s:263:10:270:13":86,"f:275:6:275:18":8,"b:276:8:276:32:undefined:undefined:undefined:undefined":30,"s:276:8:276:32":87,"s:276:25:276:32":88,"s:278:27:278:31":89,"s:279:27:279:48":90,"b:279:27:279:42:279:46:279:48":31,"b:281:8:286:9:283:15:286:9":32,"s:281:8:286:9":91,"s:282:10:282:42":92,"b:283:15:286:9:undefined:undefined:undefined:undefined":33,"s:283:15:286:9":93,"b:283:19:283:63:284:19:284:59":34,"s:285:10:285:53":94,"b:288:8:288:70:undefined:undefined:undefined:undefined":35,"s:288:8:288:70":95,"b:288:12:288:25:288:29:288:61":36,"s:288:63:288:70":96,"s:290:29:290:75":97,"b:291:8:291:34:undefined:undefined:undefined:undefined":37,"s:291:8:291:34":98,"s:291:27:291:34":99,"s:293:27:293:70":100,"s:294:31:296:64":101,"b:295:12:295:44:296:12:296:64":38,"s:298:8:305:11":102}}}
,"D:\\Mallakhamb\\Web\\src\\assets\\BHA.png": {"path":"D:\\Mallakhamb\\Web\\src\\assets\\BHA.png","statementMap":{},"fnMap":{},"branchMap":{},"s":{},"f":{},"b":{},"meta":{"lastBranch":0,"lastFunction":0,"lastStatement":0,"seen":{}}}
,"D:\\Mallakhamb\\Web\\src\\assets\\Mallakhamb.png": {"path":"D:\\Mallakhamb\\Web\\src\\assets\\Mallakhamb.png","statementMap":{},"fnMap":{},"branchMap":{},"s":{},"f":{},"b":{},"meta":{"lastBranch":0,"lastFunction":0,"lastStatement":0,"seen":{}}}
,"D:\\Mallakhamb\\Web\\src\\assets\\main-home.jpg": {"path":"D:\\Mallakhamb\\Web\\src\\assets\\main-home.jpg","statementMap":{},"fnMap":{},"branchMap":{},"s":{},"f":{},"b":{},"meta":{"lastBranch":0,"lastFunction":0,"lastStatement":0,"seen":{}}}
,"D:\\Mallakhamb\\Web\\src\\components\\ConfirmDialog.jsx": {"path":"D:\\Mallakhamb\\Web\\src\\components\\ConfirmDialog.jsx","statementMap":{"0":{"start":{"line":8,"column":22},"end":{"line":188,"column":null}},"1":{"start":{"line":19,"column":28},"end":{"line":19,"column":null}},"2":{"start":{"line":20,"column":24},"end":{"line":20,"column":null}},"3":{"start":{"line":21,"column":8},"end":{"line":21,"column":null}},"4":{"start":{"line":22,"column":29},"end":{"line":22,"column":null}},"5":{"start":{"line":23,"column":8},"end":{"line":23,"column":null}},"6":{"start":{"line":26,"column":2},"end":{"line":30,"column":null}},"7":{"start":{"line":27,"column":4},"end":{"line":29,"column":null}},"8":{"start":{"line":28,"column":6},"end":{"line":28,"column":null}},"9":{"start":{"line":28,"column":23},"end":{"line":28,"column":51}},"10":{"start":{"line":33,"column":2},"end":{"line":38,"column":null}},"11":{"start":{"line":34,"column":4},"end":{"line":34,"column":null}},"12":{"start":{"line":34,"column":17},"end":{"line":34,"column":null}},"13":{"start":{"line":35,"column":20},"end":{"line":35,"column":null}},"14":{"start":{"line":35,"column":29},"end":{"line":35,"column":76}},"15":{"start":{"line":35,"column":65},"end":{"line":35,"column":76}},"16":{"start":{"line":36,"column":4},"end":{"line":36,"column":null}},"17":{"start":{"line":37,"column":4},"end":{"line":37,"column":null}},"18":{"start":{"line":37,"column":17},"end":{"line":37,"column":null}},"19":{"start":{"line":40,"column":24},"end":{"line":52,"column":null}},"20":{"start":{"line":41,"column":4},"end":{"line":41,"column":null}},"21":{"start":{"line":42,"column":4},"end":{"line":42,"column":null}},"22":{"start":{"line":43,"column":4},"end":{"line":51,"column":null}},"23":{"start":{"line":44,"column":6},"end":{"line":44,"column":null}},"24":{"start":{"line":45,"column":6},"end":{"line":45,"column":null}},"25":{"start":{"line":47,"column":6},"end":{"line":47,"column":null}},"26":{"start":{"line":48,"column":6},"end":{"line":48,"column":null}},"27":{"start":{"line":50,"column":6},"end":{"line":50,"column":null}},"28":{"start":{"line":54,"column":22},"end":{"line":56,"column":null}},"29":{"start":{"line":58,"column":19},"end":{"line":60,"column":null}},"30":{"start":{"line":62,"column":2},"end":{"line":186,"column":null}},"31":{"start":{"line":78,"column":27},"end":{"line":78,"column":null}}},"fnMap":{"0":{"name":"(anonymous_0)","decl":{"start":{"line":8,"column":22},"end":{"line":8,"column":23}},"loc":{"start":{"line":18,"column":6},"end":{"line":188,"column":null}},"line":18},"1":{"name":"(anonymous_1)","decl":{"start":{"line":26,"column":12},"end":{"line":26,"column":18}},"loc":{"start":{"line":26,"column":18},"end":{"line":30,"column":5}},"line":26},"2":{"name":"(anonymous_2)","decl":{"start":{"line":28,"column":17},"end":{"line":28,"column":23}},"loc":{"start":{"line":28,"column":23},"end":{"line":28,"column":51}},"line":28},"3":{"name":"(anonymous_3)","decl":{"start":{"line":33,"column":12},"end":{"line":33,"column":18}},"loc":{"start":{"line":33,"column":18},"end":{"line":38,"column":5}},"line":33},"4":{"name":"(anonymous_4)","decl":{"start":{"line":35,"column":20},"end":{"line":35,"column":21}},"loc":{"start":{"line":35,"column":27},"end":{"line":35,"column":null}},"line":35},"5":{"name":"(anonymous_5)","decl":{"start":{"line":37,"column":11},"end":{"line":37,"column":17}},"loc":{"start":{"line":37,"column":17},"end":{"line":37,"column":null}},"line":37},"6":{"name":"(anonymous_6)","decl":{"start":{"line":40,"column":24},"end":{"line":40,"column":36}},"loc":{"start":{"line":40,"column":36},"end":{"line":52,"column":null}},"line":40},"7":{"name":"(anonymous_7)","decl":{"start":{"line":78,"column":21},"end":{"line":78,"column":27}},"loc":{"start":{"line":78,"column":27},"end":{"line":78,"column":null}},"line":78}},"branchMap":{"0":{"loc":{"start":{"line":14,"column":2},"end":{"line":14,"column":null}},"type":"default-arg","locations":[{"start":{"line":14,"column":16},"end":{"line":14,"column":null}}],"line":14},"1":{"loc":{"start":{"line":15,"column":2},"end":{"line":15,"column":null}},"type":"default-arg","locations":[{"start":{"line":15,"column":15},"end":{"line":15,"column":null}}],"line":15},"2":{"loc":{"start":{"line":16,"column":2},"end":{"line":16,"column":null}},"type":"default-arg","locations":[{"start":{"line":16,"column":23},"end":{"line":16,"column":null}}],"line":16},"3":{"loc":{"start":{"line":17,"column":2},"end":{"line":17,"column":null}},"type":"default-arg","locations":[{"start":{"line":17,"column":12},"end":{"line":17,"column":null}}],"line":17},"4":{"loc":{"start":{"line":27,"column":4},"end":{"line":29,"column":null}},"type":"if","locations":[{"start":{"line":27,"column":4},"end":{"line":29,"column":null}},{"start":{},"end":{}}],"line":27},"5":{"loc":{"start":{"line":34,"column":4},"end":{"line":34,"column":null}},"type":"if","locations":[{"start":{"line":34,"column":4},"end":{"line":34,"column":null}},{"start":{},"end":{}}],"line":34},"6":{"loc":{"start":{"line":35,"column":29},"end":{"line":35,"column":76}},"type":"if","locations":[{"start":{"line":35,"column":29},"end":{"line":35,"column":76}},{"start":{},"end":{}}],"line":35},"7":{"loc":{"start":{"line":35,"column":33},"end":{"line":35,"column":65}},"type":"binary-expr","locations":[{"start":{"line":35,"column":33},"end":{"line":35,"column":55}},{"start":{"line":35,"column":55},"end":{"line":35,"column":65}}],"line":35},"8":{"loc":{"start":{"line":47,"column":15},"end":{"line":47,"column":49}},"type":"binary-expr","locations":[{"start":{"line":47,"column":15},"end":{"line":47,"column":30}},{"start":{"line":47,"column":30},"end":{"line":47,"column":49}}],"line":47},"9":{"loc":{"start":{"line":54,"column":22},"end":{"line":56,"column":null}},"type":"cond-expr","locations":[{"start":{"line":54,"column":45},"end":{"line":54,"column":null}},{"start":{"line":55,"column":6},"end":{"line":56,"column":null}}],"line":54},"10":{"loc":{"start":{"line":55,"column":6},"end":{"line":56,"column":null}},"type":"cond-expr","locations":[{"start":{"line":55,"column":30},"end":{"line":55,"column":null}},{"start":{"line":56,"column":6},"end":{"line":56,"column":null}}],"line":55},"11":{"loc":{"start":{"line":58,"column":19},"end":{"line":60,"column":null}},"type":"cond-expr","locations":[{"start":{"line":58,"column":42},"end":{"line":58,"column":null}},{"start":{"line":59,"column":6},"end":{"line":60,"column":null}}],"line":58},"12":{"loc":{"start":{"line":59,"column":6},"end":{"line":60,"column":null}},"type":"cond-expr","locations":[{"start":{"line":59,"column":30},"end":{"line":59,"column":null}},{"start":{"line":60,"column":6},"end":{"line":60,"column":null}}],"line":59},"13":{"loc":{"start":{"line":64,"column":7},"end":{"line":184,"column":null}},"type":"binary-expr","locations":[{"start":{"line":64,"column":7},"end":{"line":64,"column":null}},{"start":{"line":65,"column":8},"end":{"line":184,"column":null}}],"line":64},"14":{"loc":{"start":{"line":78,"column":27},"end":{"line":78,"column":null}},"type":"binary-expr","locations":[{"start":{"line":78,"column":27},"end":{"line":78,"column":39}},{"start":{"line":78,"column":39},"end":{"line":78,"column":null}}],"line":78},"15":{"loc":{"start":{"line":85,"column":24},"end":{"line":85,"column":null}},"type":"cond-expr","locations":[{"start":{"line":85,"column":35},"end":{"line":85,"column":44}},{"start":{"line":85,"column":44},"end":{"line":85,"column":null}}],"line":85},"16":{"loc":{"start":{"line":86,"column":22},"end":{"line":86,"column":null}},"type":"cond-expr","locations":[{"start":{"line":86,"column":33},"end":{"line":86,"column":44}},{"start":{"line":86,"column":44},"end":{"line":86,"column":null}}],"line":86},"17":{"loc":{"start":{"line":91,"column":21},"end":{"line":91,"column":null}},"type":"cond-expr","locations":[{"start":{"line":91,"column":31},"end":{"line":91,"column":48}},{"start":{"line":91,"column":48},"end":{"line":91,"column":null}}],"line":91},"18":{"loc":{"start":{"line":93,"column":18},"end":{"line":93,"column":null}},"type":"cond-expr","locations":[{"start":{"line":93,"column":28},"end":{"line":93,"column":45}},{"start":{"line":93,"column":45},"end":{"line":93,"column":null}}],"line":93},"19":{"loc":{"start":{"line":100,"column":89},"end":{"line":100,"column":119}},"type":"cond-expr","locations":[{"start":{"line":100,"column":100},"end":{"line":100,"column":109}},{"start":{"line":100,"column":109},"end":{"line":100,"column":119}}],"line":100},"20":{"loc":{"start":{"line":100,"column":134},"end":{"line":100,"column":164}},"type":"cond-expr","locations":[{"start":{"line":100,"column":145},"end":{"line":100,"column":157}},{"start":{"line":100,"column":157},"end":{"line":100,"column":164}}],"line":100},"21":{"loc":{"start":{"line":106,"column":112},"end":{"line":106,"column":143}},"type":"cond-expr","locations":[{"start":{"line":106,"column":123},"end":{"line":106,"column":132}},{"start":{"line":106,"column":132},"end":{"line":106,"column":143}}],"line":106},"22":{"loc":{"start":{"line":120,"column":57},"end":{"line":120,"column":103}},"type":"cond-expr","locations":[{"start":{"line":120,"column":68},"end":{"line":120,"column":87}},{"start":{"line":120,"column":87},"end":{"line":120,"column":103}}],"line":120},"23":{"loc":{"start":{"line":124,"column":17},"end":{"line":133,"column":null}},"type":"binary-expr","locations":[{"start":{"line":124,"column":17},"end":{"line":124,"column":null}},{"start":{"line":125,"column":18},"end":{"line":133,"column":null}}],"line":124},"24":{"loc":{"start":{"line":143,"column":25},"end":{"line":143,"column":null}},"type":"cond-expr","locations":[{"start":{"line":143,"column":36},"end":{"line":143,"column":45}},{"start":{"line":143,"column":45},"end":{"line":143,"column":null}}],"line":143},"25":{"loc":{"start":{"line":144,"column":31},"end":{"line":144,"column":null}},"type":"cond-expr","locations":[{"start":{"line":144,"column":42},"end":{"line":144,"column":53}},{"start":{"line":144,"column":53},"end":{"line":144,"column":null}}],"line":144},"26":{"loc":{"start":{"line":154,"column":25},"end":{"line":154,"column":null}},"type":"cond-expr","locations":[{"start":{"line":154,"column":36},"end":{"line":154,"column":45}},{"start":{"line":154,"column":45},"end":{"line":154,"column":null}}],"line":154},"27":{"loc":{"start":{"line":165,"column":25},"end":{"line":165,"column":null}},"type":"cond-expr","locations":[{"start":{"line":165,"column":36},"end":{"line":165,"column":45}},{"start":{"line":165,"column":45},"end":{"line":165,"column":null}}],"line":165},"28":{"loc":{"start":{"line":168,"column":28},"end":{"line":168,"column":null}},"type":"cond-expr","locations":[{"start":{"line":168,"column":38},"end":{"line":168,"column":43}},{"start":{"line":168,"column":43},"end":{"line":168,"column":null}}],"line":168},"29":{"loc":{"start":{"line":169,"column":26},"end":{"line":169,"column":null}},"type":"cond-expr","locations":[{"start":{"line":169,"column":36},"end":{"line":169,"column":41}},{"start":{"line":169,"column":41},"end":{"line":169,"column":null}}],"line":169},"30":{"loc":{"start":{"line":171,"column":17},"end":{"line":180,"column":null}},"type":"cond-expr","locations":[{"start":{"line":172,"column":18},"end":{"line":179,"column":null}},{"start":{"line":180,"column":20},"end":{"line":180,"column":null}}],"line":171}},"s":{"0":1,"1":24,"2":24,"3":24,"4":24,"5":24,"6":24,"7":19,"8":0,"9":0,"10":24,"11":24,"12":24,"13":0,"14":0,"15":0,"16":0,"17":0,"18":0,"19":24,"20":0,"21":0,"22":0,"23":0,"24":0,"25":0,"26":0,"27":0,"28":24,"29":24,"30":24,"31":0},"f":{"0":24,"1":19,"2":0,"3":24,"4":0,"5":0,"6":0,"7":0},"b":{"0":[24],"1":[24],"2":[24],"3":[24],"4":[0,19],"5":[24,0],"6":[0,0],"7":[0,0],"8":[0,0],"9":[0,24],"10":[0,24],"11":[0,24],"12":[0,24],"13":[24,0],"14":[0,0],"15":[0,0],"16":[0,0],"17":[0,0],"18":[0,0],"19":[0,0],"20":[0,0],"21":[0,0],"22":[0,0],"23":[0,0],"24":[0,0],"25":[0,0],"26":[0,0],"27":[0,0],"28":[0,0],"29":[0,0],"30":[0,0]},"meta":{"lastBranch":31,"lastFunction":8,"lastStatement":32,"seen":{"s:8:22:188:Infinity":0,"f:8:22:8:23":0,"b:14:16:14:Infinity":0,"b:15:15:15:Infinity":1,"b:16:23:16:Infinity":2,"b:17:12:17:Infinity":3,"s:19:28:19:Infinity":1,"s:20:24:20:Infinity":2,"s:21:8:21:Infinity":3,"s:22:29:22:Infinity":4,"s:23:8:23:Infinity":5,"s:26:2:30:Infinity":6,"f:26:12:26:18":1,"b:27:4:29:Infinity:undefined:undefined:undefined:undefined":4,"s:27:4:29:Infinity":7,"s:28:6:28:Infinity":8,"f:28:17:28:23":2,"s:28:23:28:51":9,"s:33:2:38:Infinity":10,"f:33:12:33:18":3,"b:34:4:34:Infinity:undefined:undefined:undefined:undefined":5,"s:34:4:34:Infinity":11,"s:34:17:34:Infinity":12,"s:35:20:35:Infinity":13,"f:35:20:35:21":4,"b:35:29:35:76:undefined:undefined:undefined:undefined":6,"s:35:29:35:76":14,"b:35:33:35:55:35:55:35:65":7,"s:35:65:35:76":15,"s:36:4:36:Infinity":16,"s:37:4:37:Infinity":17,"f:37:11:37:17":5,"s:37:17:37:Infinity":18,"s:40:24:52:Infinity":19,"f:40:24:40:36":6,"s:41:4:41:Infinity":20,"s:42:4:42:Infinity":21,"s:43:4:51:Infinity":22,"s:44:6:44:Infinity":23,"s:45:6:45:Infinity":24,"s:47:6:47:Infinity":25,"b:47:15:47:30:47:30:47:49":8,"s:48:6:48:Infinity":26,"s:50:6:50:Infinity":27,"s:54:22:56:Infinity":28,"b:54:45:54:Infinity:55:6:56:Infinity":9,"b:55:30:55:Infinity:56:6:56:Infinity":10,"s:58:19:60:Infinity":29,"b:58:42:58:Infinity:59:6:60:Infinity":11,"b:59:30:59:Infinity:60:6:60:Infinity":12,"s:62:2:186:Infinity":30,"b:64:7:64:Infinity:65:8:184:Infinity":13,"f:78:21:78:27":7,"s:78:27:78:Infinity":31,"b:78:27:78:39:78:39:78:Infinity":14,"b:85:35:85:44:85:44:85:Infinity":15,"b:86:33:86:44:86:44:86:Infinity":16,"b:91:31:91:48:91:48:91:Infinity":17,"b:93:28:93:45:93:45:93:Infinity":18,"b:100:100:100:109:100:109:100:119":19,"b:100:145:100:157:100:157:100:164":20,"b:106:123:106:132:106:132:106:143":21,"b:120:68:120:87:120:87:120:103":22,"b:124:17:124:Infinity:125:18:133:Infinity":23,"b:143:36:143:45:143:45:143:Infinity":24,"b:144:42:144:53:144:53:144:Infinity":25,"b:154:36:154:45:154:45:154:Infinity":26,"b:165:36:165:45:165:45:165:Infinity":27,"b:168:38:168:43:168:43:168:Infinity":28,"b:169:36:169:41:169:41:169:Infinity":29,"b:172:18:179:Infinity:180:20:180:Infinity":30}}}
,"D:\\Mallakhamb\\Web\\src\\components\\Dropdown.jsx": {"path":"D:\\Mallakhamb\\Web\\src\\components\\Dropdown.jsx","statementMap":{"0":{"start":{"line":7,"column":17},"end":{"line":197,"column":null}},"1":{"start":{"line":21,"column":26},"end":{"line":21,"column":null}},"2":{"start":{"line":22,"column":34},"end":{"line":22,"column":null}},"3":{"start":{"line":23,"column":8},"end":{"line":23,"column":null}},"4":{"start":{"line":24,"column":8},"end":{"line":24,"column":null}},"5":{"start":{"line":25,"column":19},"end":{"line":25,"column":null}},"6":{"start":{"line":26,"column":8},"end":{"line":26,"column":null}},"7":{"start":{"line":28,"column":2},"end":{"line":36,"column":null}},"8":{"start":{"line":29,"column":31},"end":{"line":33,"column":null}},"9":{"start":{"line":30,"column":6},"end":{"line":32,"column":null}},"10":{"start":{"line":31,"column":8},"end":{"line":31,"column":null}},"11":{"start":{"line":34,"column":4},"end":{"line":34,"column":null}},"12":{"start":{"line":35,"column":4},"end":{"line":35,"column":null}},"13":{"start":{"line":35,"column":17},"end":{"line":35,"column":null}},"14":{"start":{"line":38,"column":2},"end":{"line":40,"column":null}},"15":{"start":{"line":39,"column":4},"end":{"line":39,"column":null}},"16":{"start":{"line":39,"column":58},"end":{"line":39,"column":null}},"17":{"start":{"line":42,"column":2},"end":{"line":49,"column":null}},"18":{"start":{"line":43,"column":4},"end":{"line":43,"column":null}},"19":{"start":{"line":43,"column":17},"end":{"line":43,"column":null}},"20":{"start":{"line":44,"column":20},"end":{"line":46,"column":null}},"21":{"start":{"line":45,"column":6},"end":{"line":45,"column":null}},"22":{"start":{"line":45,"column":32},"end":{"line":45,"column":50}},"23":{"start":{"line":45,"column":50},"end":{"line":45,"column":78}},"24":{"start":{"line":47,"column":4},"end":{"line":47,"column":null}},"25":{"start":{"line":48,"column":4},"end":{"line":48,"column":null}},"26":{"start":{"line":48,"column":17},"end":{"line":48,"column":null}},"27":{"start":{"line":51,"column":23},"end":{"line":56,"column":null}},"28":{"start":{"line":52,"column":4},"end":{"line":52,"column":null}},"29":{"start":{"line":53,"column":4},"end":{"line":53,"column":null}},"30":{"start":{"line":54,"column":4},"end":{"line":54,"column":null}},"31":{"start":{"line":55,"column":4},"end":{"line":55,"column":null}},"32":{"start":{"line":58,"column":26},"end":{"line":60,"column":null}},"33":{"start":{"line":59,"column":26},"end":{"line":59,"column":82}},"34":{"start":{"line":62,"column":22},"end":{"line":66,"column":null}},"35":{"start":{"line":68,"column":2},"end":{"line":195,"column":null}},"36":{"start":{"line":79,"column":23},"end":{"line":79,"column":null}},"37":{"start":{"line":130,"column":37},"end":{"line":130,"column":null}},"38":{"start":{"line":139,"column":36},"end":{"line":139,"column":null}},"39":{"start":{"line":143,"column":40},"end":{"line":143,"column":61}},"40":{"start":{"line":143,"column":61},"end":{"line":143,"column":80}},"41":{"start":{"line":165,"column":37},"end":{"line":165,"column":null}},"42":{"start":{"line":166,"column":18},"end":{"line":187,"column":null}},"43":{"start":{"line":172,"column":37},"end":{"line":172,"column":null}},"44":{"start":{"line":180,"column":24},"end":{"line":182,"column":null}},"45":{"start":{"line":180,"column":66},"end":{"line":180,"column":86}},"46":{"start":{"line":180,"column":86},"end":{"line":180,"column":108}},"47":{"start":{"line":180,"column":108},"end":{"line":182,"column":null}},"48":{"start":{"line":181,"column":58},"end":{"line":181,"column":78}},"49":{"start":{"line":181,"column":78},"end":{"line":181,"column":116}},"50":{"start":{"line":181,"column":116},"end":{"line":182,"column":null}},"51":{"start":{"line":182,"column":56},"end":{"line":182,"column":76}},"52":{"start":{"line":182,"column":76},"end":{"line":182,"column":118}}},"fnMap":{"0":{"name":"(anonymous_0)","decl":{"start":{"line":7,"column":17},"end":{"line":7,"column":18}},"loc":{"start":{"line":20,"column":6},"end":{"line":197,"column":null}},"line":20},"1":{"name":"(anonymous_1)","decl":{"start":{"line":28,"column":12},"end":{"line":28,"column":18}},"loc":{"start":{"line":28,"column":18},"end":{"line":36,"column":5}},"line":28},"2":{"name":"(anonymous_2)","decl":{"start":{"line":29,"column":31},"end":{"line":29,"column":32}},"loc":{"start":{"line":29,"column":38},"end":{"line":33,"column":null}},"line":29},"3":{"name":"(anonymous_3)","decl":{"start":{"line":35,"column":11},"end":{"line":35,"column":17}},"loc":{"start":{"line":35,"column":17},"end":{"line":35,"column":null}},"line":35},"4":{"name":"(anonymous_4)","decl":{"start":{"line":38,"column":12},"end":{"line":38,"column":18}},"loc":{"start":{"line":38,"column":18},"end":{"line":40,"column":5}},"line":38},"5":{"name":"(anonymous_5)","decl":{"start":{"line":42,"column":12},"end":{"line":42,"column":18}},"loc":{"start":{"line":42,"column":18},"end":{"line":49,"column":5}},"line":42},"6":{"name":"(anonymous_6)","decl":{"start":{"line":44,"column":20},"end":{"line":44,"column":21}},"loc":{"start":{"line":44,"column":27},"end":{"line":46,"column":null}},"line":44},"7":{"name":"(anonymous_7)","decl":{"start":{"line":48,"column":11},"end":{"line":48,"column":17}},"loc":{"start":{"line":48,"column":17},"end":{"line":48,"column":null}},"line":48},"8":{"name":"(anonymous_8)","decl":{"start":{"line":51,"column":23},"end":{"line":51,"column":24}},"loc":{"start":{"line":51,"column":35},"end":{"line":56,"column":null}},"line":51},"9":{"name":"(anonymous_9)","decl":{"start":{"line":59,"column":21},"end":{"line":59,"column":26}},"loc":{"start":{"line":59,"column":26},"end":{"line":59,"column":82}},"line":59},"10":{"name":"(anonymous_10)","decl":{"start":{"line":79,"column":17},"end":{"line":79,"column":23}},"loc":{"start":{"line":79,"column":23},"end":{"line":79,"column":null}},"line":79},"11":{"name":"(anonymous_11)","decl":{"start":{"line":130,"column":30},"end":{"line":130,"column":31}},"loc":{"start":{"line":130,"column":37},"end":{"line":130,"column":null}},"line":130},"12":{"name":"(anonymous_12)","decl":{"start":{"line":139,"column":29},"end":{"line":139,"column":30}},"loc":{"start":{"line":139,"column":36},"end":{"line":139,"column":null}},"line":139},"13":{"name":"(anonymous_13)","decl":{"start":{"line":143,"column":31},"end":{"line":143,"column":32}},"loc":{"start":{"line":143,"column":38},"end":{"line":143,"column":null}},"line":143},"14":{"name":"(anonymous_14)","decl":{"start":{"line":164,"column":36},"end":{"line":164,"column":37}},"loc":{"start":{"line":164,"column":51},"end":{"line":189,"column":17}},"line":164},"15":{"name":"(anonymous_15)","decl":{"start":{"line":172,"column":31},"end":{"line":172,"column":37}},"loc":{"start":{"line":172,"column":37},"end":{"line":172,"column":null}},"line":172},"16":{"name":"(anonymous_16)","decl":{"start":{"line":179,"column":33},"end":{"line":179,"column":34}},"loc":{"start":{"line":179,"column":40},"end":{"line":183,"column":null}},"line":179}},"branchMap":{"0":{"loc":{"start":{"line":11,"column":2},"end":{"line":11,"column":null}},"type":"default-arg","locations":[{"start":{"line":11,"column":16},"end":{"line":11,"column":null}}],"line":11},"1":{"loc":{"start":{"line":12,"column":2},"end":{"line":12,"column":null}},"type":"default-arg","locations":[{"start":{"line":12,"column":15},"end":{"line":12,"column":null}}],"line":12},"2":{"loc":{"start":{"line":13,"column":2},"end":{"line":13,"column":null}},"type":"default-arg","locations":[{"start":{"line":13,"column":13},"end":{"line":13,"column":null}}],"line":13},"3":{"loc":{"start":{"line":14,"column":2},"end":{"line":14,"column":null}},"type":"default-arg","locations":[{"start":{"line":14,"column":12},"end":{"line":14,"column":null}}],"line":14},"4":{"loc":{"start":{"line":15,"column":2},"end":{"line":15,"column":null}},"type":"default-arg","locations":[{"start":{"line":15,"column":13},"end":{"line":15,"column":null}}],"line":15},"5":{"loc":{"start":{"line":16,"column":2},"end":{"line":16,"column":null}},"type":"default-arg","locations":[{"start":{"line":16,"column":14},"end":{"line":16,"column":null}}],"line":16},"6":{"loc":{"start":{"line":17,"column":2},"end":{"line":17,"column":null}},"type":"default-arg","locations":[{"start":{"line":17,"column":22},"end":{"line":17,"column":null}}],"line":17},"7":{"loc":{"start":{"line":18,"column":2},"end":{"line":18,"column":null}},"type":"default-arg","locations":[{"start":{"line":18,"column":10},"end":{"line":18,"column":null}}],"line":18},"8":{"loc":{"start":{"line":19,"column":2},"end":{"line":19,"column":null}},"type":"default-arg","locations":[{"start":{"line":19,"column":10},"end":{"line":19,"column":null}}],"line":19},"9":{"loc":{"start":{"line":30,"column":6},"end":{"line":32,"column":null}},"type":"if","locations":[{"start":{"line":30,"column":6},"end":{"line":32,"column":null}},{"start":{},"end":{}}],"line":30},"10":{"loc":{"start":{"line":30,"column":10},"end":{"line":30,"column":74}},"type":"binary-expr","locations":[{"start":{"line":30,"column":10},"end":{"line":30,"column":33}},{"start":{"line":30,"column":33},"end":{"line":30,"column":74}}],"line":30},"11":{"loc":{"start":{"line":39,"column":4},"end":{"line":39,"column":null}},"type":"if","locations":[{"start":{"line":39,"column":4},"end":{"line":39,"column":null}},{"start":{},"end":{}}],"line":39},"12":{"loc":{"start":{"line":39,"column":8},"end":{"line":39,"column":58}},"type":"binary-expr","locations":[{"start":{"line":39,"column":8},"end":{"line":39,"column":22}},{"start":{"line":39,"column":22},"end":{"line":39,"column":34}},{"start":{"line":39,"column":34},"end":{"line":39,"column":58}}],"line":39},"13":{"loc":{"start":{"line":43,"column":4},"end":{"line":43,"column":null}},"type":"if","locations":[{"start":{"line":43,"column":4},"end":{"line":43,"column":null}},{"start":{},"end":{}}],"line":43},"14":{"loc":{"start":{"line":45,"column":6},"end":{"line":45,"column":null}},"type":"if","locations":[{"start":{"line":45,"column":6},"end":{"line":45,"column":null}},{"start":{},"end":{}}],"line":45},"15":{"loc":{"start":{"line":58,"column":26},"end":{"line":60,"column":null}},"type":"cond-expr","locations":[{"start":{"line":59,"column":6},"end":{"line":59,"column":null}},{"start":{"line":60,"column":6},"end":{"line":60,"column":null}}],"line":58},"16":{"loc":{"start":{"line":62,"column":22},"end":{"line":66,"column":null}},"type":"cond-expr","locations":[{"start":{"line":63,"column":6},"end":{"line":63,"column":null}},{"start":{"line":64,"column":6},"end":{"line":66,"column":null}}],"line":62},"17":{"loc":{"start":{"line":64,"column":6},"end":{"line":66,"column":null}},"type":"cond-expr","locations":[{"start":{"line":65,"column":6},"end":{"line":65,"column":null}},{"start":{"line":66,"column":6},"end":{"line":66,"column":null}}],"line":64},"18":{"loc":{"start":{"line":70,"column":7},"end":{"line":74,"column":null}},"type":"binary-expr","locations":[{"start":{"line":70,"column":7},"end":{"line":70,"column":null}},{"start":{"line":71,"column":8},"end":{"line":74,"column":null}}],"line":70},"19":{"loc":{"start":{"line":79,"column":23},"end":{"line":79,"column":null}},"type":"binary-expr","locations":[{"start":{"line":79,"column":23},"end":{"line":79,"column":36}},{"start":{"line":79,"column":36},"end":{"line":79,"column":null}}],"line":79},"20":{"loc":{"start":{"line":83,"column":22},"end":{"line":83,"column":null}},"type":"cond-expr","locations":[{"start":{"line":83,"column":33},"end":{"line":83,"column":60}},{"start":{"line":83,"column":60},"end":{"line":83,"column":null}}],"line":83},"21":{"loc":{"start":{"line":85,"column":17},"end":{"line":85,"column":null}},"type":"cond-expr","locations":[{"start":{"line":85,"column":25},"end":{"line":85,"column":34}},{"start":{"line":85,"column":34},"end":{"line":85,"column":null}}],"line":85},"22":{"loc":{"start":{"line":86,"column":18},"end":{"line":86,"column":null}},"type":"cond-expr","locations":[{"start":{"line":86,"column":29},"end":{"line":86,"column":45}},{"start":{"line":86,"column":45},"end":{"line":86,"column":null}}],"line":86},"23":{"loc":{"start":{"line":87,"column":21},"end":{"line":87,"column":null}},"type":"cond-expr","locations":[{"start":{"line":87,"column":30},"end":{"line":87,"column":64}},{"start":{"line":87,"column":64},"end":{"line":87,"column":null}}],"line":87},"24":{"loc":{"start":{"line":92,"column":20},"end":{"line":92,"column":null}},"type":"cond-expr","locations":[{"start":{"line":92,"column":28},"end":{"line":92,"column":57}},{"start":{"line":92,"column":57},"end":{"line":92,"column":null}}],"line":92},"25":{"loc":{"start":{"line":95,"column":36},"end":{"line":95,"column":70}},"type":"cond-expr","locations":[{"start":{"line":95,"column":44},"end":{"line":95,"column":58}},{"start":{"line":95,"column":58},"end":{"line":95,"column":70}}],"line":95},"26":{"loc":{"start":{"line":97,"column":29},"end":{"line":97,"column":46}},"type":"cond-expr","locations":[{"start":{"line":97,"column":38},"end":{"line":97,"column":44}},{"start":{"line":97,"column":44},"end":{"line":97,"column":46}}],"line":97},"27":{"loc":{"start":{"line":101,"column":59},"end":{"line":101,"column":110}},"type":"cond-expr","locations":[{"start":{"line":101,"column":68},"end":{"line":101,"column":85}},{"start":{"line":101,"column":85},"end":{"line":101,"column":110}}],"line":101},"28":{"loc":{"start":{"line":106,"column":9},"end":{"line":192,"column":null}},"type":"binary-expr","locations":[{"start":{"line":106,"column":9},"end":{"line":106,"column":19}},{"start":{"line":106,"column":19},"end":{"line":106,"column":null}},{"start":{"line":107,"column":10},"end":{"line":192,"column":null}}],"line":106},"29":{"loc":{"start":{"line":116,"column":21},"end":{"line":116,"column":null}},"type":"cond-expr","locations":[{"start":{"line":116,"column":31},"end":{"line":116,"column":48}},{"start":{"line":116,"column":48},"end":{"line":116,"column":null}}],"line":116},"30":{"loc":{"start":{"line":118,"column":18},"end":{"line":118,"column":null}},"type":"cond-expr","locations":[{"start":{"line":118,"column":28},"end":{"line":118,"column":45}},{"start":{"line":118,"column":45},"end":{"line":118,"column":null}}],"line":118},"31":{"loc":{"start":{"line":122,"column":13},"end":{"line":151,"column":null}},"type":"binary-expr","locations":[{"start":{"line":122,"column":13},"end":{"line":122,"column":null}},{"start":{"line":123,"column":14},"end":{"line":151,"column":null}}],"line":122},"32":{"loc":{"start":{"line":141,"column":19},"end":{"line":148,"column":null}},"type":"binary-expr","locations":[{"start":{"line":141,"column":19},"end":{"line":141,"column":null}},{"start":{"line":142,"column":20},"end":{"line":148,"column":null}}],"line":141},"33":{"loc":{"start":{"line":155,"column":15},"end":{"line":189,"column":null}},"type":"cond-expr","locations":[{"start":{"line":156,"column":16},"end":{"line":160,"column":null}},{"start":{"line":161,"column":18},"end":{"line":189,"column":null}}],"line":155},"34":{"loc":{"start":{"line":161,"column":18},"end":{"line":189,"column":null}},"type":"cond-expr","locations":[{"start":{"line":162,"column":16},"end":{"line":162,"column":null}},{"start":{"line":164,"column":16},"end":{"line":189,"column":null}}],"line":161},"35":{"loc":{"start":{"line":175,"column":31},"end":{"line":175,"column":null}},"type":"cond-expr","locations":[{"start":{"line":175,"column":44},"end":{"line":175,"column":66}},{"start":{"line":175,"column":66},"end":{"line":175,"column":null}}],"line":175},"36":{"loc":{"start":{"line":176,"column":36},"end":{"line":176,"column":null}},"type":"cond-expr","locations":[{"start":{"line":176,"column":49},"end":{"line":176,"column":73}},{"start":{"line":176,"column":73},"end":{"line":176,"column":null}}],"line":176},"37":{"loc":{"start":{"line":180,"column":24},"end":{"line":182,"column":null}},"type":"if","locations":[{"start":{"line":180,"column":24},"end":{"line":182,"column":null}},{"start":{"line":180,"column":108},"end":{"line":182,"column":null}}],"line":180},"38":{"loc":{"start":{"line":180,"column":28},"end":{"line":180,"column":64}},"type":"binary-expr","locations":[{"start":{"line":180,"column":28},"end":{"line":180,"column":49}},{"start":{"line":180,"column":49},"end":{"line":180,"column":64}}],"line":180},"39":{"loc":{"start":{"line":180,"column":108},"end":{"line":182,"column":null}},"type":"if","locations":[{"start":{"line":180,"column":108},"end":{"line":182,"column":null}},{"start":{"line":181,"column":116},"end":{"line":182,"column":null}}],"line":180},"40":{"loc":{"start":{"line":181,"column":116},"end":{"line":182,"column":null}},"type":"if","locations":[{"start":{"line":181,"column":116},"end":{"line":182,"column":null}},{"start":{},"end":{}}],"line":181},"41":{"loc":{"start":{"line":186,"column":23},"end":{"line":186,"column":null}},"type":"binary-expr","locations":[{"start":{"line":186,"column":23},"end":{"line":186,"column":37}},{"start":{"line":186,"column":37},"end":{"line":186,"column":null}}],"line":186}},"s":{"0":1,"1":0,"2":0,"3":0,"4":0,"5":0,"6":0,"7":0,"8":0,"9":0,"10":0,"11":0,"12":0,"13":0,"14":0,"15":0,"16":0,"17":0,"18":0,"19":0,"20":0,"21":0,"22":0,"23":0,"24":0,"25":0,"26":0,"27":0,"28":0,"29":0,"30":0,"31":0,"32":0,"33":0,"34":0,"35":0,"36":0,"37":0,"38":0,"39":0,"40":0,"41":0,"42":0,"43":0,"44":0,"45":0,"46":0,"47":0,"48":0,"49":0,"50":0,"51":0,"52":0},"f":{"0":0,"1":0,"2":0,"3":0,"4":0,"5":0,"6":0,"7":0,"8":0,"9":0,"10":0,"11":0,"12":0,"13":0,"14":0,"15":0,"16":0},"b":{"0":[0],"1":[0],"2":[0],"3":[0],"4":[0],"5":[0],"6":[0],"7":[0],"8":[0],"9":[0,0],"10":[0,0],"11":[0,0],"12":[0,0,0],"13":[0,0],"14":[0,0],"15":[0,0],"16":[0,0],"17":[0,0],"18":[0,0],"19":[0,0],"20":[0,0],"21":[0,0],"22":[0,0],"23":[0,0],"24":[0,0],"25":[0,0],"26":[0,0],"27":[0,0],"28":[0,0,0],"29":[0,0],"30":[0,0],"31":[0,0],"32":[0,0],"33":[0,0],"34":[0,0],"35":[0,0],"36":[0,0],"37":[0,0],"38":[0,0],"39":[0,0],"40":[0,0],"41":[0,0]},"meta":{"lastBranch":42,"lastFunction":17,"lastStatement":53,"seen":{"s:7:17:197:Infinity":0,"f:7:17:7:18":0,"b:11:16:11:Infinity":0,"b:12:15:12:Infinity":1,"b:13:13:13:Infinity":2,"b:14:12:14:Infinity":3,"b:15:13:15:Infinity":4,"b:16:14:16:Infinity":5,"b:17:22:17:Infinity":6,"b:18:10:18:Infinity":7,"b:19:10:19:Infinity":8,"s:21:26:21:Infinity":1,"s:22:34:22:Infinity":2,"s:23:8:23:Infinity":3,"s:24:8:24:Infinity":4,"s:25:19:25:Infinity":5,"s:26:8:26:Infinity":6,"s:28:2:36:Infinity":7,"f:28:12:28:18":1,"s:29:31:33:Infinity":8,"f:29:31:29:32":2,"b:30:6:32:Infinity:undefined:undefined:undefined:undefined":9,"s:30:6:32:Infinity":9,"b:30:10:30:33:30:33:30:74":10,"s:31:8:31:Infinity":10,"s:34:4:34:Infinity":11,"s:35:4:35:Infinity":12,"f:35:11:35:17":3,"s:35:17:35:Infinity":13,"s:38:2:40:Infinity":14,"f:38:12:38:18":4,"b:39:4:39:Infinity:undefined:undefined:undefined:undefined":11,"s:39:4:39:Infinity":15,"b:39:8:39:22:39:22:39:34:39:34:39:58":12,"s:39:58:39:Infinity":16,"s:42:2:49:Infinity":17,"f:42:12:42:18":5,"b:43:4:43:Infinity:undefined:undefined:undefined:undefined":13,"s:43:4:43:Infinity":18,"s:43:17:43:Infinity":19,"s:44:20:46:Infinity":20,"f:44:20:44:21":6,"b:45:6:45:Infinity:undefined:undefined:undefined:undefined":14,"s:45:6:45:Infinity":21,"s:45:32:45:50":22,"s:45:50:45:78":23,"s:47:4:47:Infinity":24,"s:48:4:48:Infinity":25,"f:48:11:48:17":7,"s:48:17:48:Infinity":26,"s:51:23:56:Infinity":27,"f:51:23:51:24":8,"s:52:4:52:Infinity":28,"s:53:4:53:Infinity":29,"s:54:4:54:Infinity":30,"s:55:4:55:Infinity":31,"s:58:26:60:Infinity":32,"b:59:6:59:Infinity:60:6:60:Infinity":15,"f:59:21:59:26":9,"s:59:26:59:82":33,"s:62:22:66:Infinity":34,"b:63:6:63:Infinity:64:6:66:Infinity":16,"b:65:6:65:Infinity:66:6:66:Infinity":17,"s:68:2:195:Infinity":35,"b:70:7:70:Infinity:71:8:74:Infinity":18,"f:79:17:79:23":10,"s:79:23:79:Infinity":36,"b:79:23:79:36:79:36:79:Infinity":19,"b:83:33:83:60:83:60:83:Infinity":20,"b:85:25:85:34:85:34:85:Infinity":21,"b:86:29:86:45:86:45:86:Infinity":22,"b:87:30:87:64:87:64:87:Infinity":23,"b:92:28:92:57:92:57:92:Infinity":24,"b:95:44:95:58:95:58:95:70":25,"b:97:38:97:44:97:44:97:46":26,"b:101:68:101:85:101:85:101:110":27,"b:106:9:106:19:106:19:106:Infinity:107:10:192:Infinity":28,"b:116:31:116:48:116:48:116:Infinity":29,"b:118:28:118:45:118:45:118:Infinity":30,"b:122:13:122:Infinity:123:14:151:Infinity":31,"f:130:30:130:31":11,"s:130:37:130:Infinity":37,"f:139:29:139:30":12,"s:139:36:139:Infinity":38,"b:141:19:141:Infin
[...]
"column":51}},{"start":{"line":147,"column":55},"end":{"line":147,"column":71}}],"line":147},"16":{"loc":{"start":{"line":151,"column":9},"end":{"line":151,"column":39}},"type":"binary-expr","locations":[{"start":{"line":151,"column":9},"end":{"line":151,"column":23}},{"start":{"line":151,"column":27},"end":{"line":151,"column":39}}],"line":151},"17":{"loc":{"start":{"line":163,"column":2},"end":{"line":163,"column":61}},"type":"if","locations":[{"start":{"line":163,"column":2},"end":{"line":163,"column":61}},{"start":{},"end":{}}],"line":163},"18":{"loc":{"start":{"line":166,"column":2},"end":{"line":168,"column":3}},"type":"if","locations":[{"start":{"line":166,"column":2},"end":{"line":168,"column":3}},{"start":{},"end":{}}],"line":166},"19":{"loc":{"start":{"line":166,"column":6},"end":{"line":166,"column":73}},"type":"binary-expr","locations":[{"start":{"line":166,"column":6},"end":{"line":166,"column":28}},{"start":{"line":166,"column":32},"end":{"line":166,"column":51}},{"start":{"line":166,"column":55},"end":{"line":166,"column":73}}],"line":166},"20":{"loc":{"start":{"line":170,"column":9},"end":{"line":170,"column":43}},"type":"binary-expr","locations":[{"start":{"line":170,"column":9},"end":{"line":170,"column":25}},{"start":{"line":170,"column":29},"end":{"line":170,"column":43}}],"line":170},"21":{"loc":{"start":{"line":179,"column":2},"end":{"line":179,"column":50}},"type":"if","locations":[{"start":{"line":179,"column":2},"end":{"line":179,"column":50}},{"start":{},"end":{}}],"line":179},"22":{"loc":{"start":{"line":182,"column":2},"end":{"line":184,"column":3}},"type":"if","locations":[{"start":{"line":182,"column":2},"end":{"line":184,"column":3}},{"start":{},"end":{}}],"line":182},"23":{"loc":{"start":{"line":195,"column":2},"end":{"line":195,"column":50}},"type":"if","locations":[{"start":{"line":195,"column":2},"end":{"line":195,"column":50}},{"start":{},"end":{}}],"line":195},"24":{"loc":{"start":{"line":204,"column":2},"end":{"line":204,"column":49}},"type":"if","locations":[{"start":{"line":204,"column":2},"end":{"line":204,"column":49}},{"start":{},"end":{}}],"line":204},"25":{"loc":{"start":{"line":213,"column":2},"end":{"line":215,"column":3}},"type":"if","locations":[{"start":{"line":213,"column":2},"end":{"line":215,"column":3}},{"start":{},"end":{}}],"line":213},"26":{"loc":{"start":{"line":225,"column":53},"end":{"line":225,"column":67}},"type":"default-arg","locations":[{"start":{"line":225,"column":62},"end":{"line":225,"column":67}}],"line":225},"27":{"loc":{"start":{"line":226,"column":2},"end":{"line":226,"column":71}},"type":"if","locations":[{"start":{"line":226,"column":2},"end":{"line":226,"column":71}},{"start":{},"end":{}}],"line":226},"28":{"loc":{"start":{"line":229,"column":23},"end":{"line":229,"column":79}},"type":"cond-expr","locations":[{"start":{"line":229,"column":32},"end":{"line":229,"column":56}},{"start":{"line":229,"column":59},"end":{"line":229,"column":79}}],"line":229},"29":{"loc":{"start":{"line":230,"column":18},"end":{"line":230,"column":75}},"type":"binary-expr","locations":[{"start":{"line":230,"column":18},"end":{"line":230,"column":45}},{"start":{"line":230,"column":49},"end":{"line":230,"column":75}}],"line":230},"30":{"loc":{"start":{"line":236,"column":12},"end":{"line":236,"column":93}},"type":"cond-expr","locations":[{"start":{"line":236,"column":22},"end":{"line":236,"column":29}},{"start":{"line":236,"column":32},"end":{"line":236,"column":93}}],"line":236},"31":{"loc":{"start":{"line":255,"column":2},"end":{"line":255,"column":29}},"type":"if","locations":[{"start":{"line":255,"column":2},"end":{"line":255,"column":29}},{"start":{},"end":{}}],"line":255},"32":{"loc":{"start":{"line":258,"column":9},"end":{"line":258,"column":82}},"type":"binary-expr","locations":[{"start":{"line":258,"column":9},"end":{"line":258,"column":44}},{"start":{"line":258,"column":48},"end":{"line":258,"column":82}}],"line":258},"33":{"loc":{"start":{"line":359,"column":9},"end":{"line":359,"column":81}},"type":"binary-expr","locations":[{"start":{"line":359,"column":9},"end":{"line":359,"column":45}},{"start":{"line":359,"column":49},"end":{"line":359,"column":81}}],"line":359},"34":{"loc":{"start":{"line":402,"column":9},"end":{"line":402,"column":87}},"type":"binary-expr","locations":[{"start":{"line":402,"column":9},"end":{"line":402,"column":48}},{"start":{"line":402,"column":52},"end":{"line":402,"column":87}}],"line":402},"35":{"loc":{"start":{"line":411,"column":46},"end":{"line":411,"column":57}},"type":"default-arg","locations":[{"start":{"line":411,"column":54},"end":{"line":411,"column":57}}],"line":411},"36":{"loc":{"start":{"line":419,"column":2},"end":{"line":426,"column":3}},"type":"if","locations":[{"start":{"line":419,"column":2},"end":{"line":426,"column":3}},{"start":{},"end":{}}],"line":419},"37":{"loc":{"start":{"line":436,"column":2},"end":{"line":436,"column":46}},"type":"if","locations":[{"start":{"line":436,"column":2},"end":{"line":436,"column":46}},{"start":{},"end":{}}],"line":436}},"s":{"0":10,"1":10,"2":10,"3":10,"4":499,"5":1,"6":498,"7":498,"8":80,"9":418,"10":44,"11":374,"12":10,"13":1620,"14":0,"15":1620,"16":1620,"17":1620,"18":0,"19":1620,"20":10,"21":328,"22":0,"23":328,"24":10,"25":328,"26":0,"27":328,"28":328,"29":10,"30":328,"31":0,"32":328,"33":10,"34":325,"35":0,"36":325,"37":10,"38":0,"39":0,"40":10,"41":0,"42":0,"43":0,"44":0,"45":0,"46":0,"47":0,"48":10,"49":0,"50":0,"51":0,"52":0,"53":0,"54":0,"55":0,"56":10,"57":0,"58":0,"59":0,"60":0,"61":0,"62":10,"63":0,"64":0,"65":0,"66":10,"67":0,"68":0,"69":0,"70":10,"71":0,"72":0,"73":0,"74":10,"75":0,"76":0,"77":0,"78":0,"79":0,"80":0,"81":10,"82":10,"83":5,"84":0,"85":5,"86":5,"87":10,"88":10,"89":10,"90":10,"91":0,"92":0,"93":10,"94":10,"95":0,"96":0,"97":10,"98":0,"99":0,"100":0,"101":0,"102":0,"103":0,"104":0,"105":0,"106":0,"107":10,"108":162,"109":0,"110":162,"111":162,"112":162,"113":972,"114":162,"115":1134,"116":162},"f":{"0":499,"1":1620,"2":328,"3":328,"4":328,"5":325,"6":0,"7":0,"8":0,"9":0,"10":0,"11":0,"12":0,"13":0,"14":5,"15":0,"16":0,"17":0,"18":0,"19":0,"20":0,"21":162,"22":972,"23":1134},"b":{"0":[1,498],"1":[80,418],"2":[44,374],"3":[0,1620],"4":[0,1620],"5":[0,328],"6":[0,328],"7":[328,276],"8":[0,328],"9":[0,325],"10":[0],"11":[0],"12":[0,0],"13":[0,0],"14":[0,0],"15":[0,0,0],"16":[0,0],"17":[0,0],"18":[0,0],"19":[0,0,0],"20":[0,0],"21":[0,0],"22":[0,0],"23":[0,0],"24":[0,0],"25":[0,0],"26":[0],"27":[0,0],"28":[0,0],"29":[0,0],"30":[0,0],"31":[0,5],"32":[5,3],"33":[0,0],"34":[0,0],"35":[0],"36":[0,0],"37":[0,162]},"meta":{"lastBranch":38,"lastFunction":24,"lastStatement":117,"seen":{"s:11:27:22:1":0,"s:25:33:30:1":1,"s:33:34:55:1":2,"s:61:35:69:1":3,"f:61:35:61:36":0,"b:62:2:62:54:undefined:undefined:undefined:undefined":0,"s:62:2:62:54":4,"s:62:37:62:54":5,"s:64:16:64:33":6,"b:66:2:66:60:undefined:undefined:undefined:undefined":1,"s:66:2:66:60":7,"s:66:44:66:60":8,"b:67:2:67:61:undefined:undefined:undefined:undefined":2,"s:67:2:67:61":9,"s:67:45:67:61":10,"s:68:2:68:19":11,"s:76:28:85:1":12,"f:76:28:76:29":1,"b:77:2:77:50:undefined:undefined:undefined:undefined":3,"s:77:2:77:50":13,"s:77:37:77:50":14,"s:79:16:79:33":15,"s:80:26:80:49":16,"b:82:2:82:37:undefined:undefined:undefined:undefined":4,"s:82:2:82:37":17,"s:82:24:82:37":18,"s:84:2:84:34":19,"s:91:24:94:1":20,"f:91:24:91:25":2,"b:92:2:92:50:undefined:undefined:undefined:undefined":5,"s:92:2:92:50":21,"s:92:37:92:50":22,"s:93:2:93:44":23,"s:100:24:104:1":24,"f:100:24:100:25":3,"b:101:2:101:50:undefined:undefined:undefined:undefined":6,"s:101:2:101:50":25,"s:101:37:101:50":26,"s:102:16:102:33":27,"s:103:2:103:59":28,"b:103:9:103:32:103:36:103:58":7,"s:110:25:113:1":29,"f:110:25:110:26":4,"b:111:2:111:49:undefined:undefined:undefined:undefined":8,"s:111:2:111:49":30,"s:111:37:111:49":31,"s:112:2:112:45":32,"s:119:33:122:1":33,"f:119:33:119:34":5,"b:120:2:120:49:undefined:undefined:undefined:undefined":9,"s:120:2:120:49":34,"s:120:37:120:49":35,"s:121:2:121:50":36,"s:130:36:133:1":37,"f:130:36:130:37":6,"b:130:47:130:49":10,"b:130:62:130:64":11,"s:131:19:131:40":38,"s:132:2:132:39":39,"b:132:9:132:26:132:30:132:38":12,"s:140:33:152:1":40,"f:140:33:140:34":7,"s:141:19:141:40":41,"s:142:15:142:41":42,"b:144:2:144:55:undefined:undefined:undefined:undefined":13,"s:144:2:144:55":43,"s:144:13:144:55":44,"b:147:2:149:3:undefined:undefined:undefined:undefined":14,"s:147:2:149:3":45,"b:147:6:147:28:147:32:147:51:147:55:147:71":15,"s:148:4:148:28":46,"s:151:2:151:40":47,"b:151:9:151:23:151:27:151:39":16,"s:159:35:171:1":48,"f:159:35:159:36":8,"s:160:19:160:40":49,"s:161:17:161:47":50,"b:163:2:163:61:undefined:undefined:undefined:undefined":17,"s:163:2:163:61":51,"s:163:15:163:61":52,"b:166:2:168:3:undefined:undefined:undefined:undefined":18,"s:166:2:168:3":53,"b:166:6:166:28:166:32:166:51:166:55:166:73":19,"s:167:4:167:30":54,"s:170:2:170:44":55,"b:170:9:170:25:170:29:170:43":20,"s:178:33:188:1":56,"f:178:33:178:34":9,"b:179:2:179:50:undefined:undefined:undefined:undefined":21,"s:179:2:179:50":57,"s:179:37:179:50":58,"b:182:2:184:3:undefined:undefined:undefined:undefined":22,"s:182:2:184:3":59,"s:183:4:183:69":60,"s:187:2:187:34":61,"s:194:29:197:1":62,"f:194:29:194:30":10,"b:195:2:195:50:undefined:undefined:undefined:undefined":23,"s:195:2:195:50":63,"s:195:37:195:50":64,"s:196:2:196:67":65,"s:203:29:206:1":66,"f:203:29:203:30":11,"b:204:2:204:49:undefined:undefined:undefined:undefined":24,"s:204:2:204:49":67,"s:204:37:204:49":68,"s:205:2:205:67":69,"s:212:41:217:1":70,"f:212:41:212:42":12,"b:213:2:215:3:undefined:undefined:undefined:undefined":25,"s:213:2:215:3":71,"s:214:4:214:36":72,"s:216:2:216:30":73,"s:225:43:238:1":74,"f:225:43:225:44":13,"b:225:62:225:67":26,"b:226:2:226:71:undefined:undefined:undefined:undefined":27,"s:226:2:226:71":75,"s:226:16:226:71":76,"s:228:15:228:46":77,"s:229:23:229:79":78,"b:229:32:229:56:229:59:229:79":28,"s:230:18:230:75":79,"b:230:18:230:45:230:49:230:75":29,"s:232:2:237:4":80,"b:236:22:236:29:236:32:236:93":30,"s:244:28:247:1":81,"s:254:35:259:1":82,"f:254:35:254:36":14,"b:255:2:255:29:undefined:undefined:undefined:undefined":31,"s:255:2:255:29":83,"s:255:16:255:29":84,"s:257:15:257:46":85,"s:258:2:258:83":86,"b:258:9:258:44:258:48:258:82":32,"s:264:34:289:1":87,"s:294:32:323:1":88,"s:328:34:350:1":89,"s:357:36:360:1":90,"f:357:36:357:37":15,"s:358:19:358:40":91,"s:359:2:359:82":92,"b:359:9:359:45:359:49:359:81":33,"s:365:37:393:1":93,"s:400:39:403:1":94,"f:400:39:400:40":16,"s:401:19:401:40":95,"s:402:2:402:88":96,"b:402:9:402:48:402:52:402:87":34,"s:411:35:429:1":97,"f:411:35:411:36":17,"b:411:54:411:57":35,"s:414:28:417:3":98,"f:414:28:414:29":18,"s:415:4:415:28":99,"s:416:4:416:44":100,"b:419:2:426:3:undefined:undefined:undefined:undefined":36,"s:419:2:426:3":101,"s:420:4:420:57":102,"s:422:4:425:6":103,"f:422:11:422:12":19,"s:423:6:423:30":104,"s:424:6:424:62":105,"s:428:2:428:18":106,"f:428:9:428:10":20,"s:435:42:453:1":107,"f:435:42:435:43":21,"b:436:2:436:46:undefined:undefined:undefined:undefined":37,"s:436:2:436:46":108,"s:436:39:436:46":109,"s:438:19:438:40":110,"s:439:15:439:39":111,"s:442:2:444:5":112,"f:442:55:442:56":22,"s:443:4:443:54":113,"s:447:2:449:5":114,"f:447:58:447:59":23,"s:448:4:448:51":115,"s:452:2:452:58":116}}}
,"D:\\Mallakhamb\\Web\\src\\utils\\secureStorage.js": {"path":"D:\\Mallakhamb\\Web\\src\\utils\\secureStorage.js","statementMap":{"0":{"start":{"line":6,"column":25},"end":{"line":22,"column":1}},"1":{"start":{"line":7,"column":17},"end":{"line":7,"column":76}},"2":{"start":{"line":10,"column":29},"end":{"line":16,"column":13}},"3":{"start":{"line":19,"column":26},"end":{"line":19,"column":89}},"4":{"start":{"line":21,"column":2},"end":{"line":21,"column":40}},"5":{"start":{"line":24,"column":29},"end":{"line":56,"column":1}},"6":{"start":{"line":26,"column":4},"end":{"line":32,"column":5}},"7":{"start":{"line":27,"column":24},"end":{"line":27,"column":82}},"8":{"start":{"line":28,"column":6},"end":{"line":28,"column":43}},"9":{"start":{"line":30,"column":6},"end":{"line":30,"column":53}},"10":{"start":{"line":36,"column":4},"end":{"line":46,"column":5}},"11":{"start":{"line":37,"column":24},"end":{"line":37,"column":49}},"12":{"start":{"line":38,"column":6},"end":{"line":38,"column":34}},"13":{"start":{"line":38,"column":22},"end":{"line":38,"column":34}},"14":{"start":{"line":40,"column":24},"end":{"line":40,"column":75}},"15":{"start":{"line":41,"column":20},"end":{"line":41,"column":57}},"16":{"start":{"line":42,"column":6},"end":{"line":42,"column":27}},"17":{"start":{"line":44,"column":6},"end":{"line":44,"column":53}},"18":{"start":{"line":45,"column":6},"end":{"line":45,"column":18}},"19":{"start":{"line":50,"column":4},"end":{"line":50,"column":33}},"20":{"start":{"line":54,"column":4},"end":{"line":54,"column":25}}},"fnMap":{"0":{"name":"(anonymous_0)","decl":{"start":{"line":6,"column":25},"end":{"line":6,"column":26}},"loc":{"start":{"line":6,"column":31},"end":{"line":22,"column":1}},"line":6},"1":{"name":"(anonymous_1)","decl":{"start":{"line":25,"column":11},"end":{"line":25,"column":12}},"loc":{"start":{"line":25,"column":27},"end":{"line":33,"column":3}},"line":25},"2":{"name":"(anonymous_2)","decl":{"start":{"line":35,"column":11},"end":{"line":35,"column":12}},"loc":{"start":{"line":35,"column":20},"end":{"line":47,"column":3}},"line":35},"3":{"name":"(anonymous_3)","decl":{"start":{"line":49,"column":14},"end":{"line":49,"column":15}},"loc":{"start":{"line":49,"column":23},"end":{"line":51,"column":3}},"line":49},"4":{"name":"(anonymous_4)","decl":{"start":{"line":53,"column":9},"end":{"line":53,"column":10}},"loc":{"start":{"line":53,"column":15},"end":{"line":55,"column":3}},"line":53}},"branchMap":{"0":{"loc":{"start":{"line":7,"column":17},"end":{"line":7,"column":76}},"type":"binary-expr","locations":[{"start":{"line":7,"column":17},"end":{"line":7,"column":49}},{"start":{"line":7,"column":53},"end":{"line":7,"column":76}}],"line":7},"1":{"loc":{"start":{"line":12,"column":4},"end":{"line":12,"column":30}},"type":"binary-expr","locations":[{"start":{"line":12,"column":4},"end":{"line":12,"column":22}},{"start":{"line":12,"column":26},"end":{"line":12,"column":30}}],"line":12},"2":{"loc":{"start":{"line":13,"column":4},"end":{"line":13,"column":29}},"type":"binary-expr","locations":[{"start":{"line":13,"column":4},"end":{"line":13,"column":21}},{"start":{"line":13,"column":25},"end":{"line":13,"column":29}}],"line":13},"3":{"loc":{"start":{"line":38,"column":6},"end":{"line":38,"column":34}},"type":"if","locations":[{"start":{"line":38,"column":6},"end":{"line":38,"column":34}},{"start":{},"end":{}}],"line":38},"4":{"loc":{"start":{"line":42,"column":13},"end":{"line":42,"column":26}},"type":"binary-expr","locations":[{"start":{"line":42,"column":13},"end":{"line":42,"column":18}},{"start":{"line":42,"column":22},"end":{"line":42,"column":26}}],"line":42}},"s":{"0":2,"1":57,"2":57,"3":57,"4":57,"5":2,"6":28,"7":28,"8":28,"9":0,"10":36,"11":36,"12":36,"13":7,"14":29,"15":29,"16":29,"17":0,"18":0,"19":7,"20":28},"f":{"0":57,"1":28,"2":36,"3":7,"4":28},"b":{"0":[57,0],"1":[57,0],"2":[57,0],"3":[7,29],"4":[29,0]},"meta":{"lastBranch":5,"lastFunction":5,"lastStatement":21,"seen":{"s:6:25:22:1":0,"f:6:25:6:26":0,"s:7:17:7:76":1,"b:7:17:7:49:7:53:7:76":0,"s:10:29:16:13":2,"b:12:4:12:22:12:26:12:30":1,"b:13:4:13:21:13:25:13:29":2,"s:19:26:19:89":3,"s:21:2:21:40":4,"s:24:29:56:1":5,"f:25:11:25:12":1,"s:26:4:32:5":6,"s:27:24:27:82":7,"s:28:6:28:43":8,"s:30:6:30:53":9,"f:35:11:35:12":2,"s:36:4:46:5":10,"s:37:24:37:49":11,"b:38:6:38:34:undefined:undefined:undefined:undefined":3,"s:38:6:38:34":12,"s:38:22:38:34":13,"s:40:24:40:75":14,"s:41:20:41:57":15,"s:42:6:42:27":16,"b:42:13:42:18:42:22:42:26":4,"s:44:6:44:53":17,"s:45:6:45:18":18,"f:49:14:49:15":3,"s:50:4:50:33":19,"f:53:9:53:10":4,"s:54:4:54:25":20}}}
,"D:\\Mallakhamb\\Web\\src\\utils\\tokenUtils.js": {"path":"D:\\Mallakhamb\\Web\\src\\utils\\tokenUtils.js","statementMap":{"0":{"start":{"line":4,"column":30},"end":{"line":20,"column":1}},"1":{"start":{"line":5,"column":2},"end":{"line":5,"column":26}},"2":{"start":{"line":5,"column":14},"end":{"line":5,"column":26}},"3":{"start":{"line":7,"column":2},"end":{"line":19,"column":3}},"4":{"start":{"line":8,"column":19},"end":{"line":8,"column":36}},"5":{"start":{"line":9,"column":4},"end":{"line":9,"column":34}},"6":{"start":{"line":9,"column":22},"end":{"line":9,"column":34}},"7":{"start":{"line":12,"column":23},"end":{"line":12,"column":41}},"8":{"start":{"line":13,"column":24},"end":{"line":13,"column":34}},"9":{"start":{"line":14,"column":23},"end":{"line":14,"column":32}},"10":{"start":{"line":16,"column":4},"end":{"line":16,"column":52}},"11":{"start":{"line":18,"column":4},"end":{"line":18,"column":16}},"12":{"start":{"line":22,"column":28},"end":{"line":30,"column":1}},"13":{"start":{"line":23,"column":2},"end":{"line":23,"column":51}},"14":{"start":{"line":23,"column":39},"end":{"line":23,"column":51}},"15":{"start":{"line":25,"column":2},"end":{"line":29,"column":3}},"16":{"start":{"line":26,"column":4},"end":{"line":26,"column":28}},"17":{"start":{"line":28,"column":4},"end":{"line":28,"column":16}},"18":{"start":{"line":32,"column":41},"end":{"line":35,"column":1}},"19":{"start":{"line":33,"column":15},"end":{"line":33,"column":34}},"20":{"start":{"line":34,"column":2},"end":{"line":34,"column":42}}},"fnMap":{"0":{"name":"(anonymous_0)","decl":{"start":{"line":4,"column":30},"end":{"line":4,"column":31}},"loc":{"start":{"line":4,"column":41},"end":{"line":20,"column":1}},"line":4},"1":{"name":"(anonymous_1)","decl":{"start":{"line":22,"column":28},"end":{"line":22,"column":29}},"loc":{"start":{"line":22,"column":39},"end":{"line":30,"column":1}},"line":22},"2":{"name":"(anonymous_2)","decl":{"start":{"line":32,"column":41},"end":{"line":32,"column":42}},"loc":{"start":{"line":32,"column":52},"end":{"line":35,"column":1}},"line":32}},"branchMap":{"0":{"loc":{"start":{"line":5,"column":2},"end":{"line":5,"column":26}},"type":"if","locations":[{"start":{"line":5,"column":2},"end":{"line":5,"column":26}},{"start":{},"end":{}}],"line":5},"1":{"loc":{"start":{"line":9,"column":4},"end":{"line":9,"column":34}},"type":"if","locations":[{"start":{"line":9,"column":4},"end":{"line":9,"column":34}},{"start":{},"end":{}}],"line":9},"2":{"loc":{"start":{"line":23,"column":2},"end":{"line":23,"column":51}},"type":"if","locations":[{"start":{"line":23,"column":2},"end":{"line":23,"column":51}},{"start":{},"end":{}}],"line":23},"3":{"loc":{"start":{"line":23,"column":6},"end":{"line":23,"column":37}},"type":"binary-expr","locations":[{"start":{"line":23,"column":6},"end":{"line":23,"column":12}},{"start":{"line":23,"column":16},"end":{"line":23,"column":37}}],"line":23},"4":{"loc":{"start":{"line":34,"column":9},"end":{"line":34,"column":41}},"type":"binary-expr","locations":[{"start":{"line":34,"column":9},"end":{"line":34,"column":33}},{"start":{"line":34,"column":37},"end":{"line":34,"column":41}}],"line":34}},"s":{"0":3,"1":0,"2":0,"3":0,"4":0,"5":0,"6":0,"7":0,"8":0,"9":0,"10":0,"11":0,"12":3,"13":0,"14":0,"15":0,"16":0,"17":0,"18":3,"19":0,"20":0},"f":{"0":0,"1":0,"2":0},"b":{"0":[0,0],"1":[0,0],"2":[0,0],"3":[0,0],"4":[0,0]},"meta":{"lastBranch":5,"lastFunction":3,"lastStatement":21,"seen":{"s:4:30:20:1":0,"f:4:30:4:31":0,"b:5:2:5:26:undefined:undefined:undefined:undefined":0,"s:5:2:5:26":1,"s:5:14:5:26":2,"s:7:2:19:3":3,"s:8:19:8:36":4,"b:9:4:9:34:undefined:undefined:undefined:undefined":1,"s:9:4:9:34":5,"s:9:22:9:34":6,"s:12:23:12:41":7,"s:13:24:13:34":8,"s:14:23:14:32":9,"s:16:4:16:52":10,"s:18:4:18:16":11,"s:22:28:30:1":12,"f:22:28:22:29":1,"b:23:2:23:51:undefined:undefined:undefined:undefined":2,"s:23:2:23:51":13,"b:23:6:23:12:23:16:23:37":3,"s:23:39:23:51":14,"s:25:2:29:3":15,"s:26:4:26:28":16,"s:28:4:28:16":17,"s:32:41:35:1":18,"f:32:41:32:42":2,"s:33:15:33:34":19,"s:34:2:34:42":20,"b:34:9:34:33:34:37:34:41":4}}}
}
